{"contracts/access/AccessHierarchy.sol":{"l":{"19":4,"20":4,"31":3,"32":2,"33":2,"34":2,"43":2,"44":2,"45":2,"46":2,"54":3,"55":2,"60":5,"61":4,"66":13,"67":10,"72":5,"73":4},"path":"/home/peter/Documents/Work/MyBit/MyBit-Network.tech-events/contracts/access/AccessHierarchy.sol","s":{"1":4,"2":4,"3":3,"4":2,"5":2,"6":2,"7":2,"8":2,"9":3,"10":2,"11":5,"12":13,"13":5},"b":{"1":[2,1],"2":[2,1],"3":[4,1],"4":[10,3],"5":[4,1]},"f":{"1":4,"2":3,"3":2,"4":3,"5":5,"6":13,"7":5},"fnMap":{"1":{"name":null,"line":17,"loc":{"start":{"line":17,"column":2},"end":{"line":18,"column":11}}},"2":{"name":"approveUser","line":26,"loc":{"start":{"line":26,"column":2},"end":{"line":30,"column":18}}},"3":{"name":"removeUser","line":39,"loc":{"start":{"line":39,"column":2},"end":{"line":42,"column":18}}},"4":{"name":"setUpperAccessLevel","line":51,"loc":{"start":{"line":51,"column":2},"end":{"line":53,"column":13}}},"5":{"name":"noEmptyAddress","line":59,"loc":{"start":{"line":59,"column":2},"end":{"line":59,"column":41}}},"6":{"name":"onlyOwner","line":65,"loc":{"start":{"line":65,"column":2},"end":{"line":65,"column":20}}},"7":{"name":"onlyPlatform","line":71,"loc":{"start":{"line":71,"column":2},"end":{"line":71,"column":23}}}},"statementMap":{"1":{"start":{"line":19,"column":4},"end":{"line":19,"column":33}},"2":{"start":{"line":20,"column":4},"end":{"line":20,"column":27}},"3":{"start":{"line":31,"column":4},"end":{"line":31,"column":71}},"4":{"start":{"line":33,"column":4},"end":{"line":33,"column":48}},"5":{"start":{"line":34,"column":4},"end":{"line":34,"column":15}},"6":{"start":{"line":43,"column":4},"end":{"line":43,"column":92}},"7":{"start":{"line":45,"column":4},"end":{"line":45,"column":43}},"8":{"start":{"line":46,"column":4},"end":{"line":46,"column":15}},"9":{"start":{"line":54,"column":4},"end":{"line":54,"column":37}},"10":{"start":{"line":55,"column":4},"end":{"line":55,"column":36}},"11":{"start":{"line":60,"column":4},"end":{"line":60,"column":32}},"12":{"start":{"line":66,"column":4},"end":{"line":66,"column":82}},"13":{"start":{"line":72,"column":4},"end":{"line":72,"column":85}}},"branchMap":{"1":{"line":31,"type":"if","locations":[{"start":{"line":31,"column":4},"end":{"line":31,"column":4}},{"start":{"line":31,"column":4},"end":{"line":31,"column":4}}]},"2":{"line":54,"type":"if","locations":[{"start":{"line":54,"column":4},"end":{"line":54,"column":4}},{"start":{"line":54,"column":4},"end":{"line":54,"column":4}}]},"3":{"line":60,"type":"if","locations":[{"start":{"line":60,"column":4},"end":{"line":60,"column":4}},{"start":{"line":60,"column":4},"end":{"line":60,"column":4}}]},"4":{"line":66,"type":"if","locations":[{"start":{"line":66,"column":4},"end":{"line":66,"column":4}},{"start":{"line":66,"column":4},"end":{"line":66,"column":4}}]},"5":{"line":72,"type":"if","locations":[{"start":{"line":72,"column":4},"end":{"line":72,"column":4}},{"start":{"line":72,"column":4},"end":{"line":72,"column":4}}]}}},"contracts/access/ERC20Burner.sol":{"l":{"22":6,"23":6,"24":6,"25":6,"36":40,"37":39,"39":39,"51":17,"52":17,"53":17,"61":1,"70":17,"71":17,"76":45,"77":43,"82":43,"83":43,"84":40},"path":"/home/peter/Documents/Work/MyBit/MyBit-Network.tech-events/contracts/access/ERC20Burner.sol","s":{"1":6,"2":6,"3":6,"4":6,"5":40,"6":39,"7":17,"8":17,"9":1,"10":17,"11":45,"12":43,"13":43},"b":{"1":[6,0],"2":[39,1],"3":[17,0],"4":[43,2],"5":[40,3]},"f":{"1":6,"2":40,"3":17,"4":1,"5":17,"6":45,"7":43},"fnMap":{"1":{"name":null,"line":20,"loc":{"start":{"line":20,"column":2},"end":{"line":21,"column":10}}},"2":{"name":"burn","line":31,"loc":{"start":{"line":31,"column":2},"end":{"line":35,"column":18}}},"3":{"name":"setFee","line":46,"loc":{"start":{"line":46,"column":2},"end":{"line":49,"column":18}}},"4":{"name":null,"line":58,"loc":{"start":{"line":58,"column":2},"end":{"line":60,"column":11}}},"5":{"name":"onlyOwner","line":69,"loc":{"start":{"line":69,"column":2},"end":{"line":69,"column":20}}},"6":{"name":"onlyPlatformContracts","line":75,"loc":{"start":{"line":75,"column":2},"end":{"line":75,"column":49}}},"7":{"name":"acceptedState","line":81,"loc":{"start":{"line":81,"column":2},"end":{"line":81,"column":43}}}},"statementMap":{"1":{"start":{"line":22,"column":4},"end":{"line":22,"column":36}},"2":{"start":{"line":23,"column":4},"end":{"line":23,"column":27}},"3":{"start":{"line":24,"column":4},"end":{"line":24,"column":95}},"4":{"start":{"line":25,"column":4},"end":{"line":25,"column":40}},"5":{"start":{"line":36,"column":4},"end":{"line":36,"column":49}},"6":{"start":{"line":39,"column":4},"end":{"line":39,"column":15}},"7":{"start":{"line":52,"column":4},"end":{"line":52,"column":58}},"8":{"start":{"line":53,"column":4},"end":{"line":53,"column":15}},"9":{"start":{"line":61,"column":4},"end":{"line":61,"column":11}},"10":{"start":{"line":70,"column":4},"end":{"line":70,"column":82}},"11":{"start":{"line":76,"column":4},"end":{"line":76,"column":82}},"12":{"start":{"line":82,"column":4},"end":{"line":82,"column":94}},"13":{"start":{"line":83,"column":4},"end":{"line":83,"column":172}}},"branchMap":{"1":{"line":25,"type":"if","locations":[{"start":{"line":25,"column":4},"end":{"line":25,"column":4}},{"start":{"line":25,"column":4},"end":{"line":25,"column":4}}]},"2":{"line":36,"type":"if","locations":[{"start":{"line":36,"column":4},"end":{"line":36,"column":4}},{"start":{"line":36,"column":4},"end":{"line":36,"column":4}}]},"3":{"line":70,"type":"if","locations":[{"start":{"line":70,"column":4},"end":{"line":70,"column":4}},{"start":{"line":70,"column":4},"end":{"line":70,"column":4}}]},"4":{"line":76,"type":"if","locations":[{"start":{"line":76,"column":4},"end":{"line":76,"column":4}},{"start":{"line":76,"column":4},"end":{"line":76,"column":4}}]},"5":{"line":83,"type":"if","locations":[{"start":{"line":83,"column":4},"end":{"line":83,"column":4}},{"start":{"line":83,"column":4},"end":{"line":83,"column":4}}]}}},"contracts/access/Expirable.sol":{"l":{"27":1,"28":1,"29":1,"30":1,"40":1,"41":1,"42":1,"51":1,"52":1,"53":1},"path":"/home/peter/Documents/Work/MyBit/MyBit-Network.tech-events/contracts/access/Expirable.sol","s":{"1":1,"2":1,"3":1,"4":1,"5":1,"6":1,"7":1,"8":1},"b":{"1":[1,0],"2":[1,0]},"f":{"1":1,"2":1,"3":1,"4":1},"fnMap":{"1":{"name":null,"line":14,"loc":{"start":{"line":14,"column":2},"end":{"line":14,"column":91}}},"2":{"name":"approveTemporaryUser","line":22,"loc":{"start":{"line":22,"column":2},"end":{"line":26,"column":18}}},"3":{"name":"removeTemporaryUser","line":36,"loc":{"start":{"line":36,"column":2},"end":{"line":39,"column":18}}},"4":{"name":"changeExpirationLength","line":48,"loc":{"start":{"line":48,"column":2},"end":{"line":50,"column":13}}}},"statementMap":{"1":{"start":{"line":27,"column":4},"end":{"line":27,"column":47}},"2":{"start":{"line":28,"column":4},"end":{"line":28,"column":32}},"3":{"start":{"line":30,"column":4},"end":{"line":30,"column":15}},"4":{"start":{"line":40,"column":4},"end":{"line":40,"column":29}},"5":{"start":{"line":42,"column":4},"end":{"line":42,"column":15}},"6":{"start":{"line":51,"column":4},"end":{"line":51,"column":40}},"7":{"start":{"line":52,"column":4},"end":{"line":52,"column":42}},"8":{"start":{"line":53,"column":4},"end":{"line":53,"column":68}}},"branchMap":{"1":{"line":27,"type":"if","locations":[{"start":{"line":27,"column":4},"end":{"line":27,"column":4}},{"start":{"line":27,"column":4},"end":{"line":27,"column":4}}]},"2":{"line":40,"type":"if","locations":[{"start":{"line":40,"column":4},"end":{"line":40,"column":4}},{"start":{"line":40,"column":4},"end":{"line":40,"column":4}}]}}},"contracts/access/KYC.sol":{"l":{"17":1,"18":1,"26":1},"path":"/home/peter/Documents/Work/MyBit/MyBit-Network.tech-events/contracts/access/KYC.sol","s":{},"b":{},"f":{"1":1,"2":1,"3":1},"fnMap":{"1":{"name":null,"line":11,"loc":{"start":{"line":11,"column":2},"end":{"line":11,"column":91}}},"2":{"name":"approveKYC","line":14,"loc":{"start":{"line":14,"column":2},"end":{"line":16,"column":12}}},"3":{"name":"revokeKYC","line":23,"loc":{"start":{"line":23,"column":2},"end":{"line":25,"column":13}}}},"statementMap":{},"branchMap":{}},"contracts/crowdsale/CrowdsaleERC20.sol":{"l":{"25":2,"26":2,"27":2,"42":5,"43":5,"44":5,"45":5,"46":5,"47":3,"48":3,"49":3,"50":3,"51":3,"52":3,"55":2,"56":2,"58":4,"60":4,"73":1,"74":1,"75":1,"76":1,"77":1,"78":1,"79":1,"80":1,"81":1,"94":3,"95":3,"96":3,"97":3,"98":2,"99":2,"100":2,"101":2,"102":2,"104":2,"111":0,"112":0,"113":0,"120":0,"122":0,"136":3,"137":3,"138":3,"139":3,"148":0,"149":0,"154":9,"155":8,"160":5,"161":5,"166":9,"167":9,"172":7,"173":6,"174":6,"179":2,"180":1,"185":7,"186":6},"path":"/home/peter/Documents/Work/MyBit/MyBit-Network.tech-events/contracts/crowdsale/CrowdsaleERC20.sol","s":{"1":2,"2":2,"3":2,"4":5,"5":5,"6":5,"7":5,"8":5,"9":3,"10":3,"11":3,"12":3,"13":3,"14":3,"15":2,"16":2,"17":4,"18":1,"19":1,"20":1,"21":1,"22":1,"23":1,"24":3,"25":3,"26":3,"27":3,"28":2,"29":2,"30":2,"31":0,"32":0,"33":0,"34":3,"35":0,"36":9,"37":5,"38":9,"39":7,"40":6,"41":2,"42":7},"b":{"1":[3,2],"2":[3,0],"3":[3,0],"4":[3,0],"5":[3,0],"6":[3,0],"7":[2,1],"8":[2,0],"9":[2,0],"10":[1,0],"11":[2,1],"12":[0,0],"13":[8,1],"14":[5,0],"15":[9,0],"16":[6,1],"17":[6,0],"18":[1,1],"19":[6,1]},"f":{"1":2,"2":5,"3":1,"4":3,"5":0,"6":0,"7":3,"8":0,"9":9,"10":5,"11":9,"12":7,"13":2,"14":7},"fnMap":{"1":{"name":null,"line":23,"loc":{"start":{"line":23,"column":2},"end":{"line":24,"column":9}}},"2":{"name":"buyAssetOrderERC20","line":35,"loc":{"start":{"line":35,"column":2},"end":{"line":41,"column":18}}},"3":{"name":"refund","line":66,"loc":{"start":{"line":66,"column":2},"end":{"line":72,"column":18}}},"4":{"name":"payoutERC20","line":90,"loc":{"start":{"line":90,"column":2},"end":{"line":93,"column":18}}},"5":{"name":"recoverTokens","line":108,"loc":{"start":{"line":108,"column":2},"end":{"line":110,"column":12}}},"6":{"name":"destroy","line":117,"loc":{"start":{"line":117,"column":2},"end":{"line":119,"column":12}}},"7":{"name":"finalizeCrowdsale","line":132,"loc":{"start":{"line":132,"column":2},"end":{"line":135,"column":18}}},"8":{"name":"onlyOwner","line":147,"loc":{"start":{"line":147,"column":2},"end":{"line":147,"column":20}}},"9":{"name":"whenNotPaused","line":153,"loc":{"start":{"line":153,"column":2},"end":{"line":153,"column":24}}},"10":{"name":"burnRequired","line":159,"loc":{"start":{"line":159,"column":2},"end":{"line":159,"column":23}}},"11":{"name":"validAsset","line":165,"loc":{"start":{"line":165,"column":2},"end":{"line":165,"column":39}}},"12":{"name":"betweenDeadlines","line":171,"loc":{"start":{"line":171,"column":2},"end":{"line":171,"column":45}}},"13":{"name":"afterDeadline","line":178,"loc":{"start":{"line":178,"column":2},"end":{"line":178,"column":42}}},"14":{"name":"notFinalized","line":184,"loc":{"start":{"line":184,"column":2},"end":{"line":184,"column":41}}}},"statementMap":{"1":{"start":{"line":25,"column":6},"end":{"line":25,"column":38}},"2":{"start":{"line":26,"column":6},"end":{"line":26,"column":29}},"3":{"start":{"line":27,"column":6},"end":{"line":27,"column":106}},"4":{"start":{"line":42,"column":4},"end":{"line":42,"column":141}},"5":{"start":{"line":43,"column":4},"end":{"line":43,"column":109}},"6":{"start":{"line":44,"column":4},"end":{"line":44,"column":100}},"7":{"start":{"line":45,"column":4},"end":{"line":45,"column":69}},"8":{"start":{"line":46,"column":4},"end":{"line":46,"column":2053}},"9":{"start":{"line":47,"column":6},"end":{"line":47,"column":83}},"10":{"start":{"line":48,"column":6},"end":{"line":48,"column":197}},"11":{"start":{"line":49,"column":6},"end":{"line":49,"column":41}},"12":{"start":{"line":50,"column":6},"end":{"line":50,"column":58}},"13":{"start":{"line":51,"column":6},"end":{"line":51,"column":40}},"14":{"start":{"line":52,"column":6},"end":{"line":52,"column":50}},"15":{"start":{"line":55,"column":6},"end":{"line":55,"column":75}},"16":{"start":{"line":56,"column":6},"end":{"line":56,"column":50}},"17":{"start":{"line":60,"column":4},"end":{"line":60,"column":15}},"18":{"start":{"line":73,"column":4},"end":{"line":73,"column":95}},"19":{"start":{"line":75,"column":4},"end":{"line":75,"column":104}},"20":{"start":{"line":76,"column":4},"end":{"line":76,"column":75}},"21":{"start":{"line":77,"column":4},"end":{"line":77,"column":109}},"22":{"start":{"line":78,"column":4},"end":{"line":78,"column":46}},"23":{"start":{"line":81,"column":4},"end":{"line":81,"column":15}},"24":{"start":{"line":94,"column":4},"end":{"line":94,"column":109}},"25":{"start":{"line":95,"column":4},"end":{"line":95,"column":96}},"26":{"start":{"line":96,"column":4},"end":{"line":96,"column":98}},"27":{"start":{"line":97,"column":4},"end":{"line":97,"column":66}},"28":{"start":{"line":98,"column":4},"end":{"line":98,"column":50}},"29":{"start":{"line":99,"column":4},"end":{"line":99,"column":54}},"30":{"start":{"line":104,"column":4},"end":{"line":104,"column":15}},"31":{"start":{"line":111,"column":4},"end":{"line":111,"column":39}},"32":{"start":{"line":112,"column":4},"end":{"line":112,"column":60}},"33":{"start":{"line":122,"column":4},"end":{"line":122,"column":27}},"34":{"start":{"line":139,"column":6},"end":{"line":139,"column":17}},"35":{"start":{"line":148,"column":4},"end":{"line":148,"column":82}},"36":{"start":{"line":154,"column":4},"end":{"line":154,"column":87}},"37":{"start":{"line":160,"column":4},"end":{"line":160,"column":110}},"38":{"start":{"line":166,"column":4},"end":{"line":166,"column":104}},"39":{"start":{"line":172,"column":4},"end":{"line":172,"column":97}},"40":{"start":{"line":173,"column":4},"end":{"line":173,"column":91}},"41":{"start":{"line":179,"column":4},"end":{"line":179,"column":96}},"42":{"start":{"line":185,"column":4},"end":{"line":185,"column":96}}},"branchMap":{"1":{"line":46,"type":"if","locations":[{"start":{"line":46,"column":4},"end":{"line":46,"column":4}},{"start":{"line":46,"column":4},"end":{"line":46,"column":4}}]},"2":{"line":47,"type":"if","locations":[{"start":{"line":47,"column":6},"end":{"line":47,"column":6}},{"start":{"line":47,"column":6},"end":{"line":47,"column":6}}]},"3":{"line":48,"type":"if","locations":[{"start":{"line":48,"column":6},"end":{"line":48,"column":6}},{"start":{"line":48,"column":6},"end":{"line":48,"column":6}}]},"4":{"line":49,"type":"if","locations":[{"start":{"line":49,"column":6},"end":{"line":49,"column":6}},{"start":{"line":49,"column":6},"end":{"line":49,"column":6}}]},"5":{"line":50,"type":"if","locations":[{"start":{"line":50,"column":6},"end":{"line":50,"column":6}},{"start":{"line":50,"column":6},"end":{"line":50,"column":6}}]},"6":{"line":51,"type":"if","locations":[{"start":{"line":51,"column":6},"end":{"line":51,"column":6}},{"start":{"line":51,"column":6},"end":{"line":51,"column":6}}]},"7":{"line":52,"type":"if","locations":[{"start":{"line":52,"column":6},"end":{"line":52,"column":6}},{"start":{"line":52,"column":6},"end":{"line":52,"column":6}}]},"8":{"line":55,"type":"if","locations":[{"start":{"line":55,"column":6},"end":{"line":55,"column":6}},{"start":{"line":55,"column":6},"end":{"line":55,"column":6}}]},"9":{"line":56,"type":"if","locations":[{"start":{"line":56,"column":6},"end":{"line":56,"column":6}},{"start":{"line":56,"column":6},"end":{"line":56,"column":6}}]},"10":{"line":73,"type":"if","locations":[{"start":{"line":73,"column":4},"end":{"line":73,"column":4}},{"start":{"line":73,"column":4},"end":{"line":73,"column":4}}]},"11":{"line":97,"type":"if","locations":[{"start":{"line":97,"column":4},"end":{"line":97,"column":4}},{"start":{"line":97,"column":4},"end":{"line":97,"column":4}}]},"12":{"line":148,"type":"if","locations":[{"start":{"line":148,"column":4},"end":{"line":148,"column":4}},{"start":{"line":148,"column":4},"end":{"line":148,"column":4}}]},"13":{"line":154,"type":"if","locations":[{"start":{"line":154,"column":4},"end":{"line":154,"column":4}},{"start":{"line":154,"column":4},"end":{"line":154,"column":4}}]},"14":{"line":160,"type":"if","locations":[{"start":{"line":160,"column":4},"end":{"line":160,"column":4}},{"start":{"line":160,"column":4},"end":{"line":160,"column":4}}]},"15":{"line":166,"type":"if","locations":[{"start":{"line":166,"column":4},"end":{"line":166,"column":4}},{"start":{"line":166,"column":4},"end":{"line":166,"column":4}}]},"16":{"line":172,"type":"if","locations":[{"start":{"line":172,"column":4},"end":{"line":172,"column":4}},{"start":{"line":172,"column":4},"end":{"line":172,"column":4}}]},"17":{"line":173,"type":"if","locations":[{"start":{"line":173,"column":4},"end":{"line":173,"column":4}},{"start":{"line":173,"column":4},"end":{"line":173,"column":4}}]},"18":{"line":179,"type":"if","locations":[{"start":{"line":179,"column":4},"end":{"line":179,"column":4}},{"start":{"line":179,"column":4},"end":{"line":179,"column":4}}]},"19":{"line":185,"type":"if","locations":[{"start":{"line":185,"column":4},"end":{"line":185,"column":4}},{"start":{"line":185,"column":4},"end":{"line":185,"column":4}}]}}},"contracts/crowdsale/CrowdsaleETH.sol":{"l":{"25":2,"26":2,"27":2,"42":5,"43":5,"44":5,"45":5,"47":3,"48":3,"49":3,"50":3,"51":3,"52":3,"55":2,"58":5,"59":5,"72":2,"73":2,"74":2,"75":2,"76":2,"77":2,"78":2,"85":0,"86":0,"87":0,"94":1,"96":1,"103":1,"117":3,"118":3,"119":3,"120":3,"121":3,"122":3,"123":3,"124":3,"126":3,"134":3,"135":3,"136":3,"137":3,"148":9,"149":9,"154":2,"155":1,"160":5,"161":5,"166":3,"167":2,"172":11,"173":11,"178":9,"179":6,"180":5,"185":2,"186":2,"191":7,"192":7},"path":"/home/peter/Documents/Work/MyBit/MyBit-Network.tech-events/contracts/crowdsale/CrowdsaleETH.sol","s":{"1":2,"2":2,"3":2,"4":5,"5":5,"6":5,"7":5,"8":3,"9":3,"10":3,"11":3,"12":3,"13":2,"14":5,"15":2,"16":2,"17":2,"18":2,"19":0,"20":0,"21":1,"22":1,"23":3,"24":3,"25":3,"26":3,"27":3,"28":3,"29":3,"30":9,"31":2,"32":5,"33":3,"34":11,"35":9,"36":6,"37":2,"38":7},"b":{"1":[3,2],"2":[3,0],"3":[3,0],"4":[3,0],"5":[3,0],"6":[3,0],"7":[2,0],"8":[2,0],"9":[3,0],"10":[9,0],"11":[1,1],"12":[5,0],"13":[2,1],"14":[11,0],"15":[6,3],"16":[5,1],"17":[2,0],"18":[7,0]},"f":{"1":2,"2":5,"3":2,"4":0,"5":1,"6":1,"7":3,"8":3,"9":9,"10":2,"11":5,"12":3,"13":11,"14":9,"15":2,"16":7},"fnMap":{"1":{"name":null,"line":23,"loc":{"start":{"line":23,"column":4},"end":{"line":24,"column":12}}},"2":{"name":"buyAssetOrderETH","line":33,"loc":{"start":{"line":33,"column":4},"end":{"line":41,"column":20}}},"3":{"name":"refund","line":65,"loc":{"start":{"line":65,"column":4},"end":{"line":71,"column":20}}},"4":{"name":"recoverTokens","line":82,"loc":{"start":{"line":82,"column":4},"end":{"line":84,"column":14}}},"5":{"name":"destroy","line":91,"loc":{"start":{"line":91,"column":4},"end":{"line":93,"column":14}}},"6":{"name":null,"line":100,"loc":{"start":{"line":100,"column":4},"end":{"line":102,"column":13}}},"7":{"name":"payoutETH","line":114,"loc":{"start":{"line":114,"column":4},"end":{"line":116,"column":20}}},"8":{"name":"finalizeCrowdsale","line":131,"loc":{"start":{"line":131,"column":4},"end":{"line":133,"column":20}}},"9":{"name":"requiresEther","line":147,"loc":{"start":{"line":147,"column":4},"end":{"line":147,"column":26}}},"10":{"name":"onlyOwner","line":153,"loc":{"start":{"line":153,"column":4},"end":{"line":153,"column":20}}},"11":{"name":"burnRequired","line":159,"loc":{"start":{"line":159,"column":4},"end":{"line":159,"column":23}}},"12":{"name":"whenNotPaused","line":165,"loc":{"start":{"line":165,"column":4},"end":{"line":165,"column":24}}},"13":{"name":"validAsset","line":171,"loc":{"start":{"line":171,"column":4},"end":{"line":171,"column":39}}},"14":{"name":"betweenDeadlines","line":177,"loc":{"start":{"line":177,"column":4},"end":{"line":177,"column":45}}},"15":{"name":"afterDeadline","line":184,"loc":{"start":{"line":184,"column":4},"end":{"line":184,"column":42}}},"16":{"name":"notFinalized","line":190,"loc":{"start":{"line":190,"column":4},"end":{"line":190,"column":41}}}},"statementMap":{"1":{"start":{"line":25,"column":8},"end":{"line":25,"column":40}},"2":{"start":{"line":26,"column":8},"end":{"line":26,"column":31}},"3":{"start":{"line":27,"column":8},"end":{"line":27,"column":108}},"4":{"start":{"line":42,"column":6},"end":{"line":42,"column":143}},"5":{"start":{"line":43,"column":6},"end":{"line":43,"column":102}},"6":{"start":{"line":44,"column":6},"end":{"line":44,"column":71}},"7":{"start":{"line":45,"column":6},"end":{"line":45,"column":1751}},"8":{"start":{"line":47,"column":8},"end":{"line":47,"column":198}},"9":{"start":{"line":48,"column":8},"end":{"line":48,"column":43}},"10":{"start":{"line":49,"column":8},"end":{"line":49,"column":60}},"11":{"start":{"line":50,"column":8},"end":{"line":50,"column":42}},"12":{"start":{"line":51,"column":8},"end":{"line":51,"column":50}},"13":{"start":{"line":55,"column":8},"end":{"line":55,"column":54}},"14":{"start":{"line":59,"column":6},"end":{"line":59,"column":17}},"15":{"start":{"line":72,"column":6},"end":{"line":72,"column":97}},"16":{"start":{"line":75,"column":6},"end":{"line":75,"column":143}},"17":{"start":{"line":76,"column":6},"end":{"line":76,"column":48}},"18":{"start":{"line":78,"column":6},"end":{"line":78,"column":17}},"19":{"start":{"line":85,"column":6},"end":{"line":85,"column":41}},"20":{"start":{"line":86,"column":6},"end":{"line":86,"column":62}},"21":{"start":{"line":96,"column":6},"end":{"line":96,"column":29}},"22":{"start":{"line":103,"column":6},"end":{"line":103,"column":13}},"23":{"start":{"line":117,"column":6},"end":{"line":117,"column":98}},"24":{"start":{"line":118,"column":6},"end":{"line":118,"column":100}},"25":{"start":{"line":119,"column":6},"end":{"line":119,"column":68}},"26":{"start":{"line":120,"column":6},"end":{"line":120,"column":52}},"27":{"start":{"line":121,"column":6},"end":{"line":121,"column":56}},"28":{"start":{"line":126,"column":6},"end":{"line":126,"column":17}},"29":{"start":{"line":137,"column":8},"end":{"line":137,"column":19}},"30":{"start":{"line":148,"column":6},"end":{"line":148,"column":27}},"31":{"start":{"line":154,"column":6},"end":{"line":154,"column":84}},"32":{"start":{"line":160,"column":6},"end":{"line":160,"column":112}},"33":{"start":{"line":166,"column":6},"end":{"line":166,"column":89}},"34":{"start":{"line":172,"column":6},"end":{"line":172,"column":106}},"35":{"start":{"line":178,"column":6},"end":{"line":178,"column":99}},"36":{"start":{"line":179,"column":6},"end":{"line":179,"column":93}},"37":{"start":{"line":185,"column":6},"end":{"line":185,"column":98}},"38":{"start":{"line":191,"column":6},"end":{"line":191,"column":98}}},"branchMap":{"1":{"line":45,"type":"if","locations":[{"start":{"line":45,"column":6},"end":{"line":45,"column":6}},{"start":{"line":45,"column":6},"end":{"line":45,"column":6}}]},"2":{"line":47,"type":"if","locations":[{"start":{"line":47,"column":8},"end":{"line":47,"column":8}},{"start":{"line":47,"column":8},"end":{"line":47,"column":8}}]},"3":{"line":48,"type":"if","locations":[{"start":{"line":48,"column":8},"end":{"line":48,"column":8}},{"start":{"line":48,"column":8},"end":{"line":48,"column":8}}]},"4":{"line":49,"type":"if","locations":[{"start":{"line":49,"column":8},"end":{"line":49,"column":8}},{"start":{"line":49,"column":8},"end":{"line":49,"column":8}}]},"5":{"line":50,"type":"if","locations":[{"start":{"line":50,"column":8},"end":{"line":50,"column":8}},{"start":{"line":50,"column":8},"end":{"line":50,"column":8}}]},"6":{"line":51,"type":"if","locations":[{"start":{"line":51,"column":8},"end":{"line":51,"column":8}},{"start":{"line":51,"column":8},"end":{"line":51,"column":8}}]},"7":{"line":55,"type":"if","locations":[{"start":{"line":55,"column":8},"end":{"line":55,"column":8}},{"start":{"line":55,"column":8},"end":{"line":55,"column":8}}]},"8":{"line":72,"type":"if","locations":[{"start":{"line":72,"column":6},"end":{"line":72,"column":6}},{"start":{"line":72,"column":6},"end":{"line":72,"column":6}}]},"9":{"line":119,"type":"if","locations":[{"start":{"line":119,"column":6},"end":{"line":119,"column":6}},{"start":{"line":119,"column":6},"end":{"line":119,"column":6}}]},"10":{"line":148,"type":"if","locations":[{"start":{"line":148,"column":6},"end":{"line":148,"column":6}},{"start":{"line":148,"column":6},"end":{"line":148,"column":6}}]},"11":{"line":154,"type":"if","locations":[{"start":{"line":154,"column":6},"end":{"line":154,"column":6}},{"start":{"line":154,"column":6},"end":{"line":154,"column":6}}]},"12":{"line":160,"type":"if","locations":[{"start":{"line":160,"column":6},"end":{"line":160,"column":6}},{"start":{"line":160,"column":6},"end":{"line":160,"column":6}}]},"13":{"line":166,"type":"if","locations":[{"start":{"line":166,"column":6},"end":{"line":166,"column":6}},{"start":{"line":166,"column":6},"end":{"line":166,"column":6}}]},"14":{"line":172,"type":"if","locations":[{"start":{"line":172,"column":6},"end":{"line":172,"column":6}},{"start":{"line":172,"column":6},"end":{"line":172,"column":6}}]},"15":{"line":178,"type":"if","locations":[{"start":{"line":178,"column":6},"end":{"line":178,"column":6}},{"start":{"line":178,"column":6},"end":{"line":178,"column":6}}]},"16":{"line":179,"type":"if","locations":[{"start":{"line":179,"column":6},"end":{"line":179,"column":6}},{"start":{"line":179,"column":6},"end":{"line":179,"column":6}}]},"17":{"line":185,"type":"if","locations":[{"start":{"line":185,"column":6},"end":{"line":185,"column":6}},{"start":{"line":185,"column":6},"end":{"line":185,"column":6}}]},"18":{"line":191,"type":"if","locations":[{"start":{"line":191,"column":6},"end":{"line":191,"column":6}},{"start":{"line":191,"column":6},"end":{"line":191,"column":6}}]}}},"contracts/crowdsale/CrowdsaleGeneratorERC20.sol":{"l":{"25":2,"26":2,"27":2,"41":6,"42":5,"43":5,"44":5,"45":4,"46":4,"47":4,"49":0,"51":4,"52":4,"53":3,"54":3,"55":3,"56":3,"57":3,"58":3,"59":3,"60":3,"61":3,"62":3,"63":3,"64":3,"76":6,"77":6},"path":"/home/peter/Documents/Work/MyBit/MyBit-Network.tech-events/contracts/crowdsale/CrowdsaleGeneratorERC20.sol","s":{"1":2,"2":2,"3":2,"4":6,"5":5,"6":5,"7":5,"8":4,"9":4,"10":0,"11":4,"12":4,"13":3,"14":3,"15":6},"b":{"1":[5,1],"2":[5,0],"3":[5,0],"4":[4,1],"5":[4,0],"6":[3,1],"7":[6,0]},"f":{"1":2,"2":6,"3":6},"fnMap":{"1":{"name":null,"line":23,"loc":{"start":{"line":23,"column":2},"end":{"line":24,"column":9}}},"2":{"name":"createAssetOrderERC20","line":38,"loc":{"start":{"line":38,"column":2},"end":{"line":40,"column":16}}},"3":{"name":"burnRequired","line":74,"loc":{"start":{"line":74,"column":2},"end":{"line":74,"column":23}}}},"statementMap":{"1":{"start":{"line":25,"column":6},"end":{"line":25,"column":38}},"2":{"start":{"line":26,"column":6},"end":{"line":26,"column":29}},"3":{"start":{"line":27,"column":6},"end":{"line":27,"column":106}},"4":{"start":{"line":41,"column":4},"end":{"line":41,"column":30}},"5":{"start":{"line":42,"column":4},"end":{"line":42,"column":35}},"6":{"start":{"line":43,"column":4},"end":{"line":43,"column":105}},"7":{"start":{"line":44,"column":4},"end":{"line":44,"column":103}},"8":{"start":{"line":46,"column":4},"end":{"line":46,"column":2312}},"9":{"start":{"line":47,"column":6},"end":{"line":47,"column":20}},"10":{"start":{"line":49,"column":6},"end":{"line":49,"column":27}},"11":{"start":{"line":51,"column":4},"end":{"line":51,"column":100}},"12":{"start":{"line":52,"column":4},"end":{"line":52,"column":94}},"13":{"start":{"line":53,"column":4},"end":{"line":53,"column":167}},"14":{"start":{"line":56,"column":4},"end":{"line":56,"column":150}},"15":{"start":{"line":76,"column":4},"end":{"line":76,"column":110}}},"branchMap":{"1":{"line":41,"type":"if","locations":[{"start":{"line":41,"column":4},"end":{"line":41,"column":4}},{"start":{"line":41,"column":4},"end":{"line":41,"column":4}}]},"2":{"line":42,"type":"if","locations":[{"start":{"line":42,"column":4},"end":{"line":42,"column":4}},{"start":{"line":42,"column":4},"end":{"line":42,"column":4}}]},"3":{"line":43,"type":"if","locations":[{"start":{"line":43,"column":4},"end":{"line":43,"column":4}},{"start":{"line":43,"column":4},"end":{"line":43,"column":4}}]},"4":{"line":44,"type":"if","locations":[{"start":{"line":44,"column":4},"end":{"line":44,"column":4}},{"start":{"line":44,"column":4},"end":{"line":44,"column":4}}]},"5":{"line":46,"type":"if","locations":[{"start":{"line":46,"column":4},"end":{"line":46,"column":4}},{"start":{"line":46,"column":4},"end":{"line":46,"column":4}}]},"6":{"line":52,"type":"if","locations":[{"start":{"line":52,"column":4},"end":{"line":52,"column":4}},{"start":{"line":52,"column":4},"end":{"line":52,"column":4}}]},"7":{"line":76,"type":"if","locations":[{"start":{"line":76,"column":4},"end":{"line":76,"column":4}},{"start":{"line":76,"column":4},"end":{"line":76,"column":4}}]}}},"contracts/crowdsale/CrowdsaleGeneratorETH.sol":{"l":{"25":2,"26":2,"27":2,"41":9,"42":8,"43":7,"44":7,"45":6,"46":6,"47":5,"49":1,"51":6,"52":6,"53":5,"54":5,"55":5,"56":5,"57":5,"58":5,"59":5,"60":5,"61":5,"62":5,"64":5,"65":5,"76":9,"77":9},"path":"/home/peter/Documents/Work/MyBit/MyBit-Network.tech-events/contracts/crowdsale/CrowdsaleGeneratorETH.sol","s":{"1":2,"2":2,"3":2,"4":9,"5":8,"6":7,"7":7,"8":6,"9":5,"10":1,"11":6,"12":6,"13":5,"14":5,"15":5,"16":9},"b":{"1":[8,1],"2":[7,1],"3":[7,0],"4":[6,1],"5":[5,1],"6":[5,1],"7":[9,0]},"f":{"1":2,"2":9,"3":9},"fnMap":{"1":{"name":null,"line":23,"loc":{"start":{"line":23,"column":2},"end":{"line":24,"column":9}}},"2":{"name":"createAssetOrderETH","line":37,"loc":{"start":{"line":37,"column":2},"end":{"line":40,"column":18}}},"3":{"name":"burnRequired","line":74,"loc":{"start":{"line":74,"column":2},"end":{"line":74,"column":23}}}},"statementMap":{"1":{"start":{"line":25,"column":6},"end":{"line":25,"column":38}},"2":{"start":{"line":26,"column":6},"end":{"line":26,"column":29}},"3":{"start":{"line":27,"column":6},"end":{"line":27,"column":106}},"4":{"start":{"line":41,"column":4},"end":{"line":41,"column":30}},"5":{"start":{"line":42,"column":4},"end":{"line":42,"column":35}},"6":{"start":{"line":43,"column":4},"end":{"line":43,"column":90}},"7":{"start":{"line":44,"column":4},"end":{"line":44,"column":103}},"8":{"start":{"line":46,"column":4},"end":{"line":46,"column":2152}},"9":{"start":{"line":47,"column":6},"end":{"line":47,"column":20}},"10":{"start":{"line":49,"column":6},"end":{"line":49,"column":27}},"11":{"start":{"line":51,"column":4},"end":{"line":51,"column":100}},"12":{"start":{"line":52,"column":4},"end":{"line":52,"column":94}},"13":{"start":{"line":53,"column":4},"end":{"line":53,"column":145}},"14":{"start":{"line":56,"column":4},"end":{"line":56,"column":150}},"15":{"start":{"line":65,"column":4},"end":{"line":65,"column":15}},"16":{"start":{"line":76,"column":4},"end":{"line":76,"column":110}}},"branchMap":{"1":{"line":41,"type":"if","locations":[{"start":{"line":41,"column":4},"end":{"line":41,"column":4}},{"start":{"line":41,"column":4},"end":{"line":41,"column":4}}]},"2":{"line":42,"type":"if","locations":[{"start":{"line":42,"column":4},"end":{"line":42,"column":4}},{"start":{"line":42,"column":4},"end":{"line":42,"column":4}}]},"3":{"line":43,"type":"if","locations":[{"start":{"line":43,"column":4},"end":{"line":43,"column":4}},{"start":{"line":43,"column":4},"end":{"line":43,"column":4}}]},"4":{"line":44,"type":"if","locations":[{"start":{"line":44,"column":4},"end":{"line":44,"column":4}},{"start":{"line":44,"column":4},"end":{"line":44,"column":4}}]},"5":{"line":46,"type":"if","locations":[{"start":{"line":46,"column":4},"end":{"line":46,"column":4}},{"start":{"line":46,"column":4},"end":{"line":46,"column":4}}]},"6":{"line":52,"type":"if","locations":[{"start":{"line":52,"column":4},"end":{"line":52,"column":4}},{"start":{"line":52,"column":4},"end":{"line":52,"column":4}}]},"7":{"line":76,"type":"if","locations":[{"start":{"line":76,"column":4},"end":{"line":76,"column":4}},{"start":{"line":76,"column":4},"end":{"line":76,"column":4}}]}}},"contracts/database/API.sol":{"l":{"34":6,"48":1,"49":1,"50":1,"51":1,"58":3,"65":7,"72":4,"73":4,"80":1,"87":1,"94":1,"101":0,"108":0,"119":0,"120":0,"127":0,"128":0,"135":2,"136":2,"143":0,"144":0,"161":1,"162":1,"169":0,"170":0,"177":0,"178":0,"185":4,"186":4,"198":0,"199":0,"206":0,"207":0,"214":2,"215":2,"222":1,"229":1,"230":1,"231":1,"238":1,"239":1,"246":0,"247":0,"254":0,"255":0,"262":0,"263":0,"270":0,"271":0,"282":0,"283":0,"295":0,"296":0,"303":0,"304":0,"311":0,"312":0,"319":0,"320":0,"327":0,"328":0,"335":0,"336":0,"343":0,"344":0,"355":0,"356":0},"path":"/home/peter/Documents/Work/MyBit/MyBit-Network.tech-events/contracts/database/API.sol","s":{"1":6,"2":1,"3":1,"4":1,"5":1,"6":3,"7":7,"8":4,"9":4,"10":1,"11":1,"12":1,"13":0,"14":0,"15":0,"16":0,"17":0,"18":0,"19":2,"20":2,"21":0,"22":0,"23":1,"24":1,"25":0,"26":0,"27":0,"28":0,"29":4,"30":4,"31":0,"32":0,"33":0,"34":0,"35":2,"36":2,"37":1,"38":1,"39":1,"40":1,"41":1,"42":1,"43":0,"44":0,"45":0,"46":0,"47":0,"48":0,"49":0,"50":0,"51":0,"52":0,"53":0,"54":0,"55":0,"56":0,"57":0,"58":0,"59":0,"60":0,"61":0,"62":0,"63":0,"64":0,"65":0,"66":0,"67":0,"68":0},"b":{},"f":{"1":6,"2":1,"3":3,"4":7,"5":4,"6":1,"7":1,"8":1,"9":0,"10":0,"11":0,"12":0,"13":2,"14":0,"15":1,"16":0,"17":0,"18":4,"19":0,"20":0,"21":2,"22":1,"23":1,"24":1,"25":0,"26":0,"27":0,"28":0,"29":0,"30":0,"31":0,"32":0,"33":0,"34":0,"35":0,"36":0,"37":0},"fnMap":{"1":{"name":null,"line":32,"loc":{"start":{"line":32,"column":2},"end":{"line":33,"column":10}}},"2":{"name":"getNumTokensAvailable","line":44,"loc":{"start":{"line":44,"column":2},"end":{"line":47,"column":18}}},"3":{"name":"getInvestorVotes","line":54,"loc":{"start":{"line":54,"column":2},"end":{"line":57,"column":18}}},"4":{"name":"getTotalVotes","line":61,"loc":{"start":{"line":61,"column":2},"end":{"line":64,"column":18}}},"5":{"name":"getCurrentConsensus","line":68,"loc":{"start":{"line":68,"column":2},"end":{"line":71,"column":18}}},"6":{"name":"getAssetManagerParameterHash","line":76,"loc":{"start":{"line":76,"column":2},"end":{"line":79,"column":20}}},"7":{"name":"getExecutionID","line":83,"loc":{"start":{"line":83,"column":2},"end":{"line":86,"column":21}}},"8":{"name":"getMethodID","line":90,"loc":{"start":{"line":90,"column":2},"end":{"line":93,"column":20}}},"9":{"name":"getAssetID","line":97,"loc":{"start":{"line":97,"column":2},"end":{"line":100,"column":20}}},"10":{"name":"getOrderID","line":104,"loc":{"start":{"line":104,"column":2},"end":{"line":107,"column":20}}},"11":{"name":"generateAssetID","line":115,"loc":{"start":{"line":115,"column":2},"end":{"line":118,"column":20}}},"12":{"name":"getAssetID","line":123,"loc":{"start":{"line":123,"column":2},"end":{"line":126,"column":20}}},"13":{"name":"getAssetAddress","line":131,"loc":{"start":{"line":131,"column":2},"end":{"line":134,"column":20}}},"14":{"name":"getAssetFundingToken","line":139,"loc":{"start":{"line":139,"column":2},"end":{"line":142,"column":20}}},"15":{"name":"getAssetROI","line":157,"loc":{"start":{"line":157,"column":2},"end":{"line":160,"column":18}}},"16":{"name":"getAssetFundingGoal","line":165,"loc":{"start":{"line":165,"column":2},"end":{"line":168,"column":17}}},"17":{"name":"getAssetFundingDeadline","line":173,"loc":{"start":{"line":173,"column":2},"end":{"line":176,"column":17}}},"18":{"name":"crowdsaleFinalized","line":181,"loc":{"start":{"line":181,"column":2},"end":{"line":184,"column":17}}},"19":{"name":"getAssetManager","line":194,"loc":{"start":{"line":194,"column":2},"end":{"line":197,"column":20}}},"20":{"name":"getAssetManagerFee","line":202,"loc":{"start":{"line":202,"column":2},"end":{"line":205,"column":17}}},"21":{"name":"getAssetManagerEscrowID","line":210,"loc":{"start":{"line":210,"column":2},"end":{"line":213,"column":20}}},"22":{"name":"getAssetManagerEscrow","line":218,"loc":{"start":{"line":218,"column":2},"end":{"line":221,"column":18}}},"23":{"name":"getAssetManagerEscrowRemaining","line":225,"loc":{"start":{"line":225,"column":2},"end":{"line":228,"column":17}}},"24":{"name":"getAssetManagerEscrowRedeemed","line":234,"loc":{"start":{"line":234,"column":2},"end":{"line":237,"column":17}}},"25":{"name":"getAssetOperator","line":242,"loc":{"start":{"line":242,"column":2},"end":{"line":245,"column":20}}},"26":{"name":"generateOperatorID","line":250,"loc":{"start":{"line":250,"column":2},"end":{"line":253,"column":20}}},"27":{"name":"getOperatorID","line":258,"loc":{"start":{"line":258,"column":2},"end":{"line":261,"column":20}}},"28":{"name":"getOperatorAddress","line":266,"loc":{"start":{"line":266,"column":2},"end":{"line":269,"column":20}}},"29":{"name":"generateOrderID","line":278,"loc":{"start":{"line":278,"column":2},"end":{"line":281,"column":20}}},"30":{"name":"getPlatformToken","line":291,"loc":{"start":{"line":291,"column":2},"end":{"line":294,"column":20}}},"31":{"name":"getPlatformWallet","line":299,"loc":{"start":{"line":299,"column":2},"end":{"line":302,"column":20}}},"32":{"name":"getContractAddress","line":307,"loc":{"start":{"line":307,"column":2},"end":{"line":310,"column":20}}},"33":{"name":"getCurrentState","line":315,"loc":{"start":{"line":315,"column":2},"end":{"line":318,"column":20}}},"34":{"name":"getUserPermission","line":323,"loc":{"start":{"line":323,"column":2},"end":{"line":326,"column":17}}},"35":{"name":"getFunctionCost","line":331,"loc":{"start":{"line":331,"column":2},"end":{"line":334,"column":17}}},"36":{"name":"contractPaused","line":339,"loc":{"start":{"line":339,"column":2},"end":{"line":342,"column":17}}},"37":{"name":"contractOwner","line":351,"loc":{"start":{"line":351,"column":2},"end":{"line":354,"column":17}}}},"statementMap":{"1":{"start":{"line":34,"column":4},"end":{"line":34,"column":31}},"2":{"start":{"line":48,"column":4},"end":{"line":48,"column":109}},"3":{"start":{"line":49,"column":4},"end":{"line":49,"column":102}},"4":{"start":{"line":50,"column":4},"end":{"line":50,"column":60}},"5":{"start":{"line":51,"column":4},"end":{"line":51,"column":36}},"6":{"start":{"line":58,"column":4},"end":{"line":58,"column":102}},"7":{"start":{"line":65,"column":2},"end":{"line":65,"column":85}},"8":{"start":{"line":72,"column":4},"end":{"line":72,"column":48}},"9":{"start":{"line":73,"column":4},"end":{"line":73,"column":106}},"10":{"start":{"line":80,"column":4},"end":{"line":80,"column":100}},"11":{"start":{"line":87,"column":4},"end":{"line":87,"column":95}},"12":{"start":{"line":94,"column":4},"end":{"line":94,"column":63}},"13":{"start":{"line":101,"column":4},"end":{"line":101,"column":87}},"14":{"start":{"line":108,"column":4},"end":{"line":108,"column":87}},"15":{"start":{"line":119,"column":4},"end":{"line":119,"column":97}},"16":{"start":{"line":120,"column":4},"end":{"line":120,"column":18}},"17":{"start":{"line":127,"column":4},"end":{"line":127,"column":104}},"18":{"start":{"line":128,"column":4},"end":{"line":128,"column":18}},"19":{"start":{"line":135,"column":4},"end":{"line":135,"column":104}},"20":{"start":{"line":136,"column":4},"end":{"line":136,"column":23}},"21":{"start":{"line":143,"column":4},"end":{"line":143,"column":111}},"22":{"start":{"line":144,"column":4},"end":{"line":144,"column":30}},"23":{"start":{"line":161,"column":4},"end":{"line":161,"column":62}},"24":{"start":{"line":162,"column":4},"end":{"line":162,"column":71}},"25":{"start":{"line":169,"column":4},"end":{"line":169,"column":98}},"26":{"start":{"line":170,"column":4},"end":{"line":170,"column":22}},"27":{"start":{"line":177,"column":4},"end":{"line":177,"column":104}},"28":{"start":{"line":178,"column":4},"end":{"line":178,"column":26}},"29":{"start":{"line":185,"column":4},"end":{"line":185,"column":98}},"30":{"start":{"line":186,"column":4},"end":{"line":186,"column":17}},"31":{"start":{"line":198,"column":4},"end":{"line":198,"column":106}},"32":{"start":{"line":199,"column":4},"end":{"line":199,"column":25}},"33":{"start":{"line":206,"column":4},"end":{"line":206,"column":99}},"34":{"start":{"line":207,"column":4},"end":{"line":207,"column":21}},"35":{"start":{"line":214,"column":4},"end":{"line":214,"column":76}},"36":{"start":{"line":215,"column":4},"end":{"line":215,"column":26}},"37":{"start":{"line":222,"column":4},"end":{"line":222,"column":100}},"38":{"start":{"line":229,"column":4},"end":{"line":229,"column":66}},"39":{"start":{"line":230,"column":4},"end":{"line":230,"column":126}},"40":{"start":{"line":231,"column":4},"end":{"line":231,"column":23}},"41":{"start":{"line":238,"column":4},"end":{"line":238,"column":110}},"42":{"start":{"line":239,"column":4},"end":{"line":239,"column":25}},"43":{"start":{"line":246,"column":4},"end":{"line":246,"column":103}},"44":{"start":{"line":247,"column":4},"end":{"line":247,"column":26}},"45":{"start":{"line":254,"column":4},"end":{"line":254,"column":65}},"46":{"start":{"line":255,"column":4},"end":{"line":255,"column":21}},"47":{"start":{"line":262,"column":4},"end":{"line":262,"column":106}},"48":{"start":{"line":263,"column":4},"end":{"line":263,"column":21}},"49":{"start":{"line":270,"column":4},"end":{"line":270,"column":106}},"50":{"start":{"line":271,"column":4},"end":{"line":271,"column":26}},"51":{"start":{"line":282,"column":4},"end":{"line":282,"column":95}},"52":{"start":{"line":283,"column":4},"end":{"line":283,"column":18}},"53":{"start":{"line":295,"column":4},"end":{"line":295,"column":95}},"54":{"start":{"line":296,"column":4},"end":{"line":296,"column":23}},"55":{"start":{"line":303,"column":4},"end":{"line":303,"column":97}},"56":{"start":{"line":304,"column":4},"end":{"line":304,"column":24}},"57":{"start":{"line":311,"column":4},"end":{"line":311,"column":108}},"58":{"start":{"line":312,"column":4},"end":{"line":312,"column":26}},"59":{"start":{"line":319,"column":4},"end":{"line":319,"column":94}},"60":{"start":{"line":320,"column":4},"end":{"line":320,"column":23}},"61":{"start":{"line":327,"column":4},"end":{"line":327,"column":96}},"62":{"start":{"line":328,"column":4},"end":{"line":328,"column":17}},"63":{"start":{"line":335,"column":4},"end":{"line":335,"column":81}},"64":{"start":{"line":336,"column":4},"end":{"line":336,"column":15}},"65":{"start":{"line":343,"column":4},"end":{"line":343,"column":87}},"66":{"start":{"line":344,"column":4},"end":{"line":344,"column":17}},"67":{"start":{"line":355,"column":4},"end":{"line":355,"column":85}},"68":{"start":{"line":356,"column":4},"end":{"line":356,"column":17}}},"branchMap":{}},"contracts/database/ContractManager.sol":{"l":{"17":16,"18":16,"29":72,"30":71,"31":70,"32":70,"33":70,"34":70,"35":70,"36":70,"48":1,"49":1,"50":1,"51":1,"63":1,"64":1,"65":1,"66":1,"67":1,"68":1,"69":1,"70":1,"71":1,"83":177,"84":177,"85":177,"86":177,"87":177,"97":75,"98":74,"104":0,"105":0,"106":0,"110":4,"111":2,"115":153,"116":151},"path":"/home/peter/Documents/Work/MyBit/MyBit-Network.tech-events/contracts/database/ContractManager.sol","s":{"1":16,"2":16,"3":72,"4":71,"5":70,"6":70,"7":1,"8":1,"9":1,"10":1,"11":177,"12":177,"13":177,"14":75,"15":0,"16":4,"17":153},"b":{"1":[71,1],"2":[70,1],"3":[74,1],"4":[0,0],"5":[2,2],"6":[151,2]},"f":{"1":16,"2":72,"3":1,"4":1,"5":177,"6":75,"7":0,"8":4,"9":153},"fnMap":{"1":{"name":null,"line":15,"loc":{"start":{"line":15,"column":2},"end":{"line":16,"column":10}}},"2":{"name":"addContract","line":24,"loc":{"start":{"line":24,"column":2},"end":{"line":28,"column":12}}},"3":{"name":"removeContract","line":43,"loc":{"start":{"line":43,"column":2},"end":{"line":47,"column":12}}},"4":{"name":"updateContract","line":58,"loc":{"start":{"line":58,"column":2},"end":{"line":62,"column":12}}},"5":{"name":"setContractStatePreferences","line":80,"loc":{"start":{"line":80,"column":2},"end":{"line":82,"column":18}}},"6":{"name":"anyOwner","line":96,"loc":{"start":{"line":96,"column":2},"end":{"line":96,"column":19}}},"7":{"name":"isRestricted","line":103,"loc":{"start":{"line":103,"column":2},"end":{"line":103,"column":65}}},"8":{"name":"contractExists","line":109,"loc":{"start":{"line":109,"column":2},"end":{"line":109,"column":44}}},"9":{"name":"isTrue","line":114,"loc":{"start":{"line":114,"column":2},"end":{"line":114,"column":36}}}},"statementMap":{"1":{"start":{"line":17,"column":4},"end":{"line":17,"column":36}},"2":{"start":{"line":18,"column":4},"end":{"line":18,"column":27}},"3":{"start":{"line":29,"column":4},"end":{"line":29,"column":92}},"4":{"start":{"line":30,"column":4},"end":{"line":30,"column":97}},"5":{"start":{"line":33,"column":4},"end":{"line":33,"column":94}},"6":{"start":{"line":34,"column":4},"end":{"line":34,"column":81}},"7":{"start":{"line":48,"column":4},"end":{"line":48,"column":101}},"8":{"start":{"line":63,"column":4},"end":{"line":63,"column":95}},"9":{"start":{"line":67,"column":4},"end":{"line":67,"column":94}},"10":{"start":{"line":68,"column":4},"end":{"line":68,"column":84}},"11":{"start":{"line":83,"column":4},"end":{"line":83,"column":94}},"12":{"start":{"line":86,"column":4},"end":{"line":86,"column":96}},"13":{"start":{"line":87,"column":4},"end":{"line":87,"column":15}},"14":{"start":{"line":97,"column":4},"end":{"line":97,"column":82}},"15":{"start":{"line":104,"column":6},"end":{"line":104,"column":105}},"16":{"start":{"line":110,"column":4},"end":{"line":110,"column":84}},"17":{"start":{"line":115,"column":4},"end":{"line":115,"column":24}}},"branchMap":{"1":{"line":29,"type":"if","locations":[{"start":{"line":29,"column":4},"end":{"line":29,"column":4}},{"start":{"line":29,"column":4},"end":{"line":29,"column":4}}]},"2":{"line":30,"type":"if","locations":[{"start":{"line":30,"column":4},"end":{"line":30,"column":4}},{"start":{"line":30,"column":4},"end":{"line":30,"column":4}}]},"3":{"line":97,"type":"if","locations":[{"start":{"line":97,"column":4},"end":{"line":97,"column":4}},{"start":{"line":97,"column":4},"end":{"line":97,"column":4}}]},"4":{"line":104,"type":"if","locations":[{"start":{"line":104,"column":6},"end":{"line":104,"column":6}},{"start":{"line":104,"column":6},"end":{"line":104,"column":6}}]},"5":{"line":110,"type":"if","locations":[{"start":{"line":110,"column":4},"end":{"line":110,"column":4}},{"start":{"line":110,"column":4},"end":{"line":110,"column":4}}]},"6":{"line":115,"type":"if","locations":[{"start":{"line":115,"column":4},"end":{"line":115,"column":4}},{"start":{"line":115,"column":4},"end":{"line":115,"column":4}}]}}},"contracts/database/Database.sol":{"l":{"24":16,"25":17,"26":17,"28":16,"29":15,"38":19,"39":18,"40":17,"41":16,"42":15,"43":15,"50":146,"56":78,"62":1,"68":1,"74":90,"80":449,"86":1,"94":8,"100":25,"106":1,"112":1,"118":1,"124":7,"130":1,"140":811,"141":810},"path":"/home/peter/Documents/Work/MyBit/MyBit-Network.tech-events/contracts/database/Database.sol","s":{"1":16,"2":17,"3":17,"4":16,"5":15,"6":19,"7":18,"8":17,"9":16,"10":15,"11":15,"12":146,"13":78,"14":1,"15":1,"16":90,"17":449,"18":1,"19":811},"b":{"1":[15,1],"2":[18,1],"3":[17,1],"4":[16,1],"5":[15,1],"6":[810,1]},"f":{"1":16,"2":19,"3":146,"4":78,"5":1,"6":1,"7":90,"8":449,"9":1,"10":8,"11":25,"12":1,"13":1,"14":1,"15":7,"16":1,"17":811},"fnMap":{"1":{"name":null,"line":23,"loc":{"start":{"line":23,"column":4},"end":{"line":23,"column":58}}},"2":{"name":"enableContractManagement","line":36,"loc":{"start":{"line":36,"column":4},"end":{"line":37,"column":14}}},"3":{"name":"setAddress","line":47,"loc":{"start":{"line":47,"column":4},"end":{"line":49,"column":14}}},"4":{"name":"setUint","line":53,"loc":{"start":{"line":53,"column":4},"end":{"line":55,"column":14}}},"5":{"name":"setString","line":59,"loc":{"start":{"line":59,"column":4},"end":{"line":61,"column":14}}},"6":{"name":"setBytes","line":65,"loc":{"start":{"line":65,"column":4},"end":{"line":67,"column":14}}},"7":{"name":"setBytes32","line":71,"loc":{"start":{"line":71,"column":4},"end":{"line":73,"column":14}}},"8":{"name":"setBool","line":77,"loc":{"start":{"line":77,"column":4},"end":{"line":79,"column":14}}},"9":{"name":"setInt","line":83,"loc":{"start":{"line":83,"column":4},"end":{"line":85,"column":14}}},"10":{"name":"deleteAddress","line":91,"loc":{"start":{"line":91,"column":4},"end":{"line":93,"column":14}}},"11":{"name":"deleteUint","line":97,"loc":{"start":{"line":97,"column":4},"end":{"line":99,"column":14}}},"12":{"name":"deleteString","line":103,"loc":{"start":{"line":103,"column":4},"end":{"line":105,"column":14}}},"13":{"name":"deleteBytes","line":109,"loc":{"start":{"line":109,"column":4},"end":{"line":111,"column":14}}},"14":{"name":"deleteBytes32","line":115,"loc":{"start":{"line":115,"column":4},"end":{"line":117,"column":14}}},"15":{"name":"deleteBool","line":121,"loc":{"start":{"line":121,"column":4},"end":{"line":123,"column":14}}},"16":{"name":"deleteInt","line":127,"loc":{"start":{"line":127,"column":4},"end":{"line":129,"column":14}}},"17":{"name":"onlyApprovedContract","line":139,"loc":{"start":{"line":139,"column":4},"end":{"line":139,"column":33}}}},"statementMap":{"1":{"start":{"line":24,"column":6},"end":{"line":24,"column":962}},"2":{"start":{"line":25,"column":8},"end":{"line":25,"column":75}},"3":{"start":{"line":26,"column":8},"end":{"line":26,"column":53}},"4":{"start":{"line":28,"column":6},"end":{"line":28,"column":1147}},"5":{"start":{"line":29,"column":8},"end":{"line":29,"column":51}},"6":{"start":{"line":38,"column":8},"end":{"line":38,"column":53}},"7":{"start":{"line":39,"column":8},"end":{"line":39,"column":46}},"8":{"start":{"line":40,"column":8},"end":{"line":40,"column":77}},"9":{"start":{"line":41,"column":8},"end":{"line":41,"column":104}},"10":{"start":{"line":42,"column":8},"end":{"line":42,"column":100}},"11":{"start":{"line":43,"column":8},"end":{"line":43,"column":84}},"12":{"start":{"line":50,"column":8},"end":{"line":50,"column":36}},"13":{"start":{"line":56,"column":8},"end":{"line":56,"column":33}},"14":{"start":{"line":62,"column":8},"end":{"line":62,"column":35}},"15":{"start":{"line":68,"column":8},"end":{"line":68,"column":34}},"16":{"start":{"line":74,"column":8},"end":{"line":74,"column":36}},"17":{"start":{"line":80,"column":8},"end":{"line":80,"column":33}},"18":{"start":{"line":86,"column":8},"end":{"line":86,"column":32}},"19":{"start":{"line":140,"column":8},"end":{"line":140,"column":80}}},"branchMap":{"1":{"line":28,"type":"if","locations":[{"start":{"line":28,"column":6},"end":{"line":28,"column":6}},{"start":{"line":28,"column":6},"end":{"line":28,"column":6}}]},"2":{"line":38,"type":"if","locations":[{"start":{"line":38,"column":8},"end":{"line":38,"column":8}},{"start":{"line":38,"column":8},"end":{"line":38,"column":8}}]},"3":{"line":39,"type":"if","locations":[{"start":{"line":39,"column":8},"end":{"line":39,"column":8}},{"start":{"line":39,"column":8},"end":{"line":39,"column":8}}]},"4":{"line":40,"type":"if","locations":[{"start":{"line":40,"column":8},"end":{"line":40,"column":8}},{"start":{"line":40,"column":8},"end":{"line":40,"column":8}}]},"5":{"line":41,"type":"if","locations":[{"start":{"line":41,"column":8},"end":{"line":41,"column":8}},{"start":{"line":41,"column":8},"end":{"line":41,"column":8}}]},"6":{"line":140,"type":"if","locations":[{"start":{"line":140,"column":8},"end":{"line":140,"column":8}},{"start":{"line":140,"column":8},"end":{"line":140,"column":8}}]}}},"contracts/database/Events.sol":{"l":{"9":16,"15":0,"21":64,"27":16,"33":73,"39":10,"45":4,"51":4,"57":6,"63":12,"69":2,"191":191,"192":191},"path":"/home/peter/Documents/Work/MyBit/MyBit-Network.tech-events/contracts/database/Events.sol","s":{"1":16,"2":0,"3":64,"4":16,"5":73,"6":10,"7":4,"8":4,"9":6,"10":12,"11":2,"12":191},"b":{"1":[191,0]},"f":{"1":16,"2":0,"3":64,"4":16,"5":73,"6":10,"7":4,"8":4,"9":6,"10":12,"11":2,"12":191},"fnMap":{"1":{"name":null,"line":8,"loc":{"start":{"line":8,"column":2},"end":{"line":8,"column":38}}},"2":{"name":"message","line":12,"loc":{"start":{"line":12,"column":2},"end":{"line":14,"column":24}}},"3":{"name":"transaction","line":18,"loc":{"start":{"line":18,"column":2},"end":{"line":20,"column":24}}},"4":{"name":"registration","line":24,"loc":{"start":{"line":24,"column":2},"end":{"line":26,"column":24}}},"5":{"name":"contractChange","line":30,"loc":{"start":{"line":30,"column":2},"end":{"line":32,"column":24}}},"6":{"name":"asset","line":36,"loc":{"start":{"line":36,"column":2},"end":{"line":38,"column":24}}},"7":{"name":"escrow","line":42,"loc":{"start":{"line":42,"column":2},"end":{"line":44,"column":24}}},"8":{"name":"order","line":48,"loc":{"start":{"line":48,"column":2},"end":{"line":50,"column":24}}},"9":{"name":"exchange","line":54,"loc":{"start":{"line":54,"column":2},"end":{"line":56,"column":24}}},"10":{"name":"operator","line":60,"loc":{"start":{"line":60,"column":2},"end":{"line":62,"column":24}}},"11":{"name":"consensus","line":66,"loc":{"start":{"line":66,"column":2},"end":{"line":68,"column":24}}},"12":{"name":"onlyApprovedContract","line":190,"loc":{"start":{"line":190,"column":2},"end":{"line":190,"column":33}}}},"statementMap":{"1":{"start":{"line":9,"column":4},"end":{"line":9,"column":36}},"2":{"start":{"line":15,"column":6},"end":{"line":15,"column":40}},"3":{"start":{"line":21,"column":6},"end":{"line":21,"column":72}},"4":{"start":{"line":27,"column":6},"end":{"line":27,"column":52}},"5":{"start":{"line":33,"column":6},"end":{"line":33,"column":66}},"6":{"start":{"line":39,"column":6},"end":{"line":39,"column":74}},"7":{"start":{"line":45,"column":6},"end":{"line":45,"column":81}},"8":{"start":{"line":51,"column":6},"end":{"line":51,"column":67}},"9":{"start":{"line":57,"column":6},"end":{"line":57,"column":73}},"10":{"start":{"line":63,"column":6},"end":{"line":63,"column":80}},"11":{"start":{"line":69,"column":4},"end":{"line":69,"column":92}},"12":{"start":{"line":191,"column":6},"end":{"line":191,"column":87}}},"branchMap":{"1":{"line":191,"type":"if","locations":[{"start":{"line":191,"column":6},"end":{"line":191,"column":6}},{"start":{"line":191,"column":6},"end":{"line":191,"column":6}}]}}},"contracts/database/HashEncode.sol":{"l":{"5":0,"8":0,"11":0,"14":0,"17":0,"20":0},"path":"/home/peter/Documents/Work/MyBit/MyBit-Network.tech-events/contracts/database/HashEncode.sol","s":{"1":0,"2":0,"3":0,"4":0,"5":0,"6":0},"b":{},"f":{"1":0,"2":0,"3":0,"4":0,"5":0,"6":0},"fnMap":{"1":{"name":"encode","line":4,"loc":{"start":{"line":4,"column":2},"end":{"line":4,"column":75}}},"2":{"name":"encode","line":7,"loc":{"start":{"line":7,"column":2},"end":{"line":7,"column":90}}},"3":{"name":"encode","line":10,"loc":{"start":{"line":10,"column":2},"end":{"line":10,"column":87}}},"4":{"name":"encode","line":13,"loc":{"start":{"line":13,"column":2},"end":{"line":13,"column":75}}},"5":{"name":"encode","line":16,"loc":{"start":{"line":16,"column":2},"end":{"line":16,"column":72}}},"6":{"name":"encode","line":19,"loc":{"start":{"line":19,"column":2},"end":{"line":19,"column":72}}}},"statementMap":{"1":{"start":{"line":5,"column":4},"end":{"line":5,"column":53}},"2":{"start":{"line":8,"column":4},"end":{"line":8,"column":60}},"3":{"start":{"line":11,"column":4},"end":{"line":11,"column":60}},"4":{"start":{"line":14,"column":4},"end":{"line":14,"column":53}},"5":{"start":{"line":17,"column":4},"end":{"line":17,"column":53}},"6":{"start":{"line":20,"column":4},"end":{"line":20,"column":53}}},"branchMap":{}},"contracts/ecosystem/AssetExchange.sol":{"l":{"31":2,"32":2,"33":2,"49":4,"50":4,"51":3,"52":1,"53":1,"54":1,"55":1,"56":1,"58":1,"71":2,"72":2,"73":1,"74":1,"75":1,"76":1,"77":1,"78":1,"79":1,"81":1,"96":4,"97":3,"98":3,"99":2,"100":2,"101":2,"102":2,"105":2,"118":3,"119":3,"120":2,"121":2,"122":2,"125":2,"138":3,"139":3,"140":2,"141":1,"142":1,"143":1,"145":2,"146":2,"155":1,"156":1,"157":1,"158":1,"168":3,"169":2,"170":1,"172":1,"185":10,"186":9,"187":8,"194":10,"195":9,"202":11,"203":10,"209":8,"210":8,"217":8,"218":7,"225":7,"226":6,"233":4,"234":3},"path":"/home/peter/Documents/Work/MyBit/MyBit-Network.tech-events/contracts/ecosystem/AssetExchange.sol","s":{"1":2,"2":2,"3":2,"4":4,"5":4,"6":3,"7":1,"8":1,"9":1,"10":1,"11":2,"12":2,"13":1,"14":1,"15":1,"16":1,"17":1,"18":1,"19":4,"20":3,"21":3,"22":2,"23":2,"24":2,"25":3,"26":3,"27":2,"28":2,"29":3,"30":3,"31":2,"32":1,"33":1,"34":1,"35":2,"36":1,"37":1,"38":1,"39":3,"40":2,"41":1,"42":10,"43":9,"44":10,"45":11,"46":8,"47":8,"48":7,"49":4},"b":{"1":[3,1],"2":[1,2],"3":[1,0],"4":[1,1],"5":[1,0],"6":[3,1],"7":[2,1],"8":[2,1],"9":[2,1],"10":[1,1],"11":[2,1],"12":[1,1],"13":[9,1],"14":[8,1],"15":[9,1],"16":[10,1],"17":[8,0],"18":[7,1],"19":[6,1],"20":[3,1]},"f":{"1":2,"2":4,"3":2,"4":4,"5":3,"6":3,"7":1,"8":3,"9":10,"10":10,"11":11,"12":8,"13":8,"14":7,"15":4},"fnMap":{"1":{"name":null,"line":29,"loc":{"start":{"line":29,"column":2},"end":{"line":30,"column":10}}},"2":{"name":"buyAsset","line":42,"loc":{"start":{"line":42,"column":2},"end":{"line":48,"column":17}}},"3":{"name":"sellAsset","line":66,"loc":{"start":{"line":66,"column":2},"end":{"line":70,"column":17}}},"4":{"name":"createBuyOrder","line":88,"loc":{"start":{"line":88,"column":2},"end":{"line":95,"column":18}}},"5":{"name":"createSellOrder","line":112,"loc":{"start":{"line":112,"column":2},"end":{"line":117,"column":18}}},"6":{"name":"deleteOrder","line":135,"loc":{"start":{"line":135,"column":2},"end":{"line":137,"column":18}}},"7":{"name":"withdraw","line":151,"loc":{"start":{"line":151,"column":2},"end":{"line":154,"column":17}}},"8":{"name":"destroy","line":165,"loc":{"start":{"line":165,"column":2},"end":{"line":167,"column":10}}},"9":{"name":"validAsset","line":184,"loc":{"start":{"line":184,"column":2},"end":{"line":184,"column":39}}},"10":{"name":"isAllowed","line":193,"loc":{"start":{"line":193,"column":2},"end":{"line":193,"column":69}}},"11":{"name":"aboveZero","line":201,"loc":{"start":{"line":201,"column":2},"end":{"line":201,"column":47}}},"12":{"name":"burnRequired","line":207,"loc":{"start":{"line":207,"column":2},"end":{"line":207,"column":23}}},"13":{"name":"whenNotPaused","line":216,"loc":{"start":{"line":216,"column":2},"end":{"line":216,"column":24}}},"14":{"name":"requiresEther","line":224,"loc":{"start":{"line":224,"column":2},"end":{"line":224,"column":26}}},"15":{"name":"anyOwner","line":232,"loc":{"start":{"line":232,"column":2},"end":{"line":232,"column":19}}}},"statementMap":{"1":{"start":{"line":31,"column":4},"end":{"line":31,"column":33}},"2":{"start":{"line":32,"column":4},"end":{"line":32,"column":27}},"3":{"start":{"line":33,"column":4},"end":{"line":33,"column":104}},"4":{"start":{"line":49,"column":4},"end":{"line":49,"column":93}},"5":{"start":{"line":50,"column":4},"end":{"line":50,"column":38}},"6":{"start":{"line":51,"column":4},"end":{"line":51,"column":58}},"7":{"start":{"line":52,"column":4},"end":{"line":52,"column":113}},"8":{"start":{"line":53,"column":4},"end":{"line":53,"column":65}},"9":{"start":{"line":54,"column":4},"end":{"line":54,"column":53}},"10":{"start":{"line":58,"column":4},"end":{"line":58,"column":15}},"11":{"start":{"line":71,"column":4},"end":{"line":71,"column":91}},"12":{"start":{"line":72,"column":4},"end":{"line":72,"column":37}},"13":{"start":{"line":73,"column":4},"end":{"line":73,"column":49}},"14":{"start":{"line":74,"column":4},"end":{"line":74,"column":113}},"15":{"start":{"line":75,"column":4},"end":{"line":75,"column":64}},"16":{"start":{"line":76,"column":4},"end":{"line":76,"column":57}},"17":{"start":{"line":77,"column":4},"end":{"line":77,"column":55}},"18":{"start":{"line":81,"column":4},"end":{"line":81,"column":15}},"19":{"start":{"line":96,"column":4},"end":{"line":96,"column":58}},"20":{"start":{"line":97,"column":4},"end":{"line":97,"column":93}},"21":{"start":{"line":98,"column":4},"end":{"line":98,"column":40}},"22":{"start":{"line":99,"column":4},"end":{"line":99,"column":37}},"23":{"start":{"line":100,"column":4},"end":{"line":100,"column":69}},"24":{"start":{"line":105,"column":4},"end":{"line":105,"column":15}},"25":{"start":{"line":118,"column":4},"end":{"line":118,"column":94}},"26":{"start":{"line":119,"column":4},"end":{"line":119,"column":40}},"27":{"start":{"line":120,"column":4},"end":{"line":120,"column":37}},"28":{"start":{"line":125,"column":4},"end":{"line":125,"column":15}},"29":{"start":{"line":138,"column":4},"end":{"line":138,"column":98}},"30":{"start":{"line":139,"column":4},"end":{"line":139,"column":39}},"31":{"start":{"line":140,"column":4},"end":{"line":140,"column":6364}},"32":{"start":{"line":141,"column":6},"end":{"line":141,"column":57}},"33":{"start":{"line":142,"column":6},"end":{"line":142,"column":73}},"34":{"start":{"line":143,"column":6},"end":{"line":143,"column":63}},"35":{"start":{"line":146,"column":4},"end":{"line":146,"column":15}},"36":{"start":{"line":155,"column":4},"end":{"line":155,"column":34}},"37":{"start":{"line":156,"column":4},"end":{"line":156,"column":26}},"38":{"start":{"line":158,"column":4},"end":{"line":158,"column":15}},"39":{"start":{"line":168,"column":4},"end":{"line":168,"column":44}},"40":{"start":{"line":169,"column":4},"end":{"line":169,"column":153}},"41":{"start":{"line":172,"column":4},"end":{"line":172,"column":32}},"42":{"start":{"line":185,"column":4},"end":{"line":185,"column":35}},"43":{"start":{"line":186,"column":4},"end":{"line":186,"column":94}},"44":{"start":{"line":194,"column":4},"end":{"line":194,"column":145}},"45":{"start":{"line":202,"column":4},"end":{"line":202,"column":35}},"46":{"start":{"line":209,"column":4},"end":{"line":209,"column":110}},"47":{"start":{"line":217,"column":4},"end":{"line":217,"column":87}},"48":{"start":{"line":225,"column":4},"end":{"line":225,"column":25}},"49":{"start":{"line":233,"column":4},"end":{"line":233,"column":82}}},"branchMap":{"1":{"line":50,"type":"if","locations":[{"start":{"line":50,"column":4},"end":{"line":50,"column":4}},{"start":{"line":50,"column":4},"end":{"line":50,"column":4}}]},"2":{"line":51,"type":"if","locations":[{"start":{"line":51,"column":4},"end":{"line":51,"column":4}},{"start":{"line":51,"column":4},"end":{"line":51,"column":4}}]},"3":{"line":53,"type":"if","locations":[{"start":{"line":53,"column":4},"end":{"line":53,"column":4}},{"start":{"line":53,"column":4},"end":{"line":53,"column":4}}]},"4":{"line":72,"type":"if","locations":[{"start":{"line":72,"column":4},"end":{"line":72,"column":4}},{"start":{"line":72,"column":4},"end":{"line":72,"column":4}}]},"5":{"line":75,"type":"if","locations":[{"start":{"line":75,"column":4},"end":{"line":75,"column":4}},{"start":{"line":75,"column":4},"end":{"line":75,"column":4}}]},"6":{"line":96,"type":"if","locations":[{"start":{"line":96,"column":4},"end":{"line":96,"column":4}},{"start":{"line":96,"column":4},"end":{"line":96,"column":4}}]},"7":{"line":98,"type":"if","locations":[{"start":{"line":98,"column":4},"end":{"line":98,"column":4}},{"start":{"line":98,"column":4},"end":{"line":98,"column":4}}]},"8":{"line":119,"type":"if","locations":[{"start":{"line":119,"column":4},"end":{"line":119,"column":4}},{"start":{"line":119,"column":4},"end":{"line":119,"column":4}}]},"9":{"line":139,"type":"if","locations":[{"start":{"line":139,"column":4},"end":{"line":139,"column":4}},{"start":{"line":139,"column":4},"end":{"line":139,"column":4}}]},"10":{"line":140,"type":"if","locations":[{"start":{"line":140,"column":4},"end":{"line":140,"column":4}},{"start":{"line":140,"column":4},"end":{"line":140,"column":4}}]},"11":{"line":168,"type":"if","locations":[{"start":{"line":168,"column":4},"end":{"line":168,"column":4}},{"start":{"line":168,"column":4},"end":{"line":168,"column":4}}]},"12":{"line":169,"type":"if","locations":[{"start":{"line":169,"column":4},"end":{"line":169,"column":4}},{"start":{"line":169,"column":4},"end":{"line":169,"column":4}}]},"13":{"line":185,"type":"if","locations":[{"start":{"line":185,"column":4},"end":{"line":185,"column":4}},{"start":{"line":185,"column":4},"end":{"line":185,"column":4}}]},"14":{"line":186,"type":"if","locations":[{"start":{"line":186,"column":4},"end":{"line":186,"column":4}},{"start":{"line":186,"column":4},"end":{"line":186,"column":4}}]},"15":{"line":194,"type":"if","locations":[{"start":{"line":194,"column":4},"end":{"line":194,"column":4}},{"start":{"line":194,"column":4},"end":{"line":194,"column":4}}]},"16":{"line":202,"type":"if","locations":[{"start":{"line":202,"column":4},"end":{"line":202,"column":4}},{"start":{"line":202,"column":4},"end":{"line":202,"column":4}}]},"17":{"line":209,"type":"if","locations":[{"start":{"line":209,"column":4},"end":{"line":209,"column":4}},{"start":{"line":209,"column":4},"end":{"line":209,"column":4}}]},"18":{"line":217,"type":"if","locations":[{"start":{"line":217,"column":4},"end":{"line":217,"column":4}},{"start":{"line":217,"column":4},"end":{"line":217,"column":4}}]},"19":{"line":225,"type":"if","locations":[{"start":{"line":225,"column":4},"end":{"line":225,"column":4}},{"start":{"line":225,"column":4},"end":{"line":225,"column":4}}]},"20":{"line":233,"type":"if","locations":[{"start":{"line":233,"column":4},"end":{"line":233,"column":4}},{"start":{"line":233,"column":4},"end":{"line":233,"column":4}}]}}},"contracts/ecosystem/AssetGenerator.sol":{"l":{"24":2,"25":2,"35":2,"36":1,"37":1,"38":1,"39":1,"40":1,"42":1,"43":1,"52":2,"53":1,"54":1,"55":1,"56":1,"57":1,"58":4,"60":1,"61":1,"62":1,"64":1,"65":1,"71":4,"72":4,"73":4},"path":"/home/peter/Documents/Work/MyBit/MyBit-Network.tech-events/contracts/ecosystem/AssetGenerator.sol","s":{"1":2,"2":2,"3":2,"4":1,"5":1,"6":1,"7":1,"8":2,"9":1,"10":1,"11":1,"12":1,"13":1,"14":1,"15":4,"16":4},"b":{"1":[1,1],"2":[1,0],"3":[1,1],"4":[1,0],"5":[4,0]},"f":{"1":2,"2":2,"3":2,"4":4},"fnMap":{"1":{"name":null,"line":22,"loc":{"start":{"line":22,"column":2},"end":{"line":23,"column":9}}},"2":{"name":"createAsset","line":31,"loc":{"start":{"line":31,"column":2},"end":{"line":34,"column":18}}},"3":{"name":"createTradeableAsset","line":48,"loc":{"start":{"line":48,"column":2},"end":{"line":51,"column":18}}},"4":{"name":"burnRequired","line":70,"loc":{"start":{"line":70,"column":2},"end":{"line":70,"column":23}}}},"statementMap":{"1":{"start":{"line":24,"column":6},"end":{"line":24,"column":38}},"2":{"start":{"line":25,"column":6},"end":{"line":25,"column":29}},"3":{"start":{"line":35,"column":4},"end":{"line":35,"column":82}},"4":{"start":{"line":36,"column":4},"end":{"line":36,"column":71}},"5":{"start":{"line":37,"column":4},"end":{"line":37,"column":103}},"6":{"start":{"line":38,"column":4},"end":{"line":38,"column":93}},"7":{"start":{"line":43,"column":4},"end":{"line":43,"column":15}},"8":{"start":{"line":52,"column":4},"end":{"line":52,"column":89}},"9":{"start":{"line":53,"column":4},"end":{"line":53,"column":117}},"10":{"start":{"line":54,"column":4},"end":{"line":54,"column":71}},"11":{"start":{"line":55,"column":4},"end":{"line":55,"column":103}},"12":{"start":{"line":56,"column":4},"end":{"line":56,"column":84}},"13":{"start":{"line":57,"column":4},"end":{"line":57,"column":2654}},"14":{"start":{"line":65,"column":4},"end":{"line":65,"column":15}},"15":{"start":{"line":71,"column":4},"end":{"line":71,"column":116}},"16":{"start":{"line":72,"column":4},"end":{"line":72,"column":110}}},"branchMap":{"1":{"line":35,"type":"if","locations":[{"start":{"line":35,"column":4},"end":{"line":35,"column":4}},{"start":{"line":35,"column":4},"end":{"line":35,"column":4}}]},"2":{"line":37,"type":"if","locations":[{"start":{"line":37,"column":4},"end":{"line":37,"column":4}},{"start":{"line":37,"column":4},"end":{"line":37,"column":4}}]},"3":{"line":52,"type":"if","locations":[{"start":{"line":52,"column":4},"end":{"line":52,"column":4}},{"start":{"line":52,"column":4},"end":{"line":52,"column":4}}]},"4":{"line":55,"type":"if","locations":[{"start":{"line":55,"column":4},"end":{"line":55,"column":4}},{"start":{"line":55,"column":4},"end":{"line":55,"column":4}}]},"5":{"line":72,"type":"if","locations":[{"start":{"line":72,"column":4},"end":{"line":72,"column":4}},{"start":{"line":72,"column":4},"end":{"line":72,"column":4}}]}}},"contracts/ecosystem/PlatformFunds.sol":{"l":{"14":9,"15":9,"23":7,"25":7,"32":9,"34":9,"43":18,"44":16},"path":"/home/peter/Documents/Work/MyBit/MyBit-Network.tech-events/contracts/ecosystem/PlatformFunds.sol","s":{"1":9,"2":9,"3":18},"b":{"1":[16,2]},"f":{"1":9,"2":7,"3":9,"4":18},"fnMap":{"1":{"name":null,"line":12,"loc":{"start":{"line":12,"column":2},"end":{"line":13,"column":10}}},"2":{"name":"setPlatformWallet","line":20,"loc":{"start":{"line":20,"column":2},"end":{"line":22,"column":13}}},"3":{"name":"setPlatformToken","line":29,"loc":{"start":{"line":29,"column":2},"end":{"line":31,"column":13}}},"4":{"name":"onlyOwner","line":42,"loc":{"start":{"line":42,"column":2},"end":{"line":42,"column":20}}}},"statementMap":{"1":{"start":{"line":14,"column":4},"end":{"line":14,"column":33}},"2":{"start":{"line":15,"column":4},"end":{"line":15,"column":27}},"3":{"start":{"line":43,"column":4},"end":{"line":43,"column":82}}},"branchMap":{"1":{"line":43,"type":"if","locations":[{"start":{"line":43,"column":4},"end":{"line":43,"column":4}},{"start":{"line":43,"column":4},"end":{"line":43,"column":4}}]}}},"contracts/ecosystem/Staking.sol":{"l":{"20":0,"27":0,"28":0,"29":0,"30":0,"31":0,"38":0,"39":0,"40":0,"41":0,"42":0,"43":0,"44":0,"45":0,"46":0,"47":0,"59":0,"60":0},"path":"/home/peter/Documents/Work/MyBit/MyBit-Network.tech-events/contracts/ecosystem/Staking.sol","s":{"1":0,"2":0,"3":0,"4":0,"5":0,"6":0,"7":0,"8":0,"9":0,"10":0,"11":0,"12":0,"13":0,"14":0},"b":{"1":[0,0],"2":[0,0],"3":[0,0],"4":[0,0],"5":[0,0]},"f":{"1":0,"2":0,"3":0,"4":0},"fnMap":{"1":{"name":null,"line":18,"loc":{"start":{"line":18,"column":4},"end":{"line":19,"column":12}}},"2":{"name":"requestStaking","line":24,"loc":{"start":{"line":24,"column":4},"end":{"line":26,"column":20}}},"3":{"name":"purchaseStake","line":35,"loc":{"start":{"line":35,"column":4},"end":{"line":37,"column":20}}},"4":{"name":"noEmptyBytes","line":58,"loc":{"start":{"line":58,"column":2},"end":{"line":58,"column":38}}}},"statementMap":{"1":{"start":{"line":20,"column":6},"end":{"line":20,"column":35}},"2":{"start":{"line":27,"column":6},"end":{"line":27,"column":105}},"3":{"start":{"line":29,"column":6},"end":{"line":29,"column":99}},"4":{"start":{"line":31,"column":6},"end":{"line":31,"column":17}},"5":{"start":{"line":38,"column":6},"end":{"line":38,"column":105}},"6":{"start":{"line":39,"column":6},"end":{"line":39,"column":65}},"7":{"start":{"line":40,"column":6},"end":{"line":40,"column":102}},"8":{"start":{"line":41,"column":6},"end":{"line":41,"column":145}},"9":{"start":{"line":42,"column":6},"end":{"line":42,"column":84}},"10":{"start":{"line":44,"column":6},"end":{"line":44,"column":56}},"11":{"start":{"line":45,"column":6},"end":{"line":45,"column":57}},"12":{"start":{"line":46,"column":6},"end":{"line":46,"column":47}},"13":{"start":{"line":47,"column":6},"end":{"line":47,"column":17}},"14":{"start":{"line":59,"column":4},"end":{"line":59,"column":31}}},"branchMap":{"1":{"line":39,"type":"if","locations":[{"start":{"line":39,"column":6},"end":{"line":39,"column":6}},{"start":{"line":39,"column":6},"end":{"line":39,"column":6}}]},"2":{"line":44,"type":"if","locations":[{"start":{"line":44,"column":6},"end":{"line":44,"column":6}},{"start":{"line":44,"column":6},"end":{"line":44,"column":6}}]},"3":{"line":45,"type":"if","locations":[{"start":{"line":45,"column":6},"end":{"line":45,"column":6}},{"start":{"line":45,"column":6},"end":{"line":45,"column":6}}]},"4":{"line":46,"type":"if","locations":[{"start":{"line":46,"column":6},"end":{"line":46,"column":6}},{"start":{"line":46,"column":6},"end":{"line":46,"column":6}}]},"5":{"line":59,"type":"if","locations":[{"start":{"line":59,"column":4},"end":{"line":59,"column":4}},{"start":{"line":59,"column":4},"end":{"line":59,"column":4}}]}}},"contracts/interfaces/ApproveAndCallFallback.sol":{"l":{},"path":"/home/peter/Documents/Work/MyBit/MyBit-Network.tech-events/contracts/interfaces/ApproveAndCallFallback.sol","s":{},"b":{},"f":{},"fnMap":{},"statementMap":{},"branchMap":{}},"contracts/interfaces/BurnableERC20.sol":{"l":{},"path":"/home/peter/Documents/Work/MyBit/MyBit-Network.tech-events/contracts/interfaces/BurnableERC20.sol","s":{},"b":{},"f":{},"fnMap":{},"statementMap":{},"branchMap":{}},"contracts/interfaces/BurnERC20.sol":{"l":{},"path":"/home/peter/Documents/Work/MyBit/MyBit-Network.tech-events/contracts/interfaces/BurnERC20.sol","s":{},"b":{},"f":{},"fnMap":{},"statementMap":{},"branchMap":{}},"contracts/interfaces/DBInterface.sol":{"l":{},"path":"/home/peter/Documents/Work/MyBit/MyBit-Network.tech-events/contracts/interfaces/DBInterface.sol","s":{},"b":{},"f":{},"fnMap":{},"statementMap":{},"branchMap":{}},"contracts/interfaces/DivToken.sol":{"l":{},"path":"/home/peter/Documents/Work/MyBit/MyBit-Network.tech-events/contracts/interfaces/DivToken.sol","s":{},"b":{},"f":{},"fnMap":{},"statementMap":{},"branchMap":{}},"contracts/interfaces/ERC20.sol":{"l":{},"path":"/home/peter/Documents/Work/MyBit/MyBit-Network.tech-events/contracts/interfaces/ERC20.sol","s":{},"b":{},"f":{},"fnMap":{},"statementMap":{},"branchMap":{}},"contracts/interfaces/ERC20DividendInterface.sol":{"l":{},"path":"/home/peter/Documents/Work/MyBit/MyBit-Network.tech-events/contracts/interfaces/ERC20DividendInterface.sol","s":{},"b":{},"f":{},"fnMap":{},"statementMap":{},"branchMap":{}},"contracts/interfaces/EtherDividendInterface.sol":{"l":{},"path":"/home/peter/Documents/Work/MyBit/MyBit-Network.tech-events/contracts/interfaces/EtherDividendInterface.sol","s":{},"b":{},"f":{},"fnMap":{},"statementMap":{},"branchMap":{}},"contracts/interfaces/GovToken.sol":{"l":{},"path":"/home/peter/Documents/Work/MyBit/MyBit-Network.tech-events/contracts/interfaces/GovToken.sol","s":{},"b":{},"f":{},"fnMap":{},"statementMap":{},"branchMap":{}},"contracts/interfaces/PullPayment.sol":{"l":{},"path":"/home/peter/Documents/Work/MyBit/MyBit-Network.tech-events/contracts/interfaces/PullPayment.sol","s":{},"b":{},"f":{},"fnMap":{},"statementMap":{},"branchMap":{}},"contracts/interfaces/TokenFactoryInterface.sol":{"l":{},"path":"/home/peter/Documents/Work/MyBit/MyBit-Network.tech-events/contracts/interfaces/TokenFactoryInterface.sol","s":{},"b":{},"f":{},"fnMap":{},"statementMap":{},"branchMap":{}},"contracts/math/SafeMath.sol":{"l":{"11":155,"12":25,"14":130,"15":130,"16":129,"24":115,"29":509,"30":505,"35":482,"36":482,"37":481,"45":1},"path":"/home/peter/Documents/Work/MyBit/MyBit-Network.tech-events/contracts/math/SafeMath.sol","s":{"1":155,"2":25,"3":130,"4":130,"5":129,"6":115,"7":509,"8":505,"9":482,"10":482,"11":481,"12":1},"b":{"1":[25,130],"2":[129,1],"3":[505,4],"4":[481,1]},"f":{"1":155,"2":115,"3":509,"4":482,"5":1},"fnMap":{"1":{"name":"mul","line":10,"loc":{"start":{"line":10,"column":2},"end":{"line":10,"column":68}}},"2":{"name":"div","line":20,"loc":{"start":{"line":20,"column":2},"end":{"line":20,"column":68}}},"3":{"name":"sub","line":28,"loc":{"start":{"line":28,"column":2},"end":{"line":28,"column":68}}},"4":{"name":"add","line":34,"loc":{"start":{"line":34,"column":2},"end":{"line":34,"column":68}}},"5":{"name":"getFractionalAmount","line":41,"loc":{"start":{"line":41,"column":2},"end":{"line":44,"column":21}}}},"statementMap":{"1":{"start":{"line":11,"column":4},"end":{"line":11,"column":389}},"2":{"start":{"line":12,"column":6},"end":{"line":12,"column":14}},"3":{"start":{"line":14,"column":4},"end":{"line":14,"column":20}},"4":{"start":{"line":15,"column":4},"end":{"line":15,"column":21}},"5":{"start":{"line":16,"column":4},"end":{"line":16,"column":12}},"6":{"start":{"line":24,"column":4},"end":{"line":24,"column":16}},"7":{"start":{"line":29,"column":4},"end":{"line":29,"column":17}},"8":{"start":{"line":30,"column":4},"end":{"line":30,"column":16}},"9":{"start":{"line":35,"column":4},"end":{"line":35,"column":20}},"10":{"start":{"line":36,"column":4},"end":{"line":36,"column":17}},"11":{"start":{"line":37,"column":4},"end":{"line":37,"column":12}},"12":{"start":{"line":45,"column":4},"end":{"line":45,"column":46}}},"branchMap":{"1":{"line":11,"type":"if","locations":[{"start":{"line":11,"column":4},"end":{"line":11,"column":4}},{"start":{"line":11,"column":4},"end":{"line":11,"column":4}}]},"2":{"line":15,"type":"if","locations":[{"start":{"line":15,"column":4},"end":{"line":15,"column":4}},{"start":{"line":15,"column":4},"end":{"line":15,"column":4}}]},"3":{"line":29,"type":"if","locations":[{"start":{"line":29,"column":4},"end":{"line":29,"column":4}},{"start":{"line":29,"column":4},"end":{"line":29,"column":4}}]},"4":{"line":36,"type":"if","locations":[{"start":{"line":36,"column":4},"end":{"line":36,"column":4}},{"start":{"line":36,"column":4},"end":{"line":36,"column":4}}]}}},"contracts/ownership/AssetGovernance.sol":{"l":{"29":1,"39":4,"40":4,"41":4,"42":4,"43":4,"44":4,"45":3,"46":3,"47":3,"57":0,"58":0,"59":0,"60":0,"61":0,"62":0,"63":0,"64":0,"65":0,"77":1,"78":1,"79":1,"80":1,"81":1,"94":4,"95":4,"96":4,"97":3,"98":3,"109":4,"110":4},"path":"/home/peter/Documents/Work/MyBit/MyBit-Network.tech-events/contracts/ownership/AssetGovernance.sol","s":{"1":1,"2":4,"3":4,"4":4,"5":4,"6":4,"7":4,"8":3,"9":0,"10":0,"11":0,"12":0,"13":0,"14":0,"15":0,"16":1,"17":1,"18":1,"19":1,"20":1,"21":4,"22":4,"23":4,"24":3,"25":4},"b":{"1":[3,1],"2":[0,0],"3":[3,1],"4":[4,0]},"f":{"1":1,"2":4,"3":0,"4":1,"5":4,"6":4},"fnMap":{"1":{"name":null,"line":27,"loc":{"start":{"line":27,"column":2},"end":{"line":28,"column":10}}},"2":{"name":"voteForExecution","line":35,"loc":{"start":{"line":35,"column":2},"end":{"line":38,"column":18}}},"3":{"name":"unlockToken","line":53,"loc":{"start":{"line":53,"column":2},"end":{"line":56,"column":18}}},"4":{"name":"isConsensusReached","line":73,"loc":{"start":{"line":73,"column":2},"end":{"line":76,"column":18}}},"5":{"name":"lockTokens","line":91,"loc":{"start":{"line":91,"column":2},"end":{"line":93,"column":18}}},"6":{"name":"validAsset","line":108,"loc":{"start":{"line":108,"column":2},"end":{"line":108,"column":39}}}},"statementMap":{"1":{"start":{"line":29,"column":4},"end":{"line":29,"column":27}},"2":{"start":{"line":39,"column":4},"end":{"line":39,"column":109}},"3":{"start":{"line":40,"column":4},"end":{"line":40,"column":77}},"4":{"start":{"line":41,"column":4},"end":{"line":41,"column":98}},"5":{"start":{"line":42,"column":4},"end":{"line":42,"column":54}},"6":{"start":{"line":43,"column":4},"end":{"line":43,"column":64}},"7":{"start":{"line":44,"column":4},"end":{"line":44,"column":84}},"8":{"start":{"line":47,"column":4},"end":{"line":47,"column":15}},"9":{"start":{"line":57,"column":4},"end":{"line":57,"column":109}},"10":{"start":{"line":58,"column":4},"end":{"line":58,"column":78}},"11":{"start":{"line":59,"column":4},"end":{"line":59,"column":98}},"12":{"start":{"line":60,"column":4},"end":{"line":60,"column":61}},"13":{"start":{"line":61,"column":4},"end":{"line":61,"column":54}},"14":{"start":{"line":62,"column":4},"end":{"line":62,"column":44}},"15":{"start":{"line":65,"column":4},"end":{"line":65,"column":15}},"16":{"start":{"line":77,"column":4},"end":{"line":77,"column":115}},"17":{"start":{"line":78,"column":4},"end":{"line":78,"column":109}},"18":{"start":{"line":79,"column":4},"end":{"line":79,"column":77}},"19":{"start":{"line":80,"column":4},"end":{"line":80,"column":47}},"20":{"start":{"line":81,"column":4},"end":{"line":81,"column":118}},"21":{"start":{"line":94,"column":4},"end":{"line":94,"column":115}},"22":{"start":{"line":95,"column":4},"end":{"line":95,"column":112}},"23":{"start":{"line":96,"column":4},"end":{"line":96,"column":75}},"24":{"start":{"line":98,"column":4},"end":{"line":98,"column":15}},"25":{"start":{"line":109,"column":4},"end":{"line":109,"column":104}}},"branchMap":{"1":{"line":44,"type":"if","locations":[{"start":{"line":44,"column":4},"end":{"line":44,"column":4}},{"start":{"line":44,"column":4},"end":{"line":44,"column":4}}]},"2":{"line":62,"type":"if","locations":[{"start":{"line":62,"column":4},"end":{"line":62,"column":4}},{"start":{"line":62,"column":4},"end":{"line":62,"column":4}}]},"3":{"line":96,"type":"if","locations":[{"start":{"line":96,"column":4},"end":{"line":96,"column":4}},{"start":{"line":96,"column":4},"end":{"line":96,"column":4}}]
[...]
line":41,"column":4}}]},"2":{"line":42,"type":"if","locations":[{"start":{"line":42,"column":4},"end":{"line":42,"column":4}},{"start":{"line":42,"column":4},"end":{"line":42,"column":4}}]},"3":{"line":75,"type":"if","locations":[{"start":{"line":75,"column":4},"end":{"line":75,"column":4}},{"start":{"line":75,"column":4},"end":{"line":75,"column":4}}]},"4":{"line":114,"type":"if","locations":[{"start":{"line":114,"column":4},"end":{"line":114,"column":4}},{"start":{"line":114,"column":4},"end":{"line":114,"column":4}}]}}},"contracts/tokens/erc20/DividendToken.sol":{"l":{"37":4,"38":3,"39":1,"52":6,"53":5,"54":3,"66":1,"67":1,"68":1,"69":1,"77":10,"78":10,"79":10,"80":10,"81":10,"89":7,"90":7,"91":7,"92":7,"100":1,"107":4,"108":4,"109":4,"122":37,"123":37,"131":5,"141":32,"142":32,"143":32},"path":"/home/peter/Documents/Work/MyBit/MyBit-Network.tech-events/contracts/tokens/erc20/DividendToken.sol","s":{"1":4,"2":1,"3":6,"4":3,"5":1,"6":1,"7":1,"8":1,"9":10,"10":10,"11":10,"12":7,"13":7,"14":7,"15":7,"16":1,"17":4,"18":4,"19":4,"20":37,"21":37,"22":5,"23":32,"24":32},"b":{"1":[3,1],"2":[5,1]},"f":{"1":12,"2":4,"3":6,"4":1,"5":10,"6":7,"7":1,"8":4,"9":37,"10":5,"11":32},"fnMap":{"1":{"name":null,"line":24,"loc":{"start":{"line":24,"column":4},"end":{"line":26,"column":37}}},"2":{"name":"transfer","line":32,"loc":{"start":{"line":32,"column":4},"end":{"line":36,"column":28}}},"3":{"name":"transferFrom","line":47,"loc":{"start":{"line":47,"column":4},"end":{"line":51,"column":28}}},"4":{"name":"approveAndCall","line":61,"loc":{"start":{"line":61,"column":4},"end":{"line":65,"column":28}}},"5":{"name":"withdraw","line":73,"loc":{"start":{"line":73,"column":4},"end":{"line":76,"column":20}}},"6":{"name":"issueDividends","line":85,"loc":{"start":{"line":85,"column":4},"end":{"line":88,"column":20}}},"7":{"name":"getERC20","line":96,"loc":{"start":{"line":96,"column":4},"end":{"line":99,"column":21}}},"8":{"name":null,"line":104,"loc":{"start":{"line":104,"column":4},"end":{"line":106,"column":12}}},"9":{"name":"collectLatestPayments","line":118,"loc":{"start":{"line":118,"column":4},"end":{"line":121,"column":20}}},"10":{"name":"getAmountOwed","line":127,"loc":{"start":{"line":127,"column":4},"end":{"line":130,"column":20}}},"11":{"name":"updateIncomeClaimed","line":140,"loc":{"start":{"line":140,"column":4},"end":{"line":140,"column":49}}}},"statementMap":{"1":{"start":{"line":37,"column":8},"end":{"line":37,"column":36}},"2":{"start":{"line":39,"column":8},"end":{"line":39,"column":19}},"3":{"start":{"line":52,"column":8},"end":{"line":52,"column":36}},"4":{"start":{"line":54,"column":8},"end":{"line":54,"column":19}},"5":{"start":{"line":66,"column":8},"end":{"line":66,"column":46}},"6":{"start":{"line":67,"column":8},"end":{"line":67,"column":52}},"7":{"start":{"line":68,"column":8},"end":{"line":68,"column":39}},"8":{"start":{"line":69,"column":8},"end":{"line":69,"column":19}},"9":{"start":{"line":77,"column":8},"end":{"line":77,"column":62}},"10":{"start":{"line":79,"column":8},"end":{"line":79,"column":51}},"11":{"start":{"line":81,"column":8},"end":{"line":81,"column":19}},"12":{"start":{"line":89,"column":8},"end":{"line":89,"column":47}},"13":{"start":{"line":90,"column":8},"end":{"line":90,"column":82}},"14":{"start":{"line":91,"column":8},"end":{"line":91,"column":53}},"15":{"start":{"line":92,"column":8},"end":{"line":92,"column":19}},"16":{"start":{"line":100,"column":6},"end":{"line":100,"column":23}},"17":{"start":{"line":107,"column":8},"end":{"line":107,"column":47}},"18":{"start":{"line":108,"column":8},"end":{"line":108,"column":82}},"19":{"start":{"line":109,"column":8},"end":{"line":109,"column":53}},"20":{"start":{"line":122,"column":8},"end":{"line":122,"column":89}},"21":{"start":{"line":123,"column":8},"end":{"line":123,"column":63}},"22":{"start":{"line":131,"column":8},"end":{"line":131,"column":95}},"23":{"start":{"line":141,"column":8},"end":{"line":141,"column":90}},"24":{"start":{"line":142,"column":8},"end":{"line":142,"column":55}}},"branchMap":{"1":{"line":37,"type":"if","locations":[{"start":{"line":37,"column":8},"end":{"line":37,"column":8}},{"start":{"line":37,"column":8},"end":{"line":37,"column":8}}]},"2":{"line":52,"type":"if","locations":[{"start":{"line":52,"column":8},"end":{"line":52,"column":8}},{"start":{"line":52,"column":8},"end":{"line":52,"column":8}}]}}},"contracts/tokens/erc20/DividendTokenERC20.sol":{"l":{"32":5,"41":3,"42":2,"43":1,"52":3,"53":2,"54":1,"66":1,"67":1,"68":1,"69":1,"75":6,"76":5,"77":5,"78":5,"79":5,"80":5,"88":11,"89":11,"90":11,"91":11,"92":11,"93":11,"101":2,"102":2,"103":2,"104":2,"106":1,"107":1,"109":2,"122":30,"123":30,"131":5,"138":4,"148":25,"149":25,"150":25},"path":"/home/peter/Documents/Work/MyBit/MyBit-Network.tech-events/contracts/tokens/erc20/DividendTokenERC20.sol","s":{"1":5,"2":3,"3":1,"4":3,"5":1,"6":1,"7":1,"8":1,"9":1,"10":6,"11":5,"12":5,"13":5,"14":5,"15":5,"16":11,"17":11,"18":11,"19":11,"20":11,"21":2,"22":2,"23":2,"24":2,"25":1,"26":1,"27":2,"28":30,"29":30,"30":5,"31":4,"32":25,"33":25},"b":{"1":[2,1],"2":[2,1],"3":[5,1],"4":[5,0],"5":[11,0],"6":[1,1]},"f":{"1":5,"2":3,"3":3,"4":1,"5":6,"6":11,"7":2,"8":30,"9":5,"10":4,"11":25},"fnMap":{"1":{"name":null,"line":30,"loc":{"start":{"line":30,"column":4},"end":{"line":31,"column":45}}},"2":{"name":"transfer","line":36,"loc":{"start":{"line":36,"column":4},"end":{"line":40,"column":28}}},"3":{"name":"transferFrom","line":47,"loc":{"start":{"line":47,"column":4},"end":{"line":51,"column":28}}},"4":{"name":"approveAndCall","line":61,"loc":{"start":{"line":61,"column":4},"end":{"line":65,"column":28}}},"5":{"name":"issueDividends","line":72,"loc":{"start":{"line":72,"column":4},"end":{"line":74,"column":19}}},"6":{"name":"withdraw","line":84,"loc":{"start":{"line":84,"column":4},"end":{"line":87,"column":20}}},"7":{"name":"checkForTransfers","line":99,"loc":{"start":{"line":99,"column":4},"end":{"line":100,"column":14}}},"8":{"name":"collectLatestPayments","line":118,"loc":{"start":{"line":118,"column":4},"end":{"line":121,"column":20}}},"9":{"name":"getAmountOwed","line":127,"loc":{"start":{"line":127,"column":4},"end":{"line":130,"column":20}}},"10":{"name":"getERC20","line":134,"loc":{"start":{"line":134,"column":4},"end":{"line":137,"column":21}}},"11":{"name":"updateIncomeClaimed","line":147,"loc":{"start":{"line":147,"column":4},"end":{"line":147,"column":49}}}},"statementMap":{"1":{"start":{"line":32,"column":8},"end":{"line":32,"column":35}},"2":{"start":{"line":41,"column":8},"end":{"line":41,"column":36}},"3":{"start":{"line":43,"column":8},"end":{"line":43,"column":19}},"4":{"start":{"line":52,"column":8},"end":{"line":52,"column":36}},"5":{"start":{"line":54,"column":8},"end":{"line":54,"column":19}},"6":{"start":{"line":66,"column":8},"end":{"line":66,"column":46}},"7":{"start":{"line":67,"column":8},"end":{"line":67,"column":52}},"8":{"start":{"line":68,"column":8},"end":{"line":68,"column":39}},"9":{"start":{"line":69,"column":8},"end":{"line":69,"column":19}},"10":{"start":{"line":75,"column":8},"end":{"line":75,"column":47}},"11":{"start":{"line":76,"column":8},"end":{"line":76,"column":89}},"12":{"start":{"line":77,"column":8},"end":{"line":77,"column":80}},"13":{"start":{"line":78,"column":8},"end":{"line":78,"column":45}},"14":{"start":{"line":79,"column":8},"end":{"line":79,"column":51}},"15":{"start":{"line":80,"column":8},"end":{"line":80,"column":19}},"16":{"start":{"line":88,"column":8},"end":{"line":88,"column":65}},"17":{"start":{"line":90,"column":8},"end":{"line":90,"column":56}},"18":{"start":{"line":91,"column":8},"end":{"line":91,"column":50}},"19":{"start":{"line":92,"column":8},"end":{"line":92,"column":51}},"20":{"start":{"line":93,"column":8},"end":{"line":93,"column":19}},"21":{"start":{"line":101,"column":6},"end":{"line":101,"column":58}},"22":{"start":{"line":102,"column":6},"end":{"line":102,"column":56}},"23":{"start":{"line":103,"column":6},"end":{"line":103,"column":54}},"24":{"start":{"line":104,"column":6},"end":{"line":104,"column":3840}},"25":{"start":{"line":106,"column":8},"end":{"line":106,"column":84}},"26":{"start":{"line":107,"column":8},"end":{"line":107,"column":49}},"27":{"start":{"line":109,"column":6},"end":{"line":109,"column":39}},"28":{"start":{"line":122,"column":8},"end":{"line":122,"column":89}},"29":{"start":{"line":123,"column":8},"end":{"line":123,"column":63}},"30":{"start":{"line":131,"column":8},"end":{"line":131,"column":98}},"31":{"start":{"line":138,"column":6},"end":{"line":138,"column":27}},"32":{"start":{"line":148,"column":8},"end":{"line":148,"column":96}},"33":{"start":{"line":149,"column":8},"end":{"line":149,"column":55}}},"branchMap":{"1":{"line":41,"type":"if","locations":[{"start":{"line":41,"column":8},"end":{"line":41,"column":8}},{"start":{"line":41,"column":8},"end":{"line":41,"column":8}}]},"2":{"line":52,"type":"if","locations":[{"start":{"line":52,"column":8},"end":{"line":52,"column":8}},{"start":{"line":52,"column":8},"end":{"line":52,"column":8}}]},"3":{"line":75,"type":"if","locations":[{"start":{"line":75,"column":8},"end":{"line":75,"column":8}},{"start":{"line":75,"column":8},"end":{"line":75,"column":8}}]},"4":{"line":76,"type":"if","locations":[{"start":{"line":76,"column":8},"end":{"line":76,"column":8}},{"start":{"line":76,"column":8},"end":{"line":76,"column":8}}]},"5":{"line":91,"type":"if","locations":[{"start":{"line":91,"column":8},"end":{"line":91,"column":8}},{"start":{"line":91,"column":8},"end":{"line":91,"column":8}}]},"6":{"line":104,"type":"if","locations":[{"start":{"line":104,"column":6},"end":{"line":104,"column":6}},{"start":{"line":104,"column":6},"end":{"line":104,"column":6}}]}}},"contracts/tokens/erc20/GovernedToken.sol":{"l":{"27":1,"34":1,"35":0,"36":0,"43":0,"44":0,"45":0,"53":1,"54":1,"55":1,"56":1,"57":1},"path":"/home/peter/Documents/Work/MyBit/MyBit-Network.tech-events/contracts/tokens/erc20/GovernedToken.sol","s":{"1":1,"2":1,"3":0,"4":0,"5":0,"6":1,"7":1,"8":1,"9":1,"10":1},"b":{"1":[0,1],"2":[0,0]},"f":{"1":1,"2":1,"3":0,"4":1},"fnMap":{"1":{"name":null,"line":24,"loc":{"start":{"line":24,"column":2},"end":{"line":26,"column":35}}},"2":{"name":"transfer","line":31,"loc":{"start":{"line":31,"column":2},"end":{"line":33,"column":26}}},"3":{"name":"transferFrom","line":40,"loc":{"start":{"line":40,"column":2},"end":{"line":42,"column":26}}},"4":{"name":"getAmountAvailable","line":49,"loc":{"start":{"line":49,"column":2},"end":{"line":52,"column":18}}}},"statementMap":{"1":{"start":{"line":27,"column":4},"end":{"line":27,"column":33}},"2":{"start":{"line":34,"column":6},"end":{"line":34,"column":55}},"3":{"start":{"line":36,"column":6},"end":{"line":36,"column":17}},"4":{"start":{"line":43,"column":6},"end":{"line":43,"column":50}},"5":{"start":{"line":45,"column":6},"end":{"line":45,"column":17}},"6":{"start":{"line":53,"column":4},"end":{"line":53,"column":104}},"7":{"start":{"line":54,"column":4},"end":{"line":54,"column":108}},"8":{"start":{"line":55,"column":4},"end":{"line":55,"column":37}},"9":{"start":{"line":56,"column":4},"end":{"line":56,"column":45}},"10":{"start":{"line":57,"column":4},"end":{"line":57,"column":20}}},"branchMap":{"1":{"line":34,"type":"if","locations":[{"start":{"line":34,"column":6},"end":{"line":34,"column":6}},{"start":{"line":34,"column":6},"end":{"line":34,"column":6}}]},"2":{"line":43,"type":"if","locations":[{"start":{"line":43,"column":6},"end":{"line":43,"column":6}},{"start":{"line":43,"column":6},"end":{"line":43,"column":6}}]}}},"contracts/tokens/erc20/GovernedTokenERC20.sol":{"l":{"28":0,"35":0,"36":0,"37":0,"44":0,"45":0,"46":0,"54":0,"55":0,"56":0,"57":0,"58":0},"path":"/home/peter/Documents/Work/MyBit/MyBit-Network.tech-events/contracts/tokens/erc20/GovernedTokenERC20.sol","s":{"1":0,"2":0,"3":0,"4":0,"5":0,"6":0,"7":0,"8":0,"9":0,"10":0},"b":{"1":[0,0],"2":[0,0]},"f":{"1":0,"2":0,"3":0,"4":0},"fnMap":{"1":{"name":null,"line":25,"loc":{"start":{"line":25,"column":2},"end":{"line":27,"column":55}}},"2":{"name":"transfer","line":32,"loc":{"start":{"line":32,"column":2},"end":{"line":34,"column":26}}},"3":{"name":"transferFrom","line":41,"loc":{"start":{"line":41,"column":2},"end":{"line":43,"column":26}}},"4":{"name":"getAmountAvailable","line":50,"loc":{"start":{"line":50,"column":2},"end":{"line":53,"column":18}}}},"statementMap":{"1":{"start":{"line":28,"column":4},"end":{"line":28,"column":33}},"2":{"start":{"line":35,"column":6},"end":{"line":35,"column":55}},"3":{"start":{"line":37,"column":6},"end":{"line":37,"column":17}},"4":{"start":{"line":44,"column":6},"end":{"line":44,"column":50}},"5":{"start":{"line":46,"column":6},"end":{"line":46,"column":17}},"6":{"start":{"line":54,"column":4},"end":{"line":54,"column":104}},"7":{"start":{"line":55,"column":4},"end":{"line":55,"column":108}},"8":{"start":{"line":56,"column":4},"end":{"line":56,"column":37}},"9":{"start":{"line":57,"column":4},"end":{"line":57,"column":45}},"10":{"start":{"line":58,"column":4},"end":{"line":58,"column":20}}},"branchMap":{"1":{"line":35,"type":"if","locations":[{"start":{"line":35,"column":6},"end":{"line":35,"column":6}},{"start":{"line":35,"column":6},"end":{"line":35,"column":6}}]},"2":{"line":44,"type":"if","locations":[{"start":{"line":44,"column":6},"end":{"line":44,"column":6}},{"start":{"line":44,"column":6},"end":{"line":44,"column":6}}]}}},"contracts/tokens/erc20/MintableToken.sol":{"l":{"21":17,"22":17,"23":17,"34":43,"35":43,"36":43,"37":43,"38":43,"46":7,"47":7,"48":7,"55":2,"60":51,"61":50},"path":"/home/peter/Documents/Work/MyBit/MyBit-Network.tech-events/contracts/tokens/erc20/MintableToken.sol","s":{"1":17,"2":17,"3":17,"4":43,"5":43,"6":43,"7":43,"8":43,"9":7,"10":7,"11":7,"12":2,"13":51},"b":{"1":[50,1]},"f":{"1":17,"2":43,"3":7,"4":2,"5":51},"fnMap":{"1":{"name":null,"line":19,"loc":{"start":{"line":19,"column":2},"end":{"line":20,"column":10}}},"2":{"name":"mint","line":30,"loc":{"start":{"line":30,"column":2},"end":{"line":33,"column":18}}},"3":{"name":"finishMinting","line":42,"loc":{"start":{"line":42,"column":2},"end":{"line":45,"column":18}}},"4":{"name":"getTokenURI","line":51,"loc":{"start":{"line":51,"column":2},"end":{"line":54,"column":20}}},"5":{"name":"canMint","line":59,"loc":{"start":{"line":59,"column":2},"end":{"line":59,"column":20}}}},"statementMap":{"1":{"start":{"line":21,"column":6},"end":{"line":21,"column":25}},"2":{"start":{"line":22,"column":6},"end":{"line":22,"column":21}},"3":{"start":{"line":23,"column":6},"end":{"line":23,"column":15}},"4":{"start":{"line":34,"column":4},"end":{"line":34,"column":31}},"5":{"start":{"line":35,"column":4},"end":{"line":35,"column":45}},"6":{"start":{"line":36,"column":4},"end":{"line":36,"column":27}},"7":{"start":{"line":37,"column":4},"end":{"line":37,"column":43}},"8":{"start":{"line":38,"column":4},"end":{"line":38,"column":15}},"9":{"start":{"line":46,"column":4},"end":{"line":46,"column":25}},"10":{"start":{"line":47,"column":4},"end":{"line":47,"column":23}},"11":{"start":{"line":48,"column":4},"end":{"line":48,"column":15}},"12":{"start":{"line":55,"column":6},"end":{"line":55,"column":21}},"13":{"start":{"line":60,"column":4},"end":{"line":60,"column":52}}},"branchMap":{"1":{"line":60,"type":"if","locations":[{"start":{"line":60,"column":4},"end":{"line":60,"column":4}},{"start":{"line":60,"column":4},"end":{"line":60,"column":4}}]}}},"contracts/tokens/erc20/StandardToken.sol":{"l":{"34":17,"43":5,"44":3,"45":2,"46":2,"47":2,"48":2,"61":9,"62":9,"63":9,"75":7,"76":6,"77":5,"78":4,"79":4,"80":4,"81":4,"82":4,"101":1,"103":1,"104":1,"119":2,"120":2,"121":1,"124":1,"126":2,"127":2,"135":43,"144":55},"path":"/home/peter/Documents/Work/MyBit/MyBit-Network.tech-events/contracts/tokens/erc20/StandardToken.sol","s":{"1":17,"2":5,"3":3,"4":2,"5":2,"6":2,"7":2,"8":9,"9":9,"10":9,"11":7,"12":6,"13":5,"14":4,"15":4,"16":4,"17":4,"18":4,"19":1,"20":1,"21":1,"22":2,"23":2,"24":1,"25":1,"26":2,"27":2,"28":43,"29":55},"b":{"1":[3,2],"2":[2,1],"3":[6,1],"4":[5,1],"5":[4,1],"6":[1,1]},"f":{"1":17,"2":5,"3":9,"4":7,"5":1,"6":2,"7":43,"8":55},"fnMap":{"1":{"name":"allowance","line":30,"loc":{"start":{"line":30,"column":2},"end":{"line":33,"column":21}}},"2":{"name":"transfer","line":42,"loc":{"start":{"line":42,"column":2},"end":{"line":42,"column":70}}},"3":{"name":"approve","line":60,"loc":{"start":{"line":60,"column":2},"end":{"line":60,"column":74}}},"4":{"name":"transferFrom","line":72,"loc":{"start":{"line":72,"column":2},"end":{"line":74,"column":18}}},"5":{"name":"increaseApproval","line":94,"loc":{"start":{"line":94,"column":2},"end":{"line":100,"column":3}}},"6":{"name":"decreaseApproval","line":116,"loc":{"start":{"line":116,"column":2},"end":{"line":118,"column":18}}},"7":{"name":"totalSupply","line":134,"loc":{"start":{"line":134,"column":2},"end":{"line":134,"column":54}}},"8":{"name":"balanceOf","line":143,"loc":{"start":{"line":143,"column":2},"end":{"line":143,"column":66}}}},"statementMap":{"1":{"start":{"line":34,"column":4},"end":{"line":34,"column":36}},"2":{"start":{"line":43,"column":4},"end":{"line":43,"column":42}},"3":{"start":{"line":44,"column":4},"end":{"line":44,"column":29}},"4":{"start":{"line":45,"column":4},"end":{"line":45,"column":58}},"5":{"start":{"line":46,"column":4},"end":{"line":46,"column":44}},"6":{"start":{"line":47,"column":4},"end":{"line":47,"column":42}},"7":{"start":{"line":48,"column":4},"end":{"line":48,"column":15}},"8":{"start":{"line":61,"column":4},"end":{"line":61,"column":41}},"9":{"start":{"line":62,"column":4},"end":{"line":62,"column":47}},"10":{"start":{"line":63,"column":4},"end":{"line":63,"column":15}},"11":{"start":{"line":75,"column":4},"end":{"line":75,"column":37}},"12":{"start":{"line":76,"column":4},"end":{"line":76,"column":48}},"13":{"start":{"line":77,"column":4},"end":{"line":77,"column":29}},"14":{"start":{"line":78,"column":4},"end":{"line":78,"column":48}},"15":{"start":{"line":79,"column":4},"end":{"line":79,"column":44}},"16":{"start":{"line":80,"column":4},"end":{"line":80,"column":70}},"17":{"start":{"line":81,"column":4},"end":{"line":81,"column":37}},"18":{"start":{"line":82,"column":4},"end":{"line":82,"column":15}},"19":{"start":{"line":101,"column":4},"end":{"line":101,"column":3642}},"20":{"start":{"line":103,"column":4},"end":{"line":103,"column":70}},"21":{"start":{"line":104,"column":4},"end":{"line":104,"column":15}},"22":{"start":{"line":119,"column":4},"end":{"line":119,"column":51}},"23":{"start":{"line":120,"column":4},"end":{"line":120,"column":4388}},"24":{"start":{"line":121,"column":6},"end":{"line":121,"column":38}},"25":{"start":{"line":124,"column":6},"end":{"line":124,"column":67}},"26":{"start":{"line":126,"column":4},"end":{"line":126,"column":70}},"27":{"start":{"line":127,"column":4},"end":{"line":127,"column":15}},"28":{"start":{"line":135,"column":4},"end":{"line":135,"column":17}},"29":{"start":{"line":144,"column":4},"end":{"line":144,"column":27}}},"branchMap":{"1":{"line":43,"type":"if","locations":[{"start":{"line":43,"column":4},"end":{"line":43,"column":4}},{"start":{"line":43,"column":4},"end":{"line":43,"column":4}}]},"2":{"line":44,"type":"if","locations":[{"start":{"line":44,"column":4},"end":{"line":44,"column":4}},{"start":{"line":44,"column":4},"end":{"line":44,"column":4}}]},"3":{"line":75,"type":"if","locations":[{"start":{"line":75,"column":4},"end":{"line":75,"column":4}},{"start":{"line":75,"column":4},"end":{"line":75,"column":4}}]},"4":{"line":76,"type":"if","locations":[{"start":{"line":76,"column":4},"end":{"line":76,"column":4}},{"start":{"line":76,"column":4},"end":{"line":76,"column":4}}]},"5":{"line":77,"type":"if","locations":[{"start":{"line":77,"column":4},"end":{"line":77,"column":4}},{"start":{"line":77,"column":4},"end":{"line":77,"column":4}}]},"6":{"line":120,"type":"if","locations":[{"start":{"line":120,"column":4},"end":{"line":120,"column":4}},{"start":{"line":120,"column":4},"end":{"line":120,"column":4}}]}}}}