{"contracts/access/AccessHierarchy.sol":{"l":{"25":3,"26":3,"37":3,"38":2,"39":2,"40":2,"49":2,"50":2,"51":2,"52":2,"60":3,"61":2,"68":0,"69":0,"74":5,"75":4,"80":11,"81":9,"86":5,"87":4},"path":"/home/peter/Documents/Work/MyBit/MyBit-Network.tech/contracts/access/AccessHierarchy.sol","s":{"1":3,"2":3,"3":3,"4":2,"5":2,"6":2,"7":2,"8":2,"9":3,"10":2,"11":0,"12":5,"13":11,"14":5},"b":{"1":[2,1],"2":[2,1],"3":[4,1],"4":[9,2],"5":[4,1]},"f":{"1":3,"2":3,"3":2,"4":3,"5":0,"6":5,"7":11,"8":5},"fnMap":{"1":{"name":null,"line":23,"loc":{"start":{"line":23,"column":2},"end":{"line":24,"column":11}}},"2":{"name":"approveUser","line":32,"loc":{"start":{"line":32,"column":2},"end":{"line":36,"column":18}}},"3":{"name":"removeUser","line":45,"loc":{"start":{"line":45,"column":2},"end":{"line":48,"column":18}}},"4":{"name":"setUpperAccessLevel","line":57,"loc":{"start":{"line":57,"column":2},"end":{"line":59,"column":13}}},"5":{"name":"destroy","line":65,"loc":{"start":{"line":65,"column":2},"end":{"line":67,"column":12}}},"6":{"name":"noEmptyAddress","line":73,"loc":{"start":{"line":73,"column":2},"end":{"line":73,"column":41}}},"7":{"name":"onlyOwner","line":79,"loc":{"start":{"line":79,"column":2},"end":{"line":79,"column":20}}},"8":{"name":"onlyPlatform","line":85,"loc":{"start":{"line":85,"column":2},"end":{"line":85,"column":23}}}},"statementMap":{"1":{"start":{"line":25,"column":4},"end":{"line":25,"column":27}},"2":{"start":{"line":26,"column":4},"end":{"line":26,"column":27}},"3":{"start":{"line":37,"column":4},"end":{"line":37,"column":71}},"4":{"start":{"line":39,"column":4},"end":{"line":39,"column":48}},"5":{"start":{"line":40,"column":4},"end":{"line":40,"column":15}},"6":{"start":{"line":49,"column":4},"end":{"line":49,"column":92}},"7":{"start":{"line":51,"column":4},"end":{"line":51,"column":43}},"8":{"start":{"line":52,"column":4},"end":{"line":52,"column":15}},"9":{"start":{"line":60,"column":4},"end":{"line":60,"column":37}},"10":{"start":{"line":61,"column":4},"end":{"line":61,"column":36}},"11":{"start":{"line":69,"column":4},"end":{"line":69,"column":27}},"12":{"start":{"line":74,"column":4},"end":{"line":74,"column":32}},"13":{"start":{"line":80,"column":4},"end":{"line":80,"column":82}},"14":{"start":{"line":86,"column":4},"end":{"line":86,"column":85}}},"branchMap":{"1":{"line":37,"type":"if","locations":[{"start":{"line":37,"column":4},"end":{"line":37,"column":4}},{"start":{"line":37,"column":4},"end":{"line":37,"column":4}}]},"2":{"line":60,"type":"if","locations":[{"start":{"line":60,"column":4},"end":{"line":60,"column":4}},{"start":{"line":60,"column":4},"end":{"line":60,"column":4}}]},"3":{"line":74,"type":"if","locations":[{"start":{"line":74,"column":4},"end":{"line":74,"column":4}},{"start":{"line":74,"column":4},"end":{"line":74,"column":4}}]},"4":{"line":80,"type":"if","locations":[{"start":{"line":80,"column":4},"end":{"line":80,"column":4}},{"start":{"line":80,"column":4},"end":{"line":80,"column":4}}]},"5":{"line":86,"type":"if","locations":[{"start":{"line":86,"column":4},"end":{"line":86,"column":4}},{"start":{"line":86,"column":4},"end":{"line":86,"column":4}}]}}},"contracts/access/Approval.sol":{"l":{"11":0,"12":0,"19":0,"20":0,"27":0,"28":0},"path":"/home/peter/Documents/Work/MyBit/MyBit-Network.tech/contracts/access/Approval.sol","s":{"1":0,"2":0,"3":0,"4":0},"b":{},"f":{"1":0,"2":0,"3":0},"fnMap":{"1":{"name":null,"line":10,"loc":{"start":{"line":10,"column":2},"end":{"line":10,"column":55}}},"2":{"name":"approve","line":16,"loc":{"start":{"line":16,"column":2},"end":{"line":18,"column":16}}},"3":{"name":"revoke","line":24,"loc":{"start":{"line":24,"column":2},"end":{"line":26,"column":16}}}},"statementMap":{"1":{"start":{"line":11,"column":4},"end":{"line":11,"column":36}},"2":{"start":{"line":12,"column":4},"end":{"line":12,"column":27}},"3":{"start":{"line":20,"column":4},"end":{"line":20,"column":15}},"4":{"start":{"line":28,"column":4},"end":{"line":28,"column":15}}},"branchMap":{}},"contracts/access/ERC20Burner.sol":{"l":{"27":5,"28":5,"29":5,"30":5,"41":0,"42":0,"43":0,"55":0,"56":0,"57":0,"64":0,"65":0,"72":0,"81":0,"82":0,"87":0,"88":0,"93":0,"94":0,"95":0},"path":"/home/peter/Documents/Work/MyBit/MyBit-Network.tech/contracts/access/ERC20Burner.sol","s":{"1":5,"2":5,"3":5,"4":5,"5":0,"6":0,"7":0,"8":0,"9":0,"10":0,"11":0,"12":0,"13":0,"14":0},"b":{"1":[0,5],"2":[0,0],"3":[0,0],"4":[0,0],"5":[0,0]},"f":{"1":5,"2":0,"3":0,"4":0,"5":0,"6":0,"7":0,"8":0},"fnMap":{"1":{"name":null,"line":25,"loc":{"start":{"line":25,"column":2},"end":{"line":26,"column":10}}},"2":{"name":"burn","line":36,"loc":{"start":{"line":36,"column":2},"end":{"line":40,"column":18}}},"3":{"name":"setFee","line":50,"loc":{"start":{"line":50,"column":2},"end":{"line":53,"column":18}}},"4":{"name":"destroy","line":61,"loc":{"start":{"line":61,"column":2},"end":{"line":63,"column":12}}},"5":{"name":null,"line":69,"loc":{"start":{"line":69,"column":2},"end":{"line":71,"column":11}}},"6":{"name":"onlyOwner","line":80,"loc":{"start":{"line":80,"column":2},"end":{"line":80,"column":20}}},"7":{"name":"onlyPlatformContracts","line":86,"loc":{"start":{"line":86,"column":2},"end":{"line":86,"column":49}}},"8":{"name":"acceptedState","line":92,"loc":{"start":{"line":92,"column":2},"end":{"line":92,"column":43}}}},"statementMap":{"1":{"start":{"line":27,"column":4},"end":{"line":27,"column":27}},"2":{"start":{"line":28,"column":4},"end":{"line":28,"column":35}},"3":{"start":{"line":29,"column":4},"end":{"line":29,"column":92}},"4":{"start":{"line":30,"column":4},"end":{"line":30,"column":40}},"5":{"start":{"line":41,"column":4},"end":{"line":41,"column":49}},"6":{"start":{"line":43,"column":4},"end":{"line":43,"column":15}},"7":{"start":{"line":56,"column":4},"end":{"line":56,"column":58}},"8":{"start":{"line":57,"column":4},"end":{"line":57,"column":15}},"9":{"start":{"line":65,"column":4},"end":{"line":65,"column":27}},"10":{"start":{"line":72,"column":4},"end":{"line":72,"column":11}},"11":{"start":{"line":81,"column":4},"end":{"line":81,"column":82}},"12":{"start":{"line":87,"column":4},"end":{"line":87,"column":82}},"13":{"start":{"line":93,"column":4},"end":{"line":93,"column":94}},"14":{"start":{"line":94,"column":4},"end":{"line":94,"column":172}}},"branchMap":{"1":{"line":30,"type":"if","locations":[{"start":{"line":30,"column":4},"end":{"line":30,"column":4}},{"start":{"line":30,"column":4},"end":{"line":30,"column":4}}]},"2":{"line":41,"type":"if","locations":[{"start":{"line":41,"column":4},"end":{"line":41,"column":4}},{"start":{"line":41,"column":4},"end":{"line":41,"column":4}}]},"3":{"line":81,"type":"if","locations":[{"start":{"line":81,"column":4},"end":{"line":81,"column":4}},{"start":{"line":81,"column":4},"end":{"line":81,"column":4}}]},"4":{"line":87,"type":"if","locations":[{"start":{"line":87,"column":4},"end":{"line":87,"column":4}},{"start":{"line":87,"column":4},"end":{"line":87,"column":4}}]},"5":{"line":94,"type":"if","locations":[{"start":{"line":94,"column":4},"end":{"line":94,"column":4}},{"start":{"line":94,"column":4},"end":{"line":94,"column":4}}]}}},"contracts/access/Expirable.sol":{"l":{"26":1,"27":1,"28":1,"29":1,"39":1,"40":1,"41":1,"50":0,"51":0,"52":0},"path":"/home/peter/Documents/Work/MyBit/MyBit-Network.tech/contracts/access/Expirable.sol","s":{"1":1,"2":1,"3":1,"4":1,"5":1,"6":0,"7":0,"8":0},"b":{"1":[1,0],"2":[1,0]},"f":{"1":1,"2":1,"3":1,"4":0},"fnMap":{"1":{"name":null,"line":13,"loc":{"start":{"line":13,"column":2},"end":{"line":13,"column":91}}},"2":{"name":"approveTemporaryUser","line":21,"loc":{"start":{"line":21,"column":2},"end":{"line":25,"column":18}}},"3":{"name":"removeTemporaryUser","line":35,"loc":{"start":{"line":35,"column":2},"end":{"line":38,"column":18}}},"4":{"name":"changeExpirationLength","line":47,"loc":{"start":{"line":47,"column":2},"end":{"line":49,"column":13}}}},"statementMap":{"1":{"start":{"line":26,"column":4},"end":{"line":26,"column":47}},"2":{"start":{"line":27,"column":4},"end":{"line":27,"column":32}},"3":{"start":{"line":29,"column":4},"end":{"line":29,"column":15}},"4":{"start":{"line":39,"column":4},"end":{"line":39,"column":29}},"5":{"start":{"line":41,"column":4},"end":{"line":41,"column":15}},"6":{"start":{"line":50,"column":4},"end":{"line":50,"column":40}},"7":{"start":{"line":51,"column":4},"end":{"line":51,"column":42}},"8":{"start":{"line":52,"column":4},"end":{"line":52,"column":68}}},"branchMap":{"1":{"line":26,"type":"if","locations":[{"start":{"line":26,"column":4},"end":{"line":26,"column":4}},{"start":{"line":26,"column":4},"end":{"line":26,"column":4}}]},"2":{"line":39,"type":"if","locations":[{"start":{"line":39,"column":4},"end":{"line":39,"column":4}},{"start":{"line":39,"column":4},"end":{"line":39,"column":4}}]}}},"contracts/access/KYC.sol":{"l":{"17":1,"18":1,"26":1},"path":"/home/peter/Documents/Work/MyBit/MyBit-Network.tech/contracts/access/KYC.sol","s":{},"b":{},"f":{"1":1,"2":1,"3":1},"fnMap":{"1":{"name":null,"line":11,"loc":{"start":{"line":11,"column":2},"end":{"line":11,"column":91}}},"2":{"name":"approveKYC","line":14,"loc":{"start":{"line":14,"column":2},"end":{"line":16,"column":12}}},"3":{"name":"revokeKYC","line":23,"loc":{"start":{"line":23,"column":2},"end":{"line":25,"column":13}}}},"statementMap":{},"branchMap":{}},"contracts/crowdsale/CrowdsaleERC20.sol":{"l":{"32":1,"33":1,"49":0,"50":0,"51":0,"52":0,"53":0,"54":0,"55":0,"56":0,"57":0,"58":0,"59":0,"60":0,"63":0,"64":0,"66":0,"67":0,"80":0,"81":0,"82":0,"83":0,"84":0,"85":0,"86":0,"87":0,"100":0,"101":0,"102":0,"103":0,"104":0,"105":0,"106":0,"107":0,"108":0,"110":0,"117":0,"118":0,"119":0,"126":0,"128":0,"142":0,"143":0,"144":0,"145":0,"146":0,"155":0,"156":0,"161":0,"162":0,"173":0,"174":0,"179":0,"180":0,"181":0,"186":0,"187":0,"192":0,"193":0},"path":"/home/peter/Documents/Work/MyBit/MyBit-Network.tech/contracts/crowdsale/CrowdsaleERC20.sol","s":{"1":1,"2":1,"3":0,"4":0,"5":0,"6":0,"7":0,"8":0,"9":0,"10":0,"11":0,"12":0,"13":0,"14":0,"15":0,"16":0,"17":0,"18":0,"19":0,"20":0,"21":0,"22":0,"23":0,"24":0,"25":0,"26":0,"27":0,"28":0,"29":0,"30":0,"31":0,"32":0,"33":0,"34":0,"35":0,"36":0,"37":0,"38":0,"39":0,"40":0},"b":{"1":[0,0],"2":[0,0],"3":[0,0],"4":[0,0],"5":[0,0],"6":[0,0],"7":[0,0],"8":[0,0],"9":[0,0],"10":[0,0],"11":[0,0],"12":[0,0],"13":[0,0],"14":[0,0],"15":[0,0],"16":[0,0],"17":[0,0],"18":[0,0],"19":[0,0]},"f":{"1":1,"2":0,"3":0,"4":0,"5":0,"6":0,"7":0,"8":0,"9":0,"10":0,"11":0,"12":0,"13":0},"fnMap":{"1":{"name":null,"line":30,"loc":{"start":{"line":30,"column":2},"end":{"line":31,"column":9}}},"2":{"name":"buyAssetOrderERC20","line":42,"loc":{"start":{"line":42,"column":2},"end":{"line":48,"column":18}}},"3":{"name":"refund","line":73,"loc":{"start":{"line":73,"column":2},"end":{"line":79,"column":18}}},"4":{"name":"payoutERC20","line":96,"loc":{"start":{"line":96,"column":2},"end":{"line":99,"column":18}}},"5":{"name":"recoverTokens","line":114,"loc":{"start":{"line":114,"column":2},"end":{"line":116,"column":12}}},"6":{"name":"destroy","line":123,"loc":{"start":{"line":123,"column":2},"end":{"line":125,"column":12}}},"7":{"name":"finalizeCrowdsale","line":138,"loc":{"start":{"line":138,"column":2},"end":{"line":141,"column":18}}},"8":{"name":"onlyOwner","line":154,"loc":{"start":{"line":154,"column":2},"end":{"line":154,"column":20}}},"9":{"name":"whenNotPaused","line":160,"loc":{"start":{"line":160,"column":2},"end":{"line":160,"column":24}}},"10":{"name":"validAsset","line":172,"loc":{"start":{"line":172,"column":2},"end":{"line":172,"column":44}}},"11":{"name":"betweenDeadlines","line":178,"loc":{"start":{"line":178,"column":2},"end":{"line":178,"column":50}}},"12":{"name":"afterDeadline","line":185,"loc":{"start":{"line":185,"column":2},"end":{"line":185,"column":47}}},"13":{"name":"notFinalized","line":191,"loc":{"start":{"line":191,"column":2},"end":{"line":191,"column":46}}}},"statementMap":{"1":{"start":{"line":32,"column":6},"end":{"line":32,"column":29}},"2":{"start":{"line":33,"column":6},"end":{"line":33,"column":29}},"3":{"start":{"line":49,"column":4},"end":{"line":49,"column":168}},"4":{"start":{"line":50,"column":4},"end":{"line":50,"column":76}},"5":{"start":{"line":51,"column":4},"end":{"line":51,"column":124}},"6":{"start":{"line":52,"column":4},"end":{"line":52,"column":106}},"7":{"start":{"line":53,"column":4},"end":{"line":53,"column":69}},"8":{"start":{"line":54,"column":4},"end":{"line":54,"column":2603}},"9":{"start":{"line":55,"column":6},"end":{"line":55,"column":101}},"10":{"start":{"line":56,"column":6},"end":{"line":56,"column":228}},"11":{"start":{"line":57,"column":6},"end":{"line":57,"column":76}},"12":{"start":{"line":58,"column":6},"end":{"line":58,"column":84}},"13":{"start":{"line":59,"column":6},"end":{"line":59,"column":64}},"14":{"start":{"line":60,"column":6},"end":{"line":60,"column":72}},"15":{"start":{"line":63,"column":6},"end":{"line":63,"column":93}},"16":{"start":{"line":64,"column":6},"end":{"line":64,"column":76}},"17":{"start":{"line":67,"column":4},"end":{"line":67,"column":15}},"18":{"start":{"line":80,"column":4},"end":{"line":80,"column":103}},"19":{"start":{"line":82,"column":4},"end":{"line":82,"column":76}},"20":{"start":{"line":83,"column":4},"end":{"line":83,"column":124}},"21":{"start":{"line":84,"column":4},"end":{"line":84,"column":46}},"22":{"start":{"line":87,"column":4},"end":{"line":87,"column":15}},"23":{"start":{"line":100,"column":4},"end":{"line":100,"column":124}},"24":{"start":{"line":101,"column":4},"end":{"line":101,"column":107}},"25":{"start":{"line":102,"column":4},"end":{"line":102,"column":99}},"26":{"start":{"line":103,"column":4},"end":{"line":103,"column":66}},"27":{"start":{"line":104,"column":4},"end":{"line":104,"column":50}},"28":{"start":{"line":105,"column":4},"end":{"line":105,"column":54}},"29":{"start":{"line":110,"column":4},"end":{"line":110,"column":15}},"30":{"start":{"line":117,"column":4},"end":{"line":117,"column":39}},"31":{"start":{"line":118,"column":4},"end":{"line":118,"column":60}},"32":{"start":{"line":128,"column":4},"end":{"line":128,"column":27}},"33":{"start":{"line":146,"column":6},"end":{"line":146,"column":17}},"34":{"start":{"line":155,"column":4},"end":{"line":155,"column":95}},"35":{"start":{"line":161,"column":4},"end":{"line":161,"column":87}},"36":{"start":{"line":173,"column":4},"end":{"line":173,"column":127}},"37":{"start":{"line":179,"column":4},"end":{"line":179,"column":122}},"38":{"start":{"line":180,"column":4},"end":{"line":180,"column":123}},"39":{"start":{"line":186,"column":4},"end":{"line":186,"column":123}},"40":{"start":{"line":192,"column":4},"end":{"line":192,"column":124}}},"branchMap":{"1":{"line":49,"type":"if","locations":[{"start":{"line":49,"column":4},"end":{"line":49,"column":4}},{"start":{"line":49,"column":4},"end":{"line":49,"column":4}}]},"2":{"line":54,"type":"if","locations":[{"start":{"line":54,"column":4},"end":{"line":54,"column":4}},{"start":{"line":54,"column":4},"end":{"line":54,"column":4}}]},"3":{"line":55,"type":"if","locations":[{"start":{"line":55,"column":6},"end":{"line":55,"column":6}},{"start":{"line":55,"column":6},"end":{"line":55,"column":6}}]},"4":{"line":56,"type":"if","locations":[{"start":{"line":56,"column":6},"end":{"line":56,"column":6}},{"start":{"line":56,"column":6},"end":{"line":56,"column":6}}]},"5":{"line":57,"type":"if","locations":[{"start":{"line":57,"column":6},"end":{"line":57,"column":6}},{"start":{"line":57,"column":6},"end":{"line":57,"column":6}}]},"6":{"line":58,"type":"if","locations":[{"start":{"line":58,"column":6},"end":{"line":58,"column":6}},{"start":{"line":58,"column":6},"end":{"line":58,"column":6}}]},"7":{"line":59,"type":"if","locations":[{"start":{"line":59,"column":6},"end":{"line":59,"column":6}},{"start":{"line":59,"column":6},"end":{"line":59,"column":6}}]},"8":{"line":60,"type":"if","locations":[{"start":{"line":60,"column":6},"end":{"line":60,"column":6}},{"start":{"line":60,"column":6},"end":{"line":60,"column":6}}]},"9":{"line":63,"type":"if","locations":[{"start":{"line":63,"column":6},"end":{"line":63,"column":6}},{"start":{"line":63,"column":6},"end":{"line":63,"column":6}}]},"10":{"line":64,"type":"if","locations":[{"start":{"line":64,"column":6},"end":{"line":64,"column":6}},{"start":{"line":64,"column":6},"end":{"line":64,"column":6}}]},"11":{"line":80,"type":"if","locations":[{"start":{"line":80,"column":4},"end":{"line":80,"column":4}},{"start":{"line":80,"column":4},"end":{"line":80,"column":4}}]},"12":{"line":103,"type":"if","locations":[{"start":{"line":103,"column":4},"end":{"line":103,"column":4}},{"start":{"line":103,"column":4},"end":{"line":103,"column":4}}]},"13":{"line":155,"type":"if","locations":[{"start":{"line":155,"column":4},"end":{"line":155,"column":4}},{"start":{"line":155,"column":4},"end":{"line":155,"column":4}}]},"14":{"line":161,"type":"if","locations":[{"start":{"line":161,"column":4},"end":{"line":161,"column":4}},{"start":{"line":161,"column":4},"end":{"line":161,"column":4}}]},"15":{"line":173,"type":"if","locations":[{"start":{"line":173,"column":4},"end":{"line":173,"column":4}},{"start":{"line":173,"column":4},"end":{"line":173,"column":4}}]},"16":{"line":179,"type":"if","locations":[{"start":{"line":179,"column":4},"end":{"line":179,"column":4}},{"start":{"line":179,"column":4},"end":{"line":179,"column":4}}]},"17":{"line":180,"type":"if","locations":[{"start":{"line":180,"column":4},"end":{"line":180,"column":4}},{"start":{"line":180,"column":4},"end":{"line":180,"column":4}}]},"18":{"line":186,"type":"if","locations":[{"start":{"line":186,"column":4},"end":{"line":186,"column":4}},{"start":{"line":186,"column":4},"end":{"line":186,"column":4}}]},"19":{"line":192,"type":"if","locations":[{"start":{"line":192,"column":4},"end":{"line":192,"column":4}},{"start":{"line":192,"column":4},"end":{"line":192,"column":4}}]}}},"contracts/crowdsale/CrowdsaleETH.sol":{"l":{"32":1,"33":1,"49":0,"50":0,"51":0,"52":0,"53":0,"55":0,"56":0,"57":0,"58":0,"59":0,"60":0,"63":0,"65":0,"66":0,"79":0,"80":0,"81":0,"82":0,"83":0,"84":0,"91":0,"92":0,"93":0,"100":1,"101":1,"108":0,"122":0,"123":0,"124":0,"125":0,"126":0,"127":0,"128":0,"129":0,"130":0,"138":0,"139":0,"140":0,"141":0,"152":0,"153":0,"158":2,"159":1,"170":0,"171":0,"176":0,"177":0,"182":0,"183":0,"184":0,"189":0,"190":0,"195":0,"196":0},"path":"/home/peter/Documents/Work/MyBit/MyBit-Network.tech/contracts/crowdsale/CrowdsaleETH.sol","s":{"1":1,"2":1,"3":0,"4":0,"5":0,"6":0,"7":0,"8":0,"9":0,"10":0,"11":0,"12":0,"13":0,"14":0,"15":0,"16":0,"17":0,"18":0,"19":0,"20":0,"21":1,"22":0,"23":0,"24":0,"25":0,"26":0,"27":0,"28":0,"29":0,"30":0,"31":2,"32":0,"33":0,"34":0,"35":0,"36":0,"37":0},"b":{"1":[0,0],"2":[0,0],"3":[0,0],"4":[0,0],"5":[0,0],"6":[0,0],"7":[0,0],"8":[0,0],"9":[0,0],"10":[0,0],"11":[0,0],"12":[1,1],"13":[0,0],"14":[0,0],"15":[0,0],"16":[0,0],"17":[0,0],"18":[0,0]},"f":{"1":1,"2":0,"3":0,"4":0,"5":1,"6":0,"7":0,"8":0,"9":0,"10":2,"11":0,"12":0,"13":0,"14":0,"15":0},"fnMap":{"1":{"name":null,"line":30,"loc":{"start":{"line":30,"column":4},"end":{"line":31,"column":12}}},"2":{"name":"buyAssetOrderETH","line":40,"loc":{"start":{"line":40,"column":4},"end":{"line":48,"column":20}}},"3":{"name":"refund","line":72,"loc":{"start":{"line":72,"column":4},"end":{"line":78,"column":20}}},"4":{"name":"recoverTokens","line":88,"loc":{"start":{"line":88,"column":4},"end":{"line":90,"column":14}}},"5":{"name":"destroy","line":97,"loc":{"start":{"line":97,"column":4},"end":{"line":99,"column":14}}},"6":{"name":null,"line":105,"loc":{"start":{"line":105,"column":4},"end":{"line":107,"column":13}}},"7":{"name":"payoutETH","line":119,"loc":{"start":{"line":119,"column":4},"end":{"line":121,"column":20}}},"8":{"name":"finalizeCrowdsale","line":135,"loc":{"start":{"line":135,"column":4},"end":{"line":137,"column":20}}},"9":{"name":"requiresEther","line":151,"loc":{"start":{"line":151,"column":4},"end":{"line":151,"column":26}}},"10":{"name":"onlyOwner","line":157,"loc":{"start":{"line":157,"column":4},"end":{"line":157,"column":20}}},"11":{"name":"whenNotPaused","line":169,"loc":{"start":{"line":169,"column":4},"end":{"line":169,"column":24}}},"12":{"name":"validAsset","line":175,"loc":{"start":{"line":175,"column":4},"end":{"line":175,"column":44}}},"13":{"name":"betweenDeadlines","line":181,"loc":{"start":{"line":181,"column":4},"end":{"line":181,"column":50}}},"14":{"name":"afterDeadline","line":188,"loc":{"start":{"line":188,"column":4},"end":{"line":188,"column":47}}},"15":{"name":"notFinalized","line":194,"loc":{"start":{"line":194,"column":4},"end":{"line":194,"column":46}}}},"statementMap":{"1":{"start":{"line":32,"column":8},"end":{"line":32,"column":31}},"2":{"start":{"line":33,"column":8},"end":{"line":33,"column":31}},"3":{"start":{"line":49,"column":6},"end":{"line":49,"column":149}},"4":{"start":{"line":50,"column":6},"end":{"line":50,"column":78}},"5":{"start":{"line":51,"column":6},"end":{"line":51,"column":108}},"6":{"start":{"line":52,"column":6},"end":{"line":52,"column":71}},"7":{"start":{"line":53,"column":6},"end":{"line":53,"column":2267}},"8":{"start":{"line":55,"column":8},"end":{"line":55,"column":230}},"9":{"start":{"line":56,"column":8},"end":{"line":56,"column":48}},"10":{"start":{"line":57,"column":8},"end":{"line":57,"column":86}},"11":{"start":{"line":58,"column":8},"end":{"line":58,"column":66}},"12":{"start":{"line":59,"column":8},"end":{"line":59,"column":72}},"13":{"start":{"line":63,"column":8},"end":{"line":63,"column":80}},"14":{"start":{"line":66,"column":6},"end":{"line":66,"column":17}},"15":{"start":{"line":79,"column":6},"end":{"line":79,"column":105}},"16":{"start":{"line":81,"column":6},"end":{"line":81,"column":78}},"17":{"start":{"line":82,"column":6},"end":{"line":82,"column":48}},"18":{"start":{"line":84,"column":6},"end":{"line":84,"column":17}},"19":{"start":{"line":91,"column":6},"end":{"line":91,"column":41}},"20":{"start":{"line":92,"column":6},"end":{"line":92,"column":62}},"21":{"start":{"line":101,"column":6},"end":{"line":101,"column":29}},"22":{"start":{"line":108,"column":6},"end":{"line":108,"column":13}},"23":{"start":{"line":122,"column":6},"end":{"line":122,"column":109}},"24":{"start":{"line":123,"column":6},"end":{"line":123,"column":101}},"25":{"start":{"line":124,"column":6},"end":{"line":124,"column":107}},"26":{"start":{"line":125,"column":6},"end":{"line":125,"column":52}},"27":{"start":{"line":126,"column":6},"end":{"line":126,"column":56}},"28":{"start":{"line":130,"column":6},"end":{"line":130,"column":17}},"29":{"start":{"line":141,"column":8},"end":{"line":141,"column":19}},"30":{"start":{"line":152,"column":6},"end":{"line":152,"column":27}},"31":{"start":{"line":158,"column":6},"end":{"line":158,"column":97}},"32":{"start":{"line":170,"column":6},"end":{"line":170,"column":108}},"33":{"start":{"line":176,"column":6},"end":{"line":176,"column":129}},"34":{"start":{"line":182,"column":6},"end":{"line":182,"column":124}},"35":{"start":{"line":183,"column":6},"end":{"line":183,"column":125}},"36":{"start":{"line":189,"column":6},"end":{"line":189,"column":125}},"37":{"start":{"line":195,"column":6},"end":{"line":195,"column":126}}},"branchMap":{"1":{"line":49,"type":"if","locations":[{"start":{"line":49,"column":6},"end":{"line":49,"column":6}},{"start":{"line":49,"column":6},"end":{"line":49,"column":6}}]},"2":{"line":53,"type":"if","locations":[{"start":{"line":53,"column":6},"end":{"line":53,"column":6}},{"start":{"line":53,"column":6},"end":{"line":53,"column":6}}]},"3":{"line":55,"type":"if","locations":[{"start":{"line":55,"column":8},"end":{"line":55,"column":8}},{"start":{"line":55,"column":8},"end":{"line":55,"column":8}}]},"4":{"line":56,"type":"if","locations":[{"start":{"line":56,"column":8},"end":{"line":56,"column":8}},{"start":{"line":56,"column":8},"end":{"line":56,"column":8}}]},"5":{"line":57,"type":"if","locations":[{"start":{"line":57,"column":8},"end":{"line":57,"column":8}},{"start":{"line":57,"column":8},"end":{"line":57,"column":8}}]},"6":{"line":58,"type":"if","locations":[{"start":{"line":58,"column":8},"end":{"line":58,"column":8}},{"start":{"line":58,"column":8},"end":{"line":58,"column":8}}]},"7":{"line":59,"type":"if","locations":[{"start":{"line":59,"column":8},"end":{"line":59,"column":8}},{"start":{"line":59,"column":8},"end":{"line":59,"column":8}}]},"8":{"line":63,"type":"if","locations":[{"start":{"line":63,"column":8},"end":{"line":63,"column":8}},{"start":{"line":63,"column":8},"end":{"line":63,"column":8}}]},"9":{"line":79,"type":"if","locations":[{"start":{"line":79,"column":6},"end":{"line":79,"column":6}},{"start":{"line":79,"column":6},"end":{"line":79,"column":6}}]},"10":{"line":124,"type":"if","locations":[{"start":{"line":124,"column":6},"end":{"line":124,"column":6}},{"start":{"line":124,"column":6},"end":{"line":124,"column":6}}]},"11":{"line":152,"type":"if","locations":[{"start":{"line":152,"column":6},"end":{"line":152,"column":6}},{"start":{"line":152,"column":6},"end":{"line":152,"column":6}}]},"12":{"line":158,"type":"if","locations":[{"start":{"line":158,"column":6},"end":{"line":158,"column":6}},{"start":{"line":158,"column":6},"end":{"line":158,"column":6}}]},"13":{"line":170,"type":"if","locations":[{"start":{"line":170,"column":6},"end":{"line":170,"column":6}},{"start":{"line":170,"column":6},"end":{"line":170,"column":6}}]},"14":{"line":176,"type":"if","locations":[{"start":{"line":176,"column":6},"end":{"line":176,"column":6}},{"start":{"line":176,"column":6},"end":{"line":176,"column":6}}]},"15":{"line":182,"type":"if","locations":[{"start":{"line":182,"column":6},"end":{"line":182,"column":6}},{"start":{"line":182,"column":6},"end":{"line":182,"column":6}}]},"16":{"line":183,"type":"if","locations":[{"start":{"line":183,"column":6},"end":{"line":183,"column":6}},{"start":{"line":183,"column":6},"end":{"line":183,"column":6}}]},"17":{"line":189,"type":"if","locations":[{"start":{"line":189,"column":6},"end":{"line":189,"column":6}},{"start":{"line":189,"column":6},"end":{"line":189,"column":6}}]},"18":{"line":195,"type":"if","locations":[{"start":{"line":195,"column":6},"end":{"line":195,"column":6}},{"start":{"line":195,"column":6},"end":{"line":195,"column":6}}]}}},"contracts/crowdsale/CrowdsaleGeneratorERC20.sol":{"l":{"29":1,"30":1,"47":0,"48":0,"49":0,"50":0,"51":0,"52":0,"53":0,"54":0,"55":0,"57":0,"59":0,"60":0,"61":0,"62":0,"63":0,"66":0,"67":0,"68":0,"69":0,"71":0,"72":0,"79":0,"80":0,"91":0,"92":0,"93":0,"94":0,"95":0,"96":0,"97":0,"98":0,"115":0,"116":0},"path":"/home/peter/Documents/Work/MyBit/MyBit-Network.tech/contracts/crowdsale/CrowdsaleGeneratorERC20.sol","s":{"1":1,"2":1,"3":0,"4":0,"5":0,"6":0,"7":0,"8":0,"9":0,"10":0,"11":0,"12":0,"13":0,"14":0,"15":0,"16":0,"17":0,"18":0,"19":0,"20":0,"21":0},"b":{"1":[0,0],"2":[0,0],"3":[0,0],"4":[0,0],"5":[0,0],"6":[0,0],"7":[0,0],"8":[0,0],"9":[0,0],"10":[0,0],"11":[0,0],"12":[0,0]},"f":{"1":1,"2":0,"3":0,"4":0,"5":0},"fnMap":{"1":{"name":null,"line":27,"loc":{"start":{"line":27,"column":2},"end":{"line":28,"column":9}}},"2":{"name":"createAssetOrderERC20","line":43,"loc":{"start":{"line":43,"column":2},"end":{"line":46,"column":3}}},"3":{"name":"destroy","line":76,"loc":{"start":{"line":76,"column":2},"end":{"line":78,"column":12}}},"4":{"name":"lockEscrowInternal","line":88,"loc":{"start":{"line":88,"column":2},"end":{"line":90,"column":18}}},"5":{"name":"onlyOwner","line":114,"loc":{"start":{"line":114,"column":2},"end":{"line":114,"column":20}}}},"statementMap":{"1":{"start":{"line":29,"column":6},"end":{"line":29,"column":38}},"2":{"start":{"line":30,"column":6},"end":{"line":30,"column":29}},"3":{"start":{"line":47,"column":4},"end":{"line":47,"column":176}},"4":{"start":{"line":48,"column":4},"end":{"line":48,"column":56}},"5":{"start":{"line":49,"column":4},"end":{"line":49,"column":79}},"6":{"start":{"line":50,"column":4},"end":{"line":50,"column":153}},"7":{"start":{"line":51,"column":4},"end":{"line":51,"column":130}},"8":{"start":{"line":52,"column":4},"end":{"line":52,"column":113}},"9":{"start":{"line":54,"column":4},"end":{"line":54,"column":3061}},"10":{"start":{"line":55,"column":6},"end":{"line":55,"column":20}},"11":{"start":{"line":57,"column":6},"end":{"line":57,"column":27}},"12":{"start":{"line":59,"column":4},"end":{"line":59,"column":167}},"13":{"start":{"line":71,"column":4},"end":{"line":71,"column":87}},"14":{"start":{"line":71,"column":21},"end":{"line":71,"column":85}},"15":{"start":{"line":80,"column":4},"end":{"line":80,"column":27}},"16":{"start":{"line":91,"column":4},"end":{"line":91,"column":110}},"17":{"start":{"line":92,"column":4},"end":{"line":92,"column":91}},"18":{"start":{"line":93,"column":4},"end":{"line":93,"column":97}},"19":{"start":{"line":94,"column":4},"end":{"line":94,"column":108}},"20":{"start":{"line":98,"column":4},"end":{"line":98,"column":15}},"21":{"start":{"line":115,"column":4},"end":{"line":115,"column":95}}},"branchMap":{"1":{"line":47,"type":"if","locations":[{"start":{"line":47,"column":4},"end":{"line":47,"column":4}},{"start":{"line":47,"column":4},"end":{"line":47,"column":4}}]},"2":{"line":48,"type":"if","locations":[{"start":{"line":48,"column":4},"end":{"line":48,"column":4}},{"start":{"line":48,"column":4},"end":{"line":48,"column":4}}]},"3":{"line":49,"type":"if","locations":[{"start":{"line":49,"column":4},"end":{"line":49,"column":4}},{"start":{"line":49,"column":4},"end":{"line":49,"column":4}}]},"4":{"line":50,"type":"if","locations":[{"start":{"line":50,"column":4},"end":{"line":50,"column":4}},{"start":{"line":50,"column":4},"end":{"line":50,"column":4}}]},"5":{"line":51,"type":"if","locations":[{"start":{"line":51,"column":4},"end":{"line":51,"column":4}},{"start":{"line":51,"column":4},"end":{"line":51,"column":4}}]},"6":{"line":52,"type":"if","locations":[{"start":{"line":52,"column":4},"end":{"line":52,"column":4}},{"start":{"line":52,"column":4},"end":{"line":52,"column":4}}]},"7":{"line":54,"type":"if","locations":[{"start":{"line":54,"column":4},"end":{"line":54,"column":4}},{"start":{"line":54,"column":4},"end":{"line":54,"column":4}}]},"8":{"line":71,"type":"if","locations":[{"start":{"line":71,"column":4},"end":{"line":71,"column":4}},{"start":{"line":71,"column":4},"end":{"line":71,"column":4}}]},"9":{"line":71,"type":"if","locations":[{"start":{"line":71,"column":21},"end":{"line":71,"column":21}},{"start":{"line":71,"column":21},"end":{"line":71,"column":21}}]},"10":{"line":91,"type":"if","locations":[{"start":{"line":91,"column":4},"end":{"line":91,"column":4}},{"start":{"line":91,"column":4},"end":{"line":91,"column":4}}]},"11":{"line":94,"type":"if","locations":[{"start":{"line":94,"column":4},"end":{"line":94,"column":4}},{"start":{"line":94,"column":4},"end":{"line":94,"column":4}}]},"12":{"line":115,"type":"if","locations":[{"start":{"line":115,"column":4},"end":{"line":115,"column":4}},{"start":{"line":115,"column":4},"end":{"line":115,"column":4}}]}}},"contracts/crowdsale/CrowdsaleGeneratorETH.sol":{"l":{"25":1,"26":1,"41":0,"42":0,"43":0,"44":0,"45":0,"46":0,"47":0,"48":0,"49":0,"51":0,"53":0,"54":0,"55":0,"56":0,"57":0,"58":0,"59":0,"60":0,"61":0,"62":0,"69":0,"70":0,"87":0,"88":0},"path":"/home/peter/Documents/Work/MyBit/MyBit-Network.tech/contracts/crowdsale/CrowdsaleGeneratorETH.sol","s":{"1":1,"2":1,"3":0,"4":0,"5":0,"6":0,"7":0,"8":0,"9":0,"10":0,"11":0,"12":0,"13":0,"14":0,"15":0},"b":{"1":[0,0],"2":[0,0],"3":[0,0],"4":[0,0],"5":[0,0],"6":[0,0],"7":[0,0],"8":[0,0]},"f":{"1":1,"2":0,"3":0,"4":0},"fnMap":{"1":{"name":null,"line":23,"loc":{"start":{"line":23,"column":2},"end":{"line":24,"column":9}}},"2":{"name":"createAssetOrderETH","line":37,"loc":{"start":{"line":37,"column":2},"end":{"line":40,"column":18}}},"3":{"name":"destroy","line":66,"loc":{"start":{"line":66,"column":2},"end":{"line":68,"column":12}}},"4":{"name":"onlyOwner","line":86,"loc":{"start":{"line":86,"column":2},"end":{"line":86,"column":20}}}},"statementMap":{"1":{"start":{"line":25,"column":6},"end":{"line":25,"column":38}},"2":{"start":{"line":26,"column":6},"end":{"line":26,"column":29}},"3":{"start":{"line":41,"column":4},"end":{"line":41,"column":176}},"4":{"start":{"line":42,"column":4},"end":{"line":42,"column":56}},"5":{"start":{"line":43,"column":4},"end":{"line":43,"column":79}},"6":{"start":{"line":44,"column":4},"end":{"line":44,"column":133}},"7":{"start":{"line":45,"column":4},"end":{"line":45,"column":130}},"8":{"start":{"line":46,"column":4},"end":{"line":46,"column":113}},"9":{"start":{"line":48,"column":4},"end":{"line":48,"column":2655}},"10":{"start":{"line":49,"column":6},"end":{"line":49,"column":20}},"11":{"start":{"line":51,"column":6},"end":{"line":51,"column":27}},"12":{"start":{"line":53,"column":4},"end":{"line":53,"column":145}},"13":{"start":{"line":62,"column":4},"end":{"line":62,"column":15}},"14":{"start":{"line":70,"column":4},"end":{"line":70,"column":27}},"15":{"start":{"line":87,"column":4},"end":{"line":87,"column":95}}},"branchMap":{"1":{"line":41,"type":"if","locations":[{"start":{"line":41,"column":4},"end":{"line":41,"column":4}},{"start":{"line":41,"column":4},"end":{"line":41,"column":4}}]},"2":{"line":42,"type":"if","locations":[{"start":{"line":42,"column":4},"end":{"line":42,"column":4}},{"start":{"line":42,"column":4},"end":{"line":42,"column":4}}]},"3":{"line":43,"type":"if","locations":[{"start":{"line":43,"column":4},"end":{"line":43,"column":4}},{"start":{"line":43,"column":4},"end":{"line":43,"column":4}}]},"4":{"line":44,"type":"if","locations":[{"start":{"line":44,"column":4},"end":{"line":44,"column":4}},{"start":{"line":44,"column":4},"end":{"line":44,"column":4}}]},"5":{"line":45,"type":"if","locations":[{"start":{"line":45,"column":4},"end":{"line":45,"column":4}},{"start":{"line":45,"column":4},"end":{"line":45,"column":4}}]},"6":{"line":46,"type":"if","locations":[{"start":{"line":46,"column":4},"end":{"line":46,"column":4}},{"start":{"line":46,"column":4},"end":{"line":46,"column":4}}]},"7":{"line":48,"type":"if","locations":[{"start":{"line":48,"column":4},"end":{"line":48,"column":4}},{"start":{"line":48,"column":4},"end":{"line":48,"column":4}}]},"8":{"line":87,"type":"if","locations":[{"start":{"line":87,"column":4},"end":{"line":87,"column":4}},{"start":{"line":87,"column":4},"end":{"line":87,"column":4}}]}}},"contracts/database/API.sol":{"l":{"34":5,"41":0,"48":0,"55":0,"66":0,"73":0,"80":0,"87":0,"94":0,"107":0,"114":0,"121":0,"132":0,"139":0,"146":0,"153":0,"161":0,"169":0,"176":0,"183":0,"184":0,"185":0,"192":0,"193":0,"201":0,"202":0,"203":0,"204":0,"205":0,"206":0,"207":0,"208":0,"222":0,"223":0,"224":0,"225":0,"233":0,"241":3,"248":0,"259":0,"260":0,"277":1,"278":1,"285":0,"286":0,"293":0,"294":0,"301":0,"302":0,"314":0,"315":0,"322":0,"323":0,"330":1,"331":1,"338":0,"345":0,"346":0,"347":0,"354":0,"355":0,"362":0,"363":0,"370":0,"371":0,"378":0,"379":0,"386":0,"387":0,"398":0,"399":0,"411":0,"412":0,"419":0,"420":0,"427":0,"428":0,"435":0,"436":0,"443":0,"444":0,"451":0,"452":0,"459":0,"460":0,"471":0,"472":0},"path":"/home/peter/Documents/Work/MyBit/MyBit-Network.tech/contracts/database/API.sol","s":{"1":5,"2":0,"3":0,"4":0,"5":0,"6":0,"7":0,"8":0,"9":0,"10":0,"11":0,"12":0,"13":0,"14":0,"15":0,"16":0,"17":0,"18":0,"19":0,"20":0,"21":0,"22":0,"23":0,"24":0,"25":0,"26":0,"27":0,"28":0,"29":0,"30":0,"31":0,"32":0,"33":0,"34":0,"35":0,"36":0,"37":0,"38":3,"39":0,"40":0,"41":0,"42":1,"43":1,"44":0,"45":0,"46":0,"47":0,"48":0,"49":0,"50":0,"51":0,"52":0,"53":0,"54":1,"55":1,"56":0,"57":0,"58":0,"59":0,"60":0,"61":0,"62":0,"63":0,"64":0,"65":0,"66":0,"67":0,"68":0,"69":0,"70":0,"71":0,"72":0,"73":0,"74":0,"75":0,"76":0,"77":0,"78":0,"79":0,"80":0,"81":0,"82":0,"83":0,"84":0,"85":0,"86":0,"87":0},"b":{},"f":{"1":5,"2":0,"3":0,"4":0,"5":0,"6":0,"7":0,"8":0,"9":0,"10":0,"11":0,"12":0,"13":0,"14":0,"15":0,"16":0,"17":0,"18":0,"19":0,"20":0,"21":0,"22":0,"23":0,"24":0,"25":3,"26":0,"27":0,"28":1,"29":0,"30":0,"31":0,"32":0,"33":0,"34":1,"35":0,"36":0,"37":0,"38":0,"39":0,"40":0,"41":0,"42":0,"43":0,"44":0,"45":0,"46":0,"47":0,"48":0,"49":0,"50":0},"fnMap":{"1":{"name":null,"line":32,"loc":{"start":{"line":32,"column":2},"end":{"line":33,"column":10}}},"2":{"name":"getAddr","line":37,"loc":{"start":{"line":37,"column":2},"end":{"line":40,"column":21}}},"3":{"name":"getUint","line":44,"loc":{"start":{"line":44,"column":2},"end":{"line":47,"column":18}}},"4":{"name":"hashSB","line":51,"loc":{"start":{"line":51,"column":2},"end":{"line":54,"column":21}}},"5":{"name":"assetGovernance","line":62,"loc":{"start":{"line":62,"column":2},"end":{"line":65,"column":21}}},"6":{"name":"assetVoteDuration","line":69,"loc":{"start":{"line":69,"column":2},"end":{"line":72,"column":18}}},"7":{"name":"assetQuorum","line":76,"loc":{"start":{"line":76,"column":2},"end":{"line":79,"column":18}}},"8":{"name":"assetThreshold","line":83,"loc":{"start":{"line":83,"column":2},"end":{"line":86,"column":18}}},"9":{"name":"assetStakeRequirement","line":90,"loc":{"start":{"line":90,"column":2},"end":{"line":93,"column":18}}},"10":{"name":"commitmentValue","line":103,"loc":{"start":{"line":103,"column":2},"end":{"line":106,"column":18}}},"11":{"name":"commitmentStart","line":110,"loc":{"start":{"line":110,"column":2},"end":{"line":113,"column":18}}},"12":{"name":"commitmentReleaseTime","line":117,"loc":{"start":{"line":117,"column":2},"end":{"line":120,"column":18}}},"13":{"name":"getProposalID","line":128,"loc":{"start":{"line":128,"column":2},"end":{"line":131,"column":21}}},"14":{"name":"proposalToken","line":135,"loc":{"start":{"line":135,"column":2},"end":{"line":138,"column":21}}},"15":{"name":"proposalStart","line":142,"loc":{"start":{"line":142,"column":2},"end":{"line":145,"column":18}}},"16":{"name":"proposalVoteCount","line":149,"loc":{"start":{"line":149,"column":2},"end":{"line":152,"column":18}}},"17":{"name":"proposalVoted","line":157,"loc":{"start":{"line":157,"column":2},"end":{"line":160,"column":18}}},"18":{"name":"proposalDissent","line":165,"loc":{"start":{"line":165,"column":2},"end":{"line":168,"column":18}}},"19":{"name":"proposalApproval","line":172,"loc":{"start":{"line":172,"column":2},"end":{"line":175,"column":18}}},"20":{"name":"proposalQuorum","line":179,"loc":{"start":{"line":179,"column":2},"end":{"line":182,"column":18}}},"21":{"name":"proposalThreshold","line":188,"loc":{"start":{"line":188,"column":2},"end":{"line":191,"column":18}}},"22":{"name":"hasConsensus","line":197,"loc":{"start":{"line":197,"column":2},"end":{"line":200,"column":18}}},"23":{"name":"getNumTokensAvailable","line":218,"loc":{"start":{"line":218,"column":2},"end":{"line":221,"column":18}}},"24":{"name":"getAssetManagerParameterHash","line":229,"loc":{"start":{"line":229,"column":2},"end":{"line":232,"column":20}}},"25":{"name":"getMethodID","line":237,"loc":{"start":{"line":237,"column":2},"end":{"line":240,"column":20}}},"26":{"name":"getOrderID","line":244,"loc":{"start":{"line":244,"column":2},"end":{"line":247,"column":20}}},"27":{"name":"getAssetFundingToken","line":255,"loc":{"start":{"line":255,"column":2},"end":{"line":258,"column":20}}},"28":{"name":"getAssetROI","line":273,"loc":{"start":{"line":273,"column":2},"end":{"line":276,"column":18}}},"29":{"name":"getCrowdsaleGoal","line":281,"loc":{"start":{"line":281,"column":2},"end":{"line":284,"column":17}}},"30":{"name":"getCrowdsaleDeadline","line":289,"loc":{"start":{"line":289,"column":2},"end":{"line":292,"column":17}}},"31":{"name":"crowdsaleFinalized","line":297,"loc":{"start":{"line":297,"column":2},"end":{"line":300,"column":17}}},"32":{"name":"getAssetManager","line":310,"loc":{"start":{"line":310,"column":2},"end":{"line":313,"column":20}}},"33":{"name":"getAssetManagerFee","line":318,"loc":{"start":{"line":318,"column":2},"end":{"line":321,"column":17}}},"34":{"name":"getAssetManagerEscrowID","line":326,"loc":{"start":{"line":326,"column":2},"end":{"line":329,"column":20}}},"35":{"name":"getAssetManagerEscrow","line":334,"loc":{"start":{"line":334,"column":2},"end":{"line":337,"column":18}}},"36":{"name":"getAssetManagerEscrowRemaining","line":341,"loc":{"start":{"line":341,"column":2},"end":{"line":344,"column":17}}},"37":{"name":"getAssetManagerEscrowRedeemed","line":350,"loc":{"start":{"line":350,"column":2},"end":{"line":353,"column":17}}},"38":{"name":"getAssetOperator","line":358,"loc":{"start":{"line":358,"column":2},"end":{"line":361,"column":20}}},"39":{"name":"generateOperatorID","line":366,"loc":{"start":{"line":366,"column":2},"end":{"line":369,"column":20}}},"40":{"name":"getOperatorID","line":374,"loc":{"start":{"line":374,"column":2},"end":{"line":377,"column":20}}},"41":{"name":"getOperatorAddress","line":382,"loc":{"start":{"line":382,"column":2},"end":{"line":385,"column":20}}},"42":{"name":"generateOrderID","line":394,"loc":{"start":{"line":394,"column":2},"end":{"line":397,"column":20}}},"43":{"name":"getPlatformToken","line":407,"loc":{"start":{"line":407,"column":2},"end":{"line":410,"column":20}}},"44":{"name":"getPlatformWallet","line":415,"loc":{"start":{"line":415,"column":2},"end":{"line":418,"column":20}}},"45":{"name":"getContractAddress","line":423,"loc":{"start":{"line":423,"column":2},"end":{"line":426,"column":20}}},"46":{"name":"getCurrentState","line":431,"loc":{"start":{"line":431,"column":2},"end":{"line":434,"column":20}}},"47":{"name":"getUserPermission","line":439,"loc":{"start":{"line":439,"column":2},"end":{"line":442,"column":17}}},"48":{"name":"getFunctionCost","line":447,"loc":{"start":{"line":447,"column":2},"end":{"line":450,"column":17}}},"49":{"name":"contractPaused","line":455,"loc":{"start":{"line":455,"column":2},"end":{"line":458,"column":17}}},"50":{"name":"contractOwner","line":467,"loc":{"start":{"line":467,"column":2},"end":{"line":470,"column":17}}}},"statementMap":{"1":{"start":{"line":34,"column":4},"end":{"line":34,"column":31}},"2":{"start":{"line":41,"column":4},"end":{"line":41,"column":40}},"3":{"start":{"line":48,"column":4},"end":{"line":48,"column":37}},"4":{"start":{"line":55,"column":4},"end":{"line":55,"column":46}},"5":{"start":{"line":66,"column":4},"end":{"line":66,"column":91}},"6":{"start":{"line":73,"column":4},"end":{"line":73,"column":90}},"7":{"start":{"line":80,"column":4},"end":{"line":80,"column":84}},"8":{"start":{"line":87,"column":4},"end":{"line":87,"column":87}},"9":{"start":{"line":94,"column":4},"end":{"line":94,"column":94}},"10":{"start":{"line":107,"column":4},"end":{"line":107,"column":102}},"11":{"start":{"line":114,"column":4},"end":{"line":114,"column":102}},"12":{"start":{"line":121,"column":4},"end":{"line":121,"column":108}},"13":{"start":{"line":132,"column":4},"end":{"line":132,"column":98}},"14":{"start":{"line":139,"column":4},"end":{"line":139,"column":73}},"15":{"start":{"line":146,"column":4},"end":{"line":146,"column":91}},"16":{"start":{"line":153,"column":4},"end":{"line":153,"column":74}},"17":{"start":{"line":161,"column":4},"end":{"line":161,"column":105}},"18":{"start":{"line":169,"column":4},"end":{"line":169,"column":72}},"19":{"start":{"line":176,"column":4},"end":{"line":176,"column":73}},"20":{"start":{"line":183,"column":4},"end":{"line":183,"column":48}},"21":{"start":{"line":184,"column":4},"end":{"line":184,"column":66}},"22":{"start":{"line":185,"column":4},"end":{"line":185,"column":17}},"23":{"start":{"line":192,"column":4},"end":{"line":192,"column":73}},"24":{"start":{"line":193,"column":4},"end":{"line":193,"column":63}},"25":{"start":{"line":201,"column":4},"end":{"line":201,"column":106}},"26":{"start":{"line":202,"column":4},"end":{"line":202,"column":101}},"27":{"start":{"line":203,"column":4},"end":{"line":203,"column":119}},"28":{"start":{"line":204,"column":4},"end":{"line":204,"column":110}},"29":{"start":{"line":205,"column":4},"end":{"line":205,"column":57}},"30":{"start":{"line":206,"column":4},"end":{"line":206,"column":103}},"31":{"start":{"line":207,"column":4},"end":{"line":207,"column":146}},"32":{"start":{"line":208,"column":4},"end":{"line":208,"column":44}},"33":{"start":{"line":222,"column":4},"end":{"line":222,"column":107}},"34":{"start":{"line":223,"column":4},"end":{"line":223,"column":115}},"35":{"start":{"line":224,"column":4},"end":{"line":224,"column":60}},"36":{"start":{"line":225,"column":4},"end":{"line":225,"column":36}},"37":{"start":{"line":233,"column":4},"end":{"line":233,"column":107}},"38":{"start":{"line":241,"column":4},"end":{"line":241,"column":63}},"39":{"start":{"line":248,"column":4},"end":{"line":248,"column":92}},"40":{"start":{"line":259,"column":4},"end":{"line":259,"column":116}},"41":{"start":{"line":260,"column":4},"end":{"line":260,"column":30}},"42":{"start":{"line":277,"column":4},"end":{"line":277,"column":50}},"43":{"start":{"line":278,"column":4},"end":{"line":278,"column":71}},"44":{"start":{"line":285,"column":4},"end":{"line":285,"column":104}},"45":{"start":{"line":286,"column":4},"end":{"line":286,"column":22}},"46":{"start":{"line":293,"column":4},"end":{"line":293,"column":114}},"47":{"start":{"line":294,"column":4},"end":{"line":294,"column":28}},"48":{"start":{"line":301,"column":4},"end":{"line":301,"column":104}},"49":{"start":{"line":302,"column":4},"end":{"line":302,"column":17}},"50":{"start":{"line":314,"column":4},"end":{"line":314,"column":112}},"51":{"start":{"line":315,"column":4},"end":{"line":315,"column":25}},"52":{"start":{"line":322,"column":4},"end":{"line":322,"column":105}},"53":{"start":{"line":323,"column":4},"end":{"line":323,"column":21}},"54":{"start":{"line":330,"column":4},"end":{"line":330,"column":81}},"55":{"start":{"line":331,"column":4},"end":{"line":331,"column":26}},"56":{"start":{"line":338,"column":4},"end":{"line":338,"column":94}},"57":{"start":{"line":345,"column":4},"end":{"line":345,"column":66}},"58":{"start":{"line":346,"column":4},"end":{"line":346,"column":120}},"59":{"start":{"line":347,"column":4},"end":{"line":347,"column":23}},"60":{"start":{"line":354,"column":4},"end":{"line":354,"column":116}},"61":{"start":{"line":355,"column":4},"end":{"line":355,"column":25}},"62":{"start":{"line":362,"column":4},"end":{"line":362,"column":114}},"63":{"start":{"line":363,"column":4},"end":{"line":363,"column":26}},"64":{"start":{"line":370,"column":4},"end":{"line":370,"column":81}},"65":{"start":{"line":371,"column":4},"end":{"line":371,"column":21}},"66":{"start":{"line":378,"column":4},"end":{"line":378,"column":106}},"67":{"start":{"line":379,"column":4},"end":{"line":379,"column":21}},"68":{"start":{"line":386,"column":4},"end":{"line":386,"column":106}},"69":{"start":{"line":387,"column":4},"end":{"line":387,"column":26}},"70":{"start":{"line":398,"column":4},"end":{"line":398,"column":100}},"71":{"start":{"line":399,"column":4},"end":{"line":399,"column":18}},"72":{"start":{"line":411,"column":4},"end":{"line":411,"column":96}},"73":{"start":{"line":412,"column":4},"end":{"line":412,"column":23}},"74":{"start":{"line":419,"column":4},"end":{"line":419,"column":98}},"75":{"start":{"line":420,"column":4},"end":{"line":420,"column":24}},"76":{"start":{"line":427,"column":4},"end":{"line":427,"column":108}},"77":{"start":{"line":428,"column":4},"end":{"line":428,"column":26}},"78":{"start":{"line":435,"column":4},"end":{"line":435,"column":94}},"79":{"start":{"line":436,"column":4},"end":{"line":436,"column":23}},"80":{"start":{"line":443,"column":4},"end":{"line":443,"column":96}},"81":{"start":{"line":444,"column":4},"end":{"line":444,"column":17}},"82":{"start":{"line":451,"column":4},"end":{"line":451,"column":81}},"83":{"start":{"line":452,"column":4},"end":{"line":452,"column":15}},"84":{"start":{"line":459,"column":4},"end":{"line":459,"column":87}},"85":{"start":{"line":460,"column":4},"end":{"line":460,"column":17}},"86":{"start":{"line":471,"column":4},"end":{"line":471,"column":85}},"87":{"start":{"line":472,"column":4},"end":{"line":472,"column":17}}},"branchMap":{}},"contracts/database/ContractManager.sol":{"l":{"17":13,"18":13,"30":43,"31":43,"32":43,"33":43,"34":43,"35":43,"36":43,"37":43,"38":43,"49":0,"50":0,"51":0,"52":0,"53":0,"65":0,"66":0,"67":0,"68":0,"69":0,"70":0,"71":0,"72":0,"73":0,"74":0,"84":10,"85":10,"86":10,"87":10,"88":10,"97":0,"98":0,"103":43,"104":43,"110":0,"111":0,"112":0,"116":0,"117":0,"121":86,"122":86},"path":"/home/peter/Documents/Work/MyBit/MyBit-Network.tech/contracts/database/ContractManager.sol","s":{"1":13,"2":13,"3":43,"4":43,"5":43,"6":43,"7":43,"8":0,"9":0,"10":0,"11":0,"12":0,"13":0,"14":10,"15":10,"16":10,"17":0,"18":43,"19":0,"20":0,"21":86},"b":{"1":[43,0],"2":[43,0],"3":[0,0],"4":[0,0],"5":[0,0],"6":[43,0],"7":[0,0],"8":[0,0],"9":[86,0]},"f":{"1":13,"2":43,"3":0,"4":0,"5":10,"6":0,"7":43,"8":0,"9":0,"10":86},"fnMap":{"1":{"name":null,"line":15,"loc":{"start":{"line":15,"column":2},"end":{"line":16,"column":10}}},"2":{"name":"addContract","line":24,"loc":{"start":{"line":24,"column":2},"end":{"line":29,"column":18}}},"3":{"name":"removeContract","line":44,"loc":{"start":{"line":44,"column":2},"end":{"line":48,"column":12}}},"4":{"name":"updateContract","line":59,"loc":{"start":{"line":59,"column":2},"end":{"line":64,"column":12}}},"5":{"name":"setContractStatePreferences","line":81,"loc":{"start":{"line":81,"column":2},"end":{"line":83,"column":18}}},"6":{"name":"isUpgradeable","line":96,"loc":{"start":{"line":96,"column":2},"end":{"line":96,"column":24}}},"7":{"name":"anyOwner","line":102,"loc":{"start":{"line":102,"column":2},"end":{"line":102,"column":19}}},"8":{"name":"isRestricted","line":109,"loc":{"start":{"line":109,"column":2},"end":{"line":109,"column":65}}},"9":{"name":"contractExists","line":115,"loc":{"start":{"line":115,"column":2},"end":{"line":115,"column":44}}},"10":{"name":"isTrue","line":120,"loc":{"start":{"line":120,"column":2},"end":{"line":120,"column":36}}}},"statementMap":{"1":{"start":{"line":17,"column":4},"end":{"line":17,"column":36}},"2":{"start":{"line":18,"column":4},"end":{"line":18,"column":27}},"3":{"start":{"line":30,"column":4},"end":{"line":30,"column":92}},"4":{"start":{"line":31,"column":4},"end":{"line":31,"column":97}},"5":{"start":{"line":34,"column":4},"end":{"line":34,"column":94}},"6":{"start":{"line":35,"column":4},"end":{"line":35,"column":81}},"7":{"start":{"line":38,"column":4},"end":{"line":38,"column":15}},"8":{"start":{"line":49,"column":4},"end":{"line":49,"column":76}},"9":{"start":{"line":50,"column":4},"end":{"line":50,"column":101}},"10":{"start":{"line":65,"column":4},"end":{"line":65,"column":76}},"11":{"start":{"line":66,"column":4},"end":{"line":66,"column":95}},"12":{"start":{"line":70,"column":4},"end":{"line":70,"column":94}},"13":{"start":{"line":71,"column":4},"end":{"line":71,"column":84}},"14":{"start":{"line":84,"column":4},"end":{"line":84,"column":94}},"15":{"start":{"line":87,"column":4},"end":{"line":87,"column":96}},"16":{"start":{"line":88,"column":4},"end":{"line":88,"column":15}},"17":{"start":{"line":97,"column":4},"end":{"line":97,"column":95}},"18":{"start":{"line":103,"column":4},"end":{"line":103,"column":95}},"19":{"start":{"line":110,"column":4},"end":{"line":110,"column":103}},"20":{"start":{"line":116,"column":4},"end":{"line":116,"column":111}},"21":{"start":{"line":121,"column":4},"end":{"line":121,"column":36}}},"branchMap":{"1":{"line":30,"type":"if","locations":[{"start":{"line":30,"column":4},"end":{"line":30,"column":4}},{"start":{"line":30,"column":4},"end":{"line":30,"column":4}}]},"2":{"line":31,"type":"if","locations":[{"start":{"line":31,"column":4},"end":{"line":31,"column":4}},{"start":{"line":31,"column":4},"end":{"line":31,"column":4}}]},"3":{"line":49,"type":"if","locations":[{"start":{"line":49,"column":4},"end":{"line":49,"column":4}},{"start":{"line":49,"column":4},"end":{"line":49,"column":4}}]},"4":{"line":65,"type":"if","locations":[{"start":{"line":65,"column":4},"end":{"line":65,"column":4}},{"start":{"line":65,"column":4},"end":{"line":65,"column":4}}]},"5":{"line":97,"type":"if","locations":[{"start":{"line":97,"column":4},"end":{"line":97,"column":4}},{"start":{"line":97,"column":4},"end":{"line":97,"column":4}}]},"6":{"line":103,"type":"if","locations":[{"start":{"line":103,"column":4},"end":{"line":103,"column":4}},{"start":{"line":103,"column":4},"end":{"line":103,"column":4}}]},"7":{"line":110,"type":"if","locations":[{"start":{"line":110,"column":4},"end":{"line":110,"column":4}},{"start":{"line":110,"column":4},"end":{"line":110,"column":4}}]},"8":{"line":116,"type":"if","locations":[{"start":{"line":116,"column":4},"end":{"line":116,"column":4}},{"start":{"line":116,"column":4},"end":{"line":116,"column":4}}]},"9":{"line":121,"type":"if","locations":[{"start":{"line":121,"column":4},"end":{"line":121,"column":4}},{"start":{"line":121,"column":4},"end":{"line":121,"column":4}}]}}},"contracts/database/Database.sol":{"l":{"25":13,"26":14,"27":14,"28":14,"30":13,"31":13,"40":13,"41":13,"42":13,"43":13,"44":13,"45":13,"52":59,"58":5,"64":0,"70":0,"76":49,"82":73,"88":0,"96":0,"102":3,"108":0,"114":0,"120":0,"126":4,"132":0,"142":193,"143":193},"path":"/home/peter/Documents/Work/MyBit/MyBit-Network.tech/contracts/database/Database.sol","s":{"1":13,"2":14,"3":14,"4":14,"5":13,"6":13,"7":13,"8":13,"9":13,"10":13,"11":13,"12":13,"13":59,"14":5,"15":0,"16":0,"17":49,"18":73,"19":0,"20":193},"b":{"1":[14,0],"2":[13,0],"3":[13,0],"4":[13,0],"5":[13,0],"6":[193,0]},"f":{"1":13,"2":13,"3":59,"4":5,"5":0,"6":0,"7":49,"8":73,"9":0,"10":0,"11":3,"12":0,"13":0,"14":0,"15":4,"16":0,"17":193},"fnMap":{"1":{"name":null,"line":23,"loc":{"start":{"line":23,"column":4},"end":{"line":24,"column":12}}},"2":{"name":"enableContractManagement","line":37,"loc":{"start":{"line":37,"column":4},"end":{"line":39,"column":19}}},"3":{"name":"setAddress","line":49,"loc":{"start":{"line":49,"column":4},"end":{"line":51,"column":14}}},"4":{"name":"setUint","line":55,"loc":{"start":{"line":55,"column":4},"end":{"line":57,"column":14}}},"5":{"name":"setString","line":61,"loc":{"start":{"line":61,"column":4},"end":{"line":63,"column":14}}},"6":{"name":"setBytes","line":67,"loc":{"start":{"line":67,"column":4},"end":{"line":69,"column":14}}},"7":{"name":"setBytes32","line":73,"loc":{"start":{"line":73,"column":4},"end":{"line":75,"column":14}}},"8":{"name":"setBool","line":79,"loc":{"start":{"line":79,"column":4},"end":{"line":81,"column":14}}},"9":{"name":"setInt","line":85,"loc":{"start":{"line":85,"column":4},"end":{"line":87,"column":14}}},"10":{"name":"deleteAddress","line":93,"loc":{"start":{"line":93,"column":4},"end":{"line":95,"column":14}}},"11":{"name":"deleteUint","line":99,"loc":{"start":{"line":99,"column":4},"end":{"line":101,"column":14}}},"12":{"name":"deleteString","line":105,"loc":{"start":{"line":105,"column":4},"end":{"line":107,"column":14}}},"13":{"name":"deleteBytes","line":111,"loc":{"start":{"line":111,"column":4},"end":{"line":113,"column":14}}},"14":{"name":"deleteBytes32","line":117,"loc":{"start":{"line":117,"column":4},"end":{"line":119,"column":14}}},"15":{"name":"deleteBool","line":123,"loc":{"start":{"line":123,"column":4},"end":{"line":125,"column":14}}},"16":{"name":"deleteInt","line":129,"loc":{"start":{"line":129,"column":4},"end":{"line":131,"column":14}}},"17":{"name":"onlyApprovedContract","line":141,"loc":{"start":{"line":141,"column":4},"end":{"line":141,"column":33}}}},"statementMap":{"1":{"start":{"line":25,"column":6},"end":{"line":25,"column":966}},"2":{"start":{"line":26,"column":8},"end":{"line":26,"column":57}},"3":{"start":{"line":27,"column":8},"end":{"line":27,"column":75}},"4":{"start":{"line":28,"column":8},"end":{"line":28,"column":53}},"5":{"start":{"line":30,"column":6},"end":{"line":30,"column":1211}},"6":{"start":{"line":31,"column":8},"end":{"line":31,"column":51}},"7":{"start":{"line":40,"column":8},"end":{"line":40,"column":63}},"8":{"start":{"line":41,"column":8},"end":{"line":41,"column":90}},"9":{"start":{"line":42,"column":8},"end":{"line":42,"column":143}},"10":{"start":{"line":43,"column":8},"end":{"line":43,"column":100}},"11":{"start":{"line":44,"column":8},"end":{"line":44,"column":84}},"12":{"start":{"line":45,"column":8},"end":{"line":45,"column":19}},"13":{"start":{"line":52,"column":8},"end":{"line":52,"column":36}},"14":{"start":{"line":58,"column":8},"end":{"line":58,"column":33}},"15":{"start":{"line":64,"column":8},"end":{"line":64,"column":35}},"16":{"start":{"line":70,"column":8},"end":{"line":70,"column":34}},"17":{"start":{"line":76,"column":8},"end":{"line":76,"column":36}},"18":{"start":{"line":82,"column":8},"end":{"line":82,"column":33}},"19":{"start":{"line":88,"column":8},"end":{"line":88,"column":32}},"20":{"start":{"line":142,"column":8},"end":{"line":142,"column":80}}},"branchMap":{"1":{"line":26,"type":"if","locations":[{"start":{"line":26,"column":8},"end":{"line":26,"column":8}},{"start":{"line":26,"column":8},"end":{"line":26,"column":8}}]},"2":{"line":30,"type":"if","locations":[{"start":{"line":30,"column":6},"end":{"line":30,"column":6}},{"start":{"line":30,"column":6},"end":{"line":30,"column":6}}]},"3":{"line":40,"type":"if","locations":[{"start":{"line":40,"column":8},"end":{"line":40,"column":8}},{"start":{"line":40,"column":8},"end":{"line":40,"column":8}}]},"4":{"line":41,"type":"if","locations":[{"start":{"line":41,"column":8},"end":{"line":41,"column":8}},{"start":{"line":41,"column":8},"end":{"line":41,"column":8}}]},"5":{"line":42,"type":"if","locations":[{"start":{"line":42,"column":8},"end":{"line":42,"column":8}},{"start":{"line":42,"column":8},"end":{"line":42,"column":8}}]},"6":{"line":142,"type":"if","locations":[{"start":{"line":142,"column":8},"end":{"line":142,"column":8}},{"start":{"line":142,"column":8},"end":{"line":142,"column":8}}]}}},"contracts/database/Events.sol":{"l":{"9":13,"15":0,"21":10,"27":6,"33":43,"39":0,"45":0,"51":3,"57":3,"63":12,"69":0,"89":77,"90":77},"path":"/home/peter/Documents/Work/MyBit/MyBit-Network.tech/contracts/database/Events.sol","s":{"1":13,"2":0,"3":10,"4":6,"5":43,"6":0,"7":0,"8":3,"9":3,"10":12,"11":0,"12":77},"b":{"1":[77,0]},"f":{"1":13,"2":0,"3":10,"4":6,"5":43,"6":0,"7":0,"8":3,"9":3,"10":12,"11":0,"12":77},"fnMap":{"1":{"name":null,"line":8,"loc":{"start":{"line":8,"column":2},"end":{"line":8,"column":38}}},"2":{"name":"message","line":12,"loc":{"start":{"line":12,"column":2},"end":{"line":14,"column":24}}},"3":{"name":"transaction","line":18,"loc":{"start":{"line":18,"column":2},"end":{"line":20,"column":24}}},"4":{"name":"registration","line":24,"loc":{"start":{"line":24,"column":2},"end":{"line":26,"column":24}}},"5":{"name":"contractChange","line":30,"loc":{"start":{"line":30,"column":2},"end":{"line":32,"column":24}}},"6":{"name":"asset","line":36,"loc":{"start":{"line":36,"column":2},"end":{"line":38,"column":24}}},"7":{"name":"escrow","line":42,"loc":{"start":{"line":42,"column":2},"end":{"line":44,"column":24}}},"8":{"name":"order","line":48,"loc":{"start":{"line":48,"column":2},"end":{"line":50,"column":24}}},"9":{"name":"exchange","line":54,"loc":{"start":{"line":54,"column":2},"end":{"line":56,"column":24}}},"10":{"name":"operator","line":60,"loc":{"start":{"line":60,"column":2},"end":{"line":62,"column":24}}},"11":{"name":"consensus","line":66,"loc":{"start":{"line":66,"column":2},"end":{"line":68,"column":24}}},"12":{"name":"onlyApprovedContract","line":88,"loc":{"start":{"line":88,"column":2},"end":{"line":88,"column":33}}}},"statementMap":{"1":{"start":{"line":9,"column":4},"end":{"line":9,"column":36}},"2":{"start":{"line":15,"column":6},"end":{"line":15,"column":79}},"3":{"start":{"line":21,"column":6},"end":{"line":21,"column":111}},"4":{"start":{"line":27,"column":6},"end":{"line":27,"column":91}},"5":{"start":{"line":33,"column":6},"end":{"line":33,"column":105}},"6":{"start":{"line":39,"column":6},"end":{"line":39,"column":110}},"7":{"start":{"line":45,"column":6},"end":{"line":45,"column":125}},"8":{"start":{"line":51,"column":6},"end":{"line":51,"column":106}},"9":{"start":{"line":57,"column":6},"end":{"line":57,"column":117}},"10":{"start":{"line":63,"column":6},"end":{"line":63,"column":119}},"11":{"start":{"line":69,"column":4},"end":{"line":69,"column":131}},"12":{"start":{"line":89,"column":6},"end":{"line":89,"column":87}}},"branchMap":{"1":{"line":89,"type":"if","locations":[{"start":{"line":89,"column":6},"end":{"line":89,"column":6}},{"start":{"line":89,"column":6},"end":{"line":89,"column":6}}]}}},"contracts/database/HashEncode.sol":{"l":{"5":0,"8":0,"11":0,"14":0,"17":0,"20":0},"path":"/home/peter/Documents/Work/MyBit/MyBit-Network.tech/contracts/database/HashEncode.sol","s":{"1":0,"2":0,"3":0,"4":0,"5":0,"6":0},"b":{},"f":{"1":0,"2":0,"3":0,"4":0,"5":0,"6":0},"fnMap":{"1":{"name":"encode","line":4,"loc":{"start":{"line":4,"column":2},"end":{"line":4,"column":75}}},"2":{"name":"encode","line":7,"loc":{"start":{"line":7,"column":2},"end":{"line":7,"column":90}}},"3":{"name":"encode","line":10,"loc":{"start":{"line":10,"column":2},"end":{"line":10,"column":87}}},"4":{"name":"encode","line":13,"loc":{"start":{"line":13,"column":2},"end":{"line":13,"column":75}}},"5":{"name":"encode","line":16,"loc":{"start":{"line":16,"column":2},"end":{"line":16,"column":72}}},"6":{"name":"encode","line":19,"loc":{"start":{"line":19,"column":2},"end":{"line":19,"column":72}}}},"statementMap":{"1":{"start":{"line":5,"column":4},"end":{"line":5,"column":53}},"2":{"start":{"line":8,"column":4},"end":{"line":8,"column":60}},"3":{"start":{"line":11,"column":4},"end":{"line":11,"column":60}},"4":{"start":{"line":14,"column":4},"end":{"line":14,"column":53}},"5":{"start":{"line":17,"column":4},"end":{"line":17,"column":53}},"6":{"start":{"line":20,"column":4},"end":{"line":20,"column":53}}},"branchMap":{}},"contracts/ecosystem/Address.sol":{"l":{"15":0,"23":0,"24":0},"path":"/home/peter/Documents/Work/MyBit/MyBit-Network.tech/contracts/ecosystem/Address.sol","s":{"1":0},"b":{},"f":{"1":0},"fnMap":{"1":{"name":"isContract","line":14,"loc":{"start":{"line":14,"column":4},"end":{"line":14,"column":67}}}},"statementMap":{"1":{"start":{"line":24,"column":8},"end":{"line":24,"column":23}}},"branchMap":{}},"contracts/ecosystem/AssetExchange.sol":{"l":{"31":1,"32":1,"49":1,"50":1,"51":1,"52":0,"53":0,"54":0,"55":0,"56":0,"57":0,"59":0,"72":1,"73":1,"74":1,"75":0,"76":0,"77":0,"78":0,"79":0,"80":0,"81":0,"83":0,"98":3,"99":3,"100":2,"101":2,"102":1,"103":1,"104":1,"105":1,"108":1,"121":3,"122":3,"123":3,"124":2,"125":2,"126":2,"129":2,"142":3,"143":3,"144":3,"145":1,"146":0,"147":0,"148":0,"150":1,"151":1,"160":1,"161":1,"162":1,"163":1,"173":3,"174":2,"175":1,"177":1,"190":7,"191":7,"192":7,"199":6,"200":5,"207":8,"208":7,"222":3,"223":3,"230":4,"231":3,"238":4,"239":3},"path":"/home/peter/Documents/Work/MyBit/MyBit-Network.tech/contracts/ecosystem/AssetExchange.sol","s":{"1":1,"2":1,"3":1,"4":1,"5":1,"6":0,"7":0,"8":0,"9":0,"10":0,"11":1,"12":1,"13":1,"14":0,"15":0,"16":0,"17":0,"18":0,"19":0,"20":3,"21":3,"22":2,"23":2,"24":1,"25":1,"26":1,"27":3,"28":3,"29":3,"30":2,"31":2,"32":3,"33":3,"34":3,"35":1,"36":0,"37":0,"38":0,"39":1,"40":1,"41":1,"42":1,"43":3,"44":2,"45":1,"46":7,"47":7,"48":6,"49":8,"50":3,"51":4,"52":4},"b":{"1":[1,0],"2":[0,1],"3":[0,0],"4":[0,0],"5":[1,0],"6":[0,1],"7":[0,0],"8":[3,0],"9":[2,1],"10":[1,1],"11":[3,0],"12":[2,1],"13":[3,0],"14":[1,2],"15":[0,1],"16":[2,1],"17":[1,1],"18":[7,0],"19":[7,0],"20":[5,1],"21":[7,1],"22":[3,0],"23":[3,1],"24":[3,1]},"f":{"1":1,"2":1,"3":1,"4":3,"5":3,"6":3,"7":1,"8":3,"9":7,"10":6,"11":8,"12":3,"13":4,"14":4},"fnMap":{"1":{"name":null,"line":29,"loc":{"start":{"line":29,"column":2},"end":{"line":30,"column":10}}},"2":{"name":"buyAsset","line":42,"loc":{"start":{"line":42,"column":2},"end":{"line":48,"column":17}}},"3":{"name":"sellAsset","line":67,"loc":{"start":{"line":67,"column":2},"end":{"line":71,"column":17}}},"4":{"name":"createBuyOrder","line":90,"loc":{"start":{"line":90,"column":2},"end":{"line":97,"column":18}}},"5":{"name":"createSellOrder","line":115,"loc":{"start":{"line":115,"column":2},"end":{"line":120,"column":18}}},"6":{"name":"deleteOrder","line":139,"loc":{"start":{"line":139,"column":2},"end":{"line":141,"column":18}}},"7":{"name":"withdraw","line":156,"loc":{"start":{"line":156,"column":2},"end":{"line":159,"column":17}}},"8":{"name":"destroy","line":170,"loc":{"start":{"line":170,"column":2},"end":{"line":172,"column":10}}},"9":{"name":"validAsset","line":189,"loc":{"start":{"line":189,"column":2},"end":{"line":189,"column":44}}},"10":{"name":"isAllowed","line":198,"loc":{"start":{"line":198,"column":2},"end":{"line":198,"column":74}}},"11":{"name":"aboveZero","line":206,"loc":{"start":{"line":206,"column":2},"end":{"line":206,"column":47}}},"12":{"name":"whenNotPaused","line":221,"loc":{"start":{"line":221,"column":2},"end":{"line":221,"column":24}}},"13":{"name":"requiresEther","line":229,"loc":{"start":{"line":229,"column":2},"end":{"line":229,"column":26}}},"14":{"name":"anyOwner","line":237,"loc":{"start":{"line":237,"column":2},"end":{"line":237,"column":19}}}},"statementMap":{"1":{"start":{"line":31,"column":4},"end":{"line":31,"column":33}},"2":{"start":{"line":32,"column":4},"end":{"line":32,"column":27}},"3":{"start":{"line":49,"column":4},"end":{"line":49,"column":173}},"4":{"start":{"line":50,"column":4},"end":{"line":50,"column":98}},"5":{"start":{"line":51,"column":4},"end":{"line":51,"column":38}},"6":{"start":{"line":52,"column":4},"end":{"line":52,"column":58}},"7":{"start":{"line":53,"column":4},"end":{"line":53,"column":48}},"8":{"start":{"line":54,"column":4},"end":{"line":54,"column":61}},"9":{"start":{"line":55,"column":4},"end":{"line":55,"column":53}},"10":{"start":{"line":59,"column":4},"end":{"line":59,"column":15}},"11":{"start":{"line":72,"column":4},"end":{"line":72,"column":176}},"12":{"start":{"line":73,"column":4},"end":{"line":73,"column":96}},"13":{"start":{"line":74,"column":4},"end":{"line":74,"column":37}},"14":{"start":{"line":75,"column":4},"end":{"line":75,"column":49}},"15":{"start":{"line":76,"column":4},"end":{"line":76,"column":48}},"16":{"start":{"line":77,"column":4},"end":{"line":77,"column":61}},"17":{"start":{"line":78,"column":4},"end":{"line":78,"column":57}},"18":{"start":{"line":79,"column":4},"end":{"line":79,"column":49}},"19":{"start":{"line":83,"column":4},"end":{"line":83,"column":15}},"20":{"start":{"line":98,"column":4},"end":{"line":98,"column":173}},"21":{"start":{"line":99,"column":4},"end":{"line":99,"column":58}},"22":{"start":{"line":100,"column":4},"end":{"line":100,"column":94}},"23":{"start":{"line":101,"column":4},"end":{"line":101,"column":36}},"24":{"start":{"line":102,"column":4},"end":{"line":102,"column":33}},"25":{"start":{"line":103,"column":4},"end":{"line":103,"column":61}},"26":{"start":{"line":108,"column":4},"end":{"line":108,"column":15}},"27":{"start":{"line":121,"column":4},"end":{"line":121,"column":176}},"28":{"start":{"line":122,"column":4},"end":{"line":122,"column":96}},"29":{"start":{"line":123,"column":4},"end":{"line":123,"column":37}},"30":{"start":{"line":124,"column":4},"end":{"line":124,"column":34}},"31":{"start":{"line":129,"column":4},"end":{"line":129,"column":15}},"32":{"start":{"line":142,"column":4},"end":{"line":142,"column":151}},"33":{"start":{"line":143,"column":4},"end":{"line":143,"column":104}},"34":{"start":{"line":144,"column":4},"end":{"line":144,"column":40}},"35":{"start":{"line":145,"column":4},"end":{"line":145,"column":7249}},"36":{"start":{"line":146,"column":6},"end":{"line":146,"column":57}},"37":{"start":{"line":147,"column":6},"end":{"line":147,"column":75}},"38":{"start":{"line":148,"column":6},"end":{"line":148,"column":65}},"39":{"start":{"line":151,"column":4},"end":{"line":151,"column":15}},"40":{"start":{"line":160,"column":4},"end":{"line":160,"column":34}},"41":{"start":{"line":161,"column":4},"end":{"line":161,"column":26}},"42":{"start":{"line":163,"column":4},"end":{"line":163,"column":15}},"43":{"start":{"line":173,"column":4},"end":{"line":173,"column":44}},"44":{"start":{"line":174,"column":4},"end":{"line":174,"column":153}},"45":{"start":{"line":177,"column":4},"end":{"line":177,"column":32}},"46":{"start":{"line":190,"column":4},"end":{"line":190,"column":66}},"47":{"start":{"line":191,"column":4},"end":{"line":191,"column":127}},"48":{"start":{"line":199,"column":4},"end":{"line":199,"column":119}},"49":{"start":{"line":207,"column":4},"end":{"line":207,"column":64}},"50":{"start":{"line":222,"column":4},"end":{"line":222,"column":106}},"51":{"start":{"line":230,"column":4},"end":{"line":230,"column":52}},"52":{"start":{"line":238,"column":4},"end":{"line":238,"column":95}}},"branchMap":{"1":{"line":49,"type":"if","locations":[{"start":{"line":49,"column":4},"end":{"line":49,"column":4}},{"start":{"line":49,"column":4},"end":{"line":49,"column":4}}]},"2":{"line":51,"type":"if","locations":[{"start":{"line":51,"column":4},"end":{"line":51,"column":4}},{"start":{"line":51,"column":4},"end":{"line":51,"column":4}}]},"3":{"line":52,"type":"if","locations":[{"start":{"line":52,"column":4},"end":{"line":52,"column":4}},{"start":{"line":52,"column":4},"end":{"line":52,"column":4}}]},"4":{"line":54,"type":"if","locations":[{"start":{"line":54,"column":4},"end":{"line":54,"column":4}},{"start":{"line":54,"column":4},"end":{"line":54,"column":4}}]},"5":{"line":72,"type":"if","locations":[{"start":{"line":72,"column":4},"end":{"line":72,"column":4}},{"start":{"line":72,"column":4},"end":{"line":72,"column":4}}]},"6":{"line":74,"type":"if","locations":[{"start":{"line":74,"column":4},"end":{"line":74,"column":4}},{"start":{"line":74,"column":4},"end":{"line":74,"column":4}}]},"7":{"line":77,"type":"if","locations":[{"start":{"line":77,"column":4},"end":{"line":77,"column":4}},{"start":{"line":77,"column":4},"end":{"line":77,"column":4}}]},"8":{"line":98,"type":"if","locations":[{"start":{"line":98,"column":4},"end":{"line":98,"column":4}},{"start":{"line":98,"column":4},"end":{"line":98,"column":4}}]},"9":{"line":99,"type":"if","locations":[{"start":{"line":99,"column":4},"end":{"line":99,"column":4}},{"start":{"line":99,"column":4},"end":{"line":99,"column":4}}]},"10":{"line":101,"type":"if","locations":[{"start":{"line":101,"column":4},"end":{"line":101,"column":4}},{"start":{"line":101,"column":4},"end":{"line":101,"column":4}}]},"11":{"line":121,"type":"if","locations":[{"start":{"line":121,"column":4},"end":{"line":121,"column":4}},{"start":{"line":121,"column":4},"end":{"line":121,"column":4}}]},"12":{"line":123,"type":"if","locations":[{"start":{"line":123,"column":4},"end":{"line":123,"column":4}},{"start":{"line":123,"column":4},"end":{"line":123,"column":4}}]},"13":{"line":142,"type":"if","locations":[{"start":{"line":142,"column":4},"end":{"line":142,"column":4}},{"start":{"line":142,"column":4},"end":{"line":142,"column":4}}]},"14":{"line":144,"type":"if","locations":[{"start":{"line":144,"column":4},"end":{"line":144,"column":4}},{"start":{"line":144,"column":4},"end":{"line":144,"column":4}}]},"15":{"line":145,"type":"if","locations":[{"start":{"line":145,"column":4},"end":{"line":145,"column":4}},{"start":{"line":145,"column":4},"end":{"line":145,"column":4}}]},"16":{"line":173,"type":"if","locations":[{"start":{"line":173,"column":4},"end":{"line":173,"column":4}},{"start":{"line":173,"column":4},"end":{"line":173,"column":4}}]},"17":{"line":174,"type":"if","locations":[{"start":{"line":174,"column":4},"end":{"line":174,"column":4}},{"start":{"line":174,"column":4},"end":{"line":174,"column":4}}]},"18":{"line":190,"type":"if","locations":[{"start":{"line":190,"column":4},"end":{"line":190,"column":4}},{"start":{"line":190,"column":4},"end":{"line":190,"column":4}}]},"19":{"line":191,"type":"if","locations":[{"start":{"line":191,"column":4},"end":{"line":191,"column":4}},{"start":{"line":191,"column":4},"end":{"line":191,"column":4}}]},"20":{"line":199,"type":"if","locations":[{"start":{"line":199,"column":4},"end":{"line":199,"column":4}},{"start":{"line":199,"column":4},"end":{"line":199,"column":4}}]},"21":{"line":207,"type":"if","locations":[{"start":{"line":207,"column":4},"end":{"line":207,"column":4}},{"start":{"line":207,"column":4},"end":{"line":207,"column":4}}]},"22":{"line":222,"type":"if","locations":[{"start":{"line":222,"column":4},"end":{"line":222,"column":4}},{"start":{"line":222,"column":4},"end":{"line":222,"column":4}}]},"23":{"line":230,"type":"if","locations":[{"start":{"line":230,"column":4},"end":{"line":230,"column":4}},{"start":{"line":230,"column":4},"end":{"line":230,"column":4}}]},"24":{"line":238,"type":"if","locations":[{"start":{"line":238,"column":4},"end":{"line":238,"column":4}},{"start":{"line":238,"column":4},"end":{"line":238,"column":4}}]}}},"contracts/ecosystem/AssetGenerator.sol":{"l":{"24":1,"25":1,"35":0,"36":0,"37":0,"38":0,"39":0,"40":0,"49":0,"50":0,"51":0,"52":0,"53":0,"55":0,"56":0,"57":0,"58":0,"65":0,"66":0,"78":0,"79":0},"path":"/home/peter/Documents/Work/MyBit/MyBit-Network.tech/contracts/ecosystem/AssetGenerator.sol","s":{"1":1,"2":1,"3":0,"4":0,"5":0,"6":0,"7":0,"8":0,"9":0,"10":0,"11":0,"12":0,"13":0},"b":{"1":[0,0],"2":[0,0],"3":[0,0],"4":[0,0],"5":[0,0]},"f":{"1":1,"2":0,"3":0,"4":0,"5":0},"fnMap":{"1":{"name":null,"line":22,"loc":{"start":{"line":22,"column":2},"end":{"line":23,"column":9}}},"2":{"name":"createAsset","line":31,"loc":{"start":{"line":31,"column":2},"end":{"line":34,"column":18}}},"3":{"name":"createTradeableAsset","line":45,"loc":{"start":{"line":45,"column":2},"end":{"line":48,"column":18}}},"4":{"name":"destroy","line":62,"loc":{"start":{"line":62,"column":2},"end":{"line":64,"column":12}}},"5":{"name":"onlyOwner","line":77,"loc":{"start":{"line":77,"column":2},"end":{"line":77,"column":20}}}},"statementMap":{"1":{"start":{"line":24,"column":6},"end":{"line":24,"column":38}},"2":{"start":{"line":25,"column":6},"end":{"line":25,"column":29}},"3":{"start":{"line":35,"column":4},"end":{"line":35,"column":155}},"4":{"start":{"line":36,"column":4},"end":{"line":36,"column":82}},"5":{"start":{"line":37,"column":4},"end":{"line":37,"column":93}},"6":{"start":{"line":40,"column":4},"end":{"line":40,"column":15}},"7":{"start":{"line":49,"column":4},"end":{"line":49,"column":155}},"8":{"start":{"line":50,"column":4},"end":{"line":50,"column":89}},"9":{"start":{"line":51,"column":4},"end":{"line":51,"column":76}},"10":{"start":{"line":52,"column":4},"end":{"line":52,"column":2363}},"11":{"start":{"line":58,"column":4},"end":{"line":58,"column":15}},"12":{"start":{"line":66,"column":4},"end":{"line":66,"column":27}},"13":{"start":{"line":78,"column":4},"end":{"line":78,"column":95}}},"branchMap":{"1":{"line":35,"type":"if","locations":[{"start":{"line":35,"column":4},"end":{"line":35,"column":4}},{"start":{"line":35,"column":4},"end":{"line":35,"column":4}}]},"2":{"line":36,"type":"if","locations":[{"start":{"line":36,"column":4},"end":{"line":36,"column":4}},{"start":{"line":36,"column":4},"end":{"line":36,"column":4}}]},"3":{"line":49,"type":"if","locations":[{"start":{"line":49,"column":4},"end":{"line":49,"column":4}},{"start":{"line":49,"column":4},"end":{"line":49,"column":4}}]},"4":{"line":50,"type":"if","locations":[{"start":{"line":50,"column":4},"end":{"line":50,"column":4}},{"start":{"line":50,"column":4},"end":{"line":50,"column":4}}]},"5":{"line":78,"type":"if","locations":[{"start":{"line":78,"column":4},"end":{"line":78,"column":4}},{"start":{"line":78,"column":4},"end":{"line":78,"column":4}}]}}},"contracts/ecosystem/ERC165.sol":{"l":{"27":0,"34":0,"41":0,"42":0},"path":"/home/peter/Documents/Work/MyBit/MyBit-Network.tech/contracts/ecosystem/ERC165.sol","s":{"1":0,"2":0,"3":0,"4":0},"b":{"1":[0,0]},"f":{"1":0,"2":0,"3":0},"fnMap":{"1":{"name":null,"line":26,"loc":{"start":{"line":26,"column":4},"end":{"line":26,"column":25}}},"2":{"name":"supportsInterface","line":33,"loc":{"start":{"line":33,"column":4},"end":{"line":33,"column":77}}},"3":{"name":"_registerInterface","line":40,"loc":{"start":{"line":40,"column":4},"end":{"line":40,"column":58}}}},"statementMap":{"1":{"start":{"line":27,"column":8},"end":{"line":27,"column":46}},"2":{"start":{"line":34,"column":8},"end":{"line":34,"column":48}},"3":{"start":{"line":41,"column":8},"end":{"line":41,"column":41}},"4":{"start":{"line":42,"column":8},"end":{"line":42,"column":47}}},"branchMap":{"1":{"line":41,"type":"if","locations":[{"start":{"line":41,"column":8},"end":{"line":41,"column":8}},{"start":{"line":41,"column":8},"end":{"line":41,"column":8}}]}}},"contracts/ecosystem/ERC165Checker.sol":{"l":{"26":0,"40":0,"54":0,"55":0,"59":0,"60":0,"61":0,"66":0,"83":0,"85":0,"101":0,"104":0},"path":"/home/peter/Documents/Work/MyBit/MyBit-Network.tech/contracts/ecosystem/ERC165Checker.sol","s":{"1":0,"2":0,"3":0,"4":0,"5":0,"6":0,"7":0,"8":0,"9":0,"10":0,"11":0},"b":{"1":[0,0],"2":[0,0]},"f":{"1":0,"2":0,"3":0,"4":0,"5":0},"fnMap":{"1":{"name":"_supportsERC165","line":23,"loc":{"start":{"line":23,"column":4},"end":{"line":23,"column":72}}},"2":{"name":"_supportsInterface","line":38,"loc":{"start":{"line":38,"column":4},"end":{"line":38,"column":95}}},"3":{"name":"_supportsAllInterfaces","line":52,"loc":{"start":{"line":52,"column":4},"end":{"line":52,"column":102}}},"4":{"name":"_supportsERC165Interface","line":80,"loc":{"start":{"line":80,"column":4},"end":{"line":80,"column":100}}},"5":{"name":"_callERC165SupportsInterface","line":96,"loc":{"start":{"line":96,"column":4},"end":{"line":100,"column":5}}}},"statementMap":{"1":{"start":{"line":26,"column":8},"end":{"line":26,"column":1053}},"2":{"start":{"line":40,"column":8},"end":{"line":40,"column":1842}},"3":{"start":{"line":54,"column":8},"end":{"line":54,"column":2517}},"4":{"start":{"line":55,"column":12},"end":{"line":55,"column":24}},"5":{"start":{"line":59,"column":8},"end":{"line":59,"column":2655}},"6":{"start":{"line":60,"column":12},"end":{"line":60,"column":2723}},"7":{"start":{"line":61,"column":16},"end":{"line":61,"column":28}},"8":{"start":{"line":66,"column":8},"end":{"line":66,"column":19}},"9":{"start":{"line":83,"column":8},"end":{"line":83,"column":87}},"10":{"start":{"line":85,"column":8},"end":{"line":85,"column":34}},"11":{"start":{"line":101,"column":8},"end":{"line":101,"column":91}}},"branchMap":{"1":{"line":54,"type":"if","locations":[{"start":{"line":54,"column":8},"end":{"line":54,"column":8}},{"start":{"line":54,"column":8},"end":{"line":54,"column":8}}]},"2":{"line":60,"type":"if","locations":[{"start":{"line":60,"column":12},"end":{"line":60,"column":12}},{"start":{"line":60,"column":12},"end":{"line":60,"column":12}}]}}},"contracts/ecosystem/IERC165.sol":{"l":{},"path":"/home/peter/Documents/Work/MyBit/MyBit-Network.tech/contracts/ecosystem/IERC165.sol","s":{},"b":{},"f":{},"fnMap":{},"statementMap":{},"branchMap":{}},"contracts/ecosystem/Platform.sol":{"l":{"14":8,"15":8,"23":6,"25":6,"33":0,"34":0,"40":0,"41":0,"48":0,"49":0,"58":8,"59":6},"path":"/home/peter/Documents/Work/MyBit/MyBit-Network.tech/contracts/ecosystem/Platform.sol","s":{"1":8,"2":8,"3":0,"4":0,"5":8},"b":{"1":[0,0],"2":[6,2]},"f":{"1":8,"2":6,"3":0,"4":0,"5":0,"6":8},"fnMap":{"1":{"name":null,"line":12,"loc":{"start":{"line":12,"column":2},"end":{"line":13,"column":10}}},"2":{"name":"setPlatformWallet","line":20,"loc":{"start":{"line":20,"column":2},"end":{"line":22,"column":13}}},"3":{"name":"setPlatformToken","line":29,"loc":{"start":{"line":29,"column":2},"end":{"line":31,"column":13}}},"4":{"name":"setBurnrate","line":37,"loc":{"start":{"line":37,"column":2},"end":{"line":39,"column":13}}},"5":{"name":"destroy","line":45,"loc":{"start":{"line":45,"column":2},"end":{"line":47,"column":12}}},"6":{"name":"onlyOwner","line":57,"loc":{"start":{"line":57,"column":2},"end":{"line":57,"column":20}}}},"statementMap":{"1":{"start":{"line":14,"column":4},"end":{"line":14,"column":33}},"2":{"start":{"line":15,"column":4},"end":{"line":15,"column":27}},"3":{"start":{"line":40,"column":4},"en
[...]
:0,"234":0,"235":0,"247":0,"248":0,"249":0,"262":0,"263":0,"266":0,"267":0,"277":0,"278":0,"279":0},"path":"/home/peter/Documents/Work/MyBit/MyBit-Network.tech/contracts/tokens/erc721/ERC721.sol","s":{"1":0,"2":0,"3":0,"4":0,"5":0,"6":0,"7":0,"8":0,"9":0,"10":0,"11":0,"12":0,"13":0,"14":0,"15":0,"16":0,"17":0,"18":0,"19":0,"20":0,"21":0,"22":0,"23":0,"24":0,"25":0,"26":0,"27":0,"28":0,"29":0,"30":0,"31":0,"32":0,"33":0,"34":0,"35":0,"36":0,"37":0,"38":0,"39":0,"40":0,"41":0,"42":0,"43":0,"44":0,"45":0,"46":0,"47":0,"48":0,"49":0},"b":{"1":[0,0],"2":[0,0],"3":[0,0],"4":[0,0],"5":[0,0],"6":[0,0],"7":[0,0],"8":[0,0],"9":[0,0],"10":[0,0],"11":[0,0],"12":[0,0],"13":[0,0],"14":[0,0],"15":[0,0]},"f":{"1":0,"2":0,"3":0,"4":0,"5":0,"6":0,"7":0,"8":0,"9":0,"10":0,"11":0,"12":0,"13":0,"14":0,"15":0,"16":0,"17":0,"18":0},"fnMap":{"1":{"name":null,"line":47,"loc":{"start":{"line":47,"column":4},"end":{"line":47,"column":23}}},"2":{"name":"balanceOf","line":57,"loc":{"start":{"line":57,"column":4},"end":{"line":57,"column":65}}},"3":{"name":"ownerOf","line":67,"loc":{"start":{"line":67,"column":4},"end":{"line":67,"column":65}}},"4":{"name":"approve","line":81,"loc":{"start":{"line":81,"column":4},"end":{"line":81,"column":54}}},"5":{"name":"getApproved","line":96,"loc":{"start":{"line":96,"column":4},"end":{"line":96,"column":69}}},"6":{"name":"setApprovalForAll","line":107,"loc":{"start":{"line":107,"column":4},"end":{"line":107,"column":62}}},"7":{"name":"isApprovedForAll","line":119,"loc":{"start":{"line":119,"column":4},"end":{"line":119,"column":87}}},"8":{"name":"transferFrom","line":131,"loc":{"start":{"line":131,"column":4},"end":{"line":131,"column":73}}},"9":{"name":"safeTransferFrom","line":154,"loc":{"start":{"line":154,"column":4},"end":{"line":154,"column":77}}},"10":{"name":"safeTransferFrom","line":171,"loc":{"start":{"line":171,"column":4},"end":{"line":171,"column":90}}},"11":{"name":"_exists","line":182,"loc":{"start":{"line":182,"column":4},"end":{"line":182,"column":64}}},"12":{"name":"_isApprovedOrOwner","line":194,"loc":{"start":{"line":194,"column":4},"end":{"line":194,"column":92}}},"13":{"name":"_mint","line":208,"loc":{"start":{"line":208,"column":4},"end":{"line":208,"column":54}}},"14":{"name":"_burn","line":219,"loc":{"start":{"line":219,"column":4},"end":{"line":219,"column":57}}},"15":{"name":"_addTokenTo","line":232,"loc":{"start":{"line":232,"column":4},"end":{"line":232,"column":60}}},"16":{"name":"_removeTokenFrom","line":246,"loc":{"start":{"line":246,"column":4},"end":{"line":246,"column":67}}},"17":{"name":"_checkOnERC721Received","line":261,"loc":{"start":{"line":261,"column":4},"end":{"line":261,"column":113}}},"18":{"name":"_clearApproval","line":276,"loc":{"start":{"line":276,"column":4},"end":{"line":276,"column":65}}}},"statementMap":{"1":{"start":{"line":49,"column":8},"end":{"line":49,"column":46}},"2":{"start":{"line":58,"column":8},"end":{"line":58,"column":35}},"3":{"start":{"line":59,"column":8},"end":{"line":59,"column":39}},"4":{"start":{"line":68,"column":8},"end":{"line":68,"column":43}},"5":{"start":{"line":69,"column":8},"end":{"line":69,"column":35}},"6":{"start":{"line":70,"column":8},"end":{"line":70,"column":20}},"7":{"start":{"line":82,"column":8},"end":{"line":82,"column":39}},"8":{"start":{"line":83,"column":8},"end":{"line":83,"column":27}},"9":{"start":{"line":84,"column":8},"end":{"line":84,"column":74}},"10":{"start":{"line":86,"column":8},"end":{"line":86,"column":36}},"11":{"start":{"line":87,"column":8},"end":{"line":87,"column":41}},"12":{"start":{"line":97,"column":8},"end":{"line":97,"column":32}},"13":{"start":{"line":98,"column":8},"end":{"line":98,"column":39}},"14":{"start":{"line":108,"column":8},"end":{"line":108,"column":32}},"15":{"start":{"line":109,"column":8},"end":{"line":109,"column":52}},"16":{"start":{"line":110,"column":8},"end":{"line":110,"column":53}},"17":{"start":{"line":120,"column":8},"end":{"line":120,"column":50}},"18":{"start":{"line":132,"column":8},"end":{"line":132,"column":55}},"19":{"start":{"line":133,"column":8},"end":{"line":133,"column":32}},"20":{"start":{"line":135,"column":8},"end":{"line":135,"column":36}},"21":{"start":{"line":136,"column":8},"end":{"line":136,"column":38}},"22":{"start":{"line":137,"column":8},"end":{"line":137,"column":31}},"23":{"start":{"line":139,"column":8},"end":{"line":139,"column":40}},"24":{"start":{"line":156,"column":8},"end":{"line":156,"column":46}},"25":{"start":{"line":172,"column":8},"end":{"line":172,"column":38}},"26":{"start":{"line":174,"column":8},"end":{"line":174,"column":64}},"27":{"start":{"line":183,"column":8},"end":{"line":183,"column":43}},"28":{"start":{"line":184,"column":8},"end":{"line":184,"column":34}},"29":{"start":{"line":195,"column":8},"end":{"line":195,"column":39}},"30":{"start":{"line":199,"column":8},"end":{"line":199,"column":104}},"31":{"start":{"line":209,"column":8},"end":{"line":209,"column":32}},"32":{"start":{"line":210,"column":8},"end":{"line":210,"column":31}},"33":{"start":{"line":211,"column":8},"end":{"line":211,"column":46}},"34":{"start":{"line":220,"column":8},"end":{"line":220,"column":37}},"35":{"start":{"line":221,"column":8},"end":{"line":221,"column":39}},"36":{"start":{"line":222,"column":8},"end":{"line":222,"column":49}},"37":{"start":{"line":233,"column":8},"end":{"line":233,"column":50}},"38":{"start":{"line":234,"column":8},"end":{"line":234,"column":32}},"39":{"start":{"line":235,"column":8},"end":{"line":235,"column":59}},"40":{"start":{"line":247,"column":8},"end":{"line":247,"column":40}},"41":{"start":{"line":248,"column":8},"end":{"line":248,"column":63}},"42":{"start":{"line":249,"column":8},"end":{"line":249,"column":40}},"43":{"start":{"line":262,"column":8},"end":{"line":262,"column":11389}},"44":{"start":{"line":263,"column":12},"end":{"line":263,"column":23}},"45":{"start":{"line":266,"column":8},"end":{"line":266,"column":93}},"46":{"start":{"line":267,"column":8},"end":{"line":267,"column":43}},"47":{"start":{"line":277,"column":8},"end":{"line":277,"column":41}},"48":{"start":{"line":278,"column":8},"end":{"line":278,"column":11986}},"49":{"start":{"line":279,"column":12},"end":{"line":279,"column":48}}},"branchMap":{"1":{"line":58,"type":"if","locations":[{"start":{"line":58,"column":8},"end":{"line":58,"column":8}},{"start":{"line":58,"column":8},"end":{"line":58,"column":8}}]},"2":{"line":69,"type":"if","locations":[{"start":{"line":69,"column":8},"end":{"line":69,"column":8}},{"start":{"line":69,"column":8},"end":{"line":69,"column":8}}]},"3":{"line":83,"type":"if","locations":[{"start":{"line":83,"column":8},"end":{"line":83,"column":8}},{"start":{"line":83,"column":8},"end":{"line":83,"column":8}}]},"4":{"line":84,"type":"if","locations":[{"start":{"line":84,"column":8},"end":{"line":84,"column":8}},{"start":{"line":84,"column":8},"end":{"line":84,"column":8}}]},"5":{"line":97,"type":"if","locations":[{"start":{"line":97,"column":8},"end":{"line":97,"column":8}},{"start":{"line":97,"column":8},"end":{"line":97,"column":8}}]},"6":{"line":108,"type":"if","locations":[{"start":{"line":108,"column":8},"end":{"line":108,"column":8}},{"start":{"line":108,"column":8},"end":{"line":108,"column":8}}]},"7":{"line":132,"type":"if","locations":[{"start":{"line":132,"column":8},"end":{"line":132,"column":8}},{"start":{"line":132,"column":8},"end":{"line":132,"column":8}}]},"8":{"line":133,"type":"if","locations":[{"start":{"line":133,"column":8},"end":{"line":133,"column":8}},{"start":{"line":133,"column":8},"end":{"line":133,"column":8}}]},"9":{"line":174,"type":"if","locations":[{"start":{"line":174,"column":8},"end":{"line":174,"column":8}},{"start":{"line":174,"column":8},"end":{"line":174,"column":8}}]},"10":{"line":209,"type":"if","locations":[{"start":{"line":209,"column":8},"end":{"line":209,"column":8}},{"start":{"line":209,"column":8},"end":{"line":209,"column":8}}]},"11":{"line":233,"type":"if","locations":[{"start":{"line":233,"column":8},"end":{"line":233,"column":8}},{"start":{"line":233,"column":8},"end":{"line":233,"column":8}}]},"12":{"line":247,"type":"if","locations":[{"start":{"line":247,"column":8},"end":{"line":247,"column":8}},{"start":{"line":247,"column":8},"end":{"line":247,"column":8}}]},"13":{"line":262,"type":"if","locations":[{"start":{"line":262,"column":8},"end":{"line":262,"column":8}},{"start":{"line":262,"column":8},"end":{"line":262,"column":8}}]},"14":{"line":277,"type":"if","locations":[{"start":{"line":277,"column":8},"end":{"line":277,"column":8}},{"start":{"line":277,"column":8},"end":{"line":277,"column":8}}]},"15":{"line":278,"type":"if","locations":[{"start":{"line":278,"column":8},"end":{"line":278,"column":8}},{"start":{"line":278,"column":8},"end":{"line":278,"column":8}}]}}},"contracts/tokens/erc721/ERC721Burnable.sol":{"l":{"15":0,"16":0},"path":"/home/peter/Documents/Work/MyBit/MyBit-Network.tech/contracts/tokens/erc721/ERC721Burnable.sol","s":{"1":0,"2":0},"b":{"1":[0,0]},"f":{"1":0},"fnMap":{"1":{"name":"burn","line":14,"loc":{"start":{"line":14,"column":4},"end":{"line":14,"column":39}}}},"statementMap":{"1":{"start":{"line":15,"column":8},"end":{"line":15,"column":55}},"2":{"start":{"line":16,"column":8},"end":{"line":16,"column":39}}},"branchMap":{"1":{"line":15,"type":"if","locations":[{"start":{"line":15,"column":8},"end":{"line":15,"column":8}},{"start":{"line":15,"column":8},"end":{"line":15,"column":8}}]}}},"contracts/tokens/erc721/ERC721Enumerable.sol":{"l":{"37":0,"47":0,"48":0,"56":0,"66":0,"67":0,"78":0,"79":0,"80":0,"81":0,"93":0,"97":0,"98":0,"99":0,"101":0,"103":0,"109":0,"110":0,"120":0,"122":0,"123":0,"133":0,"136":0,"137":0,"138":0,"140":0,"141":0,"143":0,"144":0,"145":0,"154":0},"path":"/home/peter/Documents/Work/MyBit/MyBit-Network.tech/contracts/tokens/erc721/ERC721Enumerable.sol","s":{"1":0,"2":0,"3":0,"4":0,"5":0,"6":0,"7":0,"8":0,"9":0,"10":0,"11":0,"12":0,"13":0,"14":0,"15":0,"16":0,"17":0,"18":0,"19":0,"20":0,"21":0,"22":0,"23":0},"b":{"1":[0,0],"2":[0,0]},"f":{"1":0,"2":0,"3":0,"4":0,"5":0,"6":0,"7":0,"8":0,"9":0},"fnMap":{"1":{"name":null,"line":35,"loc":{"start":{"line":35,"column":4},"end":{"line":35,"column":23}}},"2":{"name":"tokenOfOwnerByIndex","line":46,"loc":{"start":{"line":46,"column":4},"end":{"line":46,"column":90}}},"3":{"name":"totalSupply","line":55,"loc":{"start":{"line":55,"column":4},"end":{"line":55,"column":54}}},"4":{"name":"tokenByIndex","line":65,"loc":{"start":{"line":65,"column":4},"end":{"line":65,"column":68}}},"5":{"name":"_addTokenTo","line":77,"loc":{"start":{"line":77,"column":4},"end":{"line":77,"column":60}}},"6":{"name":"_removeTokenFrom","line":92,"loc":{"start":{"line":92,"column":4},"end":{"line":92,"column":67}}},"7":{"name":"_mint","line":119,"loc":{"start":{"line":119,"column":4},"end":{"line":119,"column":54}}},"8":{"name":"_burn","line":132,"loc":{"start":{"line":132,"column":4},"end":{"line":132,"column":57}}},"9":{"name":"_tokensOfOwner","line":153,"loc":{"start":{"line":153,"column":4},"end":{"line":153,"column":82}}}},"statementMap":{"1":{"start":{"line":37,"column":8},"end":{"line":37,"column":56}},"2":{"start":{"line":47,"column":8},"end":{"line":47,"column":40}},"3":{"start":{"line":48,"column":8},"end":{"line":48,"column":41}},"4":{"start":{"line":56,"column":8},"end":{"line":56,"column":32}},"5":{"start":{"line":66,"column":8},"end":{"line":66,"column":37}},"6":{"start":{"line":67,"column":8},"end":{"line":67,"column":32}},"7":{"start":{"line":79,"column":8},"end":{"line":79,"column":47}},"8":{"start":{"line":81,"column":8},"end":{"line":81,"column":42}},"9":{"start":{"line":97,"column":8},"end":{"line":97,"column":54}},"10":{"start":{"line":98,"column":8},"end":{"line":98,"column":64}},"11":{"start":{"line":99,"column":8},"end":{"line":99,"column":61}},"12":{"start":{"line":101,"column":8},"end":{"line":101,"column":49}},"13":{"start":{"line":109,"column":8},"end":{"line":109,"column":37}},"14":{"start":{"line":110,"column":8},"end":{"line":110,"column":48}},"15":{"start":{"line":122,"column":8},"end":{"line":122,"column":51}},"16":{"start":{"line":136,"column":8},"end":{"line":136,"column":52}},"17":{"start":{"line":137,"column":8},"end":{"line":137,"column":56}},"18":{"start":{"line":138,"column":8},"end":{"line":138,"column":53}},"19":{"start":{"line":140,"column":8},"end":{"line":140,"column":41}},"20":{"start":{"line":141,"column":8},"end":{"line":141,"column":37}},"21":{"start":{"line":144,"column":8},"end":{"line":144,"column":35}},"22":{"start":{"line":145,"column":8},"end":{"line":145,"column":46}},"23":{"start":{"line":154,"column":8},"end":{"line":154,"column":34}}},"branchMap":{"1":{"line":47,"type":"if","locations":[{"start":{"line":47,"column":8},"end":{"line":47,"column":8}},{"start":{"line":47,"column":8},"end":{"line":47,"column":8}}]},"2":{"line":66,"type":"if","locations":[{"start":{"line":66,"column":8},"end":{"line":66,"column":8}},{"start":{"line":66,"column":8},"end":{"line":66,"column":8}}]}}},"contracts/tokens/erc721/ERC721Full.sol":{"l":{},"path":"/home/peter/Documents/Work/MyBit/MyBit-Network.tech/contracts/tokens/erc721/ERC721Full.sol","s":{},"b":{},"f":{"1":0},"fnMap":{"1":{"name":null,"line":14,"loc":{"start":{"line":14,"column":4},"end":{"line":14,"column":78}}}},"statementMap":{},"branchMap":{}},"contracts/tokens/erc721/ERC721Metadata.sol":{"l":{"29":0,"30":0,"33":0,"41":0,"49":0,"58":0,"59":0,"69":0,"70":0,"80":0,"83":0,"84":0},"path":"/home/peter/Documents/Work/MyBit/MyBit-Network.tech/contracts/tokens/erc721/ERC721Metadata.sol","s":{"1":0,"2":0,"3":0,"4":0,"5":0,"6":0,"7":0,"8":0,"9":0,"10":0},"b":{"1":[0,0],"2":[0,0],"3":[0,0]},"f":{"1":0,"2":0,"3":0,"4":0,"5":0,"6":0},"fnMap":{"1":{"name":null,"line":28,"loc":{"start":{"line":28,"column":4},"end":{"line":28,"column":49}}},"2":{"name":"name","line":40,"loc":{"start":{"line":40,"column":4},"end":{"line":40,"column":48}}},"3":{"name":"symbol","line":48,"loc":{"start":{"line":48,"column":4},"end":{"line":48,"column":50}}},"4":{"name":"tokenURI","line":57,"loc":{"start":{"line":57,"column":4},"end":{"line":57,"column":67}}},"5":{"name":"_setTokenURI","line":68,"loc":{"start":{"line":68,"column":4},"end":{"line":68,"column":61}}},"6":{"name":"_burn","line":79,"loc":{"start":{"line":79,"column":4},"end":{"line":79,"column":57}}}},"statementMap":{"1":{"start":{"line":29,"column":8},"end":{"line":29,"column":19}},"2":{"start":{"line":30,"column":8},"end":{"line":30,"column":23}},"3":{"start":{"line":33,"column":8},"end":{"line":33,"column":53}},"4":{"start":{"line":41,"column":8},"end":{"line":41,"column":20}},"5":{"start":{"line":49,"column":8},"end":{"line":49,"column":22}},"6":{"start":{"line":58,"column":8},"end":{"line":58,"column":32}},"7":{"start":{"line":59,"column":8},"end":{"line":59,"column":34}},"8":{"start":{"line":69,"column":8},"end":{"line":69,"column":32}},"9":{"start":{"line":70,"column":8},"end":{"line":70,"column":32}},"10":{"start":{"line":83,"column":8},"end":{"line":83,"column":2374}}},"branchMap":{"1":{"line":58,"type":"if","locations":[{"start":{"line":58,"column":8},"end":{"line":58,"column":8}},{"start":{"line":58,"column":8},"end":{"line":58,"column":8}}]},"2":{"line":69,"type":"if","locations":[{"start":{"line":69,"column":8},"end":{"line":69,"column":8}},{"start":{"line":69,"column":8},"end":{"line":69,"column":8}}]},"3":{"line":83,"type":"if","locations":[{"start":{"line":83,"column":8},"end":{"line":83,"column":8}},{"start":{"line":83,"column":8},"end":{"line":83,"column":8}}]}}},"contracts/tokens/erc721/ERC721MetadataMintable.sol":{"l":{"18":0,"31":0,"32":0,"33":0,"34":0,"40":0,"41":0,"42":0,"49":0},"path":"/home/peter/Documents/Work/MyBit/MyBit-Network.tech/contracts/tokens/erc721/ERC721MetadataMintable.sol","s":{"1":0,"2":0,"3":0,"4":0,"5":0,"6":0,"7":0,"8":0,"9":0},"b":{"1":[0,0],"2":[0,0]},"f":{"1":0,"2":0,"3":0,"4":0},"fnMap":{"1":{"name":null,"line":16,"loc":{"start":{"line":16,"column":4},"end":{"line":17,"column":12}}},"2":{"name":"mintWithTokenURI","line":28,"loc":{"start":{"line":28,"column":4},"end":{"line":30,"column":20}}},"3":{"name":"finishMinting","line":37,"loc":{"start":{"line":37,"column":4},"end":{"line":39,"column":20}}},"4":{"name":"canMint","line":45,"loc":{"start":{"line":45,"column":4},"end":{"line":48,"column":20}}}},"statementMap":{"1":{"start":{"line":18,"column":8},"end":{"line":18,"column":23}},"2":{"start":{"line":31,"column":8},"end":{"line":31,"column":35}},"3":{"start":{"line":32,"column":8},"end":{"line":32,"column":25}},"4":{"start":{"line":33,"column":8},"end":{"line":33,"column":38}},"5":{"start":{"line":34,"column":8},"end":{"line":34,"column":19}},"6":{"start":{"line":40,"column":6},"end":{"line":40,"column":33}},"7":{"start":{"line":41,"column":6},"end":{"line":41,"column":27}},"8":{"start":{"line":42,"column":6},"end":{"line":42,"column":17}},"9":{"start":{"line":49,"column":6},"end":{"line":49,"column":51}}},"branchMap":{"1":{"line":31,"type":"if","locations":[{"start":{"line":31,"column":8},"end":{"line":31,"column":8}},{"start":{"line":31,"column":8},"end":{"line":31,"column":8}}]},"2":{"line":40,"type":"if","locations":[{"start":{"line":40,"column":6},"end":{"line":40,"column":6}},{"start":{"line":40,"column":6},"end":{"line":40,"column":6}}]}}},"contracts/tokens/erc721/ERC721Mintable.sol":{"l":{"17":0,"27":0,"28":0,"29":0,"35":0,"36":0,"37":0,"44":0},"path":"/home/peter/Documents/Work/MyBit/MyBit-Network.tech/contracts/tokens/erc721/ERC721Mintable.sol","s":{"1":0,"2":0,"3":0,"4":0,"5":0,"6":0,"7":0,"8":0},"b":{"1":[0,0],"2":[0,0]},"f":{"1":0,"2":0,"3":0,"4":0},"fnMap":{"1":{"name":null,"line":15,"loc":{"start":{"line":15,"column":2},"end":{"line":16,"column":10}}},"2":{"name":"mint","line":24,"loc":{"start":{"line":24,"column":2},"end":{"line":26,"column":18}}},"3":{"name":"finishMinting","line":32,"loc":{"start":{"line":32,"column":2},"end":{"line":34,"column":18}}},"4":{"name":"canMint","line":40,"loc":{"start":{"line":40,"column":2},"end":{"line":43,"column":18}}}},"statementMap":{"1":{"start":{"line":17,"column":4},"end":{"line":17,"column":19}},"2":{"start":{"line":27,"column":6},"end":{"line":27,"column":33}},"3":{"start":{"line":28,"column":6},"end":{"line":28,"column":23}},"4":{"start":{"line":29,"column":6},"end":{"line":29,"column":17}},"5":{"start":{"line":35,"column":4},"end":{"line":35,"column":31}},"6":{"start":{"line":36,"column":4},"end":{"line":36,"column":25}},"7":{"start":{"line":37,"column":4},"end":{"line":37,"column":15}},"8":{"start":{"line":44,"column":4},"end":{"line":44,"column":49}}},"branchMap":{"1":{"line":27,"type":"if","locations":[{"start":{"line":27,"column":6},"end":{"line":27,"column":6}},{"start":{"line":27,"column":6},"end":{"line":27,"column":6}}]},"2":{"line":35,"type":"if","locations":[{"start":{"line":35,"column":4},"end":{"line":35,"column":4}},{"start":{"line":35,"column":4},"end":{"line":35,"column":4}}]}}},"contracts/tokens/erc721/IERC721.sol":{"l":{},"path":"/home/peter/Documents/Work/MyBit/MyBit-Network.tech/contracts/tokens/erc721/IERC721.sol","s":{},"b":{},"f":{},"fnMap":{},"statementMap":{},"branchMap":{}},"contracts/tokens/erc721/IERC721Enumerable.sol":{"l":{},"path":"/home/peter/Documents/Work/MyBit/MyBit-Network.tech/contracts/tokens/erc721/IERC721Enumerable.sol","s":{},"b":{},"f":{},"fnMap":{},"statementMap":{},"branchMap":{}},"contracts/tokens/erc721/IERC721Full.sol":{"l":{},"path":"/home/peter/Documents/Work/MyBit/MyBit-Network.tech/contracts/tokens/erc721/IERC721Full.sol","s":{},"b":{},"f":{},"fnMap":{},"statementMap":{},"branchMap":{}},"contracts/tokens/erc721/IERC721Metadata.sol":{"l":{},"path":"/home/peter/Documents/Work/MyBit/MyBit-Network.tech/contracts/tokens/erc721/IERC721Metadata.sol","s":{},"b":{},"f":{},"fnMap":{},"statementMap":{},"branchMap":{}},"contracts/tokens/erc721/IERC721Receiver.sol":{"l":{},"path":"/home/peter/Documents/Work/MyBit/MyBit-Network.tech/contracts/tokens/erc721/IERC721Receiver.sol","s":{},"b":{},"f":{},"fnMap":{},"statementMap":{},"branchMap":{}}}