TN:
SF:/home/peter/Documents/Work/MyBit/MyBit-Network.tech/contracts/access/AccessHierarchy.sol
FN:14,
FN:22,approveUser
FN:35,removeUser
FN:47,setUpperAccessLevel
FN:55,noEmptyAddress
FN:61,onlyOwner
FN:67,onlyPlatform
FNF:7
FNH:7
FNDA:4,
FNDA:3,approveUser
FNDA:2,removeUser
FNDA:3,setUpperAccessLevel
FNDA:5,noEmptyAddress
FNDA:13,onlyOwner
FNDA:5,onlyPlatform
DA:16,4
DA:27,3
DA:28,2
DA:29,2
DA:30,2
DA:39,2
DA:40,2
DA:41,2
DA:42,2
DA:50,3
DA:51,2
DA:56,5
DA:57,4
DA:62,13
DA:63,10
DA:68,5
DA:69,4
LF:17
LH:17
BRDA:27,1,0,2
BRDA:27,1,1,1
BRDA:50,2,0,2
BRDA:50,2,1,1
BRDA:56,3,0,4
BRDA:56,3,1,1
BRDA:62,4,0,10
BRDA:62,4,1,3
BRDA:68,5,0,4
BRDA:68,5,1,1
BRF:10
BRH:10
end_of_record
TN:
SF:/home/peter/Documents/Work/MyBit/MyBit-Network.tech/contracts/access/ERC20Burner.sol
FN:18,
FN:28,burn
FN:42,setFee
FN:54,
FN:65,onlyOwner
FN:71,onlyPlatformContracts
FN:77,acceptedState
FNF:7
FNH:7
FNDA:6,
FNDA:30,burn
FNDA:15,setFee
FNDA:1,
FNDA:15,onlyOwner
FNDA:35,onlyPlatformContracts
FNDA:33,acceptedState
DA:20,6
DA:21,6
DA:22,6
DA:33,30
DA:34,29
DA:35,29
DA:47,15
DA:48,15
DA:49,15
DA:57,1
DA:66,15
DA:67,15
DA:72,35
DA:73,33
DA:78,33
DA:79,33
DA:80,30
LF:17
LH:17
BRDA:22,1,0,6
BRDA:22,1,1,0
BRDA:33,2,0,29
BRDA:33,2,1,1
BRDA:66,3,0,15
BRDA:66,3,1,0
BRDA:72,4,0,33
BRDA:72,4,1,2
BRDA:79,5,0,30
BRDA:79,5,1,3
BRF:10
BRH:8
end_of_record
TN:
SF:/home/peter/Documents/Work/MyBit/MyBit-Network.tech/contracts/access/Expirable.sol
FN:14,
FN:22,approveTemporaryUser
FN:36,removeTemporaryUser
FN:48,changeExpirationLength
FNF:4
FNH:4
FNDA:1,
FNDA:1,approveTemporaryUser
FNDA:1,removeTemporaryUser
FNDA:1,changeExpirationLength
DA:27,1
DA:28,1
DA:29,1
DA:30,1
DA:40,1
DA:41,1
DA:42,1
DA:51,1
DA:52,1
DA:53,1
LF:10
LH:10
BRDA:27,1,0,1
BRDA:27,1,1,0
BRDA:40,2,0,1
BRDA:40,2,1,0
BRF:4
BRH:2
end_of_record
TN:
SF:/home/peter/Documents/Work/MyBit/MyBit-Network.tech/contracts/access/KYC.sol
FN:11,
FN:14,approveKYC
FN:22,revokeKYC
FNF:3
FNH:3
FNDA:1,
FNDA:1,approveKYC
FNDA:1,revokeKYC
DA:17,1
DA:18,1
DA:25,1
LF:3
LH:3
BRF:0
BRH:0
end_of_record
TN:
SF:/home/peter/Documents/Work/MyBit/MyBit-Network.tech/contracts/crowdsale/CrowdsaleERC20.sol
FN:21,
FN:32,buyAssetOrderERC20
FN:63,refund
FN:87,payoutERC20
FN:104,recoverTokens
FN:113,destroy
FN:127,finalizeCrowdsale
FN:142,onlyOwner
FN:148,whenNotPaused
FN:154,burnRequired
FN:160,validAsset
FN:166,beforeDeadline
FN:172,afterDeadline
FN:178,notFinalized
FNF:14
FNH:11
FNDA:2,
FNDA:4,buyAssetOrderERC20
FNDA:1,refund
FNDA:2,payoutERC20
FNDA:0,recoverTokens
FNDA:0,destroy
FNDA:2,finalizeCrowdsale
FNDA:0,onlyOwner
FNDA:7,whenNotPaused
FNDA:4,burnRequired
FNDA:8,validAsset
FNDA:6,beforeDeadline
FNDA:2,afterDeadline
FNDA:6,notFinalized
DA:23,2
DA:24,2
DA:39,4
DA:40,4
DA:41,4
DA:42,4
DA:43,4
DA:44,2
DA:45,2
DA:46,2
DA:47,2
DA:49,2
DA:50,2
DA:53,2
DA:54,2
DA:56,3
DA:57,3
DA:70,1
DA:71,1
DA:72,1
DA:73,1
DA:74,1
DA:75,1
DA:76,1
DA:77,1
DA:78,1
DA:91,2
DA:92,2
DA:93,2
DA:94,2
DA:95,1
DA:96,1
DA:97,1
DA:98,1
DA:99,1
DA:100,1
DA:107,0
DA:108,0
DA:109,0
DA:116,0
DA:117,0
DA:131,2
DA:132,2
DA:133,2
DA:134,2
DA:143,0
DA:144,0
DA:149,7
DA:150,6
DA:155,4
DA:156,4
DA:161,8
DA:162,8
DA:167,6
DA:168,5
DA:173,2
DA:174,1
DA:179,6
DA:180,5
LF:59
LH:52
BRDA:43,1,0,2
BRDA:43,1,1,2
BRDA:44,2,0,2
BRDA:44,2,1,0
BRDA:45,3,0,2
BRDA:45,3,1,0
BRDA:46,4,0,2
BRDA:46,4,1,0
BRDA:47,5,0,2
BRDA:47,5,1,0
BRDA:49,6,0,2
BRDA:49,6,1,0
BRDA:50,7,0,1
BRDA:50,7,1,1
BRDA:53,8,0,2
BRDA:53,8,1,0
BRDA:54,9,0,2
BRDA:54,9,1,0
BRDA:70,10,0,1
BRDA:70,10,1,0
BRDA:94,11,0,1
BRDA:94,11,1,1
BRDA:143,12,0,0
BRDA:143,12,1,0
BRDA:149,13,0,6
BRDA:149,13,1,1
BRDA:155,14,0,4
BRDA:155,14,1,0
BRDA:161,15,0,8
BRDA:161,15,1,0
BRDA:167,16,0,5
BRDA:167,16,1,1
BRDA:173,17,0,1
BRDA:173,17,1,1
BRDA:179,18,0,5
BRDA:179,18,1,1
BRF:36
BRH:24
end_of_record
TN:
SF:/home/peter/Documents/Work/MyBit/MyBit-Network.tech/contracts/crowdsale/CrowdsaleETH.sol
FN:21,
FN:30,buyAssetOrderETH
FN:61,refund
FN:78,recoverTokens
FN:87,destroy
FN:95,
FN:109,payoutETH
FN:125,finalizeCrowdsale
FN:141,requiresEther
FN:147,onlyOwner
FN:153,burnRequired
FN:159,whenNotPaused
FN:165,validAsset
FN:171,beforeDeadline
FN:177,afterDeadline
FN:183,notFinalized
FNF:16
FNH:15
FNDA:2,
FNDA:3,buyAssetOrderETH
FNDA:1,refund
FNDA:0,recoverTokens
FNDA:1,destroy
FNDA:1,
FNDA:1,payoutETH
FNDA:1,finalizeCrowdsale
FNDA:5,requiresEther
FNDA:2,onlyOwner
FNDA:3,burnRequired
FNDA:3,whenNotPaused
FNDA:7,validAsset
FNDA:5,beforeDeadline
FNDA:2,afterDeadline
FNDA:5,notFinalized
DA:23,2
DA:24,2
DA:39,3
DA:40,3
DA:41,3
DA:42,3
DA:44,1
DA:45,1
DA:46,1
DA:47,1
DA:48,1
DA:49,1
DA:52,2
DA:54,3
DA:55,3
DA:68,1
DA:69,1
DA:70,1
DA:71,1
DA:72,1
DA:73,1
DA:74,1
DA:81,0
DA:82,0
DA:83,0
DA:90,1
DA:91,1
DA:98,1
DA:112,1
DA:113,1
DA:114,1
DA:115,1
DA:116,1
DA:117,1
DA:118,1
DA:119,1
DA:120,1
DA:128,1
DA:129,1
DA:130,1
DA:131,1
DA:142,5
DA:143,5
DA:148,2
DA:149,1
DA:154,3
DA:155,3
DA:160,3
DA:161,2
DA:166,7
DA:167,7
DA:172,5
DA:173,3
DA:178,2
DA:179,2
DA:184,5
DA:185,4
LF:57
LH:54
BRDA:42,1,0,1
BRDA:42,1,1,2
BRDA:44,2,0,1
BRDA:44,2,1,0
BRDA:45,3,0,1
BRDA:45,3,1,0
BRDA:46,4,0,1
BRDA:46,4,1,0
BRDA:47,5,0,1
BRDA:47,5,1,0
BRDA:48,6,0,1
BRDA:48,6,1,0
BRDA:52,7,0,2
BRDA:52,7,1,0
BRDA:68,8,0,1
BRDA:68,8,1,0
BRDA:114,9,0,1
BRDA:114,9,1,0
BRDA:142,10,0,5
BRDA:142,10,1,0
BRDA:148,11,0,1
BRDA:148,11,1,1
BRDA:154,12,0,3
BRDA:154,12,1,0
BRDA:160,13,0,2
BRDA:160,13,1,1
BRDA:166,14,0,7
BRDA:166,14,1,0
BRDA:172,15,0,3
BRDA:172,15,1,2
BRDA:178,16,0,2
BRDA:178,16,1,0
BRDA:184,17,0,4
BRDA:184,17,1,1
BRF:34
BRH:22
end_of_record
TN:
SF:/home/peter/Documents/Work/MyBit/MyBit-Network.tech/contracts/crowdsale/CrowdsaleGeneratorERC20.sol
FN:21,
FN:35,createAssetOrderERC20
FN:62,isTrue
FN:68,burnRequired
FNF:4
FNH:4
FNDA:2,
FNDA:4,createAssetOrderERC20
FNDA:8,isTrue
FNDA:4,burnRequired
DA:23,2
DA:24,2
DA:40,4
DA:41,3
DA:42,3
DA:43,2
DA:44,2
DA:45,2
DA:46,2
DA:47,2
DA:48,2
DA:49,2
DA:50,2
DA:51,2
DA:52,2
DA:53,2
DA:63,8
DA:64,8
DA:70,4
DA:71,4
LF:20
LH:20
BRDA:40,1,0,3
BRDA:40,1,1,1
BRDA:42,2,0,2
BRDA:42,2,1,1
BRDA:63,3,0,8
BRDA:63,3,1,0
BRDA:70,4,0,4
BRDA:70,4,1,0
BRF:8
BRH:6
end_of_record
TN:
SF:/home/peter/Documents/Work/MyBit/MyBit-Network.tech/contracts/crowdsale/CrowdsaleGeneratorETH.sol
FN:21,
FN:34,createAssetOrderETH
FN:60,isTrue
FN:66,burnRequired
FNF:4
FNH:4
FNDA:2,
FNDA:4,createAssetOrderETH
FNDA:8,isTrue
FNDA:4,burnRequired
DA:23,2
DA:24,2
DA:40,4
DA:41,3
DA:42,3
DA:43,2
DA:44,2
DA:45,2
DA:46,2
DA:47,2
DA:48,2
DA:49,2
DA:50,2
DA:51,2
DA:52,2
DA:53,2
DA:61,8
DA:62,8
DA:68,4
DA:69,4
LF:20
LH:20
BRDA:40,1,0,3
BRDA:40,1,1,1
BRDA:42,2,0,2
BRDA:42,2,1,1
BRDA:61,3,0,8
BRDA:61,3,1,0
BRDA:68,4,0,4
BRDA:68,4,1,0
BRF:8
BRH:6
end_of_record
TN:
SF:/home/peter/Documents/Work/MyBit/MyBit-Network.tech/contracts/database/API.sol
FN:31,
FN:43,getNumTokensAvailable
FN:53,getInvestorVotes
FN:60,getTotalVotes
FN:67,getCurrentConsensus
FN:75,getAssetManagerParameterHash
FN:82,getExecutionID
FN:89,getMethodID
FN:96,getAssetID
FN:103,getOrderID
FN:114,generateAssetID
FN:122,getAssetID
FN:130,getAssetAddress
FN:138,getAssetFundingToken
FN:156,getAssetROI
FN:164,getAssetFundingGoal
FN:172,getAssetFundingDeadline
FN:180,crowdsaleFinalized
FN:193,getAssetManager
FN:201,getAssetManagerFee
FN:209,getAssetManagerEscrowID
FN:217,getAssetManagerEscrow
FN:224,getAssetManagerEscrowRemaining
FN:233,getAssetManagerEscrowRedeemed
FN:241,getAssetOperator
FN:249,generateOperatorID
FN:257,getOperatorID
FN:265,getOperatorAddress
FN:277,generateOrderID
FN:290,getPlatformToken
FN:298,getPlatformWallet
FN:306,getContractAddress
FN:314,getCurrentState
FN:322,getUserPermission
FN:330,getFunctionCost
FN:338,contractPaused
FN:350,contractOwner
FNF:37
FNH:13
FNDA:4,
FNDA:1,getNumTokensAvailable
FNDA:0,getInvestorVotes
FNDA:1,getTotalVotes
FNDA:1,getCurrentConsensus
FNDA:2,getAssetManagerParameterHash
FNDA:1,getExecutionID
FNDA:2,getMethodID
FNDA:0,getAssetID
FNDA:0,getOrderID
FNDA:0,generateAssetID
FNDA:0,getAssetID
FNDA:2,getAssetAddress
FNDA:0,getAssetFundingToken
FNDA:1,getAssetROI
FNDA:0,getAssetFundingGoal
FNDA:0,getAssetFundingDeadline
FNDA:0,crowdsaleFinalized
FNDA:0,getAssetManager
FNDA:0,getAssetManagerFee
FNDA:2,getAssetManagerEscrowID
FNDA:1,getAssetManagerEscrow
FNDA:1,getAssetManagerEscrowRemaining
FNDA:1,getAssetManagerEscrowRedeemed
FNDA:0,getAssetOperator
FNDA:0,generateOperatorID
FNDA:0,getOperatorID
FNDA:0,getOperatorAddress
FNDA:0,generateOrderID
FNDA:0,getPlatformToken
FNDA:0,getPlatformWallet
FNDA:0,getContractAddress
FNDA:0,getCurrentState
FNDA:0,getUserPermission
FNDA:0,getFunctionCost
FNDA:0,contractPaused
FNDA:0,contractOwner
DA:33,4
DA:47,1
DA:48,1
DA:49,1
DA:50,1
DA:57,0
DA:64,1
DA:71,1
DA:72,1
DA:79,2
DA:86,1
DA:93,2
DA:100,0
DA:107,0
DA:118,0
DA:119,0
DA:126,0
DA:127,0
DA:134,2
DA:135,2
DA:142,0
DA:143,0
DA:160,1
DA:161,1
DA:168,0
DA:169,0
DA:176,0
DA:177,0
DA:184,0
DA:185,0
DA:197,0
DA:198,0
DA:205,0
DA:206,0
DA:213,2
DA:214,2
DA:221,1
DA:228,1
DA:229,1
DA:230,1
DA:237,1
DA:238,1
DA:245,0
DA:246,0
DA:253,0
DA:254,0
DA:261,0
DA:262,0
DA:269,0
DA:270,0
DA:281,0
DA:282,0
DA:294,0
DA:295,0
DA:302,0
DA:303,0
DA:310,0
DA:311,0
DA:318,0
DA:319,0
DA:326,0
DA:327,0
DA:334,0
DA:335,0
DA:342,0
DA:343,0
DA:354,0
DA:355,0
LF:68
LH:23
BRF:0
BRH:0
end_of_record
TN:
SF:/home/peter/Documents/Work/MyBit/MyBit-Network.tech/contracts/database/ContractManager.sol
FN:13,
FN:21,addContract
FN:39,removeContract
FN:53,updateContract
FN:73,setContractStatePreferences
FN:89,anyOwner
FN:96,isRestricted
FN:102,contractExists
FN:107,isTrue
FNF:9
FNH:8
FNDA:16,
FNDA:68,addContract
FNDA:1,removeContract
FNDA:1,updateContract
FNDA:177,setContractStatePreferences
FNDA:71,anyOwner
FNDA:0,isRestricted
FNDA:4,contractExists
FNDA:145,isTrue
DA:15,16
DA:26,68
DA:27,67
DA:28,66
DA:29,66
DA:30,66
DA:31,66
DA:32,66
DA:33,66
DA:44,1
DA:45,1
DA:46,1
DA:47,1
DA:58,1
DA:59,1
DA:60,1
DA:61,1
DA:62,1
DA:63,1
DA:64,1
DA:65,1
DA:66,1
DA:76,177
DA:77,177
DA:78,177
DA:79,177
DA:80,177
DA:90,71
DA:91,70
DA:97,0
DA:98,0
DA:99,0
DA:103,4
DA:104,2
DA:108,145
DA:109,143
LF:36
LH:33
BRDA:26,1,0,67
BRDA:26,1,1,1
BRDA:27,2,0,66
BRDA:27,2,1,1
BRDA:90,3,0,70
BRDA:90,3,1,1
BRDA:97,4,0,0
BRDA:97,4,1,0
BRDA:103,5,0,2
BRDA:103,5,1,2
BRDA:108,6,0,143
BRDA:108,6,1,2
BRF:12
BRH:10
end_of_record
TN:
SF:/home/peter/Documents/Work/MyBit/MyBit-Network.tech/contracts/database/Database.sol
FN:23,
FN:36,enableContractManagement
FN:47,setAddress
FN:53,setUint
FN:59,setString
FN:65,setBytes
FN:71,setBytes32
FN:77,setBool
FN:83,setInt
FN:91,deleteAddress
FN:97,deleteUint
FN:103,deleteString
FN:109,deleteBytes
FN:115,deleteBytes32
FN:121,deleteBool
FN:127,deleteInt
FN:139,onlyApprovedContract
FNF:17
FNH:17
FNDA:16,
FNDA:19,enableContractManagement
FNDA:128,setAddress
FNDA:55,setUint
FNDA:1,setString
FNDA:1,setBytes
FNDA:82,setBytes32
FNDA:441,setBool
FNDA:1,setInt
FNDA:7,deleteAddress
FNDA:15,deleteUint
FNDA:1,deleteString
FNDA:1,deleteBytes
FNDA:1,deleteBytes32
FNDA:7,deleteBool
FNDA:1,deleteInt
FNDA:743,onlyApprovedContract
DA:24,16
DA:25,17
DA:26,17
DA:28,16
DA:29,15
DA:38,19
DA:39,18
DA:40,17
DA:41,16
DA:42,15
DA:43,15
DA:50,128
DA:56,55
DA:62,1
DA:68,1
DA:74,82
DA:80,441
DA:86,1
DA:94,7
DA:100,15
DA:106,1
DA:112,1
DA:118,1
DA:124,7
DA:130,1
DA:140,743
DA:141,742
LF:27
LH:27
BRDA:28,1,0,15
BRDA:28,1,1,1
BRDA:38,2,0,18
BRDA:38,2,1,1
BRDA:39,3,0,17
BRDA:39,3,1,1
BRDA:40,4,0,16
BRDA:40,4,1,1
BRDA:41,5,0,15
BRDA:41,5,1,1
BRDA:140,6,0,742
BRDA:140,6,1,1
BRF:12
BRH:12
end_of_record
TN:
SF:/home/peter/Documents/Work/MyBit/MyBit-Network.tech/contracts/database/Events.sol
FN:8,numberStored
FN:20,onlyApprovedContract
FNF:2
FNH:0
FNDA:0,numberStored
FNDA:0,onlyApprovedContract
DA:11,0
DA:21,0
DA:22,0
LF:3
LH:0
BRDA:21,1,0,0
BRDA:21,1,1,0
BRF:2
BRH:0
end_of_record
TN:
SF:/home/peter/Documents/Work/MyBit/MyBit-Network.tech/contracts/database/HashEncode.sol
FN:4,encode
FN:7,encode
FN:10,encode
FN:13,encode
FN:16,encode
FN:19,encode
FNF:6
FNH:0
FNDA:0,encode
FNDA:0,encode
FNDA:0,encode
FNDA:0,encode
FNDA:0,encode
FNDA:0,encode
DA:5,0
DA:8,0
DA:11,0
DA:14,0
DA:17,0
DA:20,0
LF:6
LH:0
BRF:0
BRH:0
end_of_record
TN:
SF:/home/peter/Documents/Work/MyBit/MyBit-Network.tech/contracts/ecosystem/AssetExchange.sol
FN:27,
FN:39,buyAsset
FN:62,sellAsset
FN:83,createBuyOrder
FN:105,createSellOrder
FN:126,deleteOrder
FN:142,withdraw
FN:156,destroy
FN:174,validAsset
FN:183,isAllowed
FN:191,aboveZero
FN:197,burnRequired
FN:206,whenNotPaused
FN:214,requiresEther
FN:222,anyOwner
FNF:15
FNH:15
FNDA:2,
FNDA:4,buyAsset
FNDA:2,sellAsset
FNDA:4,createBuyOrder
FNDA:3,createSellOrder
FNDA:3,deleteOrder
FNDA:1,withdraw
FNDA:3,destroy
FNDA:10,validAsset
FNDA:10,isAllowed
FNDA:11,aboveZero
FNDA:8,burnRequired
FNDA:8,whenNotPaused
FNDA:7,requiresEther
FNDA:4,anyOwner
DA:29,2
DA:30,2
DA:46,4
DA:47,4
DA:48,3
DA:49,1
DA:50,1
DA:51,1
DA:52,1
DA:53,1
DA:54,1
DA:67,2
DA:68,2
DA:69,1
DA:70,1
DA:71,1
DA:72,1
DA:73,1
DA:74,1
DA:75,1
DA:76,1
DA:91,4
DA:92,3
DA:93,3
DA:94,2
DA:95,2
DA:96,2
DA:97,2
DA:98,2
DA:111,3
DA:112,3
DA:113,2
DA:114,2
DA:115,2
DA:116,2
DA:129,3
DA:130,3
DA:131,2
DA:132,1
DA:133,1
DA:134,1
DA:136,2
DA:137,2
DA:146,1
DA:147,1
DA:148,1
DA:149,1
DA:159,3
DA:160,2
DA:161,1
DA:162,1
DA:175,10
DA:176,9
DA:177,8
DA:184,10
DA:185,9
DA:192,11
DA:193,10
DA:199,8
DA:200,8
DA:207,8
DA:208,7
DA:215,7
DA:216,6
DA:223,4
DA:224,3
LF:66
LH:66
BRDA:47,1,0,3
BRDA:47,1,1,1
BRDA:48,2,0,1
BRDA:48,2,1,2
BRDA:50,3,0,1
BRDA:50,3,1,0
BRDA:68,4,0,1
BRDA:68,4,1,1
BRDA:71,5,0,1
BRDA:71,5,1,0
BRDA:91,6,0,3
BRDA:91,6,1,1
BRDA:93,7,0,2
BRDA:93,7,1,1
BRDA:112,8,0,2
BRDA:112,8,1,1
BRDA:130,9,0,2
BRDA:130,9,1,1
BRDA:131,10,0,1
BRDA:131,10,1,1
BRDA:159,11,0,2
BRDA:159,11,1,1
BRDA:160,12,0,1
BRDA:160,12,1,1
BRDA:175,13,0,9
BRDA:175,13,1,1
BRDA:176,14,0,8
BRDA:176,14,1,1
BRDA:184,15,0,9
BRDA:184,15,1,1
BRDA:192,16,0,10
BRDA:192,16,1,1
BRDA:199,17,0,8
BRDA:199,17,1,0
BRDA:207,18,0,7
BRDA:207,18,1,1
BRDA:215,19,0,6
BRDA:215,19,1,1
BRDA:223,20,0,3
BRDA:223,20,1,1
BRF:40
BRH:37
end_of_record
TN:
SF:/home/peter/Documents/Work/MyBit/MyBit-Network.tech/contracts/ecosystem/AssetGenerator.sol
FN:19,
FN:27,createAsset
FN:43,createTradeableAsset
FN:64,burnRequired
FNF:4
FNH:4
FNDA:1,
FNDA:2,createAsset
FNDA:2,createTradeableAsset
FNDA:4,burnRequired
DA:21,1
DA:31,2
DA:32,1
DA:33,1
DA:34,1
DA:35,1
DA:36,1
DA:37,1
DA:38,1
DA:47,2
DA:48,1
DA:49,1
DA:50,1
DA:51,1
DA:52,1
DA:53,4
DA:55,1
DA:56,1
DA:57,1
DA:58,1
DA:59,1
DA:65,4
DA:66,4
DA:67,4
LF:24
LH:24
BRDA:31,1,0,1
BRDA:31,1,1,1
BRDA:33,2,0,1
BRDA:33,2,1,0
BRDA:47,3,0,1
BRDA:47,3,1,1
BRDA:50,4,0,1
BRDA:50,4,1,0
BRDA:66,5,0,4
BRDA:66,5,1,0
BRF:10
BRH:7
end_of_record
TN:
SF:/home/peter/Documents/Work/MyBit/MyBit-Network.tech/contracts/ecosystem/PlatformFunds.sol
FN:10,
FN:17,setPlatformWallet
FN:25,setPlatformToken
FN:37,onlyOwner
FNF:4
FNH:4
FNDA:9,
FNDA:7,setPlatformWallet
FNDA:9,setPlatformToken
FNDA:18,onlyOwner
DA:12,9
DA:20,7
DA:21,7
DA:28,9
DA:29,9
DA:38,18
DA:39,16
LF:7
LH:7
BRDA:38,1,0,16
BRDA:38,1,1,2
BRF:2
BRH:2
end_of_record
TN:
SF:/home/peter/Documents/Work/MyBit/MyBit-Network.tech/contracts/ecosystem/Staking.sol
FN:18,
FN:24,requestStaking
FN:35,purchaseStake
FN:58,noEmptyBytes
FNF:4
FNH:0
FNDA:0,
FNDA:0,requestStaking
FNDA:0,purchaseStake
FNDA:0,noEmptyBytes
DA:20,0
DA:27,0
DA:28,0
DA:29,0
DA:30,0
DA:31,0
DA:38,0
DA:39,0
DA:40,0
DA:41,0
DA:42,0
DA:43,0
DA:44,0
DA:45,0
DA:46,0
DA:47,0
DA:59,0
DA:60,0
LF:18
LH:0
BRDA:39,1,0,0
BRDA:39,1,1,0
BRDA:44,2,0,0
BRDA:44,2,1,0
BRDA:45,3,0,0
BRDA:45,3,1,0
BRDA:46,4,0,0
BRDA:46,4,1,0
BRDA:59,5,0,0
BRDA:59,5,1,0
BRF:10
BRH:0
end_of_record
TN:
SF:/home/peter/Documents/Work/MyBit/MyBit-Network.tech/contracts/interfaces/ApproveAndCallFallback.sol
FNF:0
FNH:0
LF:0
LH:0
BRF:0
BRH:0
end_of_record
TN:
SF:/home/peter/Documents/Work/MyBit/MyBit-Network.tech/contracts/interfaces/BurnableERC20.sol
FNF:0
FNH:0
LF:0
LH:0
BRF:0
BRH:0
end_of_record
TN:
SF:/home/peter/Documents/Work/MyBit/MyBit-Network.tech/contracts/interfaces/BurnERC20.sol
FNF:0
FNH:0
LF:0
LH:0
BRF:0
BRH:0
end_of_record
TN:
SF:/home/peter/Documents/Work/MyBit/MyBit-Network.tech/contracts/interfaces/DBInterface.sol
FNF:0
FNH:0
LF:0
LH:0
BRF:0
BRH:0
end_of_record
TN:
SF:/home/peter/Documents/Work/MyBit/MyBit-Network.tech/contracts/interfaces/DivToken.sol
FNF:0
FNH:0
LF:0
LH:0
BRF:0
BRH:0
end_of_record
TN:
SF:/home/peter/Documents/Work/MyBit/MyBit-Network.tech/contracts/interfaces/ERC20.sol
FNF:0
FNH:0
LF:0
LH:0
BRF:0
BRH:0
end_of_record
TN:
SF:/home/peter/Documents/Work/MyBit/MyBit-Network.tech/contracts/interfaces/ERC20DividendInterface.sol
FNF:0
FNH:0
LF:0
LH:0
BRF:0
BRH:0
end_of_record
TN:
SF:/home/peter/Documents/Work/MyBit/MyBit-Network.tech/contracts/interfaces/EtherDividendInterface.sol
FNF:0
FNH:0
LF:0
LH:0
BRF:0
BRH:0
end_of_record
TN:
SF:/home/peter/Documents/Work/MyBit/MyBit-Network.tech/contracts/interfaces/GovToken.sol
FNF:0
FNH:0
LF:0
LH:0
BRF:0
BRH:0
end_of_record
TN:
SF:/home/peter/Documents/Work/MyBit/MyBit-Network.tech/contracts/interfaces/PullPayment.sol
FNF:0
FNH:0
LF:0
LH:0
BRF:0
BRH:0
end_of_record
TN:
SF:/home/peter/Documents/Work/MyBit/MyBit-Network.tech/contracts/interfaces/TokenFactoryInterface.sol
FNF:0
FNH:0
LF:0
LH:0
BRF:0
BRH:0
end_of_record
TN:
SF:/home/peter/Documents/Work/MyBit/MyBit-Network.tech/contracts/math/SafeMath.sol
FN:10,mul
FN:20,div
FN:28,sub
FN:34,add
FN:41,getFractionalAmount
FNF:5
FNH:5
FNDA:135,mul
FNDA:95,div
FNDA:447,sub
FNDA:453,add
FNDA:1,getFractionalAmount
DA:11,135
DA:12,26
DA:14,109
DA:15,109
DA:16,108
DA:24,95
DA:29,447
DA:30,443
DA:35,453
DA:36,453
DA:37,452
DA:45,1
LF:12
LH:12
BRDA:11,1,0,26
BRDA:11,1,1,109
BRDA:15,2,0,108
BRDA:15,2,1,1
BRDA:29,3,0,443
BRDA:29,3,1,4
BRDA:36,4,0,452
BRDA:36,4,1,1
BRF:8
BRH:8
end_of_record
TN:
SF:/home/peter/Documents/Work/MyBit/MyBit-Network.tech/contracts/ownership/AssetGovernance.sol
FN:25,
FN:33,voteForExecution
FN:51,unlockToken
FN:71,isConsensusReached
FN:89,lockTokens
FN:106,hasConsensus
FN:112,validAsset
FNF:7
FNH:4
FNDA:1,
FNDA:4,voteForExecution
FNDA:0,unlockToken
FNDA:0,isConsensusReached
FNDA:4,lockTokens
FNDA:0,hasConsensus
FNDA:4,validAsset
DA:27,1
DA:37,4
DA:38,4
DA:39,4
DA:40,4
DA:41,4
DA:42,4
DA:43,3
DA:44,3
DA:45,3
DA:55,0
DA:56,0
DA:57,0
DA:58,0
DA:59,0
DA:60,0
DA:61,0
DA:62,0
DA:63,0
DA:75,0
DA:76,0
DA:77,0
DA:78,0
DA:79,0
DA:92,4
DA:93,4
DA:94,4
DA:95,3
DA:96,3
DA:107,0
DA:108,0
DA:113,4
DA:114,4
LF:33
LH:17
BRDA:42,1,0,3
BRDA:42,1,1,1
BRDA:60,2,0,0
BRDA:60,2,1,0
BRDA:94,3,0,3
BRDA:94,3,1,1
BRDA:107,4,0,0
BRDA:107,4,1,0
BRDA:113,5,0,4
BRDA:113,5,1,0
BRF:10
BRH:5
end_of_record
TN:
SF:/home/peter/Documents/Work/MyBit/MyBit-Network.tech/contracts/ownership/CollectiveOwned.sol
FN:19,
FN:30,addOwner
FN:41,removeOwner
FN:49,setQuorumLevel
FN:59,voteForExecution
FN:74,isQuorumReached
FN:93,onlyOwner
FN:100,isRestricted
FNF:8
FNH:0
FNDA:0,
FNDA:0,addOwner
FNDA:0,removeOwner
FNDA:0,setQuorumLevel
FNDA:0,voteForExecution
FNDA:0,isQuorumReached
FNDA:0,onlyOwner
FNDA:0,isRestricted
DA:21,0
DA:22,0
DA:23,0
DA:24,0
DA:34,0
DA:35,0
DA:36,0
DA:45,0
DA:53,0
DA:54,0
DA:55,0
DA:62,0
DA:63,0
DA:64,0
DA:65,0
DA:66,0
DA:78,0
DA:79,0
DA:80,0
DA:81,0
DA:83,0
DA:94,0
DA:95,0
DA:101,0
DA:102,0
DA:103,0
LF:26
LH:0
BRDA:94,1,0,0
BRDA:94,1,1,0
BRDA:101,2,0,0
BRDA:101,2,1,0
BRF:4
BRH:0
end_of_record
TN:
SF:/home/peter/Documents/Work/MyBit/MyBit-Network.tech/contracts/ownership/Pausible.sol
FN:14,
FN:21,pause
FN:30,unpause
FN:38,onlyOwner
FNF:4
FNH:4
FNDA:4,
FNDA:3,pause
FNDA:3,unpause
FNDA:7,onlyOwner
DA:16,4
DA:24,3
DA:25,3
DA:33,3
DA:34,3
DA:39,7
DA:40,6
LF:7
LH:7
BRDA:39,1,0,6
BRDA:39,1,1,1
BRF:2
BRH:2
end_of_record
TN:
SF:/home/peter/Documents/Work/MyBit/MyBit-Network.tech/contracts/ownership/SingleOwned.sol
FN:13,
FN:18,changeOwner
FN:27,onlyOwner
FNF:3
FNH:3
FNDA:2,
FNDA:1,changeOwner
FNDA:2,onlyOwner
DA:14,2
DA:21,1
DA:22,1
DA:23,1
DA:28,2
DA:29,1
LF:6
LH:6
BRDA:28,1,0,1
BRDA:28,1,1,1
BRF:2
BRH:2
end_of_record
TN:
SF:/home/peter/Documents/Work/MyBit/MyBit-Network.tech/contracts/ownership/TokenGovernance.sol
FN:30,
FN:41,setQuorumLevel
FN:51,voteForExecution
FN:63,unlockTokens
FN:80,lockTokens
FN:95,isQuorumReached
FN:114,isRestricted
FN:122,onlyOwner
FNF:8
FNH:0
FNDA:0,
FNDA:0,setQuorumLevel
FNDA:0,voteForExecution
FNDA:0,unlockTokens
FNDA:0,lockTokens
FNDA:0,isQuorumReached
FNDA:0,isRestricted
FNDA:0,onlyOwner
DA:32,0
DA:33,0
DA:34,0
DA:35,0
DA:36,0
DA:37,0
DA:45,0
DA:46,0
DA:47,0
DA:54,0
DA:55,0
DA:56,0
DA:57,0
DA:58,0
DA:59,0
DA:66,0
DA:67,0
DA:68,0
DA:69,0
DA:70,0
DA:71,0
DA:72,0
DA:83,0
DA:84,0
DA:85,0
DA:86,0
DA:87,0
DA:99,0
DA:100,0
DA:101,0
DA:102,0
DA:104,0
DA:115,0
DA:116,0
DA:118,0
DA:123,0
DA:124,0
LF:37
LH:0
BRDA:56,1,0,0
BRDA:56,1,1,0
BRDA:84,2,0,0
BRDA:84,2,1,0
BRDA:115,3,0,0
BRDA:115,3,1,0
BRDA:123,4,0,0
BRDA:123,4,1,0
BRF:8
BRH:0
end_of_record
TN:
SF:/home/peter/Documents/Work/MyBit/MyBit-Network.tech/contracts/roles/AssetManagerEscrow.sol
FN:20,
FN:27,lockEscrow
FN:44,unlockEscrow
FN:76,becomeAssetManager
FN:98,removeAssetManager
FN:114,hasConsensus
FNF:6
FNH:5
FNDA:3,
FNDA:4,lockEscrow
FNDA:10,unlockEscrow
FNDA:0,becomeAssetManager
FNDA:1,removeAssetManager
FNDA:1,hasConsensus
DA:22,3
DA:30,4
DA:31,3
DA:32,3
DA:33,3
DA:34,3
DA:35,3
DA:36,3
DA:37,3
DA:47,10
DA:48,9
DA:49,8
DA:50,8
DA:51,8
DA:52,8
DA:53,8
DA:55,1
DA:59,7
DA:60,7
DA:61,7
DA:62,7
DA:63,7
DA:65,5
DA:66,5
DA:67,2
DA:69,3
DA:70,3
DA:80,0
DA:81,0
DA:82,0
DA:83,0
DA:84,0
DA:85,0
DA:86,0
DA:88,0
DA:89,0
DA:101,1
DA:102,1
DA:103,1
DA:104,1
DA:115,1
DA:116,1
DA:117,1
DA:118,0
LF:44
LH:34
BRDA:30,1,0,3
BRDA:30,1,1,1
BRDA:33,2,0,3
BRDA:33,2,1,0
BRDA:47,3,0,9
BRDA:47,3,1,1
BRDA:48,4,0,8
BRDA:48,4,1,1
BRDA:53,5,0,1
BRDA:53,5,1,7
BRDA:55,6,0,1
BRDA:55,6,1,0
BRDA:63,7,0,5
BRDA:63,7,1,2
BRDA:66,8,0,2
BRDA:66,8,1,3
BRDA:69,9,0,3
BRDA:69,9,1,0
BRDA:81,10,0,0
BRDA:81,10,1,0
BRDA:85,11,0,0
BRDA:85,11,1,0
BRDA:86,12,0,0
BRDA:86,12,1,0
BRDA:86,13,0,0
BRDA:86,13,1,0
BRDA:87,14,0,0
BRDA:87,14,1,0
BRDA:88,15,0,0
BRDA:88,15,1,0
BRDA:117,16,0,0
BRDA:117,16,1,1
BRF:32
BRH:16
end_of_record
TN:
SF:/home/peter/Documents/Work/MyBit/MyBit-Network.tech/contracts/roles/AssetManagerFunds.sol
FN:23,
FN:28,withdraw
FN:56,retrieveAssetManagerTokens
FN:89,retrieveAssetManagerETH
FN:109,containsAddress
FN:119,
FNF:6
FNH:5
FNDA:2,
FNDA:0,withdraw
FNDA:1,retrieveAssetManagerTokens
FNDA:1,retrieveAssetManagerETH
FNDA:1,containsAddress
FNDA:1,
DA:25,2
DA:31,0
DA:32,0
DA:33,0
DA:34,0
DA:35,0
DA:36,0
DA:37,0
DA:38,0
DA:39,0
DA:40,0
DA:41,0
DA:42,0
DA:43,0
DA:46,0
DA:47,0
DA:48,0
DA:49,0
DA:50,0
DA:51,0
DA:53,0
DA:59,1
DA:60,1
DA:61,1
DA:62,1
DA:63,1
DA:64,1
DA:65,1
DA:66,1
DA:67,1
DA:68,1
DA:69,1
DA:70,1
DA:71,1
DA:72,1
DA:74,1
DA:75,1
DA:76,1
DA:78,1
DA:79,1
DA:82,1
DA:83,1
DA:85,1
DA:92,1
DA:93,1
DA:94,1
DA:95,1
DA:96,1
DA:97,1
DA:98,1
DA:99,1
DA:100,1
DA:101,1
DA:102,1
DA:103,1
DA:105,1
DA:106,1
DA:113,1
DA:114,1
DA:116,1
LF:60
LH:40
BRDA:31,1,0,0
BRDA:31,1,1,0
BRDA:33,2,0,0
BRDA:33,2,1,0
BRDA:36,3,0,0
BRDA:36,3,1,0
BRDA:39,4,0,0
BRDA:39,4,1,0
BRDA:41,5,0,0
BRDA:41,5,1,0
BRDA:42,6,0,0
BRDA:42,6,1,0
BRDA:47,7,0,0
BRDA:47,7,1,0
BRDA:49,8,0,0
BRDA:49,8,1,0
BRDA:50,9,0,0
BRDA:50,9,1,0
BRDA:59,10,0,1
BRDA:59,10,1,0
BRDA:64,11,0,1
BRDA:64,11,1,0
BRDA:66,12,0,1
BRDA:66,12,1,0
BRDA:68,13,0,1
BRDA:68,13,1,0
BRDA:72,14,0,0
BRDA:72,14,1,1
BRDA:78,15,0,1
BRDA:78,15,1,0
BRDA:79,16,0,1
BRDA:79,16,1,0
BRDA:83,17,0,1
BRDA:83,17,1,0
BRDA:92,18,0,1
BRDA:92,18,1,0
BRDA:95,19,0,1
BRDA:95,19,1,0
BRDA:99,20,0,1
BRDA:99,20,1,0
BRDA:101,21,0,1
BRDA:101,21,1,0
BRDA:102,22,0,1
BRDA:102,22,1,0
BRDA:114,23,0,0
BRDA:114,23,1,1
BRF:46
BRH:14
end_of_record
TN:
SF:/home/peter/Documents/Work/MyBit/MyBit-Network.tech/contracts/roles/Operators.sol
FN:10,
FN:16,registerOperator
FN:28,removeOperator
FN:37,changeOperatorAddress
FN:48,acceptERC20Token
FN:57,acceptEther
FN:70,onlyOwner
FN:76,onlyOperator
FNF:8
FNH:8
FNDA:8,
FNDA:10,registerOperator
FNDA:3,removeOperator
FNDA:3,changeOperatorAddress
FNDA:2,acceptERC20Token
FNDA:3,acceptEther
FNDA:14,onlyOwner
FNDA:5,onlyOperator
DA:11,8
DA:19,10
DA:20,10
DA:21,10
DA:22,9
DA:23,9
DA:24,9
DA:31,3
DA:32,3
DA:39,3
DA:40,3
DA:41,2
DA:42,1
DA:43,1
DA:44,1
DA:52,2
DA:53,2
DA:61,3
DA:62,3
DA:71,14
DA:72,13
DA:77,5
DA:78,5
LF:23
LH:23
BRDA:19,1,0,10
BRDA:19,1,1,0
BRDA:21,2,0,9
BRDA:21,2,1,1
BRDA:40,3,0,2
BRDA:40,3,1,1
BRDA:41,4,0,1
BRDA:41,4,1,1
BRDA:71,5,0,13
BRDA:71,5,1,1
BRDA:77,6,0,5
BRDA:77,6,1,0
BRF:12
BRH:10
end_of_record
TN:
SF:/home/peter/Documents/Work/MyBit/MyBit-Network.tech/contracts/test/ApproveAndCallTest.sol
FN:4,receiveApproval
FNF:1
FNH:1
FNDA:2,receiveApproval
DA:6,2
LF:1
LH:1
BRF:0
BRH:0
end_of_record
TN:
SF:/home/peter/Documents/Work/MyBit/MyBit-Network.tech/contracts/test/HashFunctions.sol
FN:5,toBytes
FN:15,getMethodID
FN:22,getAssetID
FN:29,getOrderID
FN:36,getFunctionInitiatorHash
FN:43,uintHash
FN:50,getStakingID
FN:57,stringHash
FN:64,addressHash
FN:72,contractHash
FN:79,stringAddress
FN:86,stringString
FN:93,stringBytes
FN:100,stringUint
FN:107,stringBytesAddress
FN:114,addressUintUint
FN:122,getAuthorizeHash
FN:129,uintUint
FN:137,uintUintUint
FN:144,currentTime
FN:151,nullBytes
FN:158,nullAddress
FN:165,
FNF:23
FNH:5
FNDA:0,toBytes
FNDA:0,getMethodID
FNDA:8,getAssetID
FNDA:0,getOrderID
FNDA:1,getFunctionInitiatorHash
FNDA:0,uintHash
FNDA:0,getStakingID
FNDA:0,stringHash
FNDA:1,addressHash
FNDA:0,contractHash
FNDA:8,stringAddress
FNDA:0,stringString
FNDA:21,stringBytes
FNDA:0,stringUint
FNDA:0,stringBytesAddress
FNDA:0,addressUintUint
FNDA:0,getAuthorizeHash
FNDA:0,uintUint
FNDA:0,uintUintUint
FNDA:0,currentTime
FNDA:0,nullBytes
FNDA:0,nullAddress
FNDA:0,
DA:9,0
DA:10,0
DA:19,0
DA:26,8
DA:33,0
DA:40,1
DA:47,0
DA:54,0
DA:61,0
DA:68,1
DA:76,0
DA:83,8
DA:90,0
DA:97,21
DA:104,0
DA:111,0
DA:118,0
DA:126,0
DA:133,0
DA:141,0
DA:148,0
DA:155,0
DA:162,0
DA:167,0
LF:24
LH:5
BRF:0
BRH:0
end_of_record
TN:
SF:/home/peter/Documents/Work/MyBit/MyBit-Network.tech/contracts/test/SafeMathWrapper.sol
FN:9,multiply
FN:13,divide
FN:17,subtract
FN:21,addto
FN:25,fraction
FNF:5
FNH:5
FNDA:3,multiply
FNDA:1,divide
FNDA:2,subtract
FNDA:2,addto
FNDA:1,fraction
DA:10,3
DA:14,1
DA:18,2
DA:22,2
DA:26,1
LF:5
LH:5
BRF:0
BRH:0
end_of_record
TN:
SF:/home/peter/Documents/Work/MyBit/MyBit-Network.tech/contracts/test/TestBurner.sol
FN:13,
FN:19,burnTokensManualFee
FN:25,burnTokens
FN:33,getMethodID
FNF:4
FNH:4
FNDA:1,
FNDA:4,burnTokensManualFee
FNDA:2,burnTokens
FNDA:1,getMethodID
DA:15,1
DA:16,1
DA:21,4
DA:27,2
DA:28,2
DA:29,2
DA:30,1
DA:37,1
LF:8
LH:8
BRDA:21,1,0,1
BRDA:21,1,1,3
BRDA:29,2,0,1
BRDA:29,2,1,1
BRF:4
BRH:4
end_of_record
TN:
SF:/home/peter/Documents/Work/MyBit/MyBit-Network.tech/contracts/test/WithdrawTest.sol
FN:7,withdraw
FN:17,deposit
FNF:2
FNH:1
FNDA:0,withdraw
FNDA:1,deposit
DA:10,0
DA:11,0
DA:12,0
DA:13,0
DA:14,0
DA:20,1
DA:21,1
LF:7
LH:2
BRF:0
BRH:0
end_of_record
TN:
SF:/home/peter/Documents/Work/MyBit/MyBit-Network.tech/contracts/tokens/distribution/EqualDistribution.sol
FN:22,
FN:31,getFunds
FN:39,withdraw
FN:51,
FN:63,isBeneficiary
FNF:5
FNH:2
FNDA:1,
FNDA:0,getFunds
FNDA:0,withdraw
FNDA:0,
FNDA:2,isBeneficiary
DA:24,1
DA:25,1
DA:34,0
DA:35,0
DA:42,0
DA:43,0
DA:44,0
DA:45,0
DA:46,0
DA:47,0
DA:54,0
DA:67,2
DA:68,5
DA:70,1
LF:14
LH:5
BRDA:24,1,0,1
BRDA:24,1,1,0
BRDA:68,2,0,1
BRDA:68,2,1,4
BRF:4
BRH:3
end_of_record
TN:
SF:/home/peter/Documents/Work/MyBit/MyBit-Network.tech/contracts/tokens/distribution/FixedDistribution.sol
FN:15,
FNF:1
FNH:1
FNDA:2,
DA:17,2
DA:18,2
DA:19,2
DA:20,2
DA:21,6
DA:22,6
DA:24,2
LF:7
LH:7
BRDA:17,1,0,2
BRDA:17,1,1,0
BRF:2
BRH:1
end_of_record
TN:
SF:/home/peter/Documents/Work/MyBit/MyBit-Network.tech/contracts/tokens/distribution/MintableDistribution.sol
FN:19,
FN:28,mint
FN:40,finishMinting
FN:55,canMint
FNF:4
FNH:4
FNDA:1,
FNDA:2,mint
FNDA:1,finishMinting
FNDA:4,canMint
DA:21,1
DA:22,1
DA:32,2
DA:33,2
DA:34,2
DA:35,2
DA:44,1
DA:45,1
DA:46,1
DA:56,4
DA:57,3
LF:11
LH:11
BRDA:56,1,0,3
BRDA:56,1,1,1
BRF:2
BRH:2
end_of_record
TN:
SF:/home/peter/Documents/Work/MyBit/MyBit-Network.tech/contracts/tokens/distribution/StandardDistribution.sol
FN:31,withdraw
FN:52,issueDividends
FN:61,
FN:74,getTokenValue
FN:83,getUnclaimedAmount
FN:90,totalSupply
FN:94,balanceOf
FN:104,updateclaimableIncome
FNF:8
FNH:8
FNDA:4,withdraw
FNDA:1,issueDividends
FNDA:2,
FNDA:5,getTokenValue
FNDA:1,getUnclaimedAmount
FNDA:1,totalSupply
FNDA:7,balanceOf
FNDA:4,updateclaimableIncome
DA:35,4
DA:36,4
DA:37,4
DA:38,4
DA:55,1
DA:56,1
DA:57,1
DA:64,2
DA:65,2
DA:66,2
DA:78,5
DA:79,5
DA:87,1
DA:91,1
DA:95,7
DA:105,4
DA:106,4
DA:107,4
LF:18
LH:18
BRF:0
BRH:0
end_of_record
TN:
SF:/home/peter/Documents/Work/MyBit/MyBit-Network.tech/contracts/tokens/erc20/BurnableToken.sol
FN:24,
FN:38,transfer
FN:58,approve
FN:72,transferFrom
FN:92,increaseApproval
FN:110,decreaseApproval
FN:130,burn
FN:144,burnFrom
FN:160,totalSupply
FN:169,balanceOf
FN:180,allowance
FNF:11
FNH:11
FNDA:12,
FNDA:202,transfer
FNDA:155,approve
FNDA:16,transferFrom
FNDA:1,increaseApproval
FNDA:2,decreaseApproval
FNDA:1,burn
FNDA:30,burnFrom
FNDA:2,totalSupply
FNDA:197,balanceOf
FNDA:5,allowance
DA:26,12
DA:27,12
DA:28,12
DA:29,12
DA:41,202
DA:42,201
DA:43,199
DA:44,199
DA:45,199
DA:46,199
DA:61,155
DA:62,155
DA:63,155
DA:75,16
DA:76,15
DA:77,14
DA:78,14
DA:79,13
DA:80,13
DA:95,1
DA:97,1
DA:98,1
DA:113,2
DA:114,2
DA:115,1
DA:118,1
DA:120,2
DA:121,2
DA:133,1
DA:134,1
DA:135,1
DA:136,1
DA:137,1
DA:147,30
DA:148,30
DA:149,29
DA:150,29
DA:151,29
DA:152,29
DA:161,2
DA:170,197
DA:184,5
LF:42
LH:42
BRDA:41,1,0,201
BRDA:41,1,1,1
BRDA:42,2,0,199
BRDA:42,2,1,2
BRDA:75,3,0,15
BRDA:75,3,1,1
BRDA:114,4,0,1
BRDA:114,4,1,1
BRF:8
BRH:8
end_of_record
TN:
SF:/home/peter/Documents/Work/MyBit/MyBit-Network.tech/contracts/tokens/erc20/DividendToken.sol
FN:24,
FN:32,transfer
FN:47,transferFrom
FN:61,approveAndCall
FN:73,withdraw
FN:85,issueDividends
FN:96,getERC20
FN:104,
FN:118,collectLatestPayments
FN:127,getAmountOwed
FN:140,updateIncomeClaimed
FNF:11
FNH:10
FNDA:9,
FNDA:4,transfer
FNDA:6,transferFrom
FNDA:1,approveAndCall
FNDA:10,withdraw
FNDA:6,issueDividends
FNDA:0,getERC20
FNDA:4,
FNDA:36,collectLatestPayments
FNDA:4,getAmountOwed
FNDA:32,updateIncomeClaimed
DA:37,4
DA:38,3
DA:39,1
DA:52,6
DA:53,5
DA:54,3
DA:66,1
DA:67,1
DA:68,1
DA:69,1
DA:77,10
DA:78,10
DA:79,10
DA:80,10
DA:81,10
DA:89,6
DA:90,6
DA:91,6
DA:92,6
DA:100,0
DA:107,4
DA:108,4
DA:109,4
DA:122,36
DA:123,36
DA:131,4
DA:141,32
DA:142,32
DA:143,32
LF:29
LH:28
BRDA:37,1,0,3
BRDA:37,1,1,1
BRDA:52,2,0,5
BRDA:52,2,1,1
BRF:4
BRH:4
end_of_record
TN:
SF:/home/peter/Documents/Work/MyBit/MyBit-Network.tech/contracts/tokens/erc20/DividendTokenERC20.sol
FN:30,
FN:36,transfer
FN:47,transferFrom
FN:61,approveAndCall
FN:72,issueDividends
FN:84,withdraw
FN:99,checkForTransfers
FN:118,collectLatestPayments
FN:127,getAmountOwed
FN:134,getERC20
FN:147,updateIncomeClaimed
FNF:11
FNH:11
FNDA:4,
FNDA:3,transfer
FNDA:3,transferFrom
FNDA:1,approveAndCall
FNDA:6,issueDividends
FNDA:10,withdraw
FNDA:2,checkForTransfers
FNDA:28,collectLatestPayments
FNDA:4,getAmountOwed
FNDA:2,getERC20
FNDA:24,updateIncomeClaimed
DA:32,4
DA:41,3
DA:42,2
DA:43,1
DA:52,3
DA:53,2
DA:54,1
DA:66,1
DA:67,1
DA:68,1
DA:69,1
DA:75,6
DA:76,5
DA:77,5
DA:78,5
DA:79,5
DA:80,5
DA:88,10
DA:89,10
DA:90,10
DA:91,10
DA:92,10
DA:93,10
DA:101,2
DA:102,2
DA:103,2
DA:104,2
DA:106,1
DA:107,1
DA:109,2
DA:122,28
DA:123,28
DA:131,4
DA:138,2
DA:148,24
DA:149,24
DA:150,24
LF:37
LH:37
BRDA:41,1,0,2
BRDA:41,1,1,1
BRDA:52,2,0,2
BRDA:52,2,1,1
BRDA:75,3,0,5
BRDA:75,3,1,1
BRDA:76,4,0,5
BRDA:76,4,1,0
BRDA:91,5,0,10
BRDA:91,5,1,0
BRDA:104,6,0,1
BRDA:104,6,1,1
BRF:12
BRH:10
end_of_record
TN:
SF:/home/peter/Documents/Work/MyBit/MyBit-Network.tech/contracts/tokens/erc20/GovernedToken.sol
FN:24,
FN:31,transfer
FN:40,transferFrom
FN:49,getAmountAvailable
FNF:4
FNH:3
FNDA:1,
FNDA:1,transfer
FNDA:0,transferFrom
FNDA:1,getAmountAvailable
DA:27,1
DA:34,1
DA:35,0
DA:36,0
DA:43,0
DA:44,0
DA:45,0
DA:53,1
DA:54,1
DA:55,1
DA:56,1
DA:57,1
LF:12
LH:7
BRDA:34,1,0,0
BRDA:34,1,1,1
BRDA:43,2,0,0
BRDA:43,2,1,0
BRF:4
BRH:1
end_of_record
TN:
SF:/home/peter/Documents/Work/MyBit/MyBit-Network.tech/contracts/tokens/erc20/GovernedTokenERC20.sol
FN:25,
FN:32,transfer
FN:41,transferFrom
FN:50,getAmountAvailable
FNF:4
FNH:0
FNDA:0,
FNDA:0,transfer
FNDA:0,transferFrom
FNDA:0,getAmountAvailable
DA:28,0
DA:35,0
DA:36,0
DA:37,0
DA:44,0
DA:45,0
DA:46,0
DA:54,0
DA:55,0
DA:56,0
DA:57,0
DA:58,0
LF:12
LH:0
BRDA:35,1,0,0
BRDA:35,1,1,0
BRDA:44,2,0,0
BRDA:44,2,1,0
BRF:4
BRH:0
end_of_record
TN:
SF:/home/peter/Documents/Work/MyBit/MyBit-Network.tech/contracts/tokens/erc20/MintableToken.sol
FN:19,
FN:30,mint
FN:42,finishMinting
FN:51,getTokenURI
FN:59,canMint
FNF:5
FNH:5
FNDA:13,
FNDA:37,mint
FNDA:4,finishMinting
FNDA:2,getTokenURI
FNDA:42,canMint
DA:21,13
DA:22,13
DA:23,13
DA:34,37
DA:35,37
DA:36,37
DA:37,37
DA:38,37
DA:46,4
DA:47,4
DA:48,4
DA:55,2
DA:60,42
DA:61,41
LF:14
LH:14
BRDA:60,1,0,41
BRDA:60,1,1,1
BRF:2
BRH:2
end_of_record
TN:
SF:/home/peter/Documents/Work/MyBit/MyBit-Network.tech/contracts/tokens/erc20/StandardToken.sol
FN:30,allowance
FN:42,transfer
FN:60,approve
FN:72,transferFrom
FN:94,increaseApproval
FN:116,decreaseApproval
FN:134,totalSupply
FN:143,balanceOf
FNF:8
FNH:8
FNDA:17,allowance
FNDA:5,transfer
FNDA:11,approve
FNDA:7,transferFrom
FNDA:1,increaseApproval
FNDA:2,decreaseApproval
FNDA:26,totalSupply
FNDA:49,balanceOf
DA:34,17
DA:43,5
DA:44,3
DA:45,2
DA:46,2
DA:47,2
DA:48,2
DA:61,11
DA:62,11
DA:63,11
DA:75,7
DA:76,6
DA:77,5
DA:78,4
DA:79,4
DA:80,4
DA:81,4
DA:82,4
DA:101,1
DA:103,1
DA:104,1
DA:119,2
DA:120,2
DA:121,1
DA:124,1
DA:126,2
DA:127,2
DA:135,26
DA:144,49
LF:29
LH:29
BRDA:43,1,0,3
BRDA:43,1,1,2
BRDA:44,2,0,2
BRDA:44,2,1,1
BRDA:75,3,0,6
BRDA:75,3,1,1
BRDA:76,4,0,5
BRDA:76,4,1,1
BRDA:77,5,0,4
BRDA:77,5,1,1
BRDA:120,6,0,1
BRDA:120,6,1,1
BRF:12
BRH:12
end_of_record
