{"contracts/Asset.sol":{"l":{"21":0,"35":0,"36":0,"37":0,"38":0,"39":0,"40":0,"41":0,"55":0,"56":0,"57":0,"58":0,"59":0,"60":0,"61":0,"62":0,"63":0,"64":0,"65":0,"66":0,"67":0,"68":0,"69":0,"72":0,"73":0,"75":0,"85":0,"86":0,"87":0,"88":0,"89":0,"90":0,"105":0,"106":0,"107":0,"108":0,"109":0,"110":0,"111":0,"112":0,"113":0,"114":0,"115":0,"116":0,"117":0,"118":0,"127":0,"128":0,"129":0,"130":0,"131":0,"132":0,"136":0,"137":0,"141":0,"142":0,"143":0,"144":0,"149":0,"150":0,"155":0,"156":0,"160":0,"161":0,"165":0,"166":0,"170":0,"171":0,"173":0,"177":0,"178":0,"182":0},"path":"/home/rabbit/Documents/myBit/New/Work/Marhc/coverage/contracts/Asset.sol","s":{"1":0,"2":0,"3":0,"4":0,"5":0,"6":0,"7":0,"8":0,"9":0,"10":0,"11":0,"12":0,"13":0,"14":0,"15":0,"16":0,"17":0,"18":0,"19":0,"20":0,"21":0,"22":0,"23":0,"24":0,"25":0,"26":0,"27":0,"28":0,"29":0,"30":0,"31":0,"32":0,"33":0,"34":0,"35":0,"36":0,"37":0,"38":0,"39":0,"40":0,"41":0,"42":0,"43":0,"44":0,"45":0,"46":0,"47":0,"48":0,"49":0,"50":0,"51":0,"52":0,"53":0,"54":0},"b":{"1":[0,0],"2":[0,0],"3":[0,0],"4":[0,0],"5":[0,0],"6":[0,0],"7":[0,0],"8":[0,0],"9":[0,0],"10":[0,0],"11":[0,0],"12":[0,0],"13":[0,0],"14":[0,0],"15":[0,0],"16":[0,0],"17":[0,0],"18":[0,0],"19":[0,0]},"f":{"1":0,"2":0,"3":0,"4":0,"5":0,"6":0,"7":0,"8":0,"9":0,"10":0,"11":0,"12":0,"13":0,"14":0,"15":0},"fnMap":{"1":{"name":"Asset","line":19,"loc":{"start":{"line":19,"column":2},"end":{"line":20,"column":10}}},"2":{"name":"receiveIncome","line":29,"loc":{"start":{"line":29,"column":2},"end":{"line":34,"column":19}}},"3":{"name":"withdraw","line":49,"loc":{"start":{"line":49,"column":2},"end":{"line":54,"column":17}}},"4":{"name":"getAmountOwed","line":81,"loc":{"start":{"line":81,"column":2},"end":{"line":84,"column":17}}},"5":{"name":"tradeOwnershipUnits","line":99,"loc":{"start":{"line":99,"column":2},"end":{"line":104,"column":18}}},"6":{"name":"destroy","line":124,"loc":{"start":{"line":124,"column":2},"end":{"line":126,"column":10}}},"7":{"name":"onlyExchange","line":135,"loc":{"start":{"line":135,"column":2},"end":{"line":135,"column":25}}},"8":{"name":"nonReentrant","line":140,"loc":{"start":{"line":140,"column":2},"end":{"line":140,"column":25}}},"9":{"name":"atStage","line":148,"loc":{"start":{"line":148,"column":2},"end":{"line":148,"column":49}}},"10":{"name":"onlyApproved","line":154,"loc":{"start":{"line":154,"column":2},"end":{"line":154,"column":43}}},"11":{"name":"whenNotPaused","line":159,"loc":{"start":{"line":159,"column":2},"end":{"line":159,"column":24}}},"12":{"name":"requiresEther","line":164,"loc":{"start":{"line":164,"column":2},"end":{"line":164,"column":26}}},"13":{"name":"mustHaveAddressSet","line":169,"loc":{"start":{"line":169,"column":2},"end":{"line":169,"column":42}}},"14":{"name":"anyOwner","line":176,"loc":{"start":{"line":176,"column":2},"end":{"line":176,"column":19}}},"15":{"name":null,"line":181,"loc":{"start":{"line":181,"column":2},"end":{"line":181,"column":20}}}},"statementMap":{"1":{"start":{"line":21,"column":4},"end":{"line":21,"column":33}},"2":{"start":{"line":35,"column":4},"end":{"line":35,"column":82}},"3":{"start":{"line":36,"column":4},"end":{"line":36,"column":111}},"4":{"start":{"line":39,"column":4},"end":{"line":39,"column":53}},"5":{"start":{"line":40,"column":4},"end":{"line":40,"column":39}},"6":{"start":{"line":41,"column":4},"end":{"line":41,"column":15}},"7":{"start":{"line":55,"column":4},"end":{"line":55,"column":96}},"8":{"start":{"line":56,"column":4},"end":{"line":56,"column":31}},"9":{"start":{"line":57,"column":4},"end":{"line":57,"column":80}},"10":{"start":{"line":58,"column":4},"end":{"line":58,"column":92}},"11":{"start":{"line":59,"column":4},"end":{"line":59,"column":102}},"12":{"start":{"line":60,"column":4},"end":{"line":60,"column":82}},"13":{"start":{"line":61,"column":4},"end":{"line":61,"column":94}},"14":{"start":{"line":62,"column":4},"end":{"line":62,"column":24}},"15":{"start":{"line":63,"column":4},"end":{"line":63,"column":47}},"16":{"start":{"line":66,"column":4},"end":{"line":66,"column":2928}},"17":{"start":{"line":67,"column":6},"end":{"line":67,"column":100}},"18":{"start":{"line":69,"column":6},"end":{"line":69,"column":98}},"19":{"start":{"line":73,"column":6},"end":{"line":73,"column":60}},"20":{"start":{"line":75,"column":4},"end":{"line":75,"column":15}},"21":{"start":{"line":85,"column":4},"end":{"line":85,"column":91}},"22":{"start":{"line":86,"column":4},"end":{"line":86,"column":41}},"23":{"start":{"line":86,"column":31},"end":{"line":86,"column":39}},"24":{"start":{"line":87,"column":4},"end":{"line":87,"column":80}},"25":{"start":{"line":88,"column":4},"end":{"line":88,"column":97}},"26":{"start":{"line":89,"column":4},"end":{"line":89,"column":82}},"27":{"start":{"line":90,"column":4},"end":{"line":90,"column":85}},"28":{"start":{"line":105,"column":4},"end":{"line":105,"column":89}},"29":{"start":{"line":106,"column":4},"end":{"line":106,"column":47}},"30":{"start":{"line":107,"column":4},"end":{"line":107,"column":95}},"31":{"start":{"line":108,"column":4},"end":{"line":108,"column":41}},"32":{"start":{"line":109,"column":4},"end":{"line":109,"column":91}},"33":{"start":{"line":110,"column":4},"end":{"line":110,"column":96}},"34":{"start":{"line":111,"column":4},"end":{"line":111,"column":92}},"35":{"start":{"line":112,"column":4},"end":{"line":112,"column":87}},"36":{"start":{"line":117,"column":4},"end":{"line":117,"column":62}},"37":{"start":{"line":118,"column":4},"end":{"line":118,"column":15}},"38":{"start":{"line":127,"column":4},"end":{"line":127,"column":44}},"39":{"start":{"line":128,"column":4},"end":{"line":128,"column":100}},"40":{"start":{"line":129,"column":4},"end":{"line":129,"column":46}},"41":{"start":{"line":131,"column":4},"end":{"line":131,"column":60}},"42":{"start":{"line":132,"column":4},"end":{"line":132,"column":32}},"43":{"start":{"line":136,"column":6},"end":{"line":136,"column":91}},"44":{"start":{"line":141,"column":4},"end":{"line":141,"column":27}},"45":{"start":{"line":142,"column":4},"end":{"line":142,"column":24}},"46":{"start":{"line":144,"column":4},"end":{"line":144,"column":25}},"47":{"start":{"line":149,"column":4},"end":{"line":149,"column":79}},"48":{"start":{"line":155,"column":4},"end":{"line":155,"column":85}},"49":{"start":{"line":160,"column":4},"end":{"line":160,"column":59}},"50":{"start":{"line":165,"column":4},"end":{"line":165,"column":25}},"51":{"start":{"line":170,"column":4},"end":{"line":170,"column":7563}},"52":{"start":{"line":171,"column":6},"end":{"line":171,"column":95}},"53":{"start":{"line":177,"column":4},"end":{"line":177,"column":64}},"54":{"start":{"line":182,"column":4},"end":{"line":182,"column":11}}},"branchMap":{"1":{"line":56,"type":"if","locations":[{"start":{"line":56,"column":4},"end":{"line":56,"column":4}},{"start":{"line":56,"column":4},"end":{"line":56,"column":4}}]},"2":{"line":62,"type":"if","locations":[{"start":{"line":62,"column":4},"end":{"line":62,"column":4}},{"start":{"line":62,"column":4},"end":{"line":62,"column":4}}]},"3":{"line":63,"type":"if","locations":[{"start":{"line":63,"column":4},"end":{"line":63,"column":4}},{"start":{"line":63,"column":4},"end":{"line":63,"column":4}}]},"4":{"line":66,"type":"if","locations":[{"start":{"line":66,"column":4},"end":{"line":66,"column":4}},{"start":{"line":66,"column":4},"end":{"line":66,"column":4}}]},"5":{"line":86,"type":"if","locations":[{"start":{"line":86,"column":4},"end":{"line":86,"column":4}},{"start":{"line":86,"column":4},"end":{"line":86,"column":4}}]},"6":{"line":105,"type":"if","locations":[{"start":{"line":105,"column":4},"end":{"line":105,"column":4}},{"start":{"line":105,"column":4},"end":{"line":105,"column":4}}]},"7":{"line":106,"type":"if","locations":[{"start":{"line":106,"column":4},"end":{"line":106,"column":4}},{"start":{"line":106,"column":4},"end":{"line":106,"column":4}}]},"8":{"line":108,"type":"if","locations":[{"start":{"line":108,"column":4},"end":{"line":108,"column":4}},{"start":{"line":108,"column":4},"end":{"line":108,"column":4}}]},"9":{"line":127,"type":"if","locations":[{"start":{"line":127,"column":4},"end":{"line":127,"column":4}},{"start":{"line":127,"column":4},"end":{"line":127,"column":4}}]},"10":{"line":129,"type":"if","locations":[{"start":{"line":129,"column":4},"end":{"line":129,"column":4}},{"start":{"line":129,"column":4},"end":{"line":129,"column":4}}]},"11":{"line":136,"type":"if","locations":[{"start":{"line":136,"column":6},"end":{"line":136,"column":6}},{"start":{"line":136,"column":6},"end":{"line":136,"column":6}}]},"12":{"line":141,"type":"if","locations":[{"start":{"line":141,"column":4},"end":{"line":141,"column":4}},{"start":{"line":141,"column":4},"end":{"line":141,"column":4}}]},"13":{"line":149,"type":"if","locations":[{"start":{"line":149,"column":4},"end":{"line":149,"column":4}},{"start":{"line":149,"column":4},"end":{"line":149,"column":4}}]},"14":{"line":155,"type":"if","locations":[{"start":{"line":155,"column":4},"end":{"line":155,"column":4}},{"start":{"line":155,"column":4},"end":{"line":155,"column":4}}]},"15":{"line":160,"type":"if","locations":[{"start":{"line":160,"column":4},"end":{"line":160,"column":4}},{"start":{"line":160,"column":4},"end":{"line":160,"column":4}}]},"16":{"line":165,"type":"if","locations":[{"start":{"line":165,"column":4},"end":{"line":165,"column":4}},{"start":{"line":165,"column":4},"end":{"line":165,"column":4}}]},"17":{"line":170,"type":"if","locations":[{"start":{"line":170,"column":4},"end":{"line":170,"column":4}},{"start":{"line":170,"column":4},"end":{"line":170,"column":4}}]},"18":{"line":171,"type":"if","locations":[{"start":{"line":171,"column":6},"end":{"line":171,"column":6}},{"start":{"line":171,"column":6},"end":{"line":171,"column":6}}]},"19":{"line":177,"type":"if","locations":[{"start":{"line":177,"column":4},"end":{"line":177,"column":4}},{"start":{"line":177,"column":4},"end":{"line":177,"column":4}}]}}},"contracts/AssetCreation.sol":{"l":{"16":0,"32":0,"33":0,"34":0,"35":0,"36":0,"37":0,"38":0,"39":0,"40":0,"41":0,"42":0,"43":0,"44":0,"45":0,"53":0,"54":0,"56":0,"57":0,"58":0,"59":0,"60":0,"61":0,"62":0,"63":0,"64":0,"65":0,"66":0,"78":0,"79":0,"80":0,"81":0,"82":0,"83":0,"84":0,"85":0,"95":0,"96":0,"97":0,"109":0,"110":0,"111":0,"112":0,"113":0,"114":0,"115":0,"116":0,"117":0,"126":0,"127":0,"128":0,"129":0,"130":0,"131":0,"135":0,"136":0,"140":0,"141":0,"145":0,"146":0,"150":0,"151":0,"155":0,"156":0,"157":0,"158":0,"162":0,"163":0},"path":"/home/rabbit/Documents/myBit/New/Work/Marhc/coverage/contracts/AssetCreation.sol","s":{"1":0,"2":0,"3":0,"4":0,"5":0,"6":0,"7":0,"8":0,"9":0,"10":0,"11":0,"12":0,"13":0,"14":0,"15":0,"16":0,"17":0,"18":0,"19":0,"20":0,"21":0,"22":0,"23":0,"24":0,"25":0,"26":0,"27":0,"28":0,"29":0,"30":0,"31":0,"32":0,"33":0,"34":0,"35":0,"36":0,"37":0,"38":0,"39":0,"40":0,"41":0,"42":0,"43":0,"44":0,"45":0,"46":0},"b":{"1":[0,0],"2":[0,0],"3":[0,0],"4":[0,0],"5":[0,0],"6":[0,0],"7":[0,0],"8":[0,0],"9":[0,0],"10":[0,0],"11":[0,0],"12":[0,0],"13":[0,0],"14":[0,0],"15":[0,0],"16":[0,0],"17":[0,0],"18":[0,0],"19":[0,0],"20":[0,0],"21":[0,0],"22":[0,0]},"f":{"1":0,"2":0,"3":0,"4":0,"5":0,"6":0,"7":0,"8":0,"9":0,"10":0,"11":0,"12":0,"13":0},"fnMap":{"1":{"name":"AssetCreation","line":14,"loc":{"start":{"line":14,"column":2},"end":{"line":15,"column":11}}},"2":{"name":"newAsset","line":24,"loc":{"start":{"line":24,"column":2},"end":{"line":31,"column":17}}},"3":{"name":"lockAssetEscrow","line":49,"loc":{"start":{"line":49,"column":2},"end":{"line":52,"column":18}}},"4":{"name":"removeAsset","line":72,"loc":{"start":{"line":72,"column":2},"end":{"line":77,"column":17}}},"5":{"name":"changeFundingTime","line":90,"loc":{"start":{"line":90,"column":2},"end":{"line":94,"column":18}}},"6":{"name":"changeFundingPercentages","line":102,"loc":{"start":{"line":102,"column":2},"end":{"line":108,"column":18}}},"7":{"name":"destroy","line":123,"loc":{"start":{"line":123,"column":2},"end":{"line":125,"column":10}}},"8":{"name":"whenNotPaused","line":134,"loc":{"start":{"line":134,"column":2},"end":{"line":134,"column":24}}},"9":{"name":"noEmptyBytes","line":139,"loc":{"start":{"line":139,"column":2},"end":{"line":139,"column":38}}},"10":{"name":"notZero","line":144,"loc":{"start":{"line":144,"column":2},"end":{"line":144,"column":30}}},"11":{"name":"anyOwner","line":149,"loc":{"start":{"line":149,"column":2},"end":{"line":149,"column":19}}},"12":{"name":"nonReentrant","line":154,"loc":{"start":{"line":154,"column":2},"end":{"line":154,"column":25}}},"13":{"name":"priceUpdated","line":161,"loc":{"start":{"line":161,"column":2},"end":{"line":161,"column":23}}}},"statementMap":{"1":{"start":{"line":16,"column":6},"end":{"line":16,"column":35}},"2":{"start":{"line":32,"column":4},"end":{"line":32,"column":80}},"3":{"start":{"line":33,"column":4},"end":{"line":33,"column":42}},"4":{"start":{"line":34,"column":4},"end":{"line":34,"column":80}},"5":{"start":{"line":35,"column":4},"end":{"line":35,"column":76}},"6":{"start":{"line":36,"column":4},"end":{"line":36,"column":56}},"7":{"start":{"line":37,"column":4},"end":{"line":37,"column":91}},"8":{"start":{"line":43,"column":4},"end":{"line":43,"column":58}},"9":{"start":{"line":44,"column":4},"end":{"line":44,"column":59}},"10":{"start":{"line":45,"column":4},"end":{"line":45,"column":15}},"11":{"start":{"line":53,"column":4},"end":{"line":53,"column":90}},"12":{"start":{"line":54,"column":4},"end":{"line":54,"column":65}},"13":{"start":{"line":56,"column":4},"end":{"line":56,"column":68}},"14":{"start":{"line":57,"column":4},"end":{"line":57,"column":62}},"15":{"start":{"line":58,"column":4},"end":{"line":58,"column":39}},"16":{"start":{"line":60,"column":4},"end":{"line":60,"column":92}},"17":{"start":{"line":61,"column":4},"end":{"line":61,"column":120}},"18":{"start":{"line":65,"column":4},"end":{"line":65,"column":62}},"19":{"start":{"line":66,"column":4},"end":{"line":66,"column":15}},"20":{"start":{"line":78,"column":4},"end":{"line":78,"column":42}},"21":{"start":{"line":79,"column":4},"end":{"line":79,"column":79}},"22":{"start":{"line":80,"column":4},"end":{"line":80,"column":83}},"23":{"start":{"line":81,"column":4},"end":{"line":81,"column":46}},"24":{"start":{"line":84,"column":4},"end":{"line":84,"column":57}},"25":{"start":{"line":85,"column":4},"end":{"line":85,"column":15}},"26":{"start":{"line":95,"column":4},"end":{"line":95,"column":40}},"27":{"start":{"line":96,"column":4},"end":{"line":96,"column":78}},"28":{"start":{"line":97,"column":4},"end":{"line":97,"column":15}},"29":{"start":{"line":109,"column":4},"end":{"line":109,"column":171}},"30":{"start":{"line":110,"column":4},"end":{"line":110,"column":46}},"31":{"start":{"line":111,"column":4},"end":{"line":111,"column":99}},"32":{"start":{"line":116,"column":4},"end":{"line":116,"column":104}},"33":{"start":{"line":117,"column":4},"end":{"line":117,"column":15}},"34":{"start":{"line":126,"column":4},"end":{"line":126,"column":44}},"35":{"start":{"line":127,"column":4},"end":{"line":127,"column":100}},"36":{"start":{"line":128,"column":4},"end":{"line":128,"column":46}},"37":{"start":{"line":130,"column":4},"end":{"line":130,"column":60}},"38":{"start":{"line":131,"column":4},"end":{"line":131,"column":32}},"39":{"start":{"line":135,"column":4},"end":{"line":135,"column":59}},"40":{"start":{"line":140,"column":4},"end":{"line":140,"column":31}},"41":{"start":{"line":145,"column":4},"end":{"line":145,"column":22}},"42":{"start":{"line":150,"column":4},"end":{"line":150,"column":64}},"43":{"start":{"line":155,"column":4},"end":{"line":155,"column":27}},"44":{"start":{"line":156,"column":4},"end":{"line":156,"column":24}},"45":{"start":{"line":158,"column":4},"end":{"line":158,"column":25}},"46":{"start":{"line":162,"column":4},"end":{"line":162,"column":75}}},"branchMap":{"1":{"line":32,"type":"if","locations":[{"start":{"line":32,"column":4},"end":{"line":32,"column":4}},{"start":{"line":32,"column":4},"end":{"line":32,"column":4}}]},"2":{"line":33,"type":"if","locations":[{"start":{"line":33,"column":4},"end":{"line":33,"column":4}},{"start":{"line":33,"column":4},"end":{"line":33,"column":4}}]},"3":{"line":34,"type":"if","locations":[{"start":{"line":34,"column":4},"end":{"line":34,"column":4}},{"start":{"line":34,"column":4},"end":{"line":34,"column":4}}]},"4":{"line":35,"type":"if","locations":[{"start":{"line":35,"column":4},"end":{"line":35,"column":4}},{"start":{"line":35,"column":4},"end":{"line":35,"column":4}}]},"5":{"line":36,"type":"if","locations":[{"start":{"line":36,"column":4},"end":{"line":36,"column":4}},{"start":{"line":36,"column":4},"end":{"line":36,"column":4}}]},"6":{"line":37,"type":"if","locations":[{"start":{"line":37,"column":4},"end":{"line":37,"column":4}},{"start":{"line":37,"column":4},"end":{"line":37,"column":4}}]},"7":{"line":53,"type":"if","locations":[{"start":{"line":53,"column":4},"end":{"line":53,"column":4}},{"start":{"line":53,"column":4},"end":{"line":53,"column":4}}]},"8":{"line":58,"type":"if","locations":[{"start":{"line":58,"column":4},"end":{"line":58,"column":4}},{"start":{"line":58,"column":4},"end":{"line":58,"column":4}}]},"9":{"line":61,"type":"if","locations":[{"start":{"line":61,"column":4},"end":{"line":61,"column":4}},{"start":{"line":61,"column":4},"end":{"line":61,"column":4}}]},"10":{"line":78,"type":"if","locations":[{"start":{"line":78,"column":4},"end":{"line":78,"column":4}},{"start":{"line":78,"column":4},"end":{"line":78,"column":4}}]},"11":{"line":79,"type":"if","locations":[{"start":{"line":79,"column":4},"end":{"line":79,"column":4}},{"start":{"line":79,"column":4},"end":{"line":79,"column":4}}]},"12":{"line":81,"type":"if","locations":[{"start":{"line":81,"column":4},"end":{"line":81,"column":4}},{"start":{"line":81,"column":4},"end":{"line":81,"column":4}}]},"13":{"line":110,"type":"if","locations":[{"start":{"line":110,"column":4},"end":{"line":110,"column":4}},{"start":{"line":110,"column":4},"end":{"line":110,"column":4}}]},"14":{"line":111,"type":"if","locations":[{"start":{"line":111,"column":4},"end":{"line":111,"column":4}},{"start":{"line":111,"column":4},"end":{"line":111,"column":4}}]},"15":{"line":126,"type":"if","locations":[{"start":{"line":126,"column":4},"end":{"line":126,"column":4}},{"start":{"line":126,"column":4},"end":{"line":126,"column":4}}]},"16":{"line":128,"type":"if","locations":[{"start":{"line":128,"column":4},"end":{"line":128,"column":4}},{"start":{"line":128,"column":4},"end":{"line":128,"column":4}}]},"17":{"line":135,"type":"if","locations":[{"start":{"line":135,"column":4},"end":{"line":135,"column":4}},{"start":{"line":135,"column":4},"end":{"line":135,"column":4}}]},"18":{"line":140,"type":"if","locations":[{"start":{"line":140,"column":4},"end":{"line":140,"column":4}},{"start":{"line":140,"column":4},"end":{"line":140,"column":4}}]},"19":{"line":145,"type":"if","locations":[{"start":{"line":145,"column":4},"end":{"line":145,"column":4}},{"start":{"line":145,"column":4},"end":{"line":145,"column":4}}]},"20":{"line":150,"type":"if","locations":[{"start":{"line":150,"column":4},"end":{"line":150,"column":4}},{"start":{"line":150,"column":4},"end":{"line":150,"column":4}}]},"21":{"line":155,"type":"if","locations":[{"start":{"line":155,"column":4},"end":{"line":155,"column":4}},{"start":{"line":155,"column":4},"end":{"line":155,"column":4}}]},"22":{"line":162,"type":"if","locations":[{"start":{"line":162,"column":4},"end":{"line":162,"column":4}},{"start":{"line":162,"column":4},"end":{"line":162,"column":4}}]}}},"contracts/AssetExchange.sol":{"l":{"23":0,"37":0,"38":0,"39":0,"40":0,"41":0,"42":0,"43":0,"44":0,"54":0,"55":0,"56":0,"57":0,"58":0,"59":0,"60":0,"61":0,"73":0,"74":0,"75":0,"76":0,"77":0,"78":0,"79":0,"80":0,"93":0,"94":0,"95":0,"96":0,"97":0,"106":0,"107":0,"108":0,"109":0,"110":0,"111":0,"113":0,"114":0,"124":0,"125":0,"126":0,"127":0,"133":0,"134":0,"135":0,"136":0,"141":0,"146":0,"147":0,"148":0,"153":0,"154":0,"158":0,"159":0,"164":0,"165":0,"169":0,"170":0,"174":0,"175":0,"179":0,"180":0,"181":0,"182":0,"186":0,"187":0},"path":"/home/rabbit/Documents/myBit/New/Work/Marhc/coverage/contracts/AssetExchange.sol","s":{"1":0,"2":0,"3":0,"4":0,"5":0,"6":0,"7":0,"8":0,"9":0,"10":0,"11":0,"12":0,"13":0,"14":0,"15":0,"16":0,"17":0,"18":0,"19":0,"20":0,"21":0,"22":0,"23":0,"24":0,"25":0,"26":0,"27":0,"28":0,"29":0,"30":0,"31":0,"32":0,"33":0,"34":0,"35":0,"36":0,"37":0,"38":0,"39":0,"40":0,"41":0,"42":0,"43":0,"44":0,"45":0,"46":0,"47":0,"48":0,"49":0,"50":0,"51":0,"52":0,"53":0,"54":0},"b":{"1":[0,0],"2":[0,0],"3":[0,0],"4":[0,0],"5":[0,0],"6":[0,0],"7":[0,0],"8":[0,0],"9":[0,0],"10":[0,0],"11":[0,0],"12":[0,0],"13":[0,0],"14":[0,0],"15":[0,0],"16":[0,0],"17":[0,0],"18":[0,0],"19":[0,0],"20":[0,0]},"f":{"1":0,"2":0,"3":0,"4":0,"5":0,"6":0,"7":0,"8":0,"9":0,"10":0,"11":0,"12":0,"13":0,"14":0,"15":0,"16":0,"17":0},"fnMap":{"1":{"name":"AssetExchange","line":21,"loc":{"start":{"line":21,"column":2},"end":{"line":22,"column":10}}},"2":{"name":"buyAsset","line":30,"loc":{"start":{"line":30,"column":2},"end":{"line":36,"column":17}}},"3":{"name":"sellAsset","line":48,"loc":{"start":{"line":48,"column":2},"end":{"line":53,"column":17}}},"4":{"name":"createBuyOrder","line":64,"loc":{"start":{"line":64,"column":2},"end":{"line":72,"column":18}}},"5":{"name":"createSellOrder","line":84,"loc":{"start":{"line":84,"column":2},"end":{"line":91,"column":18}}},"6":{"name":"deleteOrder","line":101,"loc":{"start":{"line":101,"column":2},"end":{"line":105,"column":18}}},"7":{"name":"withdraw","line":118,"loc":{"start":{"line":118,"column":2},"end":{"line":123,"column":17}}},"8":{"name":"destroy","line":130,"loc":{"start":{"line":130,"column":2},"end":{"line":132,"column":10}}},"9":{"name":null,"line":139,"loc":{"start":{"line":139,"column":2},"end":{"line":140,"column":12}}},"10":{"name":"validAsset","line":145,"loc":{"start":{"line":145,"column":2},"end":{"line":145,"column":39}}},"11":{"name":"hasEnoughOwnership","line":152,"loc":{"start":{"line":152,"column":2},"end":{"line":152,"column":72}}},"12":{"name":"aboveZero","line":157,"loc":{"start":{"line":157,"column":2},"end":{"line":157,"column":47}}},"13":{"name":"onlyApproved","line":163,"loc":{"start":{"line":163,"column":2},"end":{"line":163,"column":23}}},"14":{"name":"whenNotPaused","line":168,"loc":{"start":{"line":168,"column":2},"end":{"line":168,"column":24}}},"15":{"name":"requiresEther","line":173,"loc":{"start":{"line":173,"column":2},"end":{"line":173,"column":26}}},"16":{"name":"nonReentrant","line":178,"loc":{"start":{"line":178,"column":2},"end":{"line":178,"column":25}}},"17":{"name":"anyOwner","line":185,"loc":{"start":{"line":185,"column":2},"end":{"line":185,"column":19}}}},"statementMap":{"1":{"start":{"line":23,"column":4},"end":{"line":23,"column":33}},"2":{"start":{"line":37,"column":4},"end":{"line":37,"column":75}},"3":{"start":{"line":38,"column":4},"end":{"line":38,"column":38}},"4":{"start":{"line":39,"column":4},"end":{"line":39,"column":46}},"5":{"start":{"line":40,"column":4},"end":{"line":40,"column":134}},"6":{"start":{"line":41,"column":4},"end":{"line":41,"column":53}},"7":{"start":{"line":43,"column":4},"end":{"line":43,"column":57}},"8":{"start":{"line":44,"column":4},"end":{"line":44,"column":15}},"9":{"start":{"line":54,"column":4},"end":{"line":54,"column":73}},"10":{"start":{"line":55,"column":4},"end":{"line":55,"column":37}},"11":{"start":{"line":56,"column":4},"end":{"line":56,"column":133}},"12":{"start":{"line":57,"column":4},"end":{"line":57,"column":71}},"13":{"start":{"line":58,"column":4},"end":{"line":58,"column":69}},"14":{"start":{"line":60,"column":4},"end":{"line":60,"column":56}},"15":{"start":{"line":61,"column":4},"end":{"line":61,"column":15}},"16":{"start":{"line":73,"column":4},"end":{"line":73,"column":44}},"17":{"start":{"line":74,"column":4},"end":{"line":74,"column":75}},"18":{"start":{"line":75,"column":4},"end":{"line":75,"column":40}},"19":{"start":{"line":76,"column":4},"end":{"line":76,"column":37}},"20":{"start":{"line":77,"column":4},"end":{"line":77,"column":69}},"21":{"start":{"line":78,"column":4},"end":{"line":78,"column":52}},"22":{"start":{"line":79,"column":4},"end":{"line":79,"column":47}},"23":{"start":{"line":80,"column":4},"end":{"line":80,"column":15}},"24":{"start":{"line":93,"column":4},"end":{"line":93,"column":76}},"25":{"start":{"line":94,"column":4},"end":{"line":94,"column":37}},"26":{"start":{"line":95,"column":4},"end":{"line":95,"column":53}},"27":{"start":{"line":96,"column":4},"end":{"line":96,"column":48}},"28":{"start":{"line":97,"column":4},"end":{"line":97,"column":15}},"29":{"start":{"line":106,"column":4},"end":{"line":106,"column":80}},"30":{"start":{"line":107,"column":4},"end":{"line":107,"column":39}},"31":{"start":{"line":108,"column":4},"end":{"line":108,"column":3906}},"32":{"start":{"line":109,"column":6},"end":{"line":109,"column":43}},"33":{"start":{"line":110,"column":6},"end":{"line":110,"column":73}},"34":{"start":{"line":111,"column":6},"end":{"line":111,"column":63}},"35":{"start":{"line":114,"column":4},"end":{"line":114,"column":15}},"36":{"start":{"line":124,"column":4},"end":{"line":124,"column":34}},"37":{"start":{"line":125,"column":4},"end":{"line":125,"column":26}},"38":{"start":{"line":127,"column":4},"end":{"line":127,"column":15}},"39":{"start":{"line":133,"column":4},"end":{"line":133,"column":44}},"40":{"start":{"line":134,"column":4},"end":{"line":134,"column":108}},"41":{"start":{"line":135,"column":4},"end":{"line":135,"column":60}},"42":{"start":{"line":136,"column":4},"end":{"line":136,"column":32}},"43":{"start":{"line":141,"column":4},"end":{"line":141,"column":11}},"44":{"start":{"line":146,"column":4},"end":{"line":146,"column":35}},"45":{"start":{"line":147,"column":4},"end":{"line":147,"column":75}},"46":{"start":{"line":153,"column":4},"end":{"line":153,"column":105}},"47":{"start":{"line":158,"column":4},"end":{"line":158,"column":35}},"48":{"start":{"line":164,"column":4},"end":{"line":164,"column":80}},"49":{"start":{"line":169,"column":4},"end":{"line":169,"column":59}},"50":{"start":{"line":174,"column":4},"end":{"line":174,"column":25}},"51":{"start":{"line":179,"column":4},"end":{"line":179,"column":27}},"52":{"start":{"line":180,"column":4},"end":{"line":180,"column":24}},"53":{"start":{"line":182,"column":4},"end":{"line":182,"column":25}},"54":{"start":{"line":186,"column":4},"end":{"line":186,"column":64}}},"branchMap":{"1":{"line":38,"type":"if","locations":[{"start":{"line":38,"column":4},"end":{"line":38,"column":4}},{"start":{"line":38,"column":4},"end":{"line":38,"column":4}}]},"2":{"line":39,"type":"if","locations":[{"start":{"line":39,"column":4},"end":{"line":39,"column":4}},{"start":{"line":39,"column":4},"end":{"line":39,"column":4}}]},"3":{"line":40,"type":"if","locations":[{"start":{"line":40,"column":4},"end":{"line":40,"column":4}},{"start":{"line":40,"column":4},"end":{"line":40,"column":4}}]},"4":{"line":55,"type":"if","locations":[{"start":{"line":55,"column":4},"end":{"line":55,"column":4}},{"start":{"line":55,"column":4},"end":{"line":55,"column":4}}]},"5":{"line":56,"type":"if","locations":[{"start":{"line":56,"column":4},"end":{"line":56,"column":4}},{"start":{"line":56,"column":4},"end":{"line":56,"column":4}}]},"6":{"line":73,"type":"if","locations":[{"start":{"line":73,"column":4},"end":{"line":73,"column":4}},{"start":{"line":73,"column":4},"end":{"line":73,"column":4}}]},"7":{"line":75,"type":"if","locations":[{"start":{"line":75,"column":4},"end":{"line":75,"column":4}},{"start":{"line":75,"column":4},"end":{"line":75,"column":4}}]},"8":{"line":107,"type":"if","locations":[{"start":{"line":107,"column":4},"end":{"line":107,"column":4}},{"start":{"line":107,"column":4},"end":{"line":107,"column":4}}]},"9":{"line":108,"type":"if","locations":[{"start":{"line":108,"column":4},"end":{"line":108,"column":4}},{"start":{"line":108,"column":4},"end":{"line":108,"column":4}}]},"10":{"line":133,"type":"if","locations":[{"start":{"line":133,"column":4},"end":{"line":133,"column":4}},{"start":{"line":133,"column":4},"end":{"line":133,"column":4}}]},"11":{"line":134,"type":"if","locations":[{"start":{"line":134,"column":4},"end":{"line":134,"column":4}},{"start":{"line":134,"column":4},"end":{"line":134,"column":4}}]},"12":{"line":146,"type":"if","locations":[{"start":{"line":146,"column":4},"end":{"line":146,"column":4}},{"start":{"line":146,"column":4},"end":{"line":146,"column":4}}]},"13":{"line":147,"type":"if","locations":[{"start":{"line":147,"column":4},"end":{"line":147,"column":4}},{"start":{"line":147,"column":4},"end":{"line":147,"column":4}}]},"14":{"line":153,"type":"if","locations":[{"start":{"line":153,"column":4},"end":{"line":153,"column":4}},{"start":{"line":153,"column":4},"end":{"line":153,"column":4}}]},"15":{"line":158,"type":"if","locations":[{"start":{"line":158,"column":4},"end":{"line":158,"column":4}},{"start":{"line":158,"column":4},"end":{"line":158,"column":4}}]},"16":{"line":164,"type":"if","locations":[{"start":{"line":164,"column":4},"end":{"line":164,"column":4}},{"start":{"line":164,"column":4},"end":{"line":164,"column":4}}]},"17":{"line":169,"type":"if","locations":[{"start":{"line":169,"column":4},"end":{"line":169,"column":4}},{"start":{"line":169,"column":4},"end":{"line":169,"column":4}}]},"18":{"line":174,"type":"if","locations":[{"start":{"line":174,"column":4},"end":{"line":174,"column":4}},{"start":{"line":174,"column":4},"end":{"line":174,"column":4}}]},"19":{"line":179,"type":"if","locations":[{"start":{"line":179,"column":4},"end":{"line":179,"column":4}},{"start":{"line":179,"column":4},"end":{"line":179,"column":4}}]},"20":{"line":186,"type":"if","locations":[{"start":{"line":186,"column":4},"end":{"line":186,"column":4}},{"start":{"line":186,"column":4},"end":{"line":186,"column":4}}]}}},"contracts/ContractManager.sol":{"l":{"14":0,"21":0,"33":0,"34":0,"35":0,"36":0,"37":0,"38":0,"39":0,"40":0,"51":0,"52":0,"53":0,"54":0,"55":0,"56":0,"57":0,"70":0,"71":0,"72":0,"73":0,"74":0,"75":0,"76":0,"77":0,"84":0,"88":0,"89":0,"93":0,"94":0,"98":0,"99":0,"103":0,"104":0,"105":0},"path":"/home/rabbit/Documents/myBit/New/Work/Marhc/coverage/contracts/ContractManager.sol","s":{"1":0,"2":0,"3":0,"4":0,"5":0,"6":0,"7":0,"8":0,"9":0,"10":0,"11":0,"12":0,"13":0,"14":0,"15":0,"16":0,"17":0,"18":0,"19":0,"20":0},"b":{"1":[0,0],"2":[0,0],"3":[0,0],"4":[0,0],"5":[0,0],"6":[0,0],"7":[0,0],"8":[0,0],"9":[0,0],"10":[0,0],"11":[0,0],"12":[0,0]},"f":{"1":0,"2":0,"3":0,"4":0,"5":0,"6":0,"7":0,"8":0,"9":0,"10":0},"fnMap":{"1":{"name":"ContractManager","line":11,"loc":{"start":{"line":11,"column":2},"end":{"line":13,"column":29}}},"2":{"name":"setDeployFinished","line":18,"loc":{"start":{"line":18,"column":2},"end":{"line":20,"column":12}}},"3":{"name":"addContract","line":28,"loc":{"start":{"line":28,"column":2},"end":{"line":32,"column":12}}},"4":{"name":"removeContract","line":46,"loc":{"start":{"line":46,"column":2},"end":{"line":50,"column":12}}},"5":{"name":"updateContract","line":65,"loc":{"start":{"line":65,"column":2},"end":{"line":69,"column":12}}},"6":{"name":"contractExists","line":80,"loc":{"start":{"line":80,"column":2},"end":{"line":83,"column":17}}},"7":{"name":"anyOwner","line":87,"loc":{"start":{"line":87,"column":2},"end":{"line":87,"column":19}}},"8":{"name":"noEmptyAddress","line":92,"loc":{"start":{"line":92,"column":2},"end":{"line":92,"column":44}}},"9":{"name":"noEmptyString","line":97,"loc":{"start":{"line":97,"column":2},"end":{"line":97,"column":38}}},"10":{"name":"multiSigRequired","line":102,"loc":{"start":{"line":102,"column":2},"end":{"line":102,"column":85}}}},"statementMap":{"1":{"start":{"line":14,"column":4},"end":{"line":14,"column":33}},"2":{"start":{"line":33,"column":4},"end":{"line":33,"column":41}},"3":{"start":{"line":34,"column":4},"end":{"line":34,"column":172}},"4":{"start":{"line":35,"column":4},"end":{"line":35,"column":45}},"5":{"start":{"line":36,"column":4},"end":{"line":36,"column":79}},"6":{"start":{"line":40,"column":4},"end":{"line":40,"column":58}},"7":{"start":{"line":51,"column":4},"end":{"line":51,"column":102}},"8":{"start":{"line":52,"column":4},"end":{"line":52,"column":83}},"9":{"start":{"line":53,"column":4},"end":{"line":53,"column":44}},"10":{"start":{"line":57,"column":4},"end":{"line":57,"column":60}},"11":{"start":{"line":70,"column":4},"end":{"line":70,"column":77}},"12":{"start":{"line":71,"column":4},"end":{"line":71,"column":39}},"13":{"start":{"line":76,"column":4},"end":{"line":76,"column":54}},"14":{"start":{"line":77,"column":4},"end":{"line":77,"column":67}},"15":{"start":{"line":84,"column":4},"end":{"line":84,"column":65}},"16":{"start":{"line":88,"column":4},"end":{"line":88,"column":64}},"17":{"start":{"line":93,"column":4},"end":{"line":93,"column":35}},"18":{"start":{"line":98,"column":4},"end":{"line":98,"column":36}},"19":{"start":{"line":103,"column":4},"end":{"line":103,"column":33}},"20":{"start":{"line":104,"column":4},"end":{"line":104,"column":84}}},"branchMap":{"1":{"line":33,"type":"if","locations":[{"start":{"line":33,"column":4},"end":{"line":33,"column":4}},{"start":{"line":33,"column":4},"end":{"line":33,"column":4}}]},"2":{"line":34,"type":"if","locations":[{"start":{"line":34,"column":4},"end":{"line":34,"column":4}},{"start":{"line":34,"column":4},"end":{"line":34,"column":4}}]},"3":{"line":35,"type":"if","locations":[{"start":{"line":35,"column":4},"end":{"line":35,"column":4}},{"start":{"line":35,"column":4},"end":{"line":35,"column":4}}]},"4":{"line":36,"type":"if","locations":[{"start":{"line":36,"column":4},"end":{"line":36,"column":4}},{"start":{"line":36,"column":4},"end":{"line":36,"column":4}}]},"5":{"line":51,"type":"if","locations":[{"start":{"line":51,"column":4},"end":{"line":51,"column":4}},{"start":{"line":51,"column":4},"end":{"line":51,"column":4}}]},"6":{"line":53,"type":"if","locations":[{"start":{"line":53,"column":4},"end":{"line":53,"column":4}},{"start":{"line":53,"column":4},"end":{"line":53,"column":4}}]},"7":{"line":71,"type":"if","locations":[{"start":{"line":71,"column":4},"end":{"line":71,"column":4}},{"start":{"line":71,"column":4},"end":{"line":71,"column":4}}]},"8":{"line":88,"type":"if","locations":[{"start":{"line":88,"column":4},"end":{"line":88,"column":4}},{"start":{"line":88,"column":4},"end":{"line":88,"column":4}}]},"9":{"line":93,"type":"if","locations":[{"start":{"line":93,"column":4},"end":{"line":93,"column":4}},{"start":{"line":93,"column":4},"end":{"line":93,"column":4}}]},"10":{"line":98,"type":"if","locations":[{"start":{"line":98,"column":4},"end":{"line":98,"column":4}},{"start":{"line":98,"column":4},"end":{"line":98,"column":4}}]},"11":{"line":103,"type":"if","locations":[{"start":{"line":103,"column":4},"end":{"line":103,"column":4}},{"start":{"line":103,"column":4},"end":{"line":103,"column":4}}]},"12":{"line":104,"type":"if","locations":[{"start":{"line":104,"column":4},"end":{"line":104,"column":4}},{"start":{"line":104,"column":4},"end":{"line":104,"column":4}}]}}},"contracts/FundingHub.sol":{"l":{"22":0,"38":0,"39":0,"40":0,"42":0,"43":0,"44":0,"45":0,"46":0,"59":0,"60":0,"61":0,"62":0,"63":0,"64":0,"65":0,"66":0,"67":0,"68":0,"69":0,"70":0,"80":0,"81":0,"82":0,"93":0,"94":0,"95":0,"96":0,"97":0,"98":0,"99":0,"100":0,"108":0,"109":0,"110":0,"111":0,"119":0,"120":0,"125":0,"126":0,"130":0,"131":0,"132":0,"133":0,"138":0,"139":0,"144":0,"145":0,"151":0,"152":0,"153":0,"154":0,"155":0,"157":0,"158":0,"159":0,"160":0,"161":0,"166":0,"167":0,"172":0,"173":0,"178":0,"179":0,"184":0},"path":"/home/rabbit/Documents/myBit/New/Work/Marhc/coverage/contracts/FundingHub.sol","s":{"1":0,"2":0,"3":0,"4":0,"5":0,"6":0,"7":0,"8":0,"9":0,"10":0,"11":0,"12":0,"13":0,"14":0,"15":0,"16":0,"17":0,"18":0,"19":0,"20":0,"21":0,"22":0,"23":0,"24":0,"25":0,"26":0,"27":0,"28":0,"29":0,"30":0,"31":0,"32":0,"33":0,"34":0,"35":0,"36":0,"37":0,"38":0,"39":0,"40":0,"41":0,"42":0,"43":0,"44":0},"b":{"1":[0,0],"2":[0,0],"3":[0,0],"4":[0,0],"5":[0,0],"6":[0,0],"7":[0,0],"8":[0,0],"9":[0,0],"10":[0,0],"11":[0,0],"12":[0,0],"13":[0,0],"14":[0,0],"15":[0,0]},"f":{"1":0,"2":0,"3":0,"4":0,"5":0,"6":0,"7":0,"8":0,"9":0,"10":0,"11":0,"12":0,"13":0,"14":0,"15":0,"16":0},"fnMap":{"1":{"name":"FundingHub","line":20,"loc":{"start":{"line":20,"column":2},"end":{"line":21,"column":10}}},"2":{"name":"fund","line":28,"loc":{"start":{"line":28,"column":2},"end":{"line":37,"column":18}}},"3":{"name":"payout","line":53,"loc":{"start":{"line":53,"column":2},"end":{"line":58,"column":18}}},"4":{"name":"initiateRefund","line":75,"loc":{"start":{"line":75,"column":2},"end":{"line":79,"column":18}}},"5":{"name":"refund","line":87,"loc":{"start":{"line":87,"column":2},"end":{"line":92,"column":18}}},"6":{"name":"destroy","line":105,"loc":{"start":{"line":105,"column":2},"end":{"line":107,"column":10}}},"7":{"name":"anyOwner","line":118,"loc":{"start":{"line":118,"column":2},"end":{"line":118,"column":19}}},"8":{"name":"whenNotPaused","line":124,"loc":{"start":{"line":124,"column":2},"end":{"line":124,"column":24}}},"9":{"name":"nonReentrant","line":129,"loc":{"start":{"line":129,"column":2},"end":{"line":129,"column":25}}},"10":{"name":"requiresEther","line":137,"loc":{"start":{"line":137,"column":2},"end":{"line":137,"column":26}}},"11":{"name":"onlyApproved","line":143,"loc":{"start":{"line":143,"column":2},"end":{"line":143,"column":22}}},"12":{"name":"fundingLimit","line":150,"loc":{"start":{"line":150,"column":2},"end":{"line":150,"column":64}}},"13":{"name":"priceUpdated","line":165,"loc":{"start":{"line":165,"column":2},"end":{"line":165,"column":39}}},"14":{"name":"atStage","line":171,"loc":{"start":{"line":171,"column":2},"end":{"line":171,"column":49}}},"15":{"name":"fundingPeriodOver","line":177,"loc":{"start":{"line":177,"column":2},"end":{"line":177,"column":46}}},"16":{"name":null,"line":182,"loc":{"start":{"line":182,"column":2},"end":{"line":183,"column":10}}}},"statementMap":{"1":{"start":{"line":22,"column":6},"end":{"line":22,"column":35}},"2":{"start":{"line":38,"column":4},"end":{"line":38,"column":96}},"3":{"start":{"line":39,"column":4},"end":{"line":39,"column":1349}},"4":{"start":{"line":40,"column":6},"end":{"line":40,"column":46}},"5":{"start":{"line":42,"column":4},"end":{"line":42,"column":80}},"6":{"start":{"line":45,"column":4},"end":{"line":45,"column":57}},"7":{"start":{"line":46,"column":4},"end":{"line":46,"column":15}},"8":{"start":{"line":59,"column":4},"end":{"line":59,"column":80}},"9":{"start":{"line":60,"column":4},"end":{"line":60,"column":116}},"10":{"start":{"line":61,"column":4},"end":{"line":61,"column":118}},"11":{"start":{"line":62,"column":4},"end":{"line":62,"column":114}},"12":{"start":{"line":63,"column":4},"end":{"line":63,"column":83}},"13":{"start":{"line":64,"column":4},"end":{"line":64,"column":103}},"14":{"start":{"line":69,"column":4},"end":{"line":69,"column":55}},"15":{"start":{"line":70,"column":4},"end":{"line":70,"column":15}},"16":{"start":{"line":81,"column":4},"end":{"line":81,"column":110}},"17":{"start":{"line":82,"column":4},"end":{"line":82,"column":15}},"18":{"start":{"line":93,"column":4},"end":{"line":93,"column":96}},"19":{"start":{"line":94,"column":4},"end":{"line":94,"column":31}},"20":{"start":{"line":96,"column":4},"end":{"line":96,"column":80}},"21":{"start":{"line":99,"column":4},"end":{"line":99,"column":57}},"22":{"start":{"line":100,"column":4},"end":{"line":100,"column":15}},"23":{"start":{"line":108,"column":4},"end":{"line":108,"column":44}},"24":{"start":{"line":109,"column":4},"end":{"line":109,"column":108}},"25":{"start":{"line":110,"column":4},"end":{"line":110,"column":60}},"26":{"start":{"line":111,"column":4},"end":{"line":111,"column":32}},"27":{"start":{"line":119,"column":4},"end":{"line":119,"column":64}},"28":{"start":{"line":125,"column":4},"end":{"line":125,"column":59}},"29":{"start":{"line":130,"column":4},"end":{"line":130,"column":27}},"30":{"start":{"line":131,"column":4},"end":{"line":131,"column":24}},"31":{"start":{"line":133,"column":4},"end":{"line":133,"column":25}},"32":{"start":{"line":138,"column":4},"end":{"line":138,"column":25}},"33":{"start":{"line":144,"column":4},"end":{"line":144,"column":80}},"34":{"start":{"line":151,"column":4},"end":{"line":151,"column":79}},"35":{"start":{"line":153,"column":4},"end":{"line":153,"column":96}},"36":{"start":{"line":154,"column":4},"end":{"line":154,"column":88}},"37":{"start":{"line":155,"column":4},"end":{"line":155,"column":74}},"38":{"start":{"line":157,"column":4},"end":{"line":157,"column":47}},"39":{"start":{"line":158,"column":4},"end":{"line":158,"column":7000}},"40":{"start":{"line":160,"column":7},"end":{"line":160,"column":73}},"41":{"start":{"line":166,"column":4},"end":{"line":166,"column":138}},"42":{"start":{"line":172,"column":4},"end":{"line":172,"column":79}},"43":{"start":{"line":178,"column":4},"end":{"line":178,"column":79}},"44":{"start":{"line":184,"column":4},"end":{"line":184,"column":11}}},"branchMap":{"1":{"line":39,"type":"if","locations":[{"start":{"line":39,"column":4},"end":{"line":39,"column":4}},{"start":{"line":39,"column":4},"end":{"line":39,"column":4}}]},"2":{"line":63,"type":"if","locations":[{"start":{"line":63,"column":4},"end":{"line":63,"column":4}},{"start":{"line":63,"column":4},"end":{"line":63,"column":4}}]},"3":{"line":94,"type":"if","locations":[{"start":{"line":94,"column":4},"end":{"line":94,"column":4}},{"start":{"line":94,"column":4},"end":{"line":94,"column":4}}]},"4":{"line":108,"type":"if","locations":[{"start":{"line":108,"column":4},"end":{"line":108,"column":4}},{"start":{"line":108,"column":4},"end":{"line":108,"column":4}}]},"5":{"line":109,"type":"if","locations":[{"start":{"line":109,"column":4},"end":{"line":109,"column":4}},{"start":{"line":109,"column":4},"end":{"line":109,"column":4}}]},"6":{"line":119,"type":"if","locations":[{"start":{"line":119,"column":4},"end":{"line":119,"column":4}},{"start":{"line":119,"column":4},"end":{"line":119,"column":4}}]},"7":{"line":125,"type":"if","locations":[{"start":{"line":125,"column":4},"end":{"line":125,"column":4}},{"start":{"line":125,"column":4},"end":{"line":125,"column":4}}]},"8":{"line":130,"type":"if","locations":[{"start":{"line":130,"column":4},"end":{"line":130,"column":4}},{"start":{"line":130,"column":4},"end":{"line":130,"column":4}}]},"9":{"line":138,"type":"if","locations":[{"start":{"line":138,"column":4},"end":{"line":138,"column":4}},{"start":{"line":138,"column":4},"end":{"line":138,"column":4}}]},"10":{"line":144,"type":"if","locations":[{"start":{"line":144,"column":4},"end":{"line":144,"column":4}},{"start":{"line":144,"column":4},"end":{"line":144,"column":4}}]},"11":{"line":151,"type":"if","locations":[{"start":{"line":151,"column":4},"end":{"line":151,"column":4}},{"start":{"line":151,"column":4},"end":{"line":151,"column":4}}]},"12":{"line":158,"type":"if","locations":[{"start":{"line":158,"column":4},"end":{"line":158,"column":4}},{"start":{"line":158,"column":4},"end":{"line":158,"column":4}}]},"13":{"line":166,"type":"if","locations":[{"start":{"line":166,"column":4},"end":{"line":166,"column":4}},{"start":{"line":166,"column":4},"end":{"line":166,"column":4}}]},"14":{"line":172,"type":"if","locations":[{"start":{"line":172,"column":4},"end":{"line":172,"column":4}},{"start":{"line":172,"column":4},"end":{"line":172,"column":4}}]},"15":{"line":178,"type":"if","locations":[{"start":{"line":178,"column":4},"end":{"line":178,"column":4}},{"start":{"line":178,"column":4},"end":{"line":178,"column":4}}]}}},"contracts/InitialVariables.sol":{"l":{"13":0,"18":0,"20":0,"21":0,"23":0,"24":0,"25":0,"27":0,"28":0,"29":0,"33":0,"36":0,"38":0},"path":"/home/rabbit/Documents/myBit/New/Work/Marhc/coverage/contracts/InitialVariables.sol","s":{"1":0,"2":0,"3":0},"b":{"1":[0,0]},"f":{"1":0,"2":0},"fnMap":{"1":{"name":"InitialVariables","line":11,"loc":{"start":{"line":11,"column":0},"end":{"line":12,"column":8}}},"2":{"name":"startDapp","line":16,"loc":{"start":{"line":16,"column":0},"end":{"line":17,"column":11}}}},"statementMap":{"1":{"start":{"line":13,"column":2},"end":{"line":13,"column":31}},"2":{"start":{"line":18,"column":2},"end":{"line":18,"column":74}},"3":{"start":{"line":38,"column":2},"end":{"line":38,"column":60}}},"branchMap":{"1":{"line":18,"type":"if","locations":[{"start":{"line":18,"column":2},"end":{"line":18,"column":2}},{"start":{"line":18,"column":2},"end":{"line":18,"column":2}}]}}},"contracts/OperatorEscrow.sol":{"l":{"17":0,"18":0,"26":0,"27":0,"28":0,"29":0,"30":0,"38":0,"39":0,"40":0,"41":0,"42":0,"43":0,"44":0,"45":0,"46":0,"53":0,"54":0,"55":0,"56":0,"57":0,"58":0,"59":0,"66":0,"76":0,"77":0,"83":0,"84":0},"path":"/home/rabbit/Documents/myBit/New/Work/Marhc/coverage/contracts/OperatorEscrow.sol","s":{"1":0,"2":0,"3":0,"4":0,"5":0,"6":0,"7":0,"8":0,"9":0,"10":0,"11":0,"12":0,"13":0,"14":0,"15":0,"16":0,"17":0,"18":0,"19":0,"20":0,"21":0},"b":{"1":[0,0],"2":[0,0],"3":[0,0],"4":[0,0],"5":[0,0],"6":[0,0]},"f":{"1":0,"2":0,"3":0,"4":0,"5":0,"6":0,"7":0},"fnMap":{"1":{"name":"OperatorEscrow","line":15,"loc":{"start":{"line":15,"column":2},"end":{"line":16,"column":10}}},"2":{"name":"depositEscrow","line":22,"loc":{"start":{"line":22,"column":2},"end":{"line":25,"column":18}}},"3":{"name":"unlockEscrow","line":35,"loc":{"start":{"line":35,"column":2},"end":{"line":37,"column":18}}},"4":{"name":"withdrawToken","line":49,"loc":{"start":{"line":49,"column":2},"end":{"line":52,"column":17}}},"5":{"name":null,"line":64,"loc":{"start":{"line":64,"column":2},"end":{"line":65,"column":12}}},"6":{"name":"getUnlockedBalance","line":72,"loc":{"start":{"line":72,"column":2},"end":{"line":75,"column":17}}},"7":{"name":"funderApproved","line":82,"loc":{"start":{"line":82,"column":2},"end":{"line":82,"column":25}}}},"statementMap":{"1":{"start":{"line":17,"column":4},"end":{"line":17,"column":33}},"2":{"start":{"line":18,"column":4},"end":{"line":18,"column":41}},"3":{"start":{"line":26,"column":4},"end":{"line":26,"column":62}},"4":{"start":{"line":27,"column":4},"end":{"line":27,"column":96}},"5":{"start":{"line":29,"column":4},"end":{"line":29,"column":47}},"6":{"start":{"line":30,"column":4},"end":{"line":30,"column":15}},"7":{"start":{"line":38,"column":4},"end":{"line":38,"column":85}},"8":{"start":{"line":39,"column":4},"end":{"line":39,"column":80}},"9":{"start":{"line":40,"column":4},"end":{"line":40,"column":71}},"10":{"start":{"line":42,"column":4},"end":{"line":42,"column":92}},"11":{"start":{"line":43,"column":4},"end":{"line":43,"column":95}},"12":{"start":{"line":44,"column":4},"end":{"line":44,"column":96}},"13":{"start":{"line":53,"column":4},"end":{"line":53,"column":56}},"14":{"start":{"line":54,"column":4},"end":{"line":54,"column":38}},"15":{"start":{"line":55,"column":4},"end":{"line":55,"column":96}},"16":{"start":{"line":56,"column":4},"end":{"line":56,"column":38}},"17":{"start":{"line":59,"column":4},"end":{"line":59,"column":15}},"18":{"start":{"line":66,"column":4},"end":{"line":66,"column":11}},"19":{"start":{"line":76,"column":4},"end":{"line":76,"column":92}},"20":{"start":{"line":77,"column":4},"end":{"line":77,"column":99}},"21":{"start":{"line":83,"column":4},"end":{"line":83,"column":80}}},"branchMap":{"1":{"line":26,"type":"if","locations":[{"start":{"line":26,"column":4},"end":{"line":26,"column":4}},{"start":{"line":26,"column":4},"end":{"line":26,"column":4}}]},"2":{"line":38,"type":"if","locations":[{"start":{"line":38,"column":4},"end":{"line":38,"column":4}},{"start":{"line":38,"column":4},"end":{"line":38,"column":4}}]},"3":{"line":40,"type":"if","locations":[{"start":{"line":40,"column":4},"end":{"line":40,"column":4}},{"start":{"line":40,"column":4},"end":{"line":40,"column":4}}]},"4":{"line":54,"type":"if","locations":[{"start":{"line":54,"column":4},"end":{"line":54,"column":4}},{"start":{"line":54,"column":4},"end":{"line":54,"column":4}}]},"5":{"line":56,"type":"if","locations":[{"start":{"line":56,"column":4},"end":{"line":56,"column":4}},{"start":{"line":56,"column":4},"end":{"line":56,"column":4}}]},"6":{"line":83,"type":"if","locations":[{"start":{"line":83,"column":4},"end":{"line":83,"column":4}},{"start":{"line":83,"column":4},"end":{"line":83,"column":4}}]}}},"contracts/OracleHub.sol":{"l":{"16":0,"17":0,"26":0,"27":0,"28":0,"29":0,"37":0,"38":0,"39":0,"45":0,"46":0,"49":0,"55":0,"56":0,"57":0,"58":0,"59":0,"64":0,"65":0,"66":0,"67":0,"71":0,"72":0},"path":"/home/rabbit/Documents/myBit/New/Work/Marhc/coverage/contracts/OracleHub.sol","s":{"1":0,"2":0,"3":0,"4":0,"5":0,"6":0,"7":0,"8":0,"9":0,"10":0,"11":0,"12":0,"13":0,"14":0,"15":0,"16":0},"b":{"1":[0,0],"2":[0,0]},"f":{"1":0,"2":0,"3":0,"4":0,"5":0,"6":0,"7":0},"fnMap":{"1":{"name":"OracleHub","line":14,"loc":{"start":{"line":14,"column":2},"end":{"line":15,"column":10}}},"2":{"name":"ethUSDQuery","line":22,"loc":{"start":{"line":22,"column":2},"end":{"line":25,"column":18}}},"3":{"name":"mybUSDQuery","line":33,"loc":{"start":{"line":33,"column":2},"end":{"line":36,"column":16}}},"4":{"name":"__callback","line":42,"loc":{"start":{"line":42,"column":2},"end":{"line":44,"column":14}}},"5":{"name":"ethUSDCallback","line":53,"loc":{"start":{"line":53,"column":2},"end":{"line":54,"column":12}}},"6":{"name":"mybUSDCallback","line":62,"loc":{"start":{"line":62,"column":2},"end":{"line":63,"column":12}}},"7":{"name":"isOraclize","line":70,"loc":{"start":{"line":70,"column":2},"end":{"line":70,"column":23}}}},"statementMap":{"1":{"start":{"line":16,"column":4},"end":{"line":16,"column":33}},"2":{"start":{"line":17,"column":4},"end":{"line":17,"column":74}},"3":{"start":{"line":26,"column":4},"end":{"line":26,"column":113}},"4":{"start":{"line":28,"column":4},"end":{"line":28,"column":43}},"5":{"start":{"line":29,"column":4},"end":{"line":29,"column":15}},"6":{"start":{"line":37,"column":4},"end":{"line":37,"column":179}},"7":{"start":{"line":38,"column":4},"end":{"line":38,"column":43}},"8":{"start":{"line":39,"column":4},"end":{"line":39,"column":15}},"9":{"start":{"line":45,"column":4},"end":{"line":45,"column":1375}},"10":{"start":{"line":46,"column":6},"end":{"line":46,"column":33}},"11":{"start":{"line":49,"column":6},"end":{"line":49,"column":33}},"12":{"start":{"line":55,"column":4},"end":{"line":55,"column":78}},"13":{"start":{"line":59,"column":4},"end":{"line":59,"column":58}},"14":{"start":{"line":64,"column":4},"end":{"line":64,"column":78}},"15":{"start":{"line":67,"column":4},"end":{"line":67,"column":55}},"16":{"start":{"line":71,"column":3},"end":{"line":71,"column":45}}},"branchMap":{"1":{"line":45,"type":"if","locations":[{"start":{"line":45,"column":4},"end":{"line":45,"column":4}},{"start":{"line":45,"column":4},"end":{"line":45,"column":4}}]},"2":{"line":71,"type":"if","locations":[{"start":{"line":71,"column":3},"end":{"line":71,"column":3}},{"start":{"line":71,"column":3},"end":{"line":71,"column":3}}]}}},"contracts/Owned.sol":{"l":{"13":0,"26":0,"27":0,"28":0,"29":0,"30":0,"31":0,"32":0,"42":0,"43":0,"44":0,"53":0,"54":0,"62":0,"63":0,"67":0,"68":0,"72":0,"73":0},"path":"/home/rabbit/Documents/myBit/New/Work/Marhc/coverage/contracts/Owned.sol","s":{"1":0,"2":0,"3":0,"4":0,"5":0,"6":0,"7":0,"8":0,"9":0,"10":0,"11":0},"b":{"1":[0,0],"2":[0,0],"3":[0,0],"4":[0,0],"5":[0,0]},"f":{"1":0,"2":0,"3":0,"4":0,"5":0,"6":0,"7":0},"fnMap":{"1":{"name":"Owned","line":10,"loc":{"start":{"line":10,"column":2},"end":{"line":12,"column":10}}},"2":{"name":"changeOwner","line":21,"loc":{"start":{"line":21,"column":2},"end":{"line":25,"column":12}}},"3":{"name":"setFunctionAuthorized","line":38,"loc":{"start":{"line":38,"column":2},"end":{"line":41,"column":18}}},"4":{"name":"pause","line":49,"loc":{"start":{"line":49,"column":2},"end":{"line":52,"column":10}}},"5":{"name":"unpause","line":59,"loc":{"start":{"line":59,"column":2},"end":{"line":61,"column":10}}},"6":{"name":"anyOwner","line":66,"loc":{"start":{"line":66,"column":2},"end":{"line":66,"column":19}}},"7":{"name":"noZeroAddress","line":71,"loc":{"start":{"line":71,"column":2},"end":{"line":71,"column":40}}}},"statementMap":{"1":{"start":{"line":13,"column":4},"end":{"line":13,"column":33}},"2":{"start":{"line":26,"column":4},"end":{"line":26,"column":41}},"3":{"start":{"line":27,"column":4},"end":{"line":27,"column":95}},"4":{"start":{"line":28,"column":4},"end":{"line":28,"column":46}},"5":{"start":{"line":32,"column":4},"end":{"line":32,"column":57}},"6":{"start":{"line":42,"column":4},"end":{"line":42,"column":44}},"7":{"start":{"line":44,"column":4},"end":{"line":44,"column":65}},"8":{"start":{"line":54,"column":4},"end":{"line":54,"column":36}},"9":{"start":{"line":63,"column":4},"end":{"line":63,"column":38}},"10":{"start":{"line":67,"column":4},"end":{"line":67,"column":64}},"11":{"start":{"line":72,"column":4},"end":{"line":72,"column":33}}},"branchMap":{"1":{"line":26,"type":"if","locations":[{"start":{"line":26,"column":4},"end":{"line":26,"column":4}},{"start":{"line":26,"column":4},"end":{"line":26,"column":4}}]},"2":{"line":28,"type":"if","locations":[{"start":{"line":28,"column":4},"end":{"line":28,"column":4}},{"start":{"line":28,"column":4},"end":{"line":28,"column":4}}]},"3":{"line":42,"type":"if","locations":[{"start":{"line":42,"column":4},"end":{"line":42,"column":4}},{"start":{"line":42,"column":4},"end":{"line":42,"column":4}}]},"4":{"line":67,"type":"if","locations":[{"start":{"line":67,"column":4},"end":{"line":67,"column":4}},{"start":{"line":67,"column":4},"end":{"line":67,"column":4}}]},"5":{"line":72,"type":"if","locations":[{"start":{"line":72,"column":4},"end":{"line":72,"column":4}},{"start":{"line":72,"column":4},"end":{"line":72,"column":4}}]}}},"contracts/TokenBurn.sol":{"l":{"17":0,"18":0,"27":0,"28":0,"29":0,"30":0,"31":0,"32":0,"33":0,"34":0,"35":0,"39":0,"40":0,"41":0,"42":0,"46":0,"47":0,"51":0,"52":0},"path":"/home/rabbit/Documents/myBit/New/Work/Marhc/coverage/contracts/TokenBurn.sol","s":{"1":0,"2":0,"3":0,"4":0,"5":0,"6":0,"7":0,"8":0,"9":0,"10":0,"11":0,"12":0,"13":0,"14":0},"b":{"1":[0,0],"2":[0,0],"3":[0,0],"4":[0,0],"5":[0,0],"6":[0,0]},"f":{"1":0,"2":0,"3":0,"4":0,"5":0},"fnMap":{"1":{"name":"TokenBurn","line":15,"loc":{"start":{"line":15,"column":2},"end":{"line":16,"column":10}}},"2":{"name":"burnTokens","line":21,"loc":{"start":{"line":21,"column":2},"end":{"line":26,"column":18}}},"3":{"name":"basicVerification","line":38,"loc":{"start":{"line":38,"column":2},"end":{"line":38,"column":50}}},"4":{"name":"whenNotPaused","line":45,"loc":{"start":{"line":45,"column":2},"end":{"line":45,"column":24}}},"5":{"name":"priceUpdated","line":50,"loc":{"start":{"line":50,"column":2},"end":{"line":50,"column":23}}}},"statementMap":{"1":{"start":{"line":17,"column":4},"end":{"line":17,"column":39}},"2":{"start":{"line":18,"column":4},"end":{"line":18,"column":33}},"3":{"start":{"line":27,"column":4},"end":{"line":27,"column":65}},"4":{"start":{"line":28,"column":4},"end":{"line":28,"column":119}},"5":{"start":{"line":29,"column":4},"end":{"line":29,"column":35}},"6":{"start":{"line":30,"column":4},"end":{"line":30,"column":68}},"7":{"start":{"line":32,"column":4},"end":{"line":32,"column":79}},"8":{"start":{"line":34,"column":4},"end":{"line":34,"column":60}},"9":{"start":{"line":35,"column":4},"end":{"line":35,"column":15}},"10":{"start":{"line":39,"column":2},"end":{"line":39,"column":78}},"11":{"start":{"line":40,"column":2},"end":{"line":40,"column":40}},"12":{"start":{"line":41,"column":2},"end":{"line":41,"column":59}},"13":{"start":{"line":46,"column":4},"end":{"line":46,"column":59}},"14":{"start":{"line":51,"column":4},"end":{"line":51,"column":75}}},"branchMap":{"1":{"line":29,"type":"if","locations":[{"start":{"line":29,"column":4},"end":{"line":29,"column":4}},{"start":{"line":29,"column":4},"end":{"line":29,"column":4}}]},"2":{"line":30,"type":"if","locations":[{"start":{"line":30,"column":4},"end":{"line":30,"column":4}},{"start":{"line":30,"column":4},"end":{"line":30,"column":4}}]},"3":{"line":40,"type":"if","locations":[{"start":{"line":40,"column":2},"end":{"line":40,"column":2}},{"start":{"line":40,"column":2},"end":{"line":40,"column":2}}]},"4":{"line":41,"type":"if","locations":[{"start":{"line":41,"column":2},"end":{"line":41,"column":2}},{"start":{"line":41,"column":2},"end":{"line":41,"column":2}}]},"5":{"line":46,"type":"if","locations":[{"start":{"line":46,"column":4},"end":{"line":46,"column":4}},{"start":{"line":46,"column":4},"end":{"line":46,"column":4}}]},"6":{"line":51,"type":"if","locations":[{"start":{"line":51,"column":4},"end":{"line":51,"column":4}},{"start":{"line":51,"column":4},"end":{"line":51,"column":4}}]}}},"contracts/UserAccess.sol":{"l":{"13":0,"26":0,"27":0,"28":0,"29":0,"39":0,"40":0,"41":0,"42":0,"50":0,"55":0,"56":0,"61":0,"62":0,"67":0,"68":0},"path":"/home/rabbit/Documents/myBit/New/Work/Marhc/coverage/contracts/UserAccess.sol","s":{"1":0,"2":0,"3":0,"4":0,"5":0,"6":0,"7":0,"8":0,"9":0},"b":{"1":[0,0],"2":[0,0],"3":[0,0],"4":[0,0]},"f":{"1":0,"2":0,"3":0,"4":0,"5":0,"6":0,"7":0},"fnMap":{"1":{"name":"UserAccess","line":11,"loc":{"start":{"line":11,"column":2},"end":{"line":12,"column":11}}},"2":{"name":"approveUser","line":21,"loc":{"start":{"line":21,"column":2},"end":{"line":25,"column":18}}},"3":{"name":"removeUser","line":35,"loc":{"start":{"line":35,"column":2},"end":{"line":38,"column":18}}},"4":{"name":"approveKYC","line":46,"loc":{"start":{"line":46,"column":2},"end":{"line":49,"column":18}}},"5":{"name":"noEmptyAddress","line":54,"loc":{"start":{"line":54,"column":2},"end":{"line":54,"column":41}}},"6":{"name":"mustHaveKYC","line":60,"loc":{"start":{"line":60,"column":2},"end":{"line":60,"column":22}}},"7":{"name":"anyOwner","line":66,"loc":{"start":{"line":66,"column":2},"end":{"line":66,"column":19}}}},"statementMap":{"1":{"start":{"line":13,"column":4},"end":{"line":13,"column":33}},"2":{"start":{"line":26,"column":4},"end":{"line":26,"column":61}},"3":{"start":{"line":28,"column":4},"end":{"line":28,"column":59}},"4":{"start":{"line":29,"column":4},"end":{"line":29,"column":15}},"5":{"start":{"line":41,"column":4},"end":{"line":41,"column":41}},"6":{"start":{"line":42,"column":4},"end":{"line":42,"column":15}},"7":{"start":{"line":55,"column":4},"end":{"line":55,"column":32}},"8":{"start":{"line":61,"column":4},"end":{"line":61,"column":70}},"9":{"start":{"line":67,"column":4},"end":{"line":67,"column":64}}},"branchMap":{"1":{"line":26,"type":"if","locations":[{"start":{"line":26,"column":4},"end":{"line":26,"column":4}},{"start":{"line":26,"column":4},"end":{"line":26,"column":4}}]},"2":{"line":55,"type":"if","locations":[{"start":{"line":55,"column":4},"end":{"line":55,"column":4}},{"start":{"line":55,"column":4},"end":{"line":55,"column":4}}]},"3":{"line":61,"type":"if","locations":[{"start":{"line":61,"column":4},"end":{"line":61,"column":4}},{"start":{"line":61,"column":4},"end":{"line":61,"column":4}}]},"4":{"line":67,"type":"if","locations":[{"start":{"line":67,"column":4},"end":{"line":67,"column":4}},{"start":{"line":67,"column":4},"end":{"line":67,"column":4}}]}}},"contracts/WithdrawalManager.sol":{"l":{"13":0,"22":0,"23":0,"24":0,"25":0,"32":0,"33":0,"35":0,"43":0,"44":0,"45":0,"46":0,"51":0,"52":0,"57":0,"58":0,"62":0,"63":0},"path":"/home/rabbit/Documents/myBit/New/Work/Marhc/coverage/contracts/WithdrawalManager.sol","s":{"1":0,"2":0,"3":0,"4":0,"5":0,"6":0,"7":0,"8":0,"9":0,"10":0},"b":{"1":[0,0],"2":[0,0],"3":[0,0]},"f":{"1":0,"2":0,"3":0,"4":0,"5":0,"6":0,"7":0},"fnMap":{"1":{"name":"WithdrawalManager","line":11,"loc":{"start":{"line":11,"column":2},"end":{"line":12,"column":11}}},"2":{"name":"addWithdrawalAddress","line":17,"loc":{"start":{"line":17,"column":2},"end":{"line":21,"column":18}}},"3":{"name":"removeWithdrawalAddress","line":28,"loc":{"start":{"line":28,"column":2},"end":{"line":31,"column":17}}},"4":{"name":"updateWithdrawalAddress","line":38,"loc":{"start":{"line":38,"column":2},"end":{"line":42,"column":17}}},"5":{"name":"noEmptyAddress","line":50,"loc":{"start":{"line":50,"column":2},"end":{"line":50,"column":41}}},"6":{"name":"mustHaveAddressSet","line":56,"loc":{"start":{"line":56,"column":2},"end":{"line":56,"column":31}}},"7":{"name":"mustNotHaveAddressSet","line":61,"loc":{"start":{"line":61,"column":2},"end":{"line":61,"column":31}}}},"statementMap":{"1":{"start":{"line":13,"column":4},"end":{"line":13,"column":33}},"2":{"start":{"line":24,"column":4},"end":{"line":24,"column":75}},"3":{"start":{"line":25,"column":4},"end":{"line":25,"column":15}},"4":{"start":{"line":32,"column":4},"end":{"line":32,"column":88}},"5":{"start":{"line":35,"column":4},"end":{"line":35,"column":68}},"6":{"start":{"line":43,"column":4},"end":{"line":43,"column":88}},"7":{"start":{"line":46,"column":4},"end":{"line":46,"column":88}},"8":{"start":{"line":51,"column":4},"end":{"line":51,"column":32}},"9":{"start":{"line":57,"column":4},"end":{"line":57,"column":93}},"10":{"start":{"line":62,"column":4},"end":{"line":62,"column":93}}},"branchMap":{"1":{"line":51,"type":"if","locations":[{"start":{"line":51,"column":4},"end":{"line":51,"column":4}},{"start":{"line":51,"column":4},"end":{"line":51,"column":4}}]},"2":{"line":57,"type":"if","locations":[{"start":{"line":57,"column":4},"end":{"line":57,"column":4}},{"start":{"line":57,"column":4},"end":{"line":57,"column":4}}]},"3":{"line":62,"type":"if","locations":[{"start":{"line":62,"column":4},"end":{"line":62,"column":4}},{"start":{"line":62,"column":4},"end":{"line":62,"column":4}}]}}}}