TN:
SF:/home/peter/Documents/Work/MyBit/MyBit-Network.tech/contracts/access/AccessHierarchy.sol
FN:23,
FN:32,approveUser
FN:45,removeUser
FN:57,setUpperAccessLevel
FN:65,destroy
FN:73,noEmptyAddress
FN:79,onlyOwner
FN:85,onlyPlatform
FNF:8
FNH:7
FNDA:3,
FNDA:4,approveUser
FNDA:2,removeUser
FNDA:4,setUpperAccessLevel
FNDA:0,destroy
FNDA:7,noEmptyAddress
FNDA:17,onlyOwner
FNDA:8,onlyPlatform
DA:25,3
DA:26,3
DA:37,4
DA:38,2
DA:39,2
DA:40,2
DA:49,2
DA:50,2
DA:51,2
DA:52,2
DA:60,4
DA:61,2
DA:68,0
DA:69,0
DA:74,7
DA:75,5
DA:80,17
DA:81,11
DA:86,8
DA:87,6
LF:20
LH:18
BRDA:37,1,0,2
BRDA:37,1,1,2
BRDA:60,2,0,2
BRDA:60,2,1,2
BRDA:74,3,0,5
BRDA:74,3,1,2
BRDA:80,4,0,11
BRDA:80,4,1,6
BRDA:86,5,0,6
BRDA:86,5,1,2
BRF:10
BRH:10
end_of_record
TN:
SF:/home/peter/Documents/Work/MyBit/MyBit-Network.tech/contracts/access/Approval.sol
FN:10,
FN:16,approve
FN:24,revoke
FNF:3
FNH:0
FNDA:0,
FNDA:0,approve
FNDA:0,revoke
DA:11,0
DA:12,0
DA:19,0
DA:20,0
DA:27,0
DA:28,0
LF:6
LH:0
BRF:0
BRH:0
end_of_record
TN:
SF:/home/peter/Documents/Work/MyBit/MyBit-Network.tech/contracts/access/ERC20Burner.sol
FN:25,
FN:36,burn
FN:50,setFee
FN:61,destroy
FN:69,
FN:80,onlyOwner
FN:86,onlyPlatformContracts
FN:92,acceptedState
FNF:8
FNH:7
FNDA:5,
FNDA:4,burn
FNDA:9,setFee
FNDA:0,destroy
FNDA:1,
FNDA:9,onlyOwner
FNDA:14,onlyPlatformContracts
FNDA:10,acceptedState
DA:27,5
DA:28,5
DA:29,5
DA:30,5
DA:41,4
DA:42,2
DA:43,2
DA:55,9
DA:56,9
DA:57,9
DA:64,0
DA:65,0
DA:72,1
DA:81,9
DA:82,9
DA:87,14
DA:88,10
DA:93,10
DA:94,10
DA:95,4
LF:20
LH:18
BRDA:30,1,0,5
BRDA:30,1,1,0
BRDA:41,2,0,2
BRDA:41,2,1,2
BRDA:81,3,0,9
BRDA:81,3,1,0
BRDA:87,4,0,10
BRDA:87,4,1,4
BRDA:94,5,0,4
BRDA:94,5,1,6
BRF:10
BRH:8
end_of_record
TN:
SF:/home/peter/Documents/Work/MyBit/MyBit-Network.tech/contracts/access/Expirable.sol
FN:13,
FN:21,approveTemporaryUser
FN:35,removeTemporaryUser
FN:47,changeExpirationLength
FNF:4
FNH:4
FNDA:1,
FNDA:1,approveTemporaryUser
FNDA:1,removeTemporaryUser
FNDA:1,changeExpirationLength
DA:26,1
DA:27,1
DA:28,1
DA:29,1
DA:39,1
DA:40,1
DA:41,1
DA:50,1
DA:51,1
DA:52,1
LF:10
LH:10
BRDA:26,1,0,1
BRDA:26,1,1,0
BRDA:39,2,0,1
BRDA:39,2,1,0
BRF:4
BRH:2
end_of_record
TN:
SF:/home/peter/Documents/Work/MyBit/MyBit-Network.tech/contracts/access/KYC.sol
FN:11,
FN:14,approveKYC
FN:23,revokeKYC
FNF:3
FNH:3
FNDA:1,
FNDA:1,approveKYC
FNDA:1,revokeKYC
DA:17,1
DA:18,1
DA:26,1
LF:3
LH:3
BRF:0
BRH:0
end_of_record
TN:
SF:/home/peter/Documents/Work/MyBit/MyBit-Network.tech/contracts/crowdsale/CrowdsaleERC20.sol
FN:30,
FN:42,buyAssetOrderERC20
FN:73,refund
FN:96,payoutERC20
FN:114,recoverTokens
FN:123,destroy
FN:138,finalizeCrowdsale
FN:154,onlyOwner
FN:160,whenNotPaused
FN:172,validAsset
FN:178,betweenDeadlines
FN:185,afterDeadline
FN:191,notFinalized
FNF:13
FNH:10
FNDA:1,
FNDA:6,buyAssetOrderERC20
FNDA:1,refund
FNDA:4,payoutERC20
FNDA:0,recoverTokens
FNDA:0,destroy
FNDA:4,finalizeCrowdsale
FNDA:0,onlyOwner
FNDA:13,whenNotPaused
FNDA:13,validAsset
FNDA:10,betweenDeadlines
FNDA:3,afterDeadline
FNDA:9,notFinalized
DA:32,1
DA:33,1
DA:49,6
DA:50,6
DA:51,6
DA:52,6
DA:53,6
DA:54,6
DA:55,4
DA:56,4
DA:57,4
DA:58,4
DA:59,4
DA:60,4
DA:63,2
DA:64,2
DA:66,4
DA:67,4
DA:80,1
DA:81,1
DA:82,1
DA:83,1
DA:84,1
DA:85,1
DA:86,1
DA:87,1
DA:100,4
DA:101,4
DA:102,4
DA:103,4
DA:104,2
DA:105,2
DA:106,2
DA:107,2
DA:108,2
DA:110,2
DA:117,0
DA:118,0
DA:119,0
DA:126,0
DA:128,0
DA:142,4
DA:143,4
DA:144,4
DA:145,4
DA:146,4
DA:155,0
DA:156,0
DA:161,13
DA:162,11
DA:173,13
DA:174,13
DA:179,10
DA:180,8
DA:181,8
DA:186,3
DA:187,1
DA:192,9
DA:193,7
LF:59
LH:52
BRDA:49,1,0,6
BRDA:49,1,1,0
BRDA:54,2,0,4
BRDA:54,2,1,2
BRDA:55,3,0,4
BRDA:55,3,1,0
BRDA:56,4,0,4
BRDA:56,4,1,0
BRDA:57,5,0,4
BRDA:57,5,1,0
BRDA:58,6,0,4
BRDA:58,6,1,0
BRDA:59,7,0,4
BRDA:59,7,1,0
BRDA:60,8,0,2
BRDA:60,8,1,2
BRDA:63,9,0,2
BRDA:63,9,1,0
BRDA:64,10,0,2
BRDA:64,10,1,0
BRDA:80,11,0,1
BRDA:80,11,1,0
BRDA:103,12,0,2
BRDA:103,12,1,2
BRDA:155,13,0,0
BRDA:155,13,1,0
BRDA:161,14,0,11
BRDA:161,14,1,2
BRDA:173,15,0,13
BRDA:173,15,1,0
BRDA:179,16,0,8
BRDA:179,16,1,2
BRDA:180,17,0,8
BRDA:180,17,1,0
BRDA:186,18,0,1
BRDA:186,18,1,2
BRDA:192,19,0,7
BRDA:192,19,1,2
BRF:38
BRH:25
end_of_record
TN:
SF:/home/peter/Documents/Work/MyBit/MyBit-Network.tech/contracts/crowdsale/CrowdsaleETH.sol
FN:30,
FN:40,buyAssetOrderETH
FN:72,refund
FN:89,recoverTokens
FN:98,destroy
FN:106,
FN:120,payoutETH
FN:136,finalizeCrowdsale
FN:152,requiresEther
FN:158,onlyOwner
FN:170,whenNotPaused
FN:176,validAsset
FN:182,betweenDeadlines
FN:189,afterDeadline
FN:195,notFinalized
FNF:15
FNH:14
FNDA:1,
FNDA:6,buyAssetOrderETH
FNDA:1,refund
FNDA:0,recoverTokens
FNDA:1,destroy
FNDA:1,
FNDA:4,payoutETH
FNDA:4,finalizeCrowdsale
FNDA:12,requiresEther
FNDA:3,onlyOwner
FNDA:5,whenNotPaused
FNDA:15,validAsset
FNDA:12,betweenDeadlines
FNDA:3,afterDeadline
FNDA:9,notFinalized
DA:32,1
DA:33,1
DA:49,6
DA:50,6
DA:51,6
DA:52,6
DA:53,6
DA:55,4
DA:56,4
DA:57,4
DA:58,4
DA:59,4
DA:60,4
DA:63,2
DA:65,6
DA:66,6
DA:79,1
DA:80,1
DA:81,1
DA:82,1
DA:83,1
DA:84,1
DA:85,1
DA:92,0
DA:93,0
DA:94,0
DA:101,1
DA:102,1
DA:109,1
DA:123,4
DA:124,4
DA:125,4
DA:126,4
DA:127,4
DA:128,4
DA:129,4
DA:130,4
DA:131,4
DA:139,4
DA:140,4
DA:141,4
DA:142,4
DA:153,12
DA:154,12
DA:159,3
DA:160,1
DA:171,5
DA:172,3
DA:177,15
DA:178,15
DA:183,12
DA:184,10
DA:185,8
DA:190,3
DA:191,1
DA:196,9
DA:197,7
LF:57
LH:54
BRDA:49,1,0,6
BRDA:49,1,1,0
BRDA:53,2,0,4
BRDA:53,2,1,2
BRDA:55,3,0,4
BRDA:55,3,1,0
BRDA:56,4,0,4
BRDA:56,4,1,0
BRDA:57,5,0,4
BRDA:57,5,1,0
BRDA:58,6,0,4
BRDA:58,6,1,0
BRDA:59,7,0,4
BRDA:59,7,1,0
BRDA:63,8,0,2
BRDA:63,8,1,0
BRDA:79,9,0,1
BRDA:79,9,1,0
BRDA:125,10,0,4
BRDA:125,10,1,0
BRDA:153,11,0,12
BRDA:153,11,1,0
BRDA:159,12,0,1
BRDA:159,12,1,2
BRDA:171,13,0,3
BRDA:171,13,1,2
BRDA:177,14,0,15
BRDA:177,14,1,0
BRDA:183,15,0,10
BRDA:183,15,1,2
BRDA:184,16,0,8
BRDA:184,16,1,2
BRDA:190,17,0,1
BRDA:190,17,1,2
BRDA:196,18,0,7
BRDA:196,18,1,2
BRF:36
BRH:25
end_of_record
TN:
SF:/home/peter/Documents/Work/MyBit/MyBit-Network.tech/contracts/crowdsale/CrowdsaleGeneratorERC20.sol
FN:23,
FN:39,createAssetOrderERC20
FN:70,destroy
FN:90,onlyOwner
FNF:4
FNH:2
FNDA:1,
FNDA:9,createAssetOrderERC20
FNDA:0,destroy
FNDA:0,onlyOwner
DA:25,1
DA:26,1
DA:43,9
DA:44,9
DA:45,7
DA:46,7
DA:47,7
DA:48,5
DA:49,3
DA:50,3
DA:51,3
DA:53,0
DA:55,3
DA:56,3
DA:57,3
DA:58,3
DA:59,3
DA:62,3
DA:63,3
DA:64,3
DA:65,3
DA:66,3
DA:73,0
DA:74,0
DA:91,0
DA:92,0
LF:26
LH:21
BRDA:43,1,0,9
BRDA:43,1,1,0
BRDA:44,2,0,7
BRDA:44,2,1,2
BRDA:45,3,0,7
BRDA:45,3,1,0
BRDA:46,4,0,7
BRDA:46,4,1,0
BRDA:47,5,0,5
BRDA:47,5,1,2
BRDA:48,6,0,3
BRDA:48,6,1,2
BRDA:50,7,0,3
BRDA:50,7,1,0
BRDA:91,8,0,0
BRDA:91,8,1,0
BRF:16
BRH:10
end_of_record
TN:
SF:/home/peter/Documents/Work/MyBit/MyBit-Network.tech/contracts/crowdsale/CrowdsaleGeneratorETH.sol
FN:23,
FN:37,createAssetOrderETH
FN:66,destroy
FN:86,onlyOwner
FNF:4
FNH:2
FNDA:1,
FNDA:13,createAssetOrderETH
FNDA:0,destroy
FNDA:0,onlyOwner
DA:25,1
DA:26,1
DA:41,13
DA:42,13
DA:43,11
DA:44,9
DA:45,9
DA:46,7
DA:47,5
DA:48,5
DA:49,4
DA:51,1
DA:53,5
DA:54,5
DA:55,5
DA:56,5
DA:57,5
DA:58,5
DA:59,5
DA:60,5
DA:61,5
DA:62,5
DA:69,0
DA:70,0
DA:87,0
DA:88,0
LF:26
LH:22
BRDA:41,1,0,13
BRDA:41,1,1,0
BRDA:42,2,0,11
BRDA:42,2,1,2
BRDA:43,3,0,9
BRDA:43,3,1,2
BRDA:44,4,0,9
BRDA:44,4,1,0
BRDA:45,5,0,7
BRDA:45,5,1,2
BRDA:46,6,0,5
BRDA:46,6,1,2
BRDA:48,7,0,4
BRDA:48,7,1,1
BRDA:87,8,0,0
BRDA:87,8,1,0
BRF:16
BRH:12
end_of_record
TN:
SF:/home/peter/Documents/Work/MyBit/MyBit-Network.tech/contracts/database/API.sol
FN:32,
FN:37,getAddr
FN:44,getUint
FN:51,hashSB
FN:62,assetGoverned
FN:69,assetVoteDuration
FN:76,assetQuorum
FN:83,assetThreshold
FN:90,assetStakeRequirement
FN:104,commitmentValue
FN:111,commitmentStart
FN:118,commitmentReleaseTime
FN:128,proposalToken
FN:135,proposalStart
FN:142,proposalVoteCount
FN:150,proposalVoted
FN:158,proposalDissent
FN:165,proposalApproval
FN:172,proposalQuorum
FN:181,proposalThreshold
FN:195,getNumTokensAvailable
FN:205,getVotingProcessParameterHash
FN:212,getAssetManagerParameterHash
FN:219,getProposalID
FN:226,getMethodID
FN:233,getOrderID
FN:244,getAssetFundingToken
FN:262,getAssetROI
FN:270,getAssetFundingGoal
FN:278,getAssetFundingDeadline
FN:286,crowdsaleFinalized
FN:299,getAssetManager
FN:307,getAssetManagerFee
FN:315,getAssetManagerEscrowID
FN:323,getAssetManagerEscrow
FN:330,getAssetManagerEscrowRemaining
FN:339,getAssetManagerEscrowRedeemed
FN:347,getAssetOperator
FN:355,generateOperatorID
FN:363,getOperatorID
FN:371,getOperatorAddress
FN:383,generateOrderID
FN:396,getPlatformToken
FN:404,getPlatformWallet
FN:412,getContractAddress
FN:420,getCurrentState
FN:428,getUserPermission
FN:436,getFunctionCost
FN:444,contractPaused
FN:456,contractOwner
FNF:50
FNH:8
FNDA:4,
FNDA:0,getAddr
FNDA:0,getUint
FNDA:0,hashSB
FNDA:1,assetGoverned
FNDA:2,assetVoteDuration
FNDA:1,assetQuorum
FNDA:1,assetThreshold
FNDA:1,assetStakeRequirement
FNDA:0,commitmentValue
FNDA:0,commitmentStart
FNDA:0,commitmentReleaseTime
FNDA:0,proposalToken
FNDA:0,proposalStart
FNDA:0,proposalVoteCount
FNDA:0,proposalVoted
FNDA:0,proposalDissent
FNDA:0,proposalApproval
FNDA:0,proposalQuorum
FNDA:0,proposalThreshold
FNDA:0,getNumTokensAvailable
FNDA:0,getVotingProcessParameterHash
FNDA:0,getAssetManagerParameterHash
FNDA:0,getProposalID
FNDA:1,getMethodID
FNDA:0,getOrderID
FNDA:0,getAssetFundingToken
FNDA:0,getAssetROI
FNDA:0,getAssetFundingGoal
FNDA:0,getAssetFundingDeadline
FNDA:4,crowdsaleFinalized
FNDA:0,getAssetManager
FNDA:0,getAssetManagerFee
FNDA:0,getAssetManagerEscrowID
FNDA:0,getAssetManagerEscrow
FNDA:0,getAssetManagerEscrowRemaining
FNDA:0,getAssetManagerEscrowRedeemed
FNDA:0,getAssetOperator
FNDA:0,generateOperatorID
FNDA:0,getOperatorID
FNDA:0,getOperatorAddress
FNDA:0,generateOrderID
FNDA:0,getPlatformToken
FNDA:0,getPlatformWallet
FNDA:0,getContractAddress
FNDA:0,getCurrentState
FNDA:0,getUserPermission
FNDA:0,getFunctionCost
FNDA:0,contractPaused
FNDA:0,contractOwner
DA:34,4
DA:41,0
DA:48,0
DA:55,0
DA:66,1
DA:73,2
DA:80,1
DA:87,1
DA:94,1
DA:108,0
DA:115,0
DA:122,0
DA:132,0
DA:139,0
DA:146,0
DA:154,0
DA:162,0
DA:169,0
DA:176,0
DA:177,0
DA:178,0
DA:185,0
DA:186,0
DA:199,0
DA:200,0
DA:201,0
DA:202,0
DA:209,0
DA:216,0
DA:223,0
DA:230,1
DA:237,0
DA:248,0
DA:249,0
DA:266,0
DA:267,0
DA:274,0
DA:275,0
DA:282,0
DA:283,0
DA:290,4
DA:291,4
DA:303,0
DA:304,0
DA:311,0
DA:312,0
DA:319,0
DA:320,0
DA:327,0
DA:334,0
DA:335,0
DA:336,0
DA:343,0
DA:344,0
DA:351,0
DA:352,0
DA:359,0
DA:360,0
DA:367,0
DA:368,0
DA:375,0
DA:376,0
DA:387,0
DA:388,0
DA:400,0
DA:401,0
DA:408,0
DA:409,0
DA:416,0
DA:417,0
DA:424,0
DA:425,0
DA:432,0
DA:433,0
DA:440,0
DA:441,0
DA:448,0
DA:449,0
DA:460,0
DA:461,0
LF:80
LH:9
BRF:0
BRH:0
end_of_record
TN:
SF:/home/peter/Documents/Work/MyBit/MyBit-Network.tech/contracts/database/ContractManager.sol
FN:15,
FN:24,addContract
FN:44,removeContract
FN:59,updateContract
FN:81,setContractStatePreferences
FN:96,isUpgradeable
FN:102,anyOwner
FN:109,isRestricted
FN:115,contractExists
FN:120,isTrue
FNF:10
FNH:9
FNDA:14,
FNDA:53,addContract
FNDA:1,removeContract
FNDA:1,updateContract
FNDA:142,setContractStatePreferences
FNDA:4,isUpgradeable
FNDA:57,anyOwner
FNDA:0,isRestricted
FNDA:8,contractExists
FNDA:119,isTrue
DA:17,14
DA:18,14
DA:30,53
DA:31,51
DA:32,47
DA:33,47
DA:34,47
DA:35,47
DA:36,47
DA:37,47
DA:38,47
DA:49,1
DA:50,1
DA:51,1
DA:52,1
DA:53,1
DA:65,1
DA:66,1
DA:67,1
DA:68,1
DA:69,1
DA:70,1
DA:71,1
DA:72,1
DA:73,1
DA:74,1
DA:84,142
DA:85,142
DA:86,142
DA:87,142
DA:88,142
DA:97,4
DA:98,2
DA:103,57
DA:104,55
DA:110,0
DA:111,0
DA:112,0
DA:116,8
DA:117,4
DA:121,119
DA:122,115
LF:42
LH:39
BRDA:30,1,0,51
BRDA:30,1,1,2
BRDA:31,2,0,47
BRDA:31,2,1,4
BRDA:49,3,0,1
BRDA:49,3,1,0
BRDA:65,4,0,1
BRDA:65,4,1,0
BRDA:97,5,0,2
BRDA:97,5,1,2
BRDA:103,6,0,55
BRDA:103,6,1,2
BRDA:110,7,0,0
BRDA:110,7,1,0
BRDA:116,8,0,4
BRDA:116,8,1,4
BRDA:121,9,0,115
BRDA:121,9,1,4
BRF:18
BRH:14
end_of_record
TN:
SF:/home/peter/Documents/Work/MyBit/MyBit-Network.tech/contracts/database/Database.sol
FN:23,
FN:36,enableContractManagement
FN:48,setAddress
FN:54,setUint
FN:60,setString
FN:66,setBytes
FN:72,setBytes32
FN:78,setBool
FN:84,setInt
FN:92,deleteAddress
FN:98,deleteUint
FN:104,deleteString
FN:110,deleteBytes
FN:116,deleteBytes32
FN:122,deleteBool
FN:128,deleteInt
FN:140,onlyApprovedContract
FNF:17
FNH:17
FNDA:14,
FNDA:20,enableContractManagement
FNDA:99,setAddress
FNDA:60,setUint
FNDA:1,setString
FNDA:1,setBytes
FNDA:56,setBytes32
FNDA:365,setBool
FNDA:1,setInt
FNDA:6,deleteAddress
FNDA:27,deleteUint
FNDA:1,deleteString
FNDA:1,deleteBytes
FNDA:1,deleteBytes32
FNDA:7,deleteBool
FNDA:1,deleteInt
FNDA:629,onlyApprovedContract
DA:24,14
DA:25,15
DA:26,15
DA:28,14
DA:29,13
DA:39,20
DA:40,18
DA:41,16
DA:42,14
DA:43,14
DA:44,14
DA:51,99
DA:57,60
DA:63,1
DA:69,1
DA:75,56
DA:81,365
DA:87,1
DA:95,6
DA:101,27
DA:107,1
DA:113,1
DA:119,1
DA:125,7
DA:131,1
DA:141,629
DA:142,627
LF:27
LH:27
BRDA:28,1,0,13
BRDA:28,1,1,1
BRDA:39,2,0,18
BRDA:39,2,1,2
BRDA:40,3,0,16
BRDA:40,3,1,2
BRDA:41,4,0,14
BRDA:41,4,1,2
BRDA:141,5,0,627
BRDA:141,5,1,2
BRF:10
BRH:10
end_of_record
TN:
SF:/home/peter/Documents/Work/MyBit/MyBit-Network.tech/contracts/database/Events.sol
FN:8,
FN:12,message
FN:18,transaction
FN:24,registration
FN:30,contractChange
FN:36,asset
FN:42,escrow
FN:48,order
FN:54,exchange
FN:60,operator
FN:66,consensus
FN:88,onlyApprovedContract
FNF:12
FNH:9
FNDA:14,
FNDA:0,message
FNDA:29,transaction
FNDA:12,registration
FNDA:50,contractChange
FNDA:10,asset
FNDA:0,escrow
FNDA:4,order
FNDA:6,exchange
FNDA:17,operator
FNDA:0,consensus
FNDA:128,onlyApprovedContract
DA:9,14
DA:15,0
DA:21,29
DA:27,12
DA:33,50
DA:39,10
DA:45,0
DA:51,4
DA:57,6
DA:63,17
DA:69,0
DA:89,128
DA:90,128
LF:13
LH:10
BRDA:89,1,0,128
BRDA:89,1,1,0
BRF:2
BRH:1
end_of_record
TN:
SF:/home/peter/Documents/Work/MyBit/MyBit-Network.tech/contracts/ecosystem/AssetExchange.sol
FN:29,
FN:42,buyAsset
FN:67,sellAsset
FN:90,createBuyOrder
FN:115,createSellOrder
FN:139,deleteOrder
FN:156,withdraw
FN:170,destroy
FN:189,validAsset
FN:198,isAllowed
FN:206,aboveZero
FN:221,whenNotPaused
FN:229,requiresEther
FN:237,anyOwner
FNF:14
FNH:14
FNDA:1,
FNDA:7,buyAsset
FNDA:3,sellAsset
FNDA:6,createBuyOrder
FNDA:4,createSellOrder
FNDA:4,deleteOrder
FNDA:1,withdraw
FNDA:5,destroy
FNDA:14,validAsset
FNDA:16,isAllowed
FNDA:16,aboveZero
FNDA:13,whenNotPaused
FNDA:10,requiresEther
FNDA:7,anyOwner
DA:31,1
DA:32,1
DA:49,7
DA:50,7
DA:51,7
DA:52,5
DA:53,1
DA:54,1
DA:55,1
DA:56,1
DA:57,1
DA:59,1
DA:72,3
DA:73,3
DA:74,3
DA:75,1
DA:76,1
DA:77,1
DA:78,1
DA:79,1
DA:80,1
DA:81,1
DA:83,1
DA:98,6
DA:99,6
DA:100,4
DA:101,4
DA:102,2
DA:103,2
DA:104,2
DA:105,2
DA:108,2
DA:121,4
DA:122,4
DA:123,4
DA:124,2
DA:125,2
DA:126,2
DA:129,2
DA:142,4
DA:143,4
DA:144,4
DA:145,2
DA:146,1
DA:147,1
DA:148,1
DA:150,2
DA:151,2
DA:160,1
DA:161,1
DA:162,1
DA:163,1
DA:173,5
DA:174,3
DA:175,1
DA:177,1
DA:190,14
DA:191,12
DA:192,12
DA:199,16
DA:200,14
DA:207,16
DA:208,14
DA:222,13
DA:223,11
DA:230,10
DA:231,8
DA:238,7
DA:239,5
LF:69
LH:69
BRDA:49,1,0,7
BRDA:49,1,1,0
BRDA:51,2,0,5
BRDA:51,2,1,2
BRDA:52,3,0,1
BRDA:52,3,1,4
BRDA:54,4,0,1
BRDA:54,4,1,0
BRDA:72,5,0,3
BRDA:72,5,1,0
BRDA:74,6,0,1
BRDA:74,6,1,2
BRDA:77,7,0,1
BRDA:77,7,1,0
BRDA:98,8,0,6
BRDA:98,8,1,0
BRDA:99,9,0,4
BRDA:99,9,1,2
BRDA:101,10,0,2
BRDA:101,10,1,2
BRDA:121,11,0,4
BRDA:121,11,1,0
BRDA:123,12,0,2
BRDA:123,12,1,2
BRDA:142,13,0,4
BRDA:142,13,1,0
BRDA:144,14,0,2
BRDA:144,14,1,2
BRDA:145,15,0,1
BRDA:145,15,1,1
BRDA:173,16,0,3
BRDA:173,16,1,2
BRDA:174,17,0,1
BRDA:174,17,1,2
BRDA:190,18,0,12
BRDA:190,18,1,2
BRDA:191,19,0,12
BRDA:191,19,1,0
BRDA:199,20,0,14
BRDA:199,20,1,2
BRDA:207,21,0,14
BRDA:207,21,1,2
BRDA:222,22,0,11
BRDA:222,22,1,2
BRDA:230,23,0,8
BRDA:230,23,1,2
BRDA:238,24,0,5
BRDA:238,24,1,2
BRF:48
BRH:40
end_of_record
TN:
SF:/home/peter/Documents/Work/MyBit/MyBit-Network.tech/contracts/ecosystem/AssetGenerator.sol
FN:22,
FN:31,createAsset
FN:45,createTradeableAsset
FN:62,destroy
FN:77,onlyOwner
FNF:5
FNH:3
FNDA:1,
FNDA:3,createAsset
FNDA:3,createTradeableAsset
FNDA:0,destroy
FNDA:0,onlyOwner
DA:24,1
DA:25,1
DA:35,3
DA:36,3
DA:37,1
DA:38,1
DA:39,1
DA:40,1
DA:49,3
DA:50,3
DA:51,1
DA:52,1
DA:53,4
DA:55,1
DA:56,1
DA:57,1
DA:58,1
DA:65,0
DA:66,0
DA:78,0
DA:79,0
LF:21
LH:17
BRDA:35,1,0,3
BRDA:35,1,1,0
BRDA:36,2,0,1
BRDA:36,2,1,2
BRDA:49,3,0,3
BRDA:49,3,1,0
BRDA:50,4,0,1
BRDA:50,4,1,2
BRDA:78,5,0,0
BRDA:78,5,1,0
BRF:10
BRH:6
end_of_record
TN:
SF:/home/peter/Documents/Work/MyBit/MyBit-Network.tech/contracts/ecosystem/Platform.sol
FN:12,
FN:20,setPlatformWallet
FN:29,setPlatformToken
FN:37,setBurnrate
FN:45,destroy
FN:57,onlyOwner
FNF:6
FNH:4
FNDA:7,
FNDA:5,setPlatformWallet
FNDA:7,setPlatformToken
FNDA:0,setBurnrate
FNDA:0,destroy
FNDA:16,onlyOwner
DA:14,7
DA:15,7
DA:23,5
DA:25,5
DA:33,7
DA:34,7
DA:40,0
DA:41,0
DA:48,0
DA:49,0
DA:58,16
DA:59,12
LF:12
LH:8
BRDA:40,1,0,0
BRDA:40,1,1,0
BRDA:58,2,0,12
BRDA:58,2,1,4
BRF:4
BRH:2
end_of_record
TN:
SF:/home/peter/Documents/Work/MyBit/MyBit-Network.tech/contracts/ecosystem/TokenConverter.sol
FN:21,
FN:32,convertTokenToMyBit
FN:56,addPath
FN:64,onlyOwner
FNF:4
FNH:0
FNDA:0,
FNDA:0,convertTokenToMyBit
FNDA:0,addPath
FNDA:0,onlyOwner
DA:23,0
DA:24,0
DA:25,0
DA:35,0
DA:36,0
DA:38,0
DA:39,0
DA:40,0
DA:42,0
DA:43,0
DA:45,0
DA:50,0
DA:51,0
DA:52,0
DA:53,0
DA:60,0
DA:61,0
DA:66,0
DA:67,0
LF:19
LH:0
BRDA:36,1,0,0
BRDA:36,1,1,0
BRDA:42,2,0,0
BRDA:42,2,1,0
BRDA:50,3,0,0
BRDA:50,3,1,0
BRDA:51,4,0,0
BRDA:51,4,1,0
BRDA:66,5,0,0
BRDA:66,5,1,0
BRF:10
BRH:0
end_of_record
TN:
SF:/home/peter/Documents/Work/MyBit/MyBit-Network.tech/contracts/interfaces/ApproveAndCallFallback.sol
FNF:0
FNH:0
LF:0
LH:0
BRF:0
BRH:0
end_of_record
TN:
SF:/home/peter/Documents/Work/MyBit/MyBit-Network.tech/contracts/interfaces/BurnableERC20.sol
FNF:0
FNH:0
LF:0
LH:0
BRF:0
BRH:0
end_of_record
TN:
SF:/home/peter/Documents/Work/MyBit/MyBit-Network.tech/contracts/interfaces/BurnERC20.sol
FNF:0
FNH:0
LF:0
LH:0
BRF:0
BRH:0
end_of_record
TN:
SF:/home/peter/Documents/Work/MyBit/MyBit-Network.tech/contracts/interfaces/DBInterface.sol
FNF:0
FNH:0
LF:0
LH:0
BRF:0
BRH:0
end_of_record
TN:
SF:/home/peter/Documents/Work/MyBit/MyBit-Network.tech/contracts/interfaces/DivToken.sol
FNF:0
FNH:0
LF:0
LH:0
BRF:0
BRH:0
end_of_record
TN:
SF:/home/peter/Documents/Work/MyBit/MyBit-Network.tech/contracts/interfaces/ERC20.sol
FNF:0
FNH:0
LF:0
LH:0
BRF:0
BRH:0
end_of_record
TN:
SF:/home/peter/Documents/Work/MyBit/MyBit-Network.tech/contracts/interfaces/ERC20DividendInterface.sol
FNF:0
FNH:0
LF:0
LH:0
BRF:0
BRH:0
end_of_record
TN:
SF:/home/peter/Documents/Work/MyBit/MyBit-Network.tech/contracts/interfaces/EtherDividendInterface.sol
FNF:0
FNH:0
LF:0
LH:0
BRF:0
BRH:0
end_of_record
TN:
SF:/home/peter/Documents/Work/MyBit/MyBit-Network.tech/contracts/interfaces/GovToken.sol
FNF:0
FNH:0
LF:0
LH:0
BRF:0
BRH:0
end_of_record
TN:
SF:/home/peter/Documents/Work/MyBit/MyBit-Network.tech/contracts/interfaces/PullPayment.sol
FNF:0
FNH:0
LF:0
LH:0
BRF:0
BRH:0
end_of_record
TN:
SF:/home/peter/Documents/Work/MyBit/MyBit-Network.tech/contracts/interfaces/TokenFactoryInterface.sol
FNF:0
FNH:0
LF:0
LH:0
BRF:0
BRH:0
end_of_record
TN:
SF:/home/peter/Documents/Work/MyBit/MyBit-Network.tech/contracts/interfaces/VotingInterface.sol
FNF:0
FNH:0
LF:0
LH:0
BRF:0
BRH:0
end_of_record
TN:
SF:/home/peter/Documents/Work/MyBit/MyBit-Network.tech/contracts/math/Logarithm.sol
FN:7,logBase2
FNF:1
FNH:0
FNDA:0,logBase2
DA:11,0
LF:1
LH:0
BRF:0
BRH:0
end_of_record
TN:
SF:/home/peter/Documents/Work/MyBit/MyBit-Network.tech/contracts/math/SafeMath.sol
FN:10,mul
FN:20,div
FN:28,sub
FN:34,add
FN:41,getFractionalAmount
FNF:5
FNH:5
FNDA:158,mul
FNDA:89,div
FNDA:360,sub
FNDA:433,add
FNDA:1,getFractionalAmount
DA:11,158
DA:12,28
DA:14,130
DA:15,130
DA:16,130
DA:24,89
DA:29,360
DA:30,357
DA:35,433
DA:36,433
DA:37,433
DA:45,1
LF:12
LH:12
BRDA:11,1,0,28
BRDA:11,1,1,130
BRDA:15,2,0,130
BRDA:15,2,1,0
BRDA:29,3,0,357
BRDA:29,3,1,3
BRDA:36,4,0,433
BRDA:36,4,1,0
BRF:8
BRH:6
end_of_record
TN:
SF:/home/peter/Documents/Work/MyBit/MyBit-Network.tech/contracts/ownership/CollectiveOwned.sol
FN:21,
FN:33,addOwner
FN:44,removeOwner
FN:52,setQuorumLevel
FN:62,voteForExecution
FN:73,destroy
FN:84,isQuorumReached
FN:103,onlyOwner
FN:110,isRestricted
FNF:9
FNH:0
FNDA:0,
FNDA:0,addOwner
FNDA:0,removeOwner
FNDA:0,setQuorumLevel
FNDA:0,voteForExecution
FNDA:0,destroy
FNDA:0,isQuorumReached
FNDA:0,onlyOwner
FNDA:0,isRestricted
DA:23,0
DA:24,0
DA:25,0
DA:26,0
DA:27,0
DA:37,0
DA:38,0
DA:39,0
DA:48,0
DA:56,0
DA:57,0
DA:58,0
DA:65,0
DA:66,0
DA:67,0
DA:68,0
DA:69,0
DA:76,0
DA:77,0
DA:88,0
DA:89,0
DA:90,0
DA:91,0
DA:93,0
DA:104,0
DA:105,0
DA:111,0
DA:112,0
DA:113,0
LF:29
LH:0
BRDA:104,1,0,0
BRDA:104,1,1,0
BRDA:111,2,0,0
BRDA:111,2,1,0
BRF:4
BRH:0
end_of_record
TN:
SF:/home/peter/Documents/Work/MyBit/MyBit-Network.tech/contracts/ownership/Commitment.sol
FN:29,
FN:42,commit
FN:56,cancelCommitment
FN:70,withdrawTokens
FN:91,commitmentAge
FNF:5
FNH:3
FNDA:1,
FNDA:10,commit
FNDA:0,cancelCommitment
FNDA:0,withdrawTokens
FNDA:8,commitmentAge
DA:31,1
DA:32,1
DA:44,10
DA:45,8
DA:46,6
DA:47,6
DA:48,4
DA:49,2
DA:50,2
DA:51,2
DA:59,0
DA:60,0
DA:61,0
DA:62,0
DA:63,0
DA:64,0
DA:73,0
DA:74,0
DA:75,0
DA:76,0
DA:77,0
DA:78,0
DA:79,0
DA:80,0
DA:81,0
DA:82,0
DA:83,0
DA:95,8
DA:96,8
DA:97,6
DA:99,2
LF:31
LH:14
BRDA:44,1,0,8
BRDA:44,1,1,2
BRDA:45,2,0,6
BRDA:45,2,1,2
BRDA:46,3,0,6
BRDA:46,3,1,0
BRDA:47,4,0,4
BRDA:47,4,1,2
BRDA:48,5,0,2
BRDA:48,5,1,2
BRDA:59,6,0,0
BRDA:59,6,1,0
BRDA:61,7,0,0
BRDA:61,7,1,0
BRDA:73,8,0,0
BRDA:73,8,1,0
BRDA:76,9,0,0
BRDA:76,9,1,0
BRDA:81,10,0,0
BRDA:81,10,1,0
BRDA:96,11,0,6
BRDA:96,11,1,2
BRF:22
BRH:11
end_of_record
TN:
SF:/home/peter/Documents/Work/MyBit/MyBit-Network.tech/contracts/ownership/GovernanceControls.sol
FN:24,
FN:35,startGovernance
FN:79,destroy
FN:89,onlyOwner
FNF:4
FNH:2
FNDA:1,
FNDA:1,startGovernance
FNDA:0,destroy
FNDA:0,onlyOwner
DA:26,1
DA:27,1
DA:39,1
DA:40,1
DA:41,1
DA:42,1
DA:43,1
DA:44,1
DA:45,1
DA:46,1
DA:47,1
DA:48,1
DA:49,1
DA:82,0
DA:83,0
DA:90,0
DA:91,0
LF:17
LH:13
BRDA:39,1,0,1
BRDA:39,1,1,0
BRDA:40,2,0,1
BRDA:40,2,1,0
BRDA:42,3,0,1
BRDA:42,3,1,0
BRDA:90,4,0,0
BRDA:90,4,1,0
BRF:8
BRH:3
end_of_record
TN:
SF:/home/peter/Documents/Work/MyBit/MyBit-Network.tech/contracts/ownership/MutualSlashing.sol
FN:33,
FN:44,commit
FN:57,propose
FN:76,approve
FN:94,decline
FN:110,tallyVotes
FN:125,burnStake
FN:143,cancelCommitment
FN:157,withdrawTokens
FN:182,commitmentAge
FN:193,proposalOpen
FN:208,multiplierOf
FN:220,tokenIsGoverned
FNF:13
FNH:0
FNDA:0,
FNDA:0,commit
FNDA:0,propose
FNDA:0,approve
FNDA:0,decline
FNDA:0,tallyVotes
FNDA:0,burnStake
FNDA:0,cancelCommitment
FNDA:0,withdrawTokens
FNDA:0,commitmentAge
FNDA:0,proposalOpen
FNDA:0,multiplierOf
FNDA:0,tokenIsGoverned
DA:35,0
DA:46,0
DA:47,0
DA:48,0
DA:49,0
DA:50,0
DA:51,0
DA:52,0
DA:53,0
DA:60,0
DA:61,0
DA:62,0
DA:63,0
DA:64,0
DA:65,0
DA:66,0
DA:67,0
DA:68,0
DA:79,0
DA:80,0
DA:81,0
DA:82,0
DA:83,0
DA:84,0
DA:85,0
DA:86,0
DA:87,0
DA:88,0
DA:97,0
DA:98,0
DA:99,0
DA:100,0
DA:101,0
DA:102,0
DA:103,0
DA:104,0
DA:105,0
DA:106,0
DA:113,0
DA:114,0
DA:115,0
DA:116,0
DA:117,0
DA:118,0
DA:119,0
DA:120,0
DA:121,0
DA:128,0
DA:129,0
DA:130,0
DA:131,0
DA:132,0
DA:133,0
DA:134,0
DA:135,0
DA:136,0
DA:137,0
DA:138,0
DA:146,0
DA:147,0
DA:148,0
DA:149,0
DA:150,0
DA:151,0
DA:160,0
DA:161,0
DA:162,0
DA:163,0
DA:164,0
DA:165,0
DA:166,0
DA:167,0
DA:168,0
DA:169,0
DA:170,0
DA:186,0
DA:197,0
DA:198,0
DA:199,0
DA:212,0
DA:213,0
DA:224,0
LF:82
LH:0
BRDA:46,1,0,0
BRDA:46,1,1,0
BRDA:47,2,0,0
BRDA:47,2,1,0
BRDA:48,3,0,0
BRDA:48,3,1,0
BRDA:49,4,0,0
BRDA:49,4,1,0
BRDA:50,5,0,0
BRDA:50,5,1,0
BRDA:60,6,0,0
BRDA:60,6,1,0
BRDA:61,7,0,0
BRDA:61,7,1,0
BRDA:63,8,0,0
BRDA:63,8,1,0
BRDA:81,9,0,0
BRDA:81,9,1,0
BRDA:82,10,0,0
BRDA:82,10,1,0
BRDA:83,11,0,0
BRDA:83,11,1,0
BRDA:83,12,0,0
BRDA:83,12,1,0
BRDA:99,13,0,0
BRDA:99,13,1,0
BRDA:100,14,0,0
BRDA:100,14,1,0
BRDA:101,15,0,0
BRDA:101,15,1,0
BRDA:101,16,0,0
BRDA:101,16,1,0
BRDA:114,17,0,0
BRDA:114,17,1,0
BRDA:116,18,0,0
BRDA:116,18,1,0
BRDA:133,19,0,0
BRDA:133,19,1,0
BRDA:137,20,0,0
BRDA:137,20,1,0
BRDA:146,21,0,0
BRDA:146,21,1,0
BRDA:148,22,0,0
BRDA:148,22,1,0
BRDA:160,23,0,0
BRDA:160,23,1,0
BRDA:163,24,0,0
BRDA:163,24,1,0
BRDA:168,25,0,0
BRDA:168,25,1,0
BRDA:212,26,0,0
BRDA:212,26,1,0
BRDA:213,27,0,0
BRDA:213,27,1,0
BRF:54
BRH:0
end_of_record
TN:
SF:/home/peter/Documents/Work/MyBit/MyBit-Network.tech/contracts/ownership/Pausible.sol
FN:16,
FN:24,pause
FN:34,unpause
FN:43,destroy
FN:51,onlyOwner
FNF:5
FNH:4
FNDA:3,
FNDA:3,pause
FNDA:3,unpause
FNDA:0,destroy
FNDA:8,onlyOwner
DA:18,3
DA:19,3
DA:27,3
DA:28,3
DA:37,3
DA:38,3
DA:46,0
DA:47,0
DA:52,8
DA:53,6
LF:10
LH:8
BRDA:52,1,0,6
BRDA:52,1,1,2
BRF:2
BRH:2
end_of_record
TN:
SF:/home/peter/Documents/Work/MyBit/MyBit-Network.tech/contracts/ownership/Proposals.sol
FN:46,
FN:55,propose
FN:71,approve
FN:90,decline
FN:107,tallyVotes
FN:128,commitmentAge
FN:139,proposalOpen
FNF:7
FNH:4
FNDA:1,
FNDA:1,propose
FNDA:0,approve
FNDA:0,decline
FNDA:0,tallyVotes
FNDA:1,commitmentAge
FNDA:1,proposalOpen
DA:48,1
DA:49,1
DA:57,1
DA:58,1
DA:59,1
DA:60,1
DA:61,1
DA:62,1
DA:63,1
DA:64,1
DA:74,0
DA:75,0
DA:76,0
DA:77,0
DA:78,0
DA:79,0
DA:80,0
DA:81,0
DA:82,0
DA:83,0
DA:93,0
DA:94,0
DA:95,0
DA:96,0
DA:97,0
DA:98,0
DA:99,0
DA:100,0
DA:101,0
DA:102,0
DA:110,0
DA:111,0
DA:112,0
DA:113,0
DA:114,0
DA:115,0
DA:116,0
DA:117,0
DA:132,1
DA:143,1
DA:144,1
DA:145,1
LF:42
LH:14
BRDA:57,1,0,1
BRDA:57,1,1,0
BRDA:59,2,0,1
BRDA:59,2,1,0
BRDA:76,3,0,0
BRDA:76,3,1,0
BRDA:77,4,0,0
BRDA:77,4,1,0
BRDA:95,5,0,0
BRDA:95,5,1,0
BRDA:96,6,0,0
BRDA:96,6,1,0
BRDA:111,7,0,0
BRDA:111,7,1,0
BRF:14
BRH:2
end_of_record
TN:
SF:/home/peter/Documents/Work/MyBit/MyBit-Network.tech/contracts/ownership/QuadraticVoting.sol
FN:51,
FN:64,commit
FN:80,propose
FN:96,approve
FN:114,decline
FN:130,tallyVotes
FN:147,cancelCommitment
FN:161,withdrawTokens
FN:185,commitmentAge
FN:196,proposalOpen
FN:211,multiplierOf
FN:223,tokenIsGoverned
FNF:12
FNH:0
FNDA:0,
FNDA:0,commit
FNDA:0,propose
FNDA:0,approve
FNDA:0,decline
FNDA:0,tallyVotes
FNDA:0,cancelCommitment
FNDA:0,withdrawTokens
FNDA:0,commitmentAge
FNDA:0,proposalOpen
FNDA:0,multiplierOf
FNDA:0,tokenIsGoverned
DA:53,0
DA:66,0
DA:67,0
DA:68,0
DA:69,0
DA:70,0
DA:71,0
DA:72,0
DA:73,0
DA:82,0
DA:83,0
DA:84,0
DA:85,0
DA:86,0
DA:87,0
DA:88,0
DA:89,0
DA:98,0
DA:99,0
DA:100,0
DA:101,0
DA:102,0
DA:103,0
DA:104,0
DA:105,0
DA:106,0
DA:107,0
DA:116,0
DA:117,0
DA:118,0
DA:119,0
DA:120,0
DA:121,0
DA:122,0
DA:123,0
DA:124,0
DA:125,0
DA:133,0
DA:134,0
DA:135,0
DA:136,0
DA:137,0
DA:138,0
DA:139,0
DA:140,0
DA:141,0
DA:142,0
DA:150,0
DA:151,0
DA:152,0
DA:153,0
DA:154,0
DA:155,0
DA:164,0
DA:165,0
DA:166,0
DA:167,0
DA:168,0
DA:169,0
DA:170,0
DA:171,0
DA:172,0
DA:173,0
DA:174,0
DA:189,0
DA:200,0
DA:201,0
DA:202,0
DA:215,0
DA:216,0
DA:227,0
LF:71
LH:0
BRDA:66,1,0,0
BRDA:66,1,1,0
BRDA:67,2,0,0
BRDA:67,2,1,0
BRDA:68,3,0,0
BRDA:68,3,1,0
BRDA:69,4,0,0
BRDA:69,4,1,0
BRDA:70,5,0,0
BRDA:70,5,1,0
BRDA:82,6,0,0
BRDA:82,6,1,0
BRDA:83,7,0,0
BRDA:83,7,1,0
BRDA:85,8,0,0
BRDA:85,8,1,0
BRDA:100,9,0,0
BRDA:100,9,1,0
BRDA:101,10,0,0
BRDA:101,10,1,0
BRDA:118,11,0,0
BRDA:118,11,1,0
BRDA:119,12,0,0
BRDA:119,12,1,0
BRDA:135,13,0,0
BRDA:135,13,1,0
BRDA:137,14,0,0
BRDA:137,14,1,0
BRDA:150,15,0,0
BRDA:150,15,1,0
BRDA:152,16,0,0
BRDA:152,16,1,0
BRDA:164,17,0,0
BRDA:164,17,1,0
BRDA:167,18,0,0
BRDA:167,18,1,0
BRDA:172,19,0,0
BRDA:172,19,1,0
BRDA:215,20,0,0
BRDA:215,20,1,0
BRDA:216,21,0,0
BRDA:216,21,1,0
BRF:42
BRH:0
end_of_record
TN:
SF:/home/peter/Documents/Work/MyBit/MyBit-Network.tech/contracts/ownership/RawCall.sol
FN:14,execute
FNF:1
FNH:0
FNDA:0,execute
DA:18,0
DA:19,0
DA:21,0
LF:3
LH:0
BRDA:19,1,0,0
BRDA:19,1,1,0
BRF:2
BRH:0
end_of_record
TN:
SF:/home/peter/Documents/Work/MyBit/MyBit-Network.tech/contracts/ownership/SingleOwned.sol
FN:15,
FN:21,changeOwner
FN:31,destroy
FN:39,onlyOwner
FNF:4
FNH:3
FNDA:1,
FNDA:1,changeOwner
FNDA:0,destroy
FNDA:3,onlyOwner
DA:16,1
DA:17,1
DA:24,1
DA:25,1
DA:26,1
DA:34,0
DA:35,0
DA:40,3
DA:41,1
LF:9
LH:7
BRDA:40,1,0,1
BRDA:40,1,1,2
BRF:2
BRH:2
end_of_record
TN:
SF:/home/peter/Documents/Work/MyBit/MyBit-Network.tech/contracts/ownership/TimeWeightedProposals.sol
FN:45,
FN:58,commit
FN:74,propose
FN:90,approve
FN:108,decline
FN:124,tallyVotes
FN:140,cancelCommitment
FN:154,withdrawTokens
FN:178,commitmentAge
FN:189,proposalOpen
FN:204,multiplierOf
FN:216,tokenIsGoverned
FNF:12
FNH:0
FNDA:0,
FNDA:0,commit
FNDA:0,propose
FNDA:0,approve
FNDA:0,decline
FNDA:0,tallyVotes
FNDA:0,cancelCommitment
FNDA:0,withdrawTokens
FNDA:0,commitmentAge
FNDA:0,proposalOpen
FNDA:0,multiplierOf
FNDA:0,tokenIsGoverned
DA:47,0
DA:60,0
DA:61,0
DA:62,0
DA:63,0
DA:64,0
DA:65,0
DA:66,0
DA:67,0
DA:76,0
DA:77,0
DA:78,0
DA:79,0
DA:80,0
DA:81,0
DA:82,0
DA:83,0
DA:92,0
DA:93,0
DA:94,0
DA:95,0
DA:96,0
DA:97,0
DA:98,0
DA:99,0
DA:100,0
DA:101,0
DA:110,0
DA:111,0
DA:112,0
DA:113,0
DA:114,0
DA:115,0
DA:116,0
DA:117,0
DA:118,0
DA:119,0
DA:127,0
DA:128,0
DA:129,0
DA:130,0
DA:131,0
DA:132,0
DA:133,0
DA:134,0
DA:135,0
DA:143,0
DA:144,0
DA:145,0
DA:146,0
DA:147,0
DA:148,0
DA:157,0
DA:158,0
DA:159,0
DA:160,0
DA:161,0
DA:162,0
DA:163,0
DA:164,0
DA:165,0
DA:166,0
DA:167,0
DA:182,0
DA:193,0
DA:194,0
DA:195,0
DA:208,0
DA:209,0
DA:220,0
LF:70
LH:0
BRDA:60,1,0,0
BRDA:60,1,1,0
BRDA:61,2,0,0
BRDA:61,2,1,0
BRDA:62,3,0,0
BRDA:62,3,1,0
BRDA:63,4,0,0
BRDA:63,4,1,0
BRDA:64,5,0,0
BRDA:64,5,1,0
BRDA:76,6,0,0
BRDA:76,6,1,0
BRDA:77,7,0,0
BRDA:77,7,1,0
BRDA:79,8,0,0
BRDA:79,8,1,0
BRDA:94,9,0,0
BRDA:94,9,1,0
BRDA:95,10,0,0
BRDA:95,10,1,0
BRDA:112,11,0,0
BRDA:112,11,1,0
BRDA:113,12,0,0
BRDA:113,12,1,0
BRDA:128,13,0,0
BRDA:128,13,1,0
BRDA:130,14,0,0
BRDA:130,14,1,0
BRDA:143,15,0,0
BRDA:143,15,1,0
BRDA:145,16,0,0
BRDA:145,16,1,0
BRDA:157,17,0,0
BRDA:157,17,1,0
BRDA:160,18,0,0
BRDA:160,18,1,0
BRDA:165,19,0,0
BRDA:165,19,1,0
BRDA:208,20,0,0
BRDA:208,20,1,0
BRDA:209,21,0,0
BRDA:209,21,1,0
BRF:42
BRH:0
end_of_record
TN:
SF:/home/peter/Documents/Work/MyBit/MyBit-Network.tech/contracts/roles/AssetManagerFunds.sol
FN:28,
FN:36,withdraw
FN:67,retrieveAssetManagerTokens
FN:102,retrieveAssetManagerETH
FN:125,containsAddress
FN:136,destroy
FN:144,nonReentrant
FN:152,onlyOwner
FN:157,
FNF:9
FNH:7
FNDA:3,
FNDA:2,withdraw
FNDA:1,retrieveAssetManagerTokens
FNDA:1,retrieveAssetManagerETH
FNDA:1,containsAddress
FNDA:0,destroy
FNDA:4,nonReentrant
FNDA:0,onlyOwner
FNDA:2,
DA:30,3
DA:31,3
DA:40,2
DA:41,2
DA:42,2
DA:43,2
DA:44,2
DA:45,2
DA:46,2
DA:47,1
DA:48,1
DA:49,1
DA:50,1
DA:51,1
DA:52,1
DA:53,1
DA:56,1
DA:57,1
DA:58,1
DA:59,1
DA:60,1
DA:61,1
DA:62,1
DA:64,2
DA:71,1
DA:72,1
DA:73,1
DA:74,1
DA:75,1
DA:76,1
DA:77,1
DA:78,1
DA:79,1
DA:80,1
DA:81,1
DA:82,1
DA:83,1
DA:84,1
DA:85,1
DA:87,1
DA:88,1
DA:89,1
DA:91,1
DA:92,1
DA:95,1
DA:96,1
DA:98,1
DA:106,1
DA:107,1
DA:108,1
DA:109,1
DA:110,1
DA:111,1
DA:112,1
DA:113,1
DA:114,1
DA:115,1
DA:116,1
DA:117,1
DA:118,1
DA:120,1
DA:121,1
DA:129,1
DA:130,1
DA:132,1
DA:139,0
DA:140,0
DA:145,4
DA:146,4
DA:147,4
DA:148,4
DA:153,0
DA:154,0
LF:73
LH:69
BRDA:40,1,0,2
BRDA:40,1,1,0
BRDA:41,2,0,2
BRDA:41,2,1,0
BRDA:43,3,0,2
BRDA:43,3,1,0
BRDA:46,4,0,1
BRDA:46,4,1,1
BRDA:49,5,0,1
BRDA:49,5,1,0
BRDA:51,6,0,1
BRDA:51,6,1,0
BRDA:52,7,0,1
BRDA:52,7,1,0
BRDA:57,8,0,1
BRDA:57,8,1,0
BRDA:60,9,0,1
BRDA:60,9,1,0
BRDA:61,10,0,1
BRDA:61,10,1,0
BRDA:71,11,0,1
BRDA:71,11,1,0
BRDA:72,12,0,1
BRDA:72,12,1,0
BRDA:77,13,0,1
BRDA:77,13,1,0
BRDA:79,14,0,1
BRDA:79,14,1,0
BRDA:81,15,0,1
BRDA:81,15,1,0
BRDA:85,16,0,0
BRDA:85,16,1,1
BRDA:91,17,0,1
BRDA:91,17,1,0
BRDA:92,18,0,1
BRDA:92,18,1,0
BRDA:96,19,0,1
BRDA:96,19,1,0
BRDA:106,20,0,1
BRDA:106,20,1,0
BRDA:109,21,0,1
BRDA:109,21,1,0
BRDA:110,22,0,1
BRDA:110,22,1,0
BRDA:114,23,0,1
BRDA:114,23,1,0
BRDA:116,24,0,1
BRDA:116,24,1,0
BRDA:117,25,0,1
BRDA:117,25,1,0
BRDA:130,26,0,0
BRDA:130,26,1,1
BRDA:148,27,0,4
BRDA:148,27,1,0
BRDA:153,28,0,0
BRDA:153,28,1,0
BRF:56
BRH:28
end_of_record
TN:
SF:/home/peter/Documents/Work/MyBit/MyBit-Network.tech/contracts/roles/Operators.sol
FN:12,
FN:19,registerOperator
FN:33,removeOperator
FN:43,changeOperatorAddress
FN:55,acceptERC20Token
FN:64,acceptEther
FN:72,addAssetType
FN:81,destroy
FN:93,onlyOwner
FN:99,onlyOperator
FNF:10
FNH:8
FNDA:5,
FNDA:9,registerOperator
FNDA:3,removeOperator
FNDA:3,changeOperatorAddress
FNDA:2,acceptERC20Token
FNDA:4,acceptEther
FNDA:0,addAssetType
FNDA:0,destroy
FNDA:14,onlyOwner
FNDA:6,onlyOperator
DA:13,5
DA:14,5
DA:22,9
DA:23,9
DA:24,9
DA:25,7
DA:26,7
DA:27,7
DA:28,7
DA:36,3
DA:37,3
DA:45,3
DA:46,3
DA:47,3
DA:48,1
DA:49,1
DA:50,1
DA:59,2
DA:60,2
DA:68,4
DA:69,4
DA:76,0
DA:77,0
DA:84,0
DA:85,0
DA:94,14
DA:95,12
DA:100,6
DA:101,6
LF:29
LH:25
BRDA:22,1,0,9
BRDA:22,1,1,0
BRDA:24,2,0,7
BRDA:24,2,1,2
BRDA:46,3,0,3
BRDA:46,3,1,0
BRDA:47,4,0,1
BRDA:47,4,1,2
BRDA:94,5,0,12
BRDA:94,5,1,2
BRDA:100,6,0,6
BRDA:100,6,1,0
BRF:12
BRH:9
end_of_record
TN:
SF:/home/peter/Documents/Work/MyBit/MyBit-Network.tech/contracts/test/ApproveAndCallTest.sol
FN:4,receiveApproval
FNF:1
FNH:1
FNDA:2,receiveApproval
DA:6,2
LF:1
LH:1
BRF:0
BRH:0
end_of_record
TN:
SF:/home/peter/Documents/Work/MyBit/MyBit-Network.tech/contracts/test/ConsensusTest.sol
FN:11,
FN:16,checkConsensus
FN:27,passedQuorum
FN:36,passedThreshold
FN:45,consensusTestParameterHash
FNF:5
FNH:2
FNDA:1,
FNDA:0,checkConsensus
FNDA:0,passedQuorum
FNDA:0,passedThreshold
FNDA:1,consensusTestParameterHash
DA:13,1
DA:20,0
DA:21,0
DA:22,0
DA:23,0
DA:24,0
DA:31,0
DA:32,0
DA:33,0
DA:40,0
DA:41,0
DA:42,0
DA:49,1
LF:13
LH:2
BRDA:22,1,0,0
BRDA:22,1,1,0
BRDA:23,2,0,0
BRDA:23,2,1,0
BRF:4
BRH:0
end_of_record
TN:
SF:/home/peter/Documents/Work/MyBit/MyBit-Network.tech/contracts/test/HashFunctions.sol
FN:5,toBytes
FN:15,getMethodID
FN:22,getAssetID
FN:29,getOrderID
FN:36,getFunctionInitiatorHash
FN:43,uintHash
FN:50,getStakingID
FN:57,stringHash
FN:64,addressHash
FN:72,contractHash
FN:79,stringAddress
FN:86,stringString
FN:93,stringBytes
FN:100,stringUint
FN:107,stringBytesAddress
FN:114,addressUintUint
FN:122,getAuthorizeHash
FN:129,uintUint
FN:137,uintUintUint
FN:144,currentTime
FN:151,nullBytes
FN:158,nullAddress
FN:165,
FNF:23
FNH:5
FNDA:0,toBytes
FNDA:0,getMethodID
FNDA:2,getAssetID
FNDA:0,getOrderID
FNDA:1,getFunctionInitiatorHash
FNDA:0,uintHash
FNDA:0,getStakingID
FNDA:0,stringHash
FNDA:1,addressHash
FNDA:0,contractHash
FNDA:15,stringAddress
FNDA:0,stringString
FNDA:1,stringBytes
FNDA:0,stringUint
FNDA:0,stringBytesAddress
FNDA:0,addressUintUint
FNDA:0,getAuthorizeHash
FNDA:0,uintUint
FNDA:0,uintUintUint
FNDA:0,currentTime
FNDA:0,nullBytes
FNDA:0,nullAddress
FNDA:0,
DA:9,0
DA:10,0
DA:19,0
DA:26,2
DA:33,0
DA:40,1
DA:47,0
DA:54,0
DA:61,0
DA:68,1
DA:76,0
DA:83,15
DA:90,0
DA:97,1
DA:104,0
DA:111,0
DA:118,0
DA:126,0
DA:133,0
DA:141,0
DA:148,0
DA:155,0
DA:162,0
DA:167,0
LF:24
LH:5
BRF:0
BRH:0
end_of_record
TN:
SF:/home/peter/Documents/Work/MyBit/MyBit-Network.tech/contracts/test/SafeMathWrapper.sol
FN:9,multiply
FN:13,divide
FN:17,subtract
FN:21,addto
FN:25,fraction
FNF:5
FNH:5
FNDA:2,multiply
FNDA:1,divide
FNDA:2,subtract
FNDA:1,addto
FNDA:1,fraction
DA:10,2
DA:14,1
DA:18,2
DA:22,1
DA:26,1
LF:5
LH:5
BRF:0
BRH:0
end_of_record
TN:
SF:/home/peter/Documents/Work/MyBit/MyBit-Network.tech/contracts/test/TestBurner.sol
FN:13,
FN:19,burnTokensManualFee
FN:25,burnTokens
FN:33,getMethodID
FNF:4
FNH:4
FNDA:1,
FNDA:7,burnTokensManualFee
FNDA:3,burnTokens
FNDA:1,getMethodID
DA:15,1
DA:16,1
DA:21,7
DA:27,3
DA:28,3
DA:29,3
DA:30,1
DA:37,1
LF:8
LH:8
BRDA:21,1,0,1
BRDA:21,1,1,6
BRDA:29,2,0,1
BRDA:29,2,1,2
BRF:4
BRH:4
end_of_record
TN:
SF:/home/peter/Documents/Work/MyBit/MyBit-Network.tech/contracts/test/WithdrawTest.sol
FN:7,withdraw
FN:17,deposit
FNF:2
FNH:1
FNDA:0,withdraw
FNDA:1,deposit
DA:10,0
DA:11,0
DA:12,0
DA:13,0
DA:14,0
DA:20,1
DA:21,1
LF:7
LH:2
BRF:0
BRH:0
end_of_record
TN:
SF:/home/peter/Documents/Work/MyBit/MyBit-Network.tech/contracts/tokens/distribution/EqualDistribution.sol
FN:22,
FN:31,getFunds
FN:39,withdraw
FN:51,
FN:63,isBeneficiary
FNF:5
FNH:2
FNDA:1,
FNDA:0,getFunds
FNDA:0,withdraw
FNDA:0,
FNDA:2,isBeneficiary
DA:24,1
DA:25,1
DA:34,0
DA:35,0
DA:42,0
DA:43,0
DA:44,0
DA:45,0
DA:46,0
DA:47,0
DA:54,0
DA:67,2
DA:68,5
DA:70,1
LF:14
LH:5
BRDA:24,1,0,1
BRDA:24,1,1,0
BRDA:68,2,0,1
BRDA:68,2,1,4
BRF:4
BRH:3
end_of_record
TN:
SF:/home/peter/Documents/Work/MyBit/MyBit-Network.tech/contracts/tokens/distribution/FixedDistribution.sol
FN:15,
FNF:1
FNH:1
FNDA:2,
DA:17,2
DA:18,2
DA:19,2
DA:20,2
DA:21,6
DA:22,6
DA:24,2
LF:7
LH:7
BRDA:17,1,0,2
BRDA:17,1,1,0
BRF:2
BRH:1
end_of_record
TN:
SF:/home/peter/Documents/Work/MyBit/MyBit-Network.tech/contracts/tokens/distribution/MintableDistribution.sol
FN:19,
FN:28,mint
FN:40,finishMinting
FN:55,canMint
FNF:4
FNH:4
FNDA:1,
FNDA:2,mint
FNDA:1,finishMinting
FNDA:5,canMint
DA:21,1
DA:22,1
DA:32,2
DA:33,2
DA:34,2
DA:35,2
DA:44,1
DA:45,1
DA:46,1
DA:56,5
DA:57,3
LF:11
LH:11
BRDA:56,1,0,3
BRDA:56,1,1,2
BRF:2
BRH:2
end_of_record
TN:
SF:/home/peter/Documents/Work/MyBit/MyBit-Network.tech/contracts/tokens/distribution/StandardDistribution.sol
FN:31,withdraw
FN:52,issueDividends
FN:61,
FN:74,getTokenValue
FN:83,getUnclaimedAmount
FN:90,totalSupply
FN:94,balanceOf
FN:104,updateclaimableIncome
FNF:8
FNH:8
FNDA:4,withdraw
FNDA:1,issueDividends
FNDA:2,
FNDA:5,getTokenValue
FNDA:1,getUnclaimedAmount
FNDA:1,totalSupply
FNDA:7,balanceOf
FNDA:4,updateclaimableIncome
DA:35,4
DA:36,4
DA:37,4
DA:38,4
DA:55,1
DA:56,1
DA:57,1
DA:64,2
DA:65,2
DA:66,2
DA:78,5
DA:79,5
DA:87,1
DA:91,1
DA:95,7
DA:105,4
DA:106,4
DA:107,4
LF:18
LH:18
BRF:0
BRH:0
end_of_record
TN:
SF:/home/peter/Documents/Work/MyBit/MyBit-Network.tech/contracts/tokens/erc20/BurnableToken.sol
FN:16,burn
FN:30,burnFrom
FNF:2
FNH:2
FNDA:1,burn
FNDA:4,burnFrom
DA:19,1
DA:20,1
DA:21,1
DA:22,1
DA:23,1
DA:33,4
DA:34,4
DA:35,2
DA:36,2
DA:37,2
DA:38,2
LF:11
LH:11
BRF:0
BRH:0
end_of_record
TN:
SF:/home/peter/Documents/Work/MyBit/MyBit-Network.tech/contracts/tokens/erc20/DividendToken.sol
FN:24,
FN:32,transfer
FN:47,transferFrom
FN:61,approveAndCall
FN:73,withdraw
FN:85,issueDividends
FN:96,getERC20
FN:104,
FN:118,collectLatestPayments
FN:127,getAmountOwed
FN:140,updateIncomeClaimed
FNF:11
FNH:11
FNDA:10,
FNDA:7,transfer
FNDA:7,transferFrom
FNDA:1,approveAndCall
FNDA:11,withdraw
FNDA:2,issueDividends
FNDA:1,getERC20
FNDA:4,
FNDA:46,collectLatestPayments
FNDA:5,getAmountOwed
FNDA:41,updateIncomeClaimed
DA:37,7
DA:38,5
DA:39,1
DA:52,7
DA:53,5
DA:54,3
DA:66,1
DA:67,1
DA:68,1
DA:69,1
DA:77,11
DA:78,11
DA:79,11
DA:80,11
DA:81,11
DA:89,2
DA:90,2
DA:91,2
DA:92,2
DA:100,1
DA:107,4
DA:108,4
DA:109,4
DA:122,46
DA:123,46
DA:131,5
DA:141,41
DA:142,41
DA:143,41
LF:29
LH:29
BRDA:37,1,0,5
BRDA:37,1,1,2
BRDA:52,2,0,5
BRDA:52,2,1,2
BRF:4
BRH:4
end_of_record
TN:
SF:/home/peter/Documents/Work/MyBit/MyBit-Network.tech/contracts/tokens/erc20/DividendTokenERC20.sol
FN:30,
FN:36,transfer
FN:47,transferFrom
FN:61,approveAndCall
FN:72,issueDividends
FN:84,withdraw
FN:99,checkForTransfers
FN:118,collectLatestPayments
FN:127,getAmountOwed
FN:134,getERC20
FN:147,updateIncomeClaimed
FNF:11
FNH:11
FNDA:5,
FNDA:5,transfer
FNDA:5,transferFrom
FNDA:1,approveAndCall
FNDA:7,issueDividends
FNDA:11,withdraw
FNDA:2,checkForTransfers
FNDA:38,collectLatestPayments
FNDA:5,getAmountOwed
FNDA:4,getERC20
FNDA:33,updateIncomeClaimed
DA:32,5
DA:41,5
DA:42,3
DA:43,1
DA:52,5
DA:53,3
DA:54,1
DA:66,1
DA:67,1
DA:68,1
DA:69,1
DA:75,7
DA:76,5
DA:77,5
DA:78,5
DA:79,5
DA:80,5
DA:88,11
DA:89,11
DA:90,11
DA:91,11
DA:92,11
DA:93,11
DA:101,2
DA:102,2
DA:103,2
DA:104,2
DA:106,1
DA:107,1
DA:109,2
DA:122,38
DA:123,38
DA:131,5
DA:138,4
DA:148,33
DA:149,33
DA:150,33
LF:37
LH:37
BRDA:41,1,0,3
BRDA:41,1,1,2
BRDA:52,2,0,3
BRDA:52,2,1,2
BRDA:75,3,0,5
BRDA:75,3,1,2
BRDA:76,4,0,5
BRDA:76,4,1,0
BRDA:91,5,0,11
BRDA:91,5,1,0
BRDA:104,6,0,1
BRDA:104,6,1,1
BRF:12
BRH:10
end_of_record
TN:
SF:/home/peter/Documents/Work/MyBit/MyBit-Network.tech/contracts/tokens/erc20/GovernedToken.sol
FN:25,
FN:32,transfer
FN:41,transferFrom
FN:50,getAmountAvailable
FNF:4
FNH:0
FNDA:0,
FNDA:0,transfer
FNDA:0,transferFrom
FNDA:0,getAmountAvailable
DA:28,0
DA:35,0
DA:36,0
DA:37,0
DA:44,0
DA:45,0
DA:46,0
DA:54,0
DA:55,0
DA:56,0
DA:57,0
LF:11
LH:0
BRDA:35,1,0,0
BRDA:35,1,1,0
BRDA:44,2,0,0
BRDA:44,2,1,0
BRF:4
BRH:0
end_of_record
TN:
SF:/home/peter/Documents/Work/MyBit/MyBit-Network.tech/contracts/tokens/erc20/GovernedTokenERC20.sol
FN:26,
FN:33,transfer
FN:42,transferFrom
FN:51,getAmountAvailable
FNF:4
FNH:0
FNDA:0,
FNDA:0,transfer
FNDA:0,transferFrom
FNDA:0,getAmountAvailable
DA:29,0
DA:36,0
DA:37,0
DA:38,0
DA:45,0
DA:46,0
DA:47,0
DA:55,0
DA:56,0
DA:57,0
DA:58,0
LF:11
LH:0
BRDA:36,1,0,0
BRDA:36,1,1,0
BRDA:45,2,0,0
BRDA:45,2,1,0
BRF:4
BRH:0
end_of_record
TN:
SF:/home/peter/Documents/Work/MyBit/MyBit-Network.tech/contracts/tokens/erc20/MintableToken.sol
FN:19,
FN:30,mint
FN:42,finishMinting
FN:51,getTokenURI
FN:59,canMint
FNF:5
FNH:5
FNDA:15,
FNDA:40,mint
FNDA:9,finishMinting
FNDA:2,getTokenURI
FNDA:51,canMint
DA:21,15
DA:22,15
DA:23,15
DA:34,40
DA:35,40
DA:36,40
DA:37,40
DA:38,40
DA:46,9
DA:47,9
DA:48,9
DA:55,2
DA:60,51
DA:61,49
LF:14
LH:14
BRDA:60,1,0,49
BRDA:60,1,1,2
BRF:2
BRH:2
end_of_record
TN:
SF:/home/peter/Documents/Work/MyBit/MyBit-Network.tech/contracts/tokens/erc20/MyBitToken.sol
FN:16,
FNF:1
FNH:1
FNDA:10,
DA:18,10
DA:19,10
DA:20,10
DA:21,10
LF:4
LH:4
BRF:0
BRH:0
end_of_record
TN:
SF:/home/peter/Documents/Work/MyBit/MyBit-Network.tech/contracts/tokens/erc20/StandardToken.sol
FN:30,allowance
FN:42,transfer
FN:60,approve
FN:72,transferFrom
FN:94,increaseApproval
FN:116,decreaseApproval
FN:134,totalSupply
FN:143,balanceOf
FNF:8
FNH:8
FNDA:28,allowance
FNDA:181,transfer
FNDA:168,approve
FNDA:30,transferFrom
FNDA:2,increaseApproval
FNDA:4,decreaseApproval
FNDA:24,totalSupply
FNDA:233,balanceOf
DA:34,28
DA:43,181
DA:44,175
DA:45,169
DA:46,169
DA:47,169
DA:48,169
DA:61,168
DA:62,168
DA:63,168
DA:75,30
DA:76,28
DA:77,22
DA:78,18
DA:79,18
DA:80,18
DA:81,18
DA:82,18
DA:101,2
DA:103,2
DA:104,2
DA:119,4
DA:120,4
DA:121,2
DA:124,2
DA:126,4
DA:127,4
DA:135,24
DA:144,233
LF:29
LH:29
BRDA:43,1,0,175
BRDA:43,1,1,6
BRDA:44,2,0,169
BRDA:44,2,1,6
BRDA:75,3,0,28
BRDA:75,3,1,2
BRDA:76,4,0,22
BRDA:76,4,1,6
BRDA:77,5,0,18
BRDA:77,5,1,4
BRDA:120,6,0,2
BRDA:120,6,1,2
BRF:12
BRH:12
end_of_record
