TN:
SF:/home/peter/Documents/Work/MyBit/MyBit-Network.tech/contracts/access/AccessHierarchy.sol
FN:23,
FN:32,approveUser
FN:45,removeUser
FN:57,setUpperAccessLevel
FN:65,destroy
FN:73,noEmptyAddress
FN:79,onlyOwner
FN:85,onlyPlatform
FNF:8
FNH:7
FNDA:3,
FNDA:4,approveUser
FNDA:2,removeUser
FNDA:4,setUpperAccessLevel
FNDA:0,destroy
FNDA:5,noEmptyAddress
FNDA:17,onlyOwner
FNDA:6,onlyPlatform
DA:25,3
DA:26,3
DA:37,4
DA:38,2
DA:39,2
DA:40,2
DA:49,2
DA:50,2
DA:51,2
DA:52,2
DA:60,4
DA:61,2
DA:68,0
DA:69,0
DA:74,5
DA:75,5
DA:80,17
DA:81,11
DA:86,6
DA:87,4
LF:20
LH:18
BRDA:37,1,0,2
BRDA:37,1,1,2
BRDA:60,2,0,2
BRDA:60,2,1,2
BRDA:74,3,0,5
BRDA:74,3,1,0
BRDA:80,4,0,11
BRDA:80,4,1,6
BRDA:86,5,0,4
BRDA:86,5,1,2
BRF:10
BRH:9
end_of_record
TN:
SF:/home/peter/Documents/Work/MyBit/MyBit-Network.tech/contracts/access/Approval.sol
FN:10,
FN:16,approve
FN:24,revoke
FNF:3
FNH:0
FNDA:0,
FNDA:0,approve
FNDA:0,revoke
DA:11,0
DA:12,0
DA:19,0
DA:20,0
DA:27,0
DA:28,0
LF:6
LH:0
BRF:0
BRH:0
end_of_record
TN:
SF:/home/peter/Documents/Work/MyBit/MyBit-Network.tech/contracts/access/ERC20Burner.sol
FN:40,
FN:54,burn
FN:94,convert
FN:120,setFee
FN:131,destroy
FN:139,
FN:150,onlyOwner
FN:156,onlyPlatformContracts
FN:162,acceptedState
FNF:9
FNH:5
FNDA:6,
FNDA:37,burn
FNDA:1,convert
FNDA:10,setFee
FNDA:0,destroy
FNDA:0,
FNDA:10,onlyOwner
FNDA:0,onlyPlatformContracts
FNDA:0,acceptedState
DA:42,6
DA:43,6
DA:44,6
DA:45,6
DA:46,6
DA:47,6
DA:48,6
DA:59,37
DA:61,33
DA:62,27
DA:63,26
DA:64,24
DA:67,1
DA:68,1
DA:69,1
DA:71,0
DA:72,0
DA:74,1
DA:76,1
DA:79,1
DA:81,1
DA:82,1
DA:85,1
DA:87,1
DA:88,1
DA:91,25
DA:97,1
DA:98,1
DA:99,1
DA:100,1
DA:101,0
DA:102,0
DA:103,0
DA:104,0
DA:105,0
DA:107,1
DA:108,1
DA:109,1
DA:110,1
DA:111,1
DA:113,1
DA:125,10
DA:126,10
DA:127,10
DA:134,0
DA:135,0
DA:142,0
DA:151,10
DA:152,10
DA:157,0
DA:158,0
DA:163,0
DA:164,0
DA:165,0
LF:54
LH:39
BRDA:45,1,0,6
BRDA:45,1,1,0
BRDA:59,2,0,33
BRDA:59,2,1,4
BRDA:61,3,0,27
BRDA:61,3,1,6
BRDA:62,4,0,26
BRDA:62,4,1,1
BRDA:63,5,0,24
BRDA:63,5,1,2
BRDA:69,6,0,0
BRDA:69,6,1,1
BRDA:71,7,0,0
BRDA:71,7,1,0
BRDA:76,8,0,1
BRDA:76,8,1,0
BRDA:79,9,0,1
BRDA:79,9,1,0
BRDA:87,10,0,1
BRDA:87,10,1,0
BRDA:100,11,0,0
BRDA:100,11,1,1
BRDA:101,12,0,0
BRDA:101,12,1,0
BRDA:151,13,0,10
BRDA:151,13,1,0
BRDA:157,14,0,0
BRDA:157,14,1,0
BRDA:164,15,0,0
BRDA:164,15,1,0
BRF:30
BRH:15
end_of_record
TN:
SF:/home/peter/Documents/Work/MyBit/MyBit-Network.tech/contracts/access/Expirable.sol
FN:13,
FN:21,approveTemporaryUser
FN:35,removeTemporaryUser
FN:47,changeExpirationLength
FNF:4
FNH:4
FNDA:1,
FNDA:1,approveTemporaryUser
FNDA:1,removeTemporaryUser
FNDA:1,changeExpirationLength
DA:26,1
DA:27,1
DA:28,1
DA:29,1
DA:39,1
DA:40,1
DA:41,1
DA:50,1
DA:51,1
DA:52,1
LF:10
LH:10
BRDA:26,1,0,1
BRDA:26,1,1,0
BRDA:39,2,0,1
BRDA:39,2,1,0
BRF:4
BRH:2
end_of_record
TN:
SF:/home/peter/Documents/Work/MyBit/MyBit-Network.tech/contracts/access/KYC.sol
FN:11,
FN:14,approveKYC
FN:23,revokeKYC
FNF:3
FNH:3
FNDA:1,
FNDA:1,approveKYC
FNDA:1,revokeKYC
DA:17,1
DA:18,1
DA:26,1
LF:3
LH:3
BRF:0
BRH:0
end_of_record
TN:
SF:/home/peter/Documents/Work/MyBit/MyBit-Network.tech/contracts/crowdsale/CrowdsaleERC20.sol
FN:38,
FN:51,buyAssetOrderERC20
FN:88,refund
FN:111,payoutERC20
FN:128,collectPayment
FN:152,convertTokens
FN:176,recoverTokens
FN:185,destroy
FN:200,finalizeCrowdsale
FN:219,onlyOwner
FN:225,whenNotPaused
FN:237,validAsset
FN:243,betweenDeadlines
FN:250,afterDeadline
FN:256,notFinalized
FNF:15
FNH:11
FNDA:2,
FNDA:6,buyAssetOrderERC20
FNDA:1,refund
FNDA:4,payoutERC20
FNDA:6,collectPayment
FNDA:0,convertTokens
FNDA:0,recoverTokens
FNDA:0,destroy
FNDA:4,finalizeCrowdsale
FNDA:0,onlyOwner
FNDA:13,whenNotPaused
FNDA:13,validAsset
FNDA:10,betweenDeadlines
FNDA:3,afterDeadline
FNDA:9,notFinalized
DA:40,2
DA:41,2
DA:42,2
DA:43,2
DA:58,6
DA:59,6
DA:60,6
DA:61,6
DA:62,6
DA:63,6
DA:65,6
DA:66,6
DA:68,0
DA:70,6
DA:71,6
DA:72,2
DA:73,2
DA:75,4
DA:76,4
DA:77,2
DA:78,0
DA:80,2
DA:82,4
DA:95,1
DA:96,1
DA:97,1
DA:98,1
DA:99,1
DA:100,1
DA:101,1
DA:102,1
DA:115,4
DA:116,4
DA:117,4
DA:118,4
DA:119,2
DA:120,2
DA:121,2
DA:122,2
DA:123,2
DA:125,2
DA:131,6
DA:132,0
DA:133,0
DA:135,6
DA:136,6
DA:156,0
DA:157,0
DA:160,0
DA:162,0
DA:163,0
DA:164,0
DA:166,0
DA:168,0
DA:169,0
DA:170,0
DA:171,0
DA:172,0
DA:179,0
DA:180,0
DA:181,0
DA:188,0
DA:190,0
DA:204,4
DA:205,4
DA:206,4
DA:207,4
DA:208,4
DA:209,4
DA:210,4
DA:211,2
DA:220,0
DA:221,0
DA:226,13
DA:227,11
DA:238,13
DA:239,13
DA:244,10
DA:245,8
DA:246,8
DA:251,3
DA:252,1
DA:257,9
DA:258,7
LF:84
LH:61
BRDA:58,1,0,6
BRDA:58,1,1,0
BRDA:65,2,0,6
BRDA:65,2,1,0
BRDA:70,3,0,6
BRDA:70,3,1,0
BRDA:71,4,0,2
BRDA:71,4,1,4
BRDA:72,5,0,2
BRDA:72,5,1,0
BRDA:75,6,0,4
BRDA:75,6,1,0
BRDA:76,7,0,2
BRDA:76,7,1,2
BRDA:77,8,0,0
BRDA:77,8,1,2
BRDA:95,9,0,1
BRDA:95,9,1,0
BRDA:118,10,0,2
BRDA:118,10,1,2
BRDA:131,11,0,0
BRDA:131,11,1,6
BRDA:160,12,0,0
BRDA:160,12,1,0
BRDA:204,13,0,4
BRDA:204,13,1,0
BRDA:209,14,0,4
BRDA:209,14,1,0
BRDA:210,15,0,2
BRDA:210,15,1,2
BRDA:220,16,0,0
BRDA:220,16,1,0
BRDA:226,17,0,11
BRDA:226,17,1,2
BRDA:238,18,0,13
BRDA:238,18,1,0
BRDA:244,19,0,8
BRDA:244,19,1,2
BRDA:245,20,0,8
BRDA:245,20,1,0
BRDA:251,21,0,1
BRDA:251,21,1,2
BRDA:257,22,0,7
BRDA:257,22,1,2
BRF:44
BRH:28
end_of_record
TN:
SF:/home/peter/Documents/Work/MyBit/MyBit-Network.tech/contracts/crowdsale/CrowdsaleETH.sol
FN:30,
FN:40,buyAssetOrderETH
FN:72,refund
FN:88,recoverTokens
FN:97,destroy
FN:105,
FN:119,payoutETH
FN:135,finalizeCrowdsale
FN:151,requiresEther
FN:157,onlyOwner
FN:169,whenNotPaused
FN:175,validAsset
FN:181,betweenDeadlines
FN:188,afterDeadline
FN:194,notFinalized
FNF:15
FNH:14
FNDA:1,
FNDA:6,buyAssetOrderETH
FNDA:1,refund
FNDA:0,recoverTokens
FNDA:1,destroy
FNDA:1,
FNDA:4,payoutETH
FNDA:4,finalizeCrowdsale
FNDA:12,requiresEther
FNDA:3,onlyOwner
FNDA:5,whenNotPaused
FNDA:15,validAsset
FNDA:12,betweenDeadlines
FNDA:3,afterDeadline
FNDA:9,notFinalized
DA:32,1
DA:33,1
DA:49,6
DA:50,6
DA:51,6
DA:52,6
DA:53,6
DA:55,4
DA:56,4
DA:57,4
DA:58,4
DA:59,4
DA:60,4
DA:63,2
DA:65,6
DA:66,6
DA:79,1
DA:80,1
DA:81,1
DA:82,1
DA:83,1
DA:84,1
DA:91,0
DA:92,0
DA:93,0
DA:100,1
DA:101,1
DA:108,1
DA:122,4
DA:123,4
DA:124,4
DA:125,4
DA:126,4
DA:127,4
DA:128,4
DA:129,4
DA:130,4
DA:138,4
DA:139,4
DA:140,4
DA:141,4
DA:152,12
DA:153,12
DA:158,3
DA:159,1
DA:170,5
DA:171,3
DA:176,15
DA:177,15
DA:182,12
DA:183,10
DA:184,8
DA:189,3
DA:190,1
DA:195,9
DA:196,7
LF:56
LH:53
BRDA:49,1,0,6
BRDA:49,1,1,0
BRDA:53,2,0,4
BRDA:53,2,1,2
BRDA:55,3,0,4
BRDA:55,3,1,0
BRDA:56,4,0,4
BRDA:56,4,1,0
BRDA:57,5,0,4
BRDA:57,5,1,0
BRDA:58,6,0,4
BRDA:58,6,1,0
BRDA:59,7,0,4
BRDA:59,7,1,0
BRDA:63,8,0,2
BRDA:63,8,1,0
BRDA:79,9,0,1
BRDA:79,9,1,0
BRDA:124,10,0,4
BRDA:124,10,1,0
BRDA:152,11,0,12
BRDA:152,11,1,0
BRDA:158,12,0,1
BRDA:158,12,1,2
BRDA:170,13,0,3
BRDA:170,13,1,2
BRDA:176,14,0,15
BRDA:176,14,1,0
BRDA:182,15,0,10
BRDA:182,15,1,2
BRDA:183,16,0,8
BRDA:183,16,1,2
BRDA:189,17,0,1
BRDA:189,17,1,2
BRDA:195,18,0,7
BRDA:195,18,1,2
BRF:36
BRH:25
end_of_record
TN:
SF:/home/peter/Documents/Work/MyBit/MyBit-Network.tech/contracts/crowdsale/CrowdsaleGeneratorERC20.sol
FN:30,
FN:46,createAssetOrderERC20
FN:81,destroy
FN:93,lockEscrowInternal
FN:119,onlyOwner
FNF:5
FNH:2
FNDA:2,
FNDA:10,createAssetOrderERC20
FNDA:0,destroy
FNDA:0,lockEscrowInternal
FNDA:0,onlyOwner
DA:32,2
DA:33,2
DA:34,2
DA:51,10
DA:52,10
DA:53,10
DA:54,8
DA:55,8
DA:56,8
DA:57,6
DA:58,4
DA:59,4
DA:60,4
DA:62,0
DA:64,4
DA:65,4
DA:66,4
DA:67,4
DA:68,4
DA:71,4
DA:72,4
DA:73,4
DA:74,4
DA:76,4
DA:77,4
DA:84,0
DA:85,0
DA:96,0
DA:97,0
DA:98,0
DA:99,0
DA:100,0
DA:101,0
DA:102,0
DA:103,0
DA:120,0
DA:121,0
LF:37
LH:24
BRDA:51,1,0,10
BRDA:51,1,1,0
BRDA:52,2,0,10
BRDA:52,2,1,0
BRDA:53,3,0,8
BRDA:53,3,1,2
BRDA:54,4,0,8
BRDA:54,4,1,0
BRDA:55,5,0,8
BRDA:55,5,1,0
BRDA:56,6,0,6
BRDA:56,6,1,2
BRDA:57,7,0,4
BRDA:57,7,1,2
BRDA:59,8,0,4
BRDA:59,8,1,0
BRDA:76,9,0,0
BRDA:76,9,1,4
BRDA:76,10,0,0
BRDA:76,10,1,0
BRDA:96,11,0,0
BRDA:96,11,1,0
BRDA:99,12,0,0
BRDA:99,12,1,0
BRDA:120,13,0,0
BRDA:120,13,1,0
BRF:26
BRH:12
end_of_record
TN:
SF:/home/peter/Documents/Work/MyBit/MyBit-Network.tech/contracts/crowdsale/CrowdsaleGeneratorETH.sol
FN:29,
FN:43,createAssetOrderETH
FN:75,destroy
FN:87,lockEscrowInternal
FN:113,onlyOwner
FNF:5
FNH:2
FNDA:1,
FNDA:13,createAssetOrderETH
FNDA:0,destroy
FNDA:0,lockEscrowInternal
FNDA:0,onlyOwner
DA:31,1
DA:32,1
DA:33,1
DA:47,13
DA:48,13
DA:49,13
DA:50,11
DA:51,9
DA:52,9
DA:53,7
DA:54,5
DA:55,5
DA:56,4
DA:58,1
DA:60,5
DA:61,5
DA:62,5
DA:63,5
DA:64,5
DA:65,5
DA:66,5
DA:67,5
DA:69,5
DA:70,5
DA:71,5
DA:78,0
DA:79,0
DA:90,0
DA:91,0
DA:92,0
DA:93,0
DA:94,0
DA:95,0
DA:96,0
DA:97,0
DA:114,0
DA:115,0
LF:37
LH:25
BRDA:47,1,0,13
BRDA:47,1,1,0
BRDA:48,2,0,13
BRDA:48,2,1,0
BRDA:49,3,0,11
BRDA:49,3,1,2
BRDA:50,4,0,9
BRDA:50,4,1,2
BRDA:51,5,0,9
BRDA:51,5,1,0
BRDA:52,6,0,7
BRDA:52,6,1,2
BRDA:53,7,0,5
BRDA:53,7,1,2
BRDA:55,8,0,4
BRDA:55,8,1,1
BRDA:69,9,0,0
BRDA:69,9,1,5
BRDA:69,10,0,0
BRDA:69,10,1,0
BRDA:90,11,0,0
BRDA:90,11,1,0
BRDA:93,12,0,0
BRDA:93,12,1,0
BRDA:114,13,0,0
BRDA:114,13,1,0
BRF:26
BRH:14
end_of_record
TN:
SF:/home/peter/Documents/Work/MyBit/MyBit-Network.tech/contracts/database/API.sol
FN:32,
FN:37,getAddr
FN:44,getUint
FN:51,hashSB
FN:62,assetGovernance
FN:69,assetVoteDuration
FN:76,assetQuorum
FN:83,assetThreshold
FN:90,assetStakeRequirement
FN:103,commitmentValue
FN:110,commitmentStart
FN:117,commitmentReleaseTime
FN:128,getProposalID
FN:135,proposalInitiator
FN:142,proposalToken
FN:149,proposalStart
FN:156,proposalVoteCount
FN:164,proposalVoted
FN:172,proposalDissent
FN:179,proposalApproval
FN:186,proposalQuorum
FN:195,proposalThreshold
FN:204,hasConsensus
FN:230,getNumTokensAvailable
FN:241,getAssetManagerParameterHash
FN:249,getMethodID
FN:256,getOrderID
FN:267,getAssetFundingToken
FN:285,getAssetROI
FN:293,getCrowdsaleGoal
FN:301,getCrowdsaleDeadline
FN:309,crowdsaleFinalized
FN:322,getAssetManager
FN:330,getAssetManagerFee
FN:338,getAssetManagerEscrowID
FN:346,getAssetManagerEscrow
FN:353,getAssetManagerEscrowRemaining
FN:362,getAssetManagerEscrowRedeemed
FN:370,getAssetOperator
FN:378,generateOperatorID
FN:386,getOperatorID
FN:394,getOperatorAddress
FN:406,generateOrderID
FN:419,getPlatformToken
FN:427,getPlatformWallet
FN:435,getContractAddress
FN:443,getCurrentState
FN:451,getUserPermission
FN:459,getFunctionCost
FN:467,contractPaused
FN:479,contractOwner
FNF:51
FNH:23
FNDA:7,
FNDA:0,getAddr
FNDA:0,getUint
FNDA:36,hashSB
FNDA:4,assetGovernance
FNDA:4,assetVoteDuration
FNDA:2,assetQuorum
FNDA:2,assetThreshold
FNDA:0,assetStakeRequirement
FNDA:4,commitmentValue
FNDA:0,commitmentStart
FNDA:0,commitmentReleaseTime
FNDA:4,getProposalID
FNDA:4,proposalInitiator
FNDA:10,proposalToken
FNDA:4,proposalStart
FNDA:10,proposalVoteCount
FNDA:0,proposalVoted
FNDA:0,proposalDissent
FNDA:12,proposalApproval
FNDA:4,proposalQuorum
FNDA:4,proposalThreshold
FNDA:2,hasConsensus
FNDA:0,getNumTokensAvailable
FNDA:0,getAssetManagerParameterHash
FNDA:7,getMethodID
FNDA:0,getOrderID
FNDA:0,getAssetFundingToken
FNDA:1,getAssetROI
FNDA:0,getCrowdsaleGoal
FNDA:0,getCrowdsaleDeadline
FNDA:4,crowdsaleFinalized
FNDA:0,getAssetManager
FNDA:0,getAssetManagerFee
FNDA:2,getAssetManagerEscrowID
FNDA:3,getAssetManagerEscrow
FNDA:2,getAssetManagerEscrowRemaining
FNDA:2,getAssetManagerEscrowRedeemed
FNDA:0,getAssetOperator
FNDA:0,generateOperatorID
FNDA:0,getOperatorID
FNDA:0,getOperatorAddress
FNDA:0,generateOrderID
FNDA:0,getPlatformToken
FNDA:0,getPlatformWallet
FNDA:0,getContractAddress
FNDA:0,getCurrentState
FNDA:0,getUserPermission
FNDA:0,getFunctionCost
FNDA:0,contractPaused
FNDA:0,contractOwner
DA:34,7
DA:41,0
DA:48,0
DA:55,36
DA:66,4
DA:73,4
DA:80,2
DA:87,2
DA:94,0
DA:107,4
DA:114,0
DA:121,0
DA:132,4
DA:139,4
DA:146,10
DA:153,4
DA:160,10
DA:168,0
DA:176,0
DA:183,12
DA:190,4
DA:191,4
DA:192,4
DA:199,4
DA:200,4
DA:208,2
DA:209,2
DA:210,2
DA:211,2
DA:212,2
DA:213,2
DA:215,0
DA:216,0
DA:217,0
DA:218,0
DA:219,0
DA:234,0
DA:235,0
DA:236,0
DA:237,0
DA:245,0
DA:253,7
DA:260,0
DA:271,0
DA:272,0
DA:289,1
DA:290,1
DA:297,0
DA:298,0
DA:305,0
DA:306,0
DA:313,4
DA:314,4
DA:326,0
DA:327,0
DA:334,0
DA:335,0
DA:342,2
DA:343,2
DA:350,3
DA:357,2
DA:358,2
DA:359,2
DA:366,2
DA:367,2
DA:374,0
DA:375,0
DA:382,0
DA:383,0
DA:390,0
DA:391,0
DA:398,0
DA:399,0
DA:410,0
DA:411,0
DA:423,0
DA:424,0
DA:431,0
DA:432,0
DA:439,0
DA:440,0
DA:447,0
DA:448,0
DA:455,0
DA:456,0
DA:463,0
DA:464,0
DA:471,0
DA:472,0
DA:483,0
DA:484,0
LF:91
LH:37
BRDA:212,1,0,2
BRDA:212,1,1,0
BRF:2
BRH:1
end_of_record
TN:
SF:/home/peter/Documents/Work/MyBit/MyBit-Network.tech/contracts/database/ContractManager.sol
FN:15,
FN:24,addContract
FN:44,removeContract
FN:59,updateContract
FN:81,setContractStatePreferences
FN:96,isUpgradeable
FN:102,anyOwner
FN:109,isRestricted
FN:115,contractExists
FN:120,isTrue
FNF:10
FNH:9
FNDA:17,
FNDA:68,addContract
FNDA:1,removeContract
FNDA:1,updateContract
FNDA:176,setContractStatePreferences
FNDA:4,isUpgradeable
FNDA:72,anyOwner
FNDA:0,isRestricted
FNDA:8,contractExists
FNDA:147,isTrue
DA:17,17
DA:18,17
DA:30,68
DA:31,66
DA:32,62
DA:33,62
DA:34,62
DA:35,62
DA:36,62
DA:37,62
DA:38,62
DA:49,1
DA:50,1
DA:51,1
DA:52,1
DA:53,1
DA:65,1
DA:66,1
DA:67,1
DA:68,1
DA:69,1
DA:70,1
DA:71,1
DA:72,1
DA:73,1
DA:74,1
DA:84,176
DA:85,176
DA:86,176
DA:87,176
DA:88,176
DA:97,4
DA:98,2
DA:103,72
DA:104,70
DA:110,0
DA:111,0
DA:112,0
DA:116,8
DA:117,4
DA:121,147
DA:122,145
LF:42
LH:39
BRDA:30,1,0,66
BRDA:30,1,1,2
BRDA:31,2,0,62
BRDA:31,2,1,4
BRDA:49,3,0,1
BRDA:49,3,1,0
BRDA:65,4,0,1
BRDA:65,4,1,0
BRDA:97,5,0,2
BRDA:97,5,1,2
BRDA:103,6,0,70
BRDA:103,6,1,2
BRDA:110,7,0,0
BRDA:110,7,1,0
BRDA:116,8,0,4
BRDA:116,8,1,4
BRDA:121,9,0,145
BRDA:121,9,1,2
BRF:18
BRH:14
end_of_record
TN:
SF:/home/peter/Documents/Work/MyBit/MyBit-Network.tech/contracts/database/Database.sol
FN:23,
FN:37,enableContractManagement
FN:49,setAddress
FN:55,setUint
FN:61,setString
FN:67,setBytes
FN:73,setBytes32
FN:79,setBool
FN:85,setInt
FN:93,deleteAddress
FN:99,deleteUint
FN:105,deleteString
FN:111,deleteBytes
FN:117,deleteBytes32
FN:123,deleteBool
FN:129,deleteInt
FN:141,onlyApprovedContract
FNF:17
FNH:17
FNDA:17,
FNDA:21,enableContractManagement
FNDA:131,setAddress
FNDA:99,setUint
FNDA:1,setString
FNDA:1,setBytes
FNDA:73,setBytes32
FNDA:451,setBool
FNDA:1,setInt
FNDA:7,deleteAddress
FNDA:28,deleteUint
FNDA:1,deleteString
FNDA:1,deleteBytes
FNDA:1,deleteBytes32
FNDA:7,deleteBool
FNDA:1,deleteInt
FNDA:805,onlyApprovedContract
DA:25,17
DA:26,18
DA:27,18
DA:28,18
DA:30,17
DA:31,16
DA:40,21
DA:41,21
DA:42,19
DA:43,17
DA:44,17
DA:45,17
DA:52,131
DA:58,99
DA:64,1
DA:70,1
DA:76,73
DA:82,451
DA:88,1
DA:96,7
DA:102,28
DA:108,1
DA:114,1
DA:120,1
DA:126,7
DA:132,1
DA:142,805
DA:143,803
LF:28
LH:28
BRDA:26,1,0,18
BRDA:26,1,1,0
BRDA:30,2,0,16
BRDA:30,2,1,1
BRDA:40,3,0,21
BRDA:40,3,1,0
BRDA:41,4,0,19
BRDA:41,4,1,2
BRDA:42,5,0,17
BRDA:42,5,1,2
BRDA:142,6,0,803
BRDA:142,6,1,2
BRF:12
BRH:10
end_of_record
TN:
SF:/home/peter/Documents/Work/MyBit/MyBit-Network.tech/contracts/database/Events.sol
FN:8,
FN:12,message
FN:18,transaction
FN:24,registration
FN:30,contractChange
FN:36,asset
FN:42,escrow
FN:48,order
FN:54,exchange
FN:60,operator
FN:66,consensus
FN:88,onlyApprovedContract
FNF:12
FNH:10
FNDA:17,
FNDA:0,message
FNDA:52,transaction
FNDA:17,registration
FNDA:65,contractChange
FNDA:11,asset
FNDA:2,escrow
FNDA:4,order
FNDA:6,exchange
FNDA:21,operator
FNDA:0,consensus
FNDA:178,onlyApprovedContract
DA:9,17
DA:15,0
DA:21,52
DA:27,17
DA:33,65
DA:39,11
DA:45,2
DA:51,4
DA:57,6
DA:63,21
DA:69,0
DA:89,178
DA:90,178
LF:13
LH:11
BRDA:89,1,0,178
BRDA:89,1,1,0
BRF:2
BRH:1
end_of_record
TN:
SF:/home/peter/Documents/Work/MyBit/MyBit-Network.tech/contracts/database/HashEncode.sol
FN:4,encode
FN:7,encode
FN:10,encode
FN:13,encode
FN:16,encode
FN:19,encode
FNF:6
FNH:0
FNDA:0,encode
FNDA:0,encode
FNDA:0,encode
FNDA:0,encode
FNDA:0,encode
FNDA:0,encode
DA:5,0
DA:8,0
DA:11,0
DA:14,0
DA:17,0
DA:20,0
LF:6
LH:0
BRF:0
BRH:0
end_of_record
TN:
SF:/home/peter/Documents/Work/MyBit/MyBit-Network.tech/contracts/ecosystem/Address.sol
FN:14,isContract
FNF:1
FNH:0
FNDA:0,isContract
DA:15,0
DA:23,0
DA:24,0
LF:3
LH:0
BRF:0
BRH:0
end_of_record
TN:
SF:/home/peter/Documents/Work/MyBit/MyBit-Network.tech/contracts/ecosystem/AssetExchange.sol
FN:29,
FN:42,buyAsset
FN:67,sellAsset
FN:90,createBuyOrder
FN:115,createSellOrder
FN:139,deleteOrder
FN:156,withdraw
FN:170,destroy
FN:189,validAsset
FN:198,isAllowed
FN:206,aboveZero
FN:221,whenNotPaused
FN:229,requiresEther
FN:237,anyOwner
FNF:14
FNH:14
FNDA:1,
FNDA:7,buyAsset
FNDA:3,sellAsset
FNDA:6,createBuyOrder
FNDA:4,createSellOrder
FNDA:4,deleteOrder
FNDA:1,withdraw
FNDA:5,destroy
FNDA:12,validAsset
FNDA:16,isAllowed
FNDA:14,aboveZero
FNDA:13,whenNotPaused
FNDA:8,requiresEther
FNDA:7,anyOwner
DA:31,1
DA:32,1
DA:49,7
DA:50,7
DA:51,7
DA:52,5
DA:53,1
DA:54,1
DA:55,1
DA:56,1
DA:57,1
DA:59,1
DA:72,3
DA:73,3
DA:74,3
DA:75,1
DA:76,1
DA:77,1
DA:78,1
DA:79,1
DA:80,1
DA:81,1
DA:83,1
DA:98,6
DA:99,6
DA:100,4
DA:101,4
DA:102,2
DA:103,2
DA:104,2
DA:105,2
DA:108,2
DA:121,4
DA:122,4
DA:123,4
DA:124,2
DA:125,2
DA:126,2
DA:129,2
DA:142,4
DA:143,4
DA:144,4
DA:145,2
DA:146,1
DA:147,1
DA:148,1
DA:150,2
DA:151,2
DA:160,1
DA:161,1
DA:162,1
DA:163,1
DA:173,5
DA:174,3
DA:175,1
DA:177,1
DA:190,12
DA:191,12
DA:192,12
DA:199,16
DA:200,14
DA:207,14
DA:208,12
DA:222,13
DA:223,11
DA:230,8
DA:231,6
DA:238,7
DA:239,5
LF:69
LH:69
BRDA:49,1,0,7
BRDA:49,1,1,0
BRDA:51,2,0,5
BRDA:51,2,1,2
BRDA:52,3,0,1
BRDA:52,3,1,4
BRDA:54,4,0,1
BRDA:54,4,1,0
BRDA:72,5,0,3
BRDA:72,5,1,0
BRDA:74,6,0,1
BRDA:74,6,1,2
BRDA:77,7,0,1
BRDA:77,7,1,0
BRDA:98,8,0,6
BRDA:98,8,1,0
BRDA:99,9,0,4
BRDA:99,9,1,2
BRDA:101,10,0,2
BRDA:101,10,1,2
BRDA:121,11,0,4
BRDA:121,11,1,0
BRDA:123,12,0,2
BRDA:123,12,1,2
BRDA:142,13,0,4
BRDA:142,13,1,0
BRDA:144,14,0,2
BRDA:144,14,1,2
BRDA:145,15,0,1
BRDA:145,15,1,1
BRDA:173,16,0,3
BRDA:173,16,1,2
BRDA:174,17,0,1
BRDA:174,17,1,2
BRDA:190,18,0,12
BRDA:190,18,1,0
BRDA:191,19,0,12
BRDA:191,19,1,0
BRDA:199,20,0,14
BRDA:199,20,1,2
BRDA:207,21,0,12
BRDA:207,21,1,2
BRDA:222,22,0,11
BRDA:222,22,1,2
BRDA:230,23,0,6
BRDA:230,23,1,2
BRDA:238,24,0,5
BRDA:238,24,1,2
BRF:48
BRH:39
end_of_record
TN:
SF:/home/peter/Documents/Work/MyBit/MyBit-Network.tech/contracts/ecosystem/AssetGenerator.sol
FN:22,
FN:31,createAsset
FN:45,createTradeableAsset
FN:62,destroy
FN:77,onlyOwner
FNF:5
FNH:3
FNDA:1,
FNDA:3,createAsset
FNDA:3,createTradeableAsset
FNDA:0,destroy
FNDA:0,onlyOwner
DA:24,1
DA:25,1
DA:35,3
DA:36,3
DA:37,1
DA:38,1
DA:39,1
DA:40,1
DA:49,3
DA:50,3
DA:51,1
DA:52,1
DA:53,4
DA:55,1
DA:56,1
DA:57,1
DA:58,1
DA:65,0
DA:66,0
DA:78,0
DA:79,0
LF:21
LH:17
BRDA:35,1,0,3
BRDA:35,1,1,0
BRDA:36,2,0,1
BRDA:36,2,1,2
BRDA:49,3,0,3
BRDA:49,3,1,0
BRDA:50,4,0,1
BRDA:50,4,1,2
BRDA:78,5,0,0
BRDA:78,5,1,0
BRF:10
BRH:6
end_of_record
TN:
SF:/home/peter/Documents/Work/MyBit/MyBit-Network.tech/contracts/ecosystem/ERC165.sol
FN:26,
FN:33,supportsInterface
FN:40,_registerInterface
FNF:3
FNH:0
FNDA:0,
FNDA:0,supportsInterface
FNDA:0,_registerInterface
DA:27,0
DA:34,0
DA:41,0
DA:42,0
LF:4
LH:0
BRDA:41,1,0,0
BRDA:41,1,1,0
BRF:2
BRH:0
end_of_record
TN:
SF:/home/peter/Documents/Work/MyBit/MyBit-Network.tech/contracts/ecosystem/ERC165Checker.sol
FN:23,_supportsERC165
FN:38,_supportsInterface
FN:52,_supportsAllInterfaces
FN:80,_supportsERC165Interface
FN:96,_callERC165SupportsInterface
FNF:5
FNH:0
FNDA:0,_supportsERC165
FNDA:0,_supportsInterface
FNDA:0,_supportsAllInterfaces
FNDA:0,_supportsERC165Interface
FNDA:0,_callERC165SupportsInterface
DA:26,0
DA:40,0
DA:54,0
DA:55,0
DA:59,0
DA:60,0
DA:61,0
DA:66,0
DA:83,0
DA:85,0
DA:101,0
DA:104,0
LF:12
LH:0
BRDA:54,1,0,0
BRDA:54,1,1,0
BRDA:60,2,0,0
BRDA:60,2,1,0
BRF:4
BRH:0
end_of_record
TN:
SF:/home/peter/Documents/Work/MyBit/MyBit-Network.tech/contracts/ecosystem/IERC165.sol
FNF:0
FNH:0
LF:0
LH:0
BRF:0
BRH:0
end_of_record
TN:
SF:/home/peter/Documents/Work/MyBit/MyBit-Network.tech/contracts/ecosystem/Platform.sol
FN:12,
FN:20,setPlatformWallet
FN:29,setPlatformToken
FN:37,setBurnrate
FN:45,destroy
FN:57,onlyOwner
FNF:6
FNH:4
FNDA:10,
FNDA:7,setPlatformWallet
FNDA:10,setPlatformToken
FNDA:0,setBurnrate
FNDA:0,destroy
FNDA:21,onlyOwner
DA:14,10
DA:15,10
DA:23,7
DA:25,7
DA:33,10
DA:34,10
DA:40,0
DA:41,0
DA:48,0
DA:49,0
DA:58,21
DA:59,17
LF:12
LH:8
BRDA:40,1,0,0
BRDA:40,1,1,0
BRDA:58,2,0,17
BRDA:58,2,1,4
BRF:4
BRH:2
end_of_record
TN:
SF:/home/peter/Documents/Work/MyBit/MyBit-Network.tech/contracts/interfaces/ApproveAndCallFallback.sol
FNF:0
FNH:0
LF:0
LH:0
BRF:0
BRH:0
end_of_record
TN:
SF:/home/peter/Documents/Work/MyBit/MyBit-Network.tech/contracts/interfaces/BurnableERC20.sol
FNF:0
FNH:0
LF:0
LH:0
BRF:0
BRH:0
end_of_record
TN:
SF:/home/peter/Documents/Work/MyBit/MyBit-Network.tech/contracts/interfaces/BurnERC20.sol
FNF:0
FNH:0
LF:0
LH:0
BRF:0
BRH:0
end_of_record
TN:
SF:/home/peter/Documents/Work/MyBit/MyBit-Network.tech/contracts/interfaces/DBInterface.sol
FNF:0
FNH:0
LF:0
LH:0
BRF:0
BRH:0
end_of_record
TN:
SF:/home/peter/Documents/Work/MyBit/MyBit-Network.tech/contracts/interfaces/DivToken.sol
FNF:0
FNH:0
LF:0
LH:0
BRF:0
BRH:0
end_of_record
TN:
SF:/home/peter/Documents/Work/MyBit/MyBit-Network.tech/contracts/interfaces/ERC20.sol
FNF:0
FNH:0
LF:0
LH:0
BRF:0
BRH:0
end_of_record
TN:
SF:/home/peter/Documents/Work/MyBit/MyBit-Network.tech/contracts/interfaces/ERC20DividendInterface.sol
FNF:0
FNH:0
LF:0
LH:0
BRF:0
BRH:0
end_of_record
TN:
SF:/home/peter/Documents/Work/MyBit/MyBit-Network.tech/contracts/interfaces/EtherDividendInterface.sol
FNF:0
FNH:0
LF:0
LH:0
BRF:0
BRH:0
end_of_record
TN:
SF:/home/peter/Documents/Work/MyBit/MyBit-Network.tech/contracts/interfaces/GovToken.sol
FNF:0
FNH:0
LF:0
LH:0
BRF:0
BRH:0
end_of_record
TN:
SF:/home/peter/Documents/Work/MyBit/MyBit-Network.tech/contracts/interfaces/PullPayment.sol
FNF:0
FNH:0
LF:0
LH:0
BRF:0
BRH:0
end_of_record
TN:
SF:/home/peter/Documents/Work/MyBit/MyBit-Network.tech/contracts/interfaces/TokenFactoryInterface.sol
FNF:0
FNH:0
LF:0
LH:0
BRF:0
BRH:0
end_of_record
TN:
SF:/home/peter/Documents/Work/MyBit/MyBit-Network.tech/contracts/interfaces/VotingInterface.sol
FNF:0
FNH:0
LF:0
LH:0
BRF:0
BRH:0
end_of_record
TN:
SF:/home/peter/Documents/Work/MyBit/MyBit-Network.tech/contracts/math/Logarithm.sol
FN:7,logBase2
FNF:1
FNH:0
FNDA:0,logBase2
DA:11,0
LF:1
LH:0
BRF:0
BRH:0
end_of_record
TN:
SF:/home/peter/Documents/Work/MyBit/MyBit-Network.tech/contracts/math/SafeMath.sol
FN:10,mul
FN:20,div
FN:28,sub
FN:34,add
FN:41,getFractionalAmount
FNF:5
FNH:5
FNDA:167,mul
FNDA:128,div
FNDA:598,sub
FNDA:613,add
FNDA:1,getFractionalAmount
DA:11,167
DA:12,28
DA:14,139
DA:15,139
DA:16,139
DA:24,128
DA:29,598
DA:30,595
DA:35,613
DA:36,613
DA:37,613
DA:45,1
LF:12
LH:12
BRDA:11,1,0,28
BRDA:11,1,1,139
BRDA:15,2,0,139
BRDA:15,2,1,0
BRDA:29,3,0,595
BRDA:29,3,1,3
BRDA:36,4,0,613
BRDA:36,4,1,0
BRF:8
BRH:6
end_of_record
TN:
SF:/home/peter/Documents/Work/MyBit/MyBit-Network.tech/contracts/ownership/CollectiveOwned.sol
FN:21,
FN:33,addOwner
FN:44,removeOwner
FN:52,setQuorumLevel
FN:62,voteForExecution
FN:73,destroy
FN:84,isQuorumReached
FN:103,onlyOwner
FN:110,isRestricted
FNF:9
FNH:0
FNDA:0,
FNDA:0,addOwner
FNDA:0,removeOwner
FNDA:0,setQuorumLevel
FNDA:0,voteForExecution
FNDA:0,destroy
FNDA:0,isQuorumReached
FNDA:0,onlyOwner
FNDA:0,isRestricted
DA:23,0
DA:24,0
DA:25,0
DA:26,0
DA:27,0
DA:37,0
DA:38,0
DA:39,0
DA:48,0
DA:56,0
DA:57,0
DA:58,0
DA:65,0
DA:66,0
DA:67,0
DA:68,0
DA:69,0
DA:76,0
DA:77,0
DA:88,0
DA:89,0
DA:90,0
DA:91,0
DA:93,0
DA:104,0
DA:105,0
DA:111,0
DA:112,0
DA:113,0
LF:29
LH:0
BRDA:104,1,0,0
BRDA:104,1,1,0
BRDA:111,2,0,0
BRDA:111,2,1,0
BRF:4
BRH:0
end_of_record
TN:
SF:/home/peter/Documents/Work/MyBit/MyBit-Network.tech/contracts/ownership/Commitment.sol
FN:29,
FN:42,commit
FN:58,cancelCommitment
FN:72,withdrawTokens
FN:93,commitmentAge
FNF:5
FNH:3
FNDA:1,
FNDA:10,commit
FNDA:0,cancelCommitment
FNDA:0,withdrawTokens
FNDA:8,commitmentAge
DA:31,1
DA:32,1
DA:45,10
DA:46,8
DA:47,8
DA:48,8
DA:49,6
DA:50,2
DA:51,2
DA:52,2
DA:53,2
DA:61,0
DA:62,0
DA:63,0
DA:64,0
DA:65,0
DA:66,0
DA:75,0
DA:76,0
DA:77,0
DA:78,0
DA:79,0
DA:80,0
DA:81,0
DA:82,0
DA:83,0
DA:84,0
DA:85,0
DA:97,8
DA:98,8
DA:99,6
DA:101,2
LF:32
LH:15
BRDA:45,1,0,8
BRDA:45,1,1,2
BRDA:46,2,0,8
BRDA:46,2,1,0
BRDA:47,3,0,8
BRDA:47,3,1,0
BRDA:48,4,0,6
BRDA:48,4,1,2
BRDA:49,5,0,2
BRDA:49,5,1,4
BRDA:61,6,0,0
BRDA:61,6,1,0
BRDA:63,7,0,0
BRDA:63,7,1,0
BRDA:75,8,0,0
BRDA:75,8,1,0
BRDA:78,9,0,0
BRDA:78,9,1,0
BRDA:83,10,0,0
BRDA:83,10,1,0
BRDA:98,11,0,6
BRDA:98,11,1,2
BRF:22
BRH:10
end_of_record
TN:
SF:/home/peter/Documents/Work/MyBit/MyBit-Network.tech/contracts/ownership/GovernanceControls.sol
FN:24,
FN:35,startGovernance
FN:78,destroy
FN:88,onlyOwner
FNF:4
FNH:2
FNDA:2,
FNDA:2,startGovernance
FNDA:0,destroy
FNDA:0,onlyOwner
DA:26,2
DA:27,2
DA:39,2
DA:40,2
DA:41,2
DA:42,2
DA:43,2
DA:44,2
DA:45,2
DA:46,2
DA:47,2
DA:48,2
DA:81,0
DA:82,0
DA:89,0
DA:90,0
LF:16
LH:12
BRDA:39,1,0,2
BRDA:39,1,1,0
BRDA:40,2,0,2
BRDA:40,2,1,0
BRDA:41,3,0,2
BRDA:41,3,1,0
BRDA:43,4,0,2
BRDA:43,4,1,0
BRDA:89,5,0,0
BRDA:89,5,1,0
BRF:10
BRH:4
end_of_record
TN:
SF:/home/peter/Documents/Work/MyBit/MyBit-Network.tech/contracts/ownership/MutualSlashing.sol
FN:33,
FN:44,commit
FN:57,propose
FN:76,approve
FN:94,decline
FN:110,tallyVotes
FN:125,burnStake
FN:143,cancelCommitment
FN:157,withdrawTokens
FN:182,commitmentAge
FN:193,proposalOpen
FN:208,multiplierOf
FN:220,tokenIsGoverned
FNF:13
FNH:0
FNDA:0,
FNDA:0,commit
FNDA:0,propose
FNDA:0,approve
FNDA:0,decline
FNDA:0,tallyVotes
FNDA:0,burnStake
FNDA:0,cancelCommitment
FNDA:0,withdrawTokens
FNDA:0,commitmentAge
FNDA:0,proposalOpen
FNDA:0,multiplierOf
FNDA:0,tokenIsGoverned
DA:35,0
DA:46,0
DA:47,0
DA:48,0
DA:49,0
DA:50,0
DA:51,0
DA:52,0
DA:53,0
DA:60,0
DA:61,0
DA:62,0
DA:63,0
DA:64,0
DA:65,0
DA:66,0
DA:67,0
DA:68,0
DA:79,0
DA:80,0
DA:81,0
DA:82,0
DA:83,0
DA:84,0
DA:85,0
DA:86,0
DA:87,0
DA:88,0
DA:97,0
DA:98,0
DA:99,0
DA:100,0
DA:101,0
DA:102,0
DA:103,0
DA:104,0
DA:105,0
DA:106,0
DA:113,0
DA:114,0
DA:115,0
DA:116,0
DA:117,0
DA:118,0
DA:119,0
DA:120,0
DA:121,0
DA:128,0
DA:129,0
DA:130,0
DA:131,0
DA:132,0
DA:133,0
DA:134,0
DA:135,0
DA:136,0
DA:137,0
DA:138,0
DA:146,0
DA:147,0
DA:148,0
DA:149,0
DA:150,0
DA:151,0
DA:160,0
DA:161,0
DA:162,0
DA:163,0
DA:164,0
DA:165,0
DA:166,0
DA:167,0
DA:168,0
DA:169,0
DA:170,0
DA:186,0
DA:197,0
DA:198,0
DA:199,0
DA:212,0
DA:213,0
DA:224,0
LF:82
LH:0
BRDA:46,1,0,0
BRDA:46,1,1,0
BRDA:47,2,0,0
BRDA:47,2,1,0
BRDA:48,3,0,0
BRDA:48,3,1,0
BRDA:49,4,0,0
BRDA:49,4,1,0
BRDA:50,5,0,0
BRDA:50,5,1,0
BRDA:60,6,0,0
BRDA:60,6,1,0
BRDA:61,7,0,0
BRDA:61,7,1,0
BRDA:63,8,0,0
BRDA:63,8,1,0
BRDA:81,9,0,0
BRDA:81,9,1,0
BRDA:82,10,0,0
BRDA:82,10,1,0
BRDA:83,11,0,0
BRDA:83,11,1,0
BRDA:83,12,0,0
BRDA:83,12,1,0
BRDA:99,13,0,0
BRDA:99,13,1,0
BRDA:100,14,0,0
BRDA:100,14,1,0
BRDA:101,15,0,0
BRDA:101,15,1,0
BRDA:101,16,0,0
BRDA:101,16,1,0
BRDA:114,17,0,0
BRDA:114,17,1,0
BRDA:116,18,0,0
BRDA:116,18,1,0
BRDA:133,19,0,0
BRDA:133,19,1,0
BRDA:137,20,0,0
BRDA:137,20,1,0
BRDA:146,21,0,0
BRDA:146,21,1,0
BRDA:148,22,0,0
BRDA:148,22,1,0
BRDA:160,23,0,0
BRDA:160,23,1,0
BRDA:163,24,0,0
BRDA:163,24,1,0
BRDA:168,25,0,0
BRDA:168,25,1,0
BRDA:212,26,0,0
BRDA:212,26,1,0
BRDA:213,27,0,0
BRDA:213,27,1,0
BRF:54
BRH:0
end_of_record
TN:
SF:/home/peter/Documents/Work/MyBit/MyBit-Network.tech/contracts/ownership/Pausible.sol
FN:16,
FN:24,pause
FN:34,unpause
FN:43,destroy
FN:51,onlyOwner
FNF:5
FNH:4
FNDA:3,
FNDA:3,pause
FNDA:3,unpause
FNDA:0,destroy
FNDA:8,onlyOwner
DA:18,3
DA:19,3
DA:27,3
DA:28,3
DA:37,3
DA:38,3
DA:46,0
DA:47,0
DA:52,8
DA:53,6
LF:10
LH:8
BRDA:52,1,0,6
BRDA:52,1,1,2
BRF:2
BRH:2
end_of_record
TN:
SF:/home/peter/Documents/Work/MyBit/MyBit-Network.tech/contracts/ownership/Proposals.sol
FN:49,
FN:59,propose
FN:75,approve
FN:95,decline
FN:113,tallyVotes
FN:128,removeProposalInfo
FN:142,removeProposalVoters
FN:167,hasCommitted
FN:178,proposalOpen
FN:199,hasConsensus
FNF:10
FNH:7
FNDA:2,
FNDA:8,propose
FNDA:4,approve
FNDA:0,decline
FNDA:4,tallyVotes
FNDA:0,removeProposalInfo
FNDA:0,removeProposalVoters
FNDA:12,hasCommitted
FNDA:8,proposalOpen
FNDA:2,hasConsensus
DA:51,2
DA:52,2
DA:61,8
DA:62,4
DA:63,4
DA:64,4
DA:65,4
DA:66,4
DA:67,4
DA:68,4
DA:78,4
DA:79,4
DA:80,4
DA:81,4
DA:82,4
DA:83,4
DA:84,4
DA:85,4
DA:86,4
DA:87,4
DA:88,4
DA:98,0
DA:99,0
DA:100,0
DA:101,0
DA:102,0
DA:103,0
DA:104,0
DA:105,0
DA:106,0
DA:107,0
DA:108,0
DA:116,4
DA:117,4
DA:118,4
DA:119,4
DA:120,4
DA:121,4
DA:122,4
DA:123,4
DA:131,0
DA:132,0
DA:133,0
DA:134,0
DA:135,0
DA:136,0
DA:145,0
DA:146,0
DA:147,0
DA:148,0
DA:149,0
DA:150,0
DA:151,0
DA:152,0
DA:154,0
DA:155,0
DA:156,0
DA:157,0
DA:158,0
DA:159,0
DA:171,12
DA:182,8
DA:183,8
DA:184,8
DA:185,8
DA:186,4
DA:187,0
DA:189,4
DA:192,4
DA:203,2
DA:204,2
DA:205,0
DA:206,0
DA:207,0
DA:208,0
DA:210,0
DA:211,0
DA:212,0
DA:213,0
DA:214,0
LF:80
LH:39
BRDA:61,1,0,4
BRDA:61,1,1,4
BRDA:63,2,0,4
BRDA:63,2,1,0
BRDA:79,3,0,4
BRDA:79,3,1,0
BRDA:80,4,0,4
BRDA:80,4,1,0
BRDA:99,5,0,0
BRDA:99,5,1,0
BRDA:100,6,0,0
BRDA:100,6,1,0
BRDA:117,7,0,4
BRDA:117,7,1,0
BRDA:145,8,0,0
BRDA:145,8,1,0
BRDA:148,9,0,0
BRDA:148,9,1,0
BRDA:157,10,0,0
BRDA:157,10,1,0
BRDA:158,11,0,0
BRDA:158,11,1,0
BRDA:185,12,0,4
BRDA:185,12,1,4
BRDA:186,13,0,0
BRDA:186,13,1,4
BRDA:207,14,0,0
BRDA:207,14,1,0
BRF:28
BRH:9
end_of_record
TN:
SF:/home/peter/Documents/Work/MyBit/MyBit-Network.tech/contracts/ownership/QuadraticVoting.sol
FN:51,
FN:64,commit
FN:80,propose
FN:96,approve
FN:114,decline
FN:130,tallyVotes
FN:147,cancelCommitment
FN:161,withdrawTokens
FN:185,commitmentAge
FN:196,proposalOpen
FN:211,multiplierOf
FN:223,tokenIsGoverned
FNF:12
FNH:0
FNDA:0,
FNDA:0,commit
FNDA:0,propose
FNDA:0,approve
FNDA:0,decline
FNDA:0,tallyVotes
FNDA:0,cancelCommitment
FNDA:0,withdrawTokens
FNDA:0,commitmentAge
FNDA:0,proposalOpen
FNDA:0,multiplierOf
FNDA:0,tokenIsGoverned
DA:53,0
DA:66,0
DA:67,0
DA:68,0
DA:69,0
DA:70,0
DA:71,0
DA:72,0
DA:73,0
DA:82,0
DA:83,0
DA:84,0
DA:85,0
DA:86,0
DA:87,0
DA:88,0
DA:89,0
DA:98,0
DA:99,0
DA:100,0
DA:101,0
DA:102,0
DA:103,0
DA:104,0
DA:105,0
DA:106,0
DA:107,0
DA:116,0
DA:117,0
DA:118,0
DA:119,0
DA:120,0
DA:121,0
DA:122,0
DA:123,0
DA:124,0
DA:125,0
DA:133,0
DA:134,0
DA:135,0
DA:136,0
DA:137,0
DA:138,0
DA:139,0
DA:140,0
DA:141,0
DA:142,0
DA:150,0
DA:151,0
DA:152,0
DA:153,0
DA:154,0
DA:155,0
DA:164,0
DA:165,0
DA:166,0
DA:167,0
DA:168,0
DA:169,0
DA:170,0
DA:171,0
DA:172,0
DA:173,0
DA:174,0
DA:189,0
DA:200,0
DA:201,0
DA:202,0
DA:215,0
DA:216,0
DA:227,0
LF:71
LH:0
BRDA:66,1,0,0
BRDA:66,1,1,0
BRDA:67,2,0,0
BRDA:67,2,1,0
BRDA:68,3,0,0
BRDA:68,3,1,0
BRDA:69,4,0,0
BRDA:69,4,1,0
BRDA:70,5,0,0
BRDA:70,5,1,0
BRDA:82,6,0,0
BRDA:82,6,1,0
BRDA:83,7,0,0
BRDA:83,7,1,0
BRDA:85,8,0,0
BRDA:85,8,1,0
BRDA:100,9,0,0
BRDA:100,9,1,0
BRDA:101,10,0,0
BRDA:101,10,1,0
BRDA:118,11,0,0
BRDA:118,11,1,0
BRDA:119,12,0,0
BRDA:119,12,1,0
BRDA:135,13,0,0
BRDA:135,13,1,0
BRDA:137,14,0,0
BRDA:137,14,1,0
BRDA:150,15,0,0
BRDA:150,15,1,0
BRDA:152,16,0,0
BRDA:152,16,1,0
BRDA:164,17,0,0
BRDA:164,17,1,0
BRDA:167,18,0,0
BRDA:167,18,1,0
BRDA:172,19,0,0
BRDA:172,19,1,0
BRDA:215,20,0,0
BRDA:215,20,1,0
BRDA:216,21,0,0
BRDA:216,21,1,0
BRF:42
BRH:0
end_of_record
TN:
SF:/home/peter/Documents/Work/MyBit/MyBit-Network.tech/contracts/ownership/RawCall.sol
FN:14,execute
FNF:1
FNH:0
FNDA:0,execute
DA:18,0
DA:19,0
DA:21,0
LF:3
LH:0
BRDA:19,1,0,0
BRDA:19,1,1,0
BRF:2
BRH:0
end_of_record
TN:
SF:/home/peter/Documents/Work/MyBit/MyBit-Network.tech/contracts/ownership/SingleOwned.sol
FN:15,
FN:21,changeOwner
FN:31,destroy
FN:39,onlyOwner
FNF:4
FNH:3
FNDA:1,
FNDA:1,changeOwner
FNDA:0,destroy
FNDA:3,onlyOwner
DA:16,1
DA:17,1
DA:24,1
DA:25,1
DA:26,1
DA:34,0
DA:35,0
DA:40,3
DA:41,1
LF:9
LH:7
BRDA:40,1,0,1
BRDA:40,1,1,2
BRF:2
BRH:2
end_of_record
TN:
SF:/home/peter/Documents/Work/MyBit/MyBit-Network.tech/contracts/ownership/TimeWeightedProposals.sol
FN:45,
FN:58,commit
FN:74,propose
FN:90,approve
FN:108,decline
FN:124,tallyVotes
FN:140,cancelCommitment
FN:154,withdrawTokens
FN:178,commitmentAge
FN:189,proposalOpen
FN:204,multiplierOf
FN:216,tokenIsGoverned
FNF:12
FNH:0
FNDA:0,
FNDA:0,commit
FNDA:0,propose
FNDA:0,approve
FNDA:0,decline
FNDA:0,tallyVotes
FNDA:0,cancelCommitment
FNDA:0,withdrawTokens
FNDA:0,commitmentAge
FNDA:0,proposalOpen
FNDA:0,multiplierOf
FNDA:0,tokenIsGoverned
DA:47,0
DA:60,0
DA:61,0
DA:62,0
DA:63,0
DA:64,0
DA:65,0
DA:66,0
DA:67,0
DA:76,0
DA:77,0
DA:78,0
DA:79,0
DA:80,0
DA:81,0
DA:82,0
DA:83,0
DA:92,0
DA:93,0
DA:94,0
DA:95,0
DA:96,0
DA:97,0
DA:98,0
DA:99,0
DA:100,0
DA:101,0
DA:110,0
DA:111,0
DA:112,0
DA:113,0
DA:114,0
DA:115,0
DA:116,0
DA:117,0
DA:118,0
DA:119,0
DA:127,0
DA:128,0
DA:129,0
DA:130,0
DA:131,0
DA:132,0
DA:133,0
DA:134,0
DA:135,0
DA:143,0
DA:144,0
DA:145,0
DA:146,0
DA:147,0
DA:148,0
DA:157,0
DA:158,0
DA:159,0
DA:160,0
DA:161,0
DA:162,0
DA:163,0
DA:164,0
DA:165,0
DA:166,0
DA:167,0
DA:182,0
DA:193,0
DA:194,0
DA:195,0
DA:208,0
DA:209,0
DA:220,0
LF:70
LH:0
BRDA:60,1,0,0
BRDA:60,1,1,0
BRDA:61,2,0,0
BRDA:61,2,1,0
BRDA:62,3,0,0
BRDA:62,3,1,0
BRDA:63,4,0,0
BRDA:63,4,1,0
BRDA:64,5,0,0
BRDA:64,5,1,0
BRDA:76,6,0,0
BRDA:76,6,1,0
BRDA:77,7,0,0
BRDA:77,7,1,0
BRDA:79,8,0,0
BRDA:79,8,1,0
BRDA:94,9,0,0
BRDA:94,9,1,0
BRDA:95,10,0,0
BRDA:95,10,1,0
BRDA:112,11,0,0
BRDA:112,11,1,0
BRDA:113,12,0,0
BRDA:113,12,1,0
BRDA:128,13,0,0
BRDA:128,13,1,0
BRDA:130,14,0,0
BRDA:130,14,1,0
BRDA:143,15,0,0
BRDA:143,15,1,0
BRDA:145,16,0,0
BRDA:145,16,1,0
BRDA:157,17,0,0
BRDA:157,17,1,0
BRDA:160,18,0,0
BRDA:160,18,1,0
BRDA:165,19,0,0
BRDA:165,19,1,0
BRDA:208,20,0,0
BRDA:208,20,1,0
BRDA:209,21,0,0
BRDA:209,21,1,0
BRF:42
BRH:0
end_of_record
TN:
SF:/home/peter/Documents/Work/MyBit/MyBit-Network.tech/contracts/roles/AssetManagerEscrow.sol
FN:36,
FN:44,lockEscrow
FN:57,unlockEscrow
FN:93,becomeAssetManager
FN:110,returnEscrow
FN:118,burnEscrow
FN:136,destroy
FN:144,passed
FN:156,processEscrow
FN:165,removeAssetManager
FN:172,removeEscrowData
FN:180,lockEscrowInternal
FN:197,hasApproval
FN:203,onlyOwner
FNF:14
FNH:6
FNDA:1,
FNDA:4,lockEscrow
FNDA:17,unlockEscrow
FNDA:0,becomeAssetManager
FNDA:0,returnEscrow
FNDA:0,burnEscrow
FNDA:0,destroy
FNDA:0,passed
FNDA:0,processEscrow
FNDA:1,removeAssetManager
FNDA:1,removeEscrowData
FNDA:4,lockEscrowInternal
FNDA:0,hasApproval
FNDA:0,onlyOwner
DA:38,1
DA:39,1
DA:47,4
DA:48,4
DA:49,2
DA:60,17
DA:61,15
DA:62,15
DA:63,15
DA:64,13
DA:65,13
DA:66,13
DA:67,13
DA:68,1
DA:70,1
DA:71,1
DA:75,12
DA:76,12
DA:77,12
DA:78,12
DA:79,12
DA:81,8
DA:82,8
DA:83,8
DA:84,2
DA:86,3
DA:87,3
DA:97,0
DA:98,0
DA:99,0
DA:100,0
DA:102,0
DA:103,0
DA:104,0
DA:106,0
DA:107,0
DA:113,0
DA:114,0
DA:115,0
DA:121,0
DA:122,0
DA:123,0
DA:124,0
DA:125,0
DA:126,0
DA:127,0
DA:128,0
DA:129,0
DA:130,0
DA:131,0
DA:132,0
DA:139,0
DA:140,0
DA:148,0
DA:149,0
DA:159,0
DA:160,0
DA:161,0
DA:162,0
DA:168,1
DA:169,1
DA:175,1
DA:176,1
DA:177,1
DA:183,4
DA:184,4
DA:185,2
DA:186,2
DA:187,2
DA:188,2
DA:189,2
DA:198,0
DA:199,0
DA:204,0
DA:205,0
LF:75
LH:39
BRDA:47,1,0,4
BRDA:47,1,1,0
BRDA:48,2,0,2
BRDA:48,2,1,2
BRDA:60,3,0,15
BRDA:60,3,1,2
BRDA:62,4,0,15
BRDA:62,4,1,0
BRDA:63,5,0,13
BRDA:63,5,1,2
BRDA:67,6,0,1
BRDA:67,6,1,12
BRDA:70,7,0,1
BRDA:70,7,1,0
BRDA:71,8,0,1
BRDA:71,8,1,0
BRDA:79,9,0,8
BRDA:79,9,1,4
BRDA:83,10,0,2
BRDA:83,10,1,6
BRDA:86,11,0,3
BRDA:86,11,1,0
BRDA:97,12,0,0
BRDA:97,12,1,0
BRDA:99,13,0,0
BRDA:99,13,1,0
BRDA:100,14,0,0
BRDA:100,14,1,0
BRDA:102,15,0,0
BRDA:102,15,1,0
BRDA:103,16,0,0
BRDA:103,16,1,0
BRDA:106,17,0,0
BRDA:106,17,1,0
BRDA:113,18,0,0
BRDA:113,18,1,0
BRDA:114,19,0,0
BRDA:114,19,1,0
BRDA:125,20,0,0
BRDA:125,20,1,0
BRDA:127,21,0,0
BRDA:127,21,1,0
BRDA:128,22,0,0
BRDA:128,22,1,0
BRDA:129,23,0,0
BRDA:129,23,1,0
BRDA:161,24,0,0
BRDA:161,24,1,0
BRDA:162,25,0,0
BRDA:162,25,1,0
BRDA:184,26,0,2
BRDA:184,26,1,2
BRDA:186,27,0,2
BRDA:186,27,1,0
BRDA:198,28,0,0
BRDA:198,28,1,0
BRDA:204,29,0,0
BRDA:204,29,1,0
BRF:58
BRH:20
end_of_record
TN:
SF:/home/peter/Documents/Work/MyBit/MyBit-Network.tech/contracts/roles/AssetManagerFunds.sol
FN:28,
FN:36,withdraw
FN:67,retrieveAssetManagerTokens
FN:102,retrieveAssetManagerETH
FN:125,containsAddress
FN:136,destroy
FN:144,nonReentrant
FN:152,onlyOwner
FN:157,
FNF:9
FNH:7
FNDA:4,
FNDA:2,withdraw
FNDA:1,retrieveAssetManagerTokens
FNDA:1,retrieveAssetManagerETH
FNDA:1,containsAddress
FNDA:0,destroy
FNDA:4,nonReentrant
FNDA:0,onlyOwner
FNDA:2,
DA:30,4
DA:31,4
DA:40,2
DA:41,2
DA:42,2
DA:43,2
DA:44,2
DA:45,2
DA:46,2
DA:47,1
DA:48,1
DA:49,1
DA:50,1
DA:51,1
DA:52,1
DA:53,1
DA:56,1
DA:57,1
DA:58,1
DA:59,1
DA:60,1
DA:61,1
DA:62,1
DA:64,2
DA:71,1
DA:72,1
DA:73,1
DA:74,1
DA:75,1
DA:76,1
DA:77,1
DA:78,1
DA:79,1
DA:80,1
DA:81,1
DA:82,1
DA:83,1
DA:84,1
DA:85,1
DA:87,1
DA:88,1
DA:89,1
DA:91,1
DA:92,1
DA:95,1
DA:96,1
DA:98,1
DA:106,1
DA:107,1
DA:108,1
DA:109,1
DA:110,1
DA:111,1
DA:112,1
DA:113,1
DA:114,1
DA:115,1
DA:116,1
DA:117,1
DA:118,1
DA:120,1
DA:121,1
DA:129,1
DA:130,1
DA:132,1
DA:139,0
DA:140,0
DA:145,4
DA:146,4
DA:147,4
DA:148,4
DA:153,0
DA:154,0
LF:73
LH:69
BRDA:40,1,0,2
BRDA:40,1,1,0
BRDA:41,2,0,2
BRDA:41,2,1,0
BRDA:43,3,0,2
BRDA:43,3,1,0
BRDA:46,4,0,1
BRDA:46,4,1,1
BRDA:49,5,0,1
BRDA:49,5,1,0
BRDA:51,6,0,1
BRDA:51,6,1,0
BRDA:52,7,0,1
BRDA:52,7,1,0
BRDA:57,8,0,1
BRDA:57,8,1,0
BRDA:60,9,0,1
BRDA:60,9,1,0
BRDA:61,10,0,1
BRDA:61,10,1,0
BRDA:71,11,0,1
BRDA:71,11,1,0
BRDA:72,12,0,1
BRDA:72,12,1,0
BRDA:77,13,0,1
BRDA:77,13,1,0
BRDA:79,14,0,1
BRDA:79,14,1,0
BRDA:81,15,0,1
BRDA:81,15,1,0
BRDA:85,16,0,0
BRDA:85,16,1,1
BRDA:91,17,0,1
BRDA:91,17,1,0
BRDA:92,18,0,1
BRDA:92,18,1,0
BRDA:96,19,0,1
BRDA:96,19,1,0
BRDA:106,20,0,1
BRDA:106,20,1,0
BRDA:109,21,0,1
BRDA:109,21,1,0
BRDA:110,22,0,1
BRDA:110,22,1,0
BRDA:114,23,0,1
BRDA:114,23,1,0
BRDA:116,24,0,1
BRDA:116,24,1,0
BRDA:117,25,0,1
BRDA:117,25,1,0
BRDA:130,26,0,0
BRDA:130,26,1,1
BRDA:148,27,0,4
BRDA:148,27,1,0
BRDA:153,28,0,0
BRDA:153,28,1,0
BRF:56
BRH:28
end_of_record
TN:
SF:/home/peter/Documents/Work/MyBit/MyBit-Network.tech/contracts/roles/Operators.sol
FN:12,
FN:19,registerOperator
FN:33,removeOperator
FN:43,changeOperatorAddress
FN:55,acceptERC20Token
FN:64,acceptEther
FN:72,addAssetType
FN:81,destroy
FN:93,onlyOwner
FN:99,onlyOperator
FNF:10
FNH:8
FNDA:7,
FNDA:11,registerOperator
FNDA:3,removeOperator
FNDA:3,changeOperatorAddress
FNDA:3,acceptERC20Token
FNDA:5,acceptEther
FNDA:0,addAssetType
FNDA:0,destroy
FNDA:16,onlyOwner
FNDA:8,onlyOperator
DA:13,7
DA:14,7
DA:22,11
DA:23,11
DA:24,11
DA:25,9
DA:26,9
DA:27,9
DA:28,9
DA:36,3
DA:37,3
DA:45,3
DA:46,3
DA:47,3
DA:48,1
DA:49,1
DA:50,1
DA:59,3
DA:60,3
DA:68,5
DA:69,5
DA:76,0
DA:77,0
DA:84,0
DA:85,0
DA:94,16
DA:95,14
DA:100,8
DA:101,8
LF:29
LH:25
BRDA:22,1,0,11
BRDA:22,1,1,0
BRDA:24,2,0,9
BRDA:24,2,1,2
BRDA:46,3,0,3
BRDA:46,3,1,0
BRDA:47,4,0,1
BRDA:47,4,1,2
BRDA:94,5,0,14
BRDA:94,5,1,2
BRDA:100,6,0,8
BRDA:100,6,1,0
BRF:12
BRH:9
end_of_record
TN:
SF:/home/peter/Documents/Work/MyBit/MyBit-Network.tech/contracts/test/ApproveAndCallTest.sol
FN:4,receiveApproval
FNF:1
FNH:1
FNDA:2,receiveApproval
DA:6,2
LF:1
LH:1
BRF:0
BRH:0
end_of_record
TN:
SF:/home/peter/Documents/Work/MyBit/MyBit-Network.tech/contracts/test/ConsensusTest.sol
FN:12,
FN:17,checkConsensus
FN:29,consensusTestParameterHash
FNF:3
FNH:3
FNDA:2,
FNDA:2,checkConsensus
FNDA:6,consensusTestParameterHash
DA:14,2
DA:21,2
DA:22,2
DA:23,2
DA:24,2
DA:25,0
DA:33,6
LF:7
LH:6
BRDA:24,1,0,0
BRDA:24,1,1,2
BRF:2
BRH:1
end_of_record
TN:
SF:/home/peter/Documents/Work/MyBit/MyBit-Network.tech/contracts/test/HashFunctions.sol
FN:5,toBytes
FN:15,getMethodID
FN:22,getAssetID
FN:29,getOrderID
FN:36,getFunctionInitiatorHash
FN:43,uintHash
FN:50,getStakingID
FN:57,stringHash
FN:64,addressHash
FN:72,contractHash
FN:79,stringAddress
FN:86,stringString
FN:93,stringBytes
FN:100,stringUint
FN:107,stringBytesAddress
FN:114,addressUintUint
FN:122,getAuthorizeHash
FN:129,uintUint
FN:137,uintUintUint
FN:144,currentTime
FN:151,nullBytes
FN:158,nullAddress
FN:165,
FNF:23
FNH:4
FNDA:0,toBytes
FNDA:0,getMethodID
FNDA:0,getAssetID
FNDA:0,getOrderID
FNDA:1,getFunctionInitiatorHash
FNDA:0,uintHash
FNDA:0,getStakingID
FNDA:0,stringHash
FNDA:1,addressHash
FNDA:0,contractHash
FNDA:18,stringAddress
FNDA:0,stringString
FNDA:1,stringBytes
FNDA:0,stringUint
FNDA:0,stringBytesAddress
FNDA:0,addressUintUint
FNDA:0,getAuthorizeHash
FNDA:0,uintUint
FNDA:0,uintUintUint
FNDA:0,currentTime
FNDA:0,nullBytes
FNDA:0,nullAddress
FNDA:0,
DA:9,0
DA:10,0
DA:19,0
DA:26,0
DA:33,0
DA:40,1
DA:47,0
DA:54,0
DA:61,0
DA:68,1
DA:76,0
DA:83,18
DA:90,0
DA:97,1
DA:104,0
DA:111,0
DA:118,0
DA:126,0
DA:133,0
DA:141,0
DA:148,0
DA:155,0
DA:162,0
DA:167,0
LF:24
LH:4
BRF:0
BRH:0
end_of_record
TN:
SF:/home/peter/Documents/Work/MyBit/MyBit-Network.tech/contracts/test/SafeMathWrapper.sol
FN:9,multiply
FN:13,divide
FN:17,subtract
FN:21,addto
FN:25,fraction
FNF:5
FNH:5
FNDA:2,multiply
FNDA:1,divide
FNDA:2,subtract
FNDA:1,addto
FNDA:1,fraction
DA:10,2
DA:14,1
DA:18,2
DA:22,1
DA:26,1
LF:5
LH:5
BRF:0
BRH:0
end_of_record
TN:
SF:/home/peter/Documents/Work/MyBit/MyBit-Network.tech/contracts/test/TestBurner.sol
FN:13,
FN:19,burnTokensManualFee
FN:25,burnTokens
FN:33,getMethodID
FNF:4
FNH:4
FNDA:1,
FNDA:7,burnTokensManualFee
FNDA:3,burnTokens
FNDA:1,getMethodID
DA:15,1
DA:16,1
DA:21,7
DA:27,3
DA:28,3
DA:29,3
DA:30,1
DA:37,1
LF:8
LH:8
BRDA:21,1,0,1
BRDA:21,1,1,6
BRDA:29,2,0,1
BRDA:29,2,1,2
BRF:4
BRH:4
end_of_record
TN:
SF:/home/peter/Documents/Work/MyBit/MyBit-Network.tech/contracts/test/WithdrawTest.sol
FN:7,withdraw
FN:17,deposit
FNF:2
FNH:1
FNDA:0,withdraw
FNDA:1,deposit
DA:10,0
DA:11,0
DA:12,0
DA:13,0
DA:14,0
DA:20,1
DA:21,1
LF:7
LH:2
BRF:0
BRH:0
end_of_record
TN:
SF:/home/peter/Documents/Work/MyBit/MyBit-Network.tech/contracts/tokens/distribution/EqualDistribution.sol
FN:22,
FN:31,getFunds
FN:39,withdraw
FN:51,
FN:63,isBeneficiary
FNF:5
FNH:2
FNDA:1,
FNDA:0,getFunds
FNDA:0,withdraw
FNDA:0,
FNDA:2,isBeneficiary
DA:24,1
DA:25,1
DA:34,0
DA:35,0
DA:42,0
DA:43,0
DA:44,0
DA:45,0
DA:46,0
DA:47,0
DA:54,0
DA:67,2
DA:68,5
DA:70,1
LF:14
LH:5
BRDA:24,1,0,1
BRDA:24,1,1,0
BRDA:68,2,0,1
BRDA:68,2,1,4
BRF:4
BRH:3
end_of_record
TN:
SF:/home/peter/Documents/Work/MyBit/MyBit-Network.tech/contracts/tokens/distribution/FixedDistribution.sol
FN:15,
FNF:1
FNH:1
FNDA:2,
DA:17,2
DA:18,2
DA:19,2
DA:20,2
DA:21,6
DA:22,6
DA:24,2
LF:7
LH:7
BRDA:17,1,0,2
BRDA:17,1,1,0
BRF:2
BRH:1
end_of_record
TN:
SF:/home/peter/Documents/Work/MyBit/MyBit-Network.tech/contracts/tokens/distribution/MintableDistribution.sol
FN:19,
FN:28,mint
FN:40,finishMinting
FN:55,canMint
FNF:4
FNH:4
FNDA:1,
FNDA:2,mint
FNDA:1,finishMinting
FNDA:5,canMint
DA:21,1
DA:22,1
DA:32,2
DA:33,2
DA:34,2
DA:35,2
DA:44,1
DA:45,1
DA:46,1
DA:56,5
DA:57,3
LF:11
LH:11
BRDA:56,1,0,3
BRDA:56,1,1,2
BRF:2
BRH:2
end_of_record
TN:
SF:/home/peter/Documents/Work/MyBit/MyBit-Network.tech/contracts/tokens/distribution/StandardDistribution.sol
FN:31,withdraw
FN:52,issueDividends
FN:61,
FN:74,getTokenValue
FN:83,getUnclaimedAmount
FN:90,totalSupply
FN:94,balanceOf
FN:104,updateclaimableIncome
FNF:8
FNH:8
FNDA:4,withdraw
FNDA:1,issueDividends
FNDA:2,
FNDA:5,getTokenValue
FNDA:1,getUnclaimedAmount
FNDA:1,totalSupply
FNDA:7,balanceOf
FNDA:4,updateclaimableIncome
DA:35,4
DA:36,4
DA:37,4
DA:38,4
DA:55,1
DA:56,1
DA:57,1
DA:64,2
DA:65,2
DA:66,2
DA:78,5
DA:79,5
DA:87,1
DA:91,1
DA:95,7
DA:105,4
DA:106,4
DA:107,4
LF:18
LH:18
BRF:0
BRH:0
end_of_record
TN:
SF:/home/peter/Documents/Work/MyBit/MyBit-Network.tech/contracts/tokens/erc20/BurnableToken.sol
FN:16,burn
FN:30,burnFrom
FNF:2
FNH:2
FNDA:2,burn
FNDA:26,burnFrom
DA:19,2
DA:20,2
DA:21,2
DA:22,2
DA:23,2
DA:33,26
DA:34,26
DA:35,24
DA:36,24
DA:37,24
DA:38,24
LF:11
LH:11
BRF:0
BRH:0
end_of_record
TN:
SF:/home/peter/Documents/Work/MyBit/MyBit-Network.tech/contracts/tokens/erc20/DividendToken.sol
FN:24,
FN:32,transfer
FN:47,transferFrom
FN:61,approveAndCall
FN:73,withdraw
FN:85,issueDividends
FN:96,getERC20
FN:104,
FN:118,collectLatestPayments
FN:127,getAmountOwed
FN:140,updateIncomeClaimed
FNF:11
FNH:11
FNDA:12,
FNDA:3,transfer
FNDA:7,transferFrom
FNDA:1,approveAndCall
FNDA:11,withdraw
FNDA:6,issueDividends
FNDA:1,getERC20
FNDA:4,
FNDA:38,collectLatestPayments
FNDA:5,getAmountOwed
FNDA:33,updateIncomeClaimed
DA:37,3
DA:38,1
DA:39,1
DA:52,7
DA:53,5
DA:54,3
DA:66,1
DA:67,1
DA:68,1
DA:69,1
DA:77,11
DA:78,11
DA:79,11
DA:80,11
DA:81,11
DA:89,6
DA:90,6
DA:91,6
DA:92,6
DA:100,1
DA:107,4
DA:108,4
DA:109,4
DA:122,38
DA:123,38
DA:131,5
DA:141,33
DA:142,33
DA:143,33
LF:29
LH:29
BRDA:37,1,0,1
BRDA:37,1,1,2
BRDA:52,2,0,5
BRDA:52,2,1,2
BRF:4
BRH:4
end_of_record
TN:
SF:/home/peter/Documents/Work/MyBit/MyBit-Network.tech/contracts/tokens/erc20/DividendTokenERC20.sol
FN:30,
FN:36,transfer
FN:47,transferFrom
FN:61,approveAndCall
FN:72,issueDividends
FN:84,withdraw
FN:99,checkForTransfers
FN:118,collectLatestPayments
FN:127,getAmountOwed
FN:134,getERC20
FN:147,updateIncomeClaimed
FNF:11
FNH:11
FNDA:6,
FNDA:3,transfer
FNDA:3,transferFrom
FNDA:1,approveAndCall
FNDA:7,issueDividends
FNDA:11,withdraw
FNDA:2,checkForTransfers
FNDA:30,collectLatestPayments
FNDA:5,getAmountOwed
FNDA:4,getERC20
FNDA:25,updateIncomeClaimed
DA:32,6
DA:41,3
DA:42,1
DA:43,1
DA:52,3
DA:53,1
DA:54,1
DA:66,1
DA:67,1
DA:68,1
DA:69,1
DA:75,7
DA:76,5
DA:77,5
DA:78,5
DA:79,5
DA:80,5
DA:88,11
DA:89,11
DA:90,11
DA:91,11
DA:92,11
DA:93,11
DA:101,2
DA:102,2
DA:103,2
DA:104,2
DA:106,1
DA:107,1
DA:109,2
DA:122,30
DA:123,30
DA:131,5
DA:138,4
DA:148,25
DA:149,25
DA:150,25
LF:37
LH:37
BRDA:41,1,0,1
BRDA:41,1,1,2
BRDA:52,2,0,1
BRDA:52,2,1,2
BRDA:75,3,0,5
BRDA:75,3,1,2
BRDA:76,4,0,5
BRDA:76,4,1,0
BRDA:91,5,0,11
BRDA:91,5,1,0
BRDA:104,6,0,1
BRDA:104,6,1,1
BRF:12
BRH:10
end_of_record
TN:
SF:/home/peter/Documents/Work/MyBit/MyBit-Network.tech/contracts/tokens/erc20/GovernedToken.sol
FN:26,
FN:33,getAmountAvailable
FN:44,lock
FN:58,unlock
FNF:4
FNH:2
FNDA:1,
FNDA:0,getAmountAvailable
FNDA:8,lock
FNDA:0,unlock
DA:28,1
DA:37,0
DA:38,0
DA:39,0
DA:40,0
DA:47,8
DA:48,6
DA:49,4
DA:50,4
DA:51,2
DA:52,2
DA:53,2
DA:54,2
DA:61,0
DA:62,0
DA:63,0
DA:64,0
DA:65,0
DA:66,0
LF:19
LH:9
BRDA:47,1,0,6
BRDA:47,1,1,2
BRDA:48,2,0,4
BRDA:48,2,1,2
BRDA:50,3,0,2
BRDA:50,3,1,2
BRDA:61,4,0,0
BRDA:61,4,1,0
BRDA:63,5,0,0
BRDA:63,5,1,0
BRDA:64,6,0,0
BRDA:64,6,1,0
BRF:12
BRH:6
end_of_record
TN:
SF:/home/peter/Documents/Work/MyBit/MyBit-Network.tech/contracts/tokens/erc20/GovernedTokenERC20.sol
FN:18,
FN:24,transfer
FN:33,transferFrom
FNF:3
FNH:0
FNDA:0,
FNDA:0,transfer
FNDA:0,transferFrom
DA:27,0
DA:28,0
DA:29,0
DA:36,0
DA:37,0
DA:38,0
LF:6
LH:0
BRDA:27,1,0,0
BRDA:27,1,1,0
BRDA:36,2,0,0
BRDA:36,2,1,0
BRF:4
BRH:0
end_of_record
TN:
SF:/home/peter/Documents/Work/MyBit/MyBit-Network.tech/contracts/tokens/erc20/GovernedTokenETH.sol
FN:14,
FN:20,transfer
FN:29,transferFrom
FNF:3
FNH:1
FNDA:1,
FNDA:0,transfer
FNDA:0,transferFrom
DA:23,0
DA:24,0
DA:25,0
DA:32,0
DA:33,0
DA:34,0
LF:6
LH:0
BRDA:23,1,0,0
BRDA:23,1,1,0
BRDA:32,2,0,0
BRDA:32,2,1,0
BRF:4
BRH:0
end_of_record
TN:
SF:/home/peter/Documents/Work/MyBit/MyBit-Network.tech/contracts/tokens/erc20/MintableToken.sol
FN:18,
FN:31,mint
FN:43,finishMinting
FN:52,getTokenURI
FN:60,canMint
FNF:5
FNH:5
FNDA:18,
FNDA:46,mint
FNDA:9,finishMinting
FNDA:2,getTokenURI
FNDA:55,canMint
DA:20,18
DA:21,18
DA:22,18
DA:23,18
DA:24,18
DA:35,46
DA:36,46
DA:37,46
DA:38,46
DA:39,46
DA:47,9
DA:48,9
DA:49,9
DA:56,2
DA:61,55
DA:62,55
LF:16
LH:16
BRDA:61,1,0,55
BRDA:61,1,1,0
BRF:2
BRH:1
end_of_record
TN:
SF:/home/peter/Documents/Work/MyBit/MyBit-Network.tech/contracts/tokens/erc20/MyBitToken.sol
FN:14,
FNF:1
FNH:1
FNDA:11,
DA:16,11
DA:17,11
DA:18,11
DA:19,11
DA:20,11
DA:21,11
LF:6
LH:6
BRF:0
BRH:0
end_of_record
TN:
SF:/home/peter/Documents/Work/MyBit/MyBit-Network.tech/contracts/tokens/erc20/StandardToken.sol
FN:32,allowance
FN:44,transfer
FN:62,approve
FN:74,transferFrom
FN:96,increaseApproval
FN:118,decreaseApproval
FN:136,totalSupply
FN:140,decimals
FN:149,balanceOf
FNF:9
FNH:9
FNDA:35,allowance
FNDA:318,transfer
FNDA:286,approve
FNDA:34,transferFrom
FNDA:2,increaseApproval
FNDA:4,decreaseApproval
FNDA:44,totalSupply
FNDA:163,decimals
FNDA:275,balanceOf
DA:36,35
DA:45,318
DA:46,318
DA:47,318
DA:48,318
DA:49,318
DA:50,318
DA:63,286
DA:64,286
DA:65,286
DA:77,34
DA:78,28
DA:79,24
DA:80,24
DA:81,24
DA:82,24
DA:83,24
DA:84,24
DA:103,2
DA:105,2
DA:106,2
DA:121,4
DA:122,4
DA:123,2
DA:126,2
DA:128,4
DA:129,4
DA:137,44
DA:141,163
DA:150,275
LF:30
LH:30
BRDA:45,1,0,318
BRDA:45,1,1,0
BRDA:46,2,0,318
BRDA:46,2,1,0
BRDA:77,3,0,28
BRDA:77,3,1,6
BRDA:78,4,0,24
BRDA:78,4,1,4
BRDA:79,5,0,24
BRDA:79,5,1,0
BRDA:122,6,0,2
BRDA:122,6,1,2
BRF:12
BRH:9
end_of_record
TN:
SF:/home/peter/Documents/Work/MyBit/MyBit-Network.tech/contracts/tokens/erc20/TestToken.sol
FN:13,
FNF:1
FNH:1
FNDA:23,
DA:14,23
DA:15,23
DA:16,23
DA:17,23
DA:18,23
LF:5
LH:5
BRF:0
BRH:0
end_of_record
